[
    {
        "group": "Sigma",
        "kind": "individual",
        "document": {
            "kind": "jsonl",
            "data": {
                "@timestamp": "2022-09-27T12:23:26.377Z",
                "agent": {
                    "ephemeral_id": "f3e67ec5-847a-448b-8ec4-bac040a44990",
                    "hostname": "CLIENT1",
                    "id": "cd699c72-0f46-4cd9-938a-43faf035a44a",
                    "name": "CLIENT1",
                    "type": "winlogbeat",
                    "version": "7.10.2"
                },
                "ecs": {
                    "version": "1.5.0"
                },
                "event": {
                    "action": "File created (rule: FileCreate)",
                    "category": [
                        "file"
                    ],
                    "code": 11,
                    "created": "2022-09-27T12:27:27.904Z",
                    "kind": "event",
                    "module": "sysmon",
                    "provider": "Microsoft-Windows-Sysmon",
                    "type": [
                        "creation"
                    ]
                },
                "file": {
                    "directory": "C:\\Users\\setup\\AppData\\Roaming\\Microsoft\\Windows\\Start Menu\\Programs",
                    "name": "Windows PowerShell",
                    "path": "C:\\Users\\setup\\AppData\\Roaming\\Microsoft\\Windows\\Start Menu\\Programs\\Windows PowerShell"
                },
                "host": {
                    "name": "CLIENT"
                },
                "log": {
                    "level": "information"
                },
                "message": "File created:\nRuleName: T1023\nUtcTime: 2022-09-27 12:23:26.377\nProcessGuid: {0e37ca90-eb37-6332-1200-000000000300}\nProcessId: 356\nImage: C:\\Windows\\system32\\svchost.exe\nTargetFilename: C:\\Users\\setup\\AppData\\Roaming\\Microsoft\\Windows\\Start Menu\\Programs\\Windows PowerShell\nCreationUtcTime: 2022-09-27 12:23:26.377\nUser: NT AUTHORITY\\SYSTEM",
                "process": {
                    "entity_id": "{0e37ca90-eb37-6332-1200-000000000300}",
                    "executable": "C:\\Windows\\system32\\svchost.exe",
                    "name": "svchost.exe",
                    "pid": 356
                },
                "rule": {
                    "name": "T1023"
                },
                "winlog": {
                    "api": "wineventlog",
                    "channel": "Microsoft-Windows-Sysmon/Operational",
                    "computer_name": "CLIENT",
                    "event_data": {
                        "CreationUtcTime": "2022-09-27 12:23:26.377",
                        "User": "NT AUTHORITY\\SYSTEM"
                    },
                    "event_id": 11,
                    "opcode": "Info",
                    "process": {
                        "pid": 1328,
                        "thread": {
                            "id": 2576
                        }
                    },
                    "provider_guid": "{5770385f-c22a-43e0-bf4c-06f5698ffbd9}",
                    "provider_name": "Microsoft-Windows-Sysmon",
                    "record_id": 556,
                    "task": "File created (rule: FileCreate)",
                    "user": {
                        "domain": "NT AUTHORITY",
                        "identifier": "S-1-5-18",
                        "name": "SYSTEM",
                        "type": "User"
                    },
                    "version": 2
                }
            }
        },
        "name": "PowerShell Scripts Run by a Services",
        "timestamp": "2022-09-27T12:23:26.377+00:00",
        "authors": [
            "oscd.community",
            "Natalia Shornikova"
        ],
        "level": "high",
        "source": "sigma",
        "status": "experimental",
        "falsepositives": [
            "Unknown"
        ],
        "id": "46deb5e1-28c9-4905-b2df-51cdcc9e6073",
        "logsource": {
            "category": "driver_load",
            "product": "windows"
        },
        "references": [
            "https://speakerdeck.com/heirhabarov/hunting-for-powershell-abuse"
        ],
        "tags": [
            "attack.execution",
            "attack.t1569.002"
        ]
    },
    {
        "group": "Sigma",
        "kind": "individual",
        "document": {
            "kind": "jsonl",
            "data": {
                "@timestamp": "2022-09-27T12:23:26.406Z",
                "agent": {
                    "ephemeral_id": "f3e67ec5-847a-448b-8ec4-bac040a44990",
                    "hostname": "CLIENT1",
                    "id": "cd699c72-0f46-4cd9-938a-43faf035a44a",
                    "name": "CLIENT1",
                    "type": "winlogbeat",
                    "version": "7.10.2"
                },
                "ecs": {
                    "version": "1.5.0"
                },
                "event": {
                    "action": "File created (rule: FileCreate)",
                    "category": [
                        "file"
                    ],
                    "code": 11,
                    "created": "2022-09-27T12:27:27.906Z",
                    "kind": "event",
                    "module": "sysmon",
                    "provider": "Microsoft-Windows-Sysmon",
                    "type": [
                        "creation"
                    ]
                },
                "file": {
                    "directory": "C:\\Users\\setup\\AppData\\Roaming\\Microsoft\\Windows\\Start Menu\\Programs\\Windows PowerShell",
                    "extension": "tmp",
                    "name": "{eb58bbfa-2e4f-4a85-90a1-506d408d4a03}.tmp",
                    "path": "C:\\Users\\setup\\AppData\\Roaming\\Microsoft\\Windows\\Start Menu\\Programs\\Windows PowerShell\\{eb58bbfa-2e4f-4a85-90a1-506d408d4a03}.tmp"
                },
                "host": {
                    "name": "CLIENT"
                },
                "log": {
                    "level": "information"
                },
                "message": "File created:\nRuleName: T1023\nUtcTime: 2022-09-27 12:23:26.406\nProcessGuid: {0e37ca90-eb37-6332-1200-000000000300}\nProcessId: 356\nImage: C:\\Windows\\system32\\svchost.exe\nTargetFilename: C:\\Users\\setup\\AppData\\Roaming\\Microsoft\\Windows\\Start Menu\\Programs\\Windows PowerShell\\{eb58bbfa-2e4f-4a85-90a1-506d408d4a03}.tmp\nCreationUtcTime: 2022-09-27 12:23:26.406\nUser: NT AUTHORITY\\SYSTEM",
                "process": {
                    "entity_id": "{0e37ca90-eb37-6332-1200-000000000300}",
                    "executable": "C:\\Windows\\system32\\svchost.exe",
                    "name": "svchost.exe",
                    "pid": 356
                },
                "rule": {
                    "name": "T1023"
                },
                "winlog": {
                    "api": "wineventlog",
                    "channel": "Microsoft-Windows-Sysmon/Operational",
                    "computer_name": "CLIENT",
                    "event_data": {
                        "CreationUtcTime": "2022-09-27 12:23:26.406",
                        "User": "NT AUTHORITY\\SYSTEM"
                    },
                    "event_id": 11,
                    "opcode": "Info",
                    "process": {
                        "pid": 1328,
                        "thread": {
                            "id": 2576
                        }
                    },
                    "provider_guid": "{5770385f-c22a-43e0-bf4c-06f5698ffbd9}",
                    "provider_name": "Microsoft-Windows-Sysmon",
                    "record_id": 561,
                    "task": "File created (rule: FileCreate)",
                    "user": {
                        "domain": "NT AUTHORITY",
                        "identifier": "S-1-5-18",
                        "name": "SYSTEM",
                        "type": "User"
                    },
                    "version": 2
                }
            }
        },
        "name": "PowerShell Scripts Run by a Services",
        "timestamp": "2022-09-27T12:23:26.406+00:00",
        "authors": [
            "oscd.community",
            "Natalia Shornikova"
        ],
        "level": "high",
        "source": "sigma",
        "status": "experimental",
        "falsepositives": [
            "Unknown"
        ],
        "id": "46deb5e1-28c9-4905-b2df-51cdcc9e6073",
        "logsource": {
            "category": "driver_load",
            "product": "windows"
        },
        "references": [
            "https://speakerdeck.com/heirhabarov/hunting-for-powershell-abuse"
        ],
        "tags": [
            "attack.execution",
            "attack.t1569.002"
        ]
    },
    {
        "group": "Sigma",
        "kind": "individual",
        "document": {
            "kind": "jsonl",
            "data": {
                "@timestamp": "2022-09-27T12:23:26.406Z",
                "agent": {
                    "ephemeral_id": "f3e67ec5-847a-448b-8ec4-bac040a44990",
                    "hostname": "CLIENT1",
                    "id": "cd699c72-0f46-4cd9-938a-43faf035a44a",
                    "name": "CLIENT1",
                    "type": "winlogbeat",
                    "version": "7.10.2"
                },
                "ecs": {
                    "version": "1.5.0"
                },
                "event": {
                    "action": "File created (rule: FileCreate)",
                    "category": [
                        "file"
                    ],
                    "code": 11,
                    "created": "2022-09-27T12:27:27.906Z",
                    "kind": "event",
                    "module": "sysmon",
                    "provider": "Microsoft-Windows-Sysmon",
                    "type": [
                        "creation"
                    ]
                },
                "file": {
                    "directory": "C:\\Users\\setup\\AppData\\Roaming\\Microsoft\\Windows\\Start Menu\\Programs\\Windows PowerShell",
                    "extension": "tmp",
                    "name": "{eb58bbfa-2e4f-4a85-90a1-506d408d4a03}.tmp",
                    "path": "C:\\Users\\setup\\AppData\\Roaming\\Microsoft\\Windows\\Start Menu\\Programs\\Windows PowerShell\\{eb58bbfa-2e4f-4a85-90a1-506d408d4a03}.tmp"
                },
                "host": {
                    "name": "CLIENT"
                },
                "log": {
                    "level": "information"
                },
                "message": "File created:\nRuleName: T1023\nUtcTime: 2022-09-27 12:23:26.406\nProcessGuid: {0e37ca90-eb37-6332-1200-000000000300}\nProcessId: 356\nImage: C:\\Windows\\system32\\svchost.exe\nTargetFilename: C:\\Users\\setup\\AppData\\Roaming\\Microsoft\\Windows\\Start Menu\\Programs\\Windows PowerShell\\{eb58bbfa-2e4f-4a85-90a1-506d408d4a03}.tmp\nCreationUtcTime: 2022-09-27 12:23:26.406\nUser: NT AUTHORITY\\SYSTEM",
                "process": {
                    "entity_id": "{0e37ca90-eb37-6332-1200-000000000300}",
                    "executable": "C:\\Windows\\system32\\svchost.exe",
                    "name": "svchost.exe",
                    "pid": 356
                },
                "rule": {
                    "name": "T1023"
                },
                "winlog": {
                    "api": "wineventlog",
                    "channel": "Microsoft-Windows-Sysmon/Operational",
                    "computer_name": "CLIENT",
                    "event_data": {
                        "CreationUtcTime": "2022-09-27 12:23:26.406",
                        "User": "NT AUTHORITY\\SYSTEM"
                    },
                    "event_id": 11,
                    "opcode": "Info",
                    "process": {
                        "pid": 1328,
                        "thread": {
                            "id": 2576
                        }
                    },
                    "provider_guid": "{5770385f-c22a-43e0-bf4c-06f5698ffbd9}",
                    "provider_name": "Microsoft-Windows-Sysmon",
                    "record_id": 562,
                    "task": "File created (rule: FileCreate)",
                    "user": {
                        "domain": "NT AUTHORITY",
                        "identifier": "S-1-5-18",
                        "name": "SYSTEM",
                        "type": "User"
                    },
                    "version": 2
                }
            }
        },
        "name": "PowerShell Scripts Run by a Services",
        "timestamp": "2022-09-27T12:23:26.406+00:00",
        "authors": [
            "oscd.community",
            "Natalia Shornikova"
        ],
        "level": "high",
        "source": "sigma",
        "status": "experimental",
        "falsepositives": [
            "Unknown"
        ],
        "id": "46deb5e1-28c9-4905-b2df-51cdcc9e6073",
        "logsource": {
            "category": "driver_load",
            "product": "windows"
        },
        "references": [
            "https://speakerdeck.com/heirhabarov/hunting-for-powershell-abuse"
        ],
        "tags": [
            "attack.execution",
            "attack.t1569.002"
        ]
    },
    {
        "group": "Sigma",
        "kind": "individual",
        "document": {
            "kind": "jsonl",
            "data": {
                "@timestamp": "2022-09-27T12:23:26.425Z",
                "agent": {
                    "ephemeral_id": "f3e67ec5-847a-448b-8ec4-bac040a44990",
                    "hostname": "CLIENT1",
                    "id": "cd699c72-0f46-4cd9-938a-43faf035a44a",
                    "name": "CLIENT1",
                    "type": "winlogbeat",
                    "version": "7.10.2"
                },
                "ecs": {
                    "version": "1.5.0"
                },
                "event": {
                    "action": "File created (rule: FileCreate)",
                    "category": [
                        "file"
                    ],
                    "code": 11,
                    "created": "2022-09-27T12:27:27.908Z",
                    "kind": "event",
                    "module": "sysmon",
                    "provider": "Microsoft-Windows-Sysmon",
                    "type": [
                        "creation"
                    ]
                },
                "file": {
                    "directory": "C:\\Users\\setup\\AppData\\Roaming\\Microsoft\\Windows\\Start Menu\\Programs\\Windows PowerShell",
                    "extension": "tmp",
                    "name": "{0a324851-1eb6-4e5a-8bd5-b2e013c5dd3a}.tmp",
                    "path": "C:\\Users\\setup\\AppData\\Roaming\\Microsoft\\Windows\\Start Menu\\Programs\\Windows PowerShell\\{0a324851-1eb6-4e5a-8bd5-b2e013c5dd3a}.tmp"
                },
                "host": {
                    "name": "CLIENT"
                },
                "log": {
                    "level": "information"
                },
                "message": "File created:\nRuleName: T1023\nUtcTime: 2022-09-27 12:23:26.425\nProcessGuid: {0e37ca90-eb37-6332-1200-000000000300}\nProcessId: 356\nImage: C:\\Windows\\system32\\svchost.exe\nTargetFilename: C:\\Users\\setup\\AppData\\Roaming\\Microsoft\\Windows\\Start Menu\\Programs\\Windows PowerShell\\{0a324851-1eb6-4e5a-8bd5-b2e013c5dd3a}.tmp\nCreationUtcTime: 2022-09-27 12:23:26.425\nUser: NT AUTHORITY\\SYSTEM",
                "process": {
                    "entity_id": "{0e37ca90-eb37-6332-1200-000000000300}",
                    "executable": "C:\\Windows\\system32\\svchost.exe",
                    "name": "svchost.exe",
                    "pid": 356
                },
                "rule": {
                    "name": "T1023"
                },
                "winlog": {
                    "api": "wineventlog",
                    "channel": "Microsoft-Windows-Sysmon/Operational",
                    "computer_name": "CLIENT",
                    "event_data": {
                        "CreationUtcTime": "2022-09-27 12:23:26.425",
                        "User": "NT AUTHORITY\\SYSTEM"
                    },
                    "event_id": 11,
                    "opcode": "Info",
                    "process": {
                        "pid": 1328,
                        "thread": {
                            "id": 2576
                        }
                    },
                    "provider_guid": "{5770385f-c22a-43e0-bf4c-06f5698ffbd9}",
                    "provider_name": "Microsoft-Windows-Sysmon",
                    "record_id": 566,
                    "task": "File created (rule: FileCreate)",
                    "user": {
                        "domain": "NT AUTHORITY",
                        "identifier": "S-1-5-18",
                        "name": "SYSTEM",
                        "type": "User"
                    },
                    "version": 2
                }
            }
        },
        "name": "PowerShell Scripts Run by a Services",
        "timestamp": "2022-09-27T12:23:26.425+00:00",
        "authors": [
            "oscd.community",
            "Natalia Shornikova"
        ],
        "level": "high",
        "source": "sigma",
        "status": "experimental",
        "falsepositives": [
            "Unknown"
        ],
        "id": "46deb5e1-28c9-4905-b2df-51cdcc9e6073",
        "logsource": {
            "category": "driver_load",
            "product": "windows"
        },
        "references": [
            "https://speakerdeck.com/heirhabarov/hunting-for-powershell-abuse"
        ],
        "tags": [
            "attack.execution",
            "attack.t1569.002"
        ]
    },
    {
        "group": "Sigma",
        "kind": "individual",
        "document": {
            "kind": "jsonl",
            "data": {
                "@timestamp": "2022-09-27T12:23:26.425Z",
                "agent": {
                    "ephemeral_id": "f3e67ec5-847a-448b-8ec4-bac040a44990",
                    "hostname": "CLIENT1",
                    "id": "cd699c72-0f46-4cd9-938a-43faf035a44a",
                    "name": "CLIENT1",
                    "type": "winlogbeat",
                    "version": "7.10.2"
                },
                "ecs": {
                    "version": "1.5.0"
                },
                "event": {
                    "action": "File created (rule: FileCreate)",
                    "category": [
                        "file"
                    ],
                    "code": 11,
                    "created": "2022-09-27T12:27:27.907Z",
                    "kind": "event",
                    "module": "sysmon",
                    "provider": "Microsoft-Windows-Sysmon",
                    "type": [
                        "creation"
                    ]
                },
                "file": {
                    "directory": "C:\\Users\\setup\\AppData\\Roaming\\Microsoft\\Windows\\Start Menu\\Programs\\Windows PowerShell",
                    "extension": "tmp",
                    "name": "{0a324851-1eb6-4e5a-8bd5-b2e013c5dd3a}.tmp",
                    "path": "C:\\Users\\setup\\AppData\\Roaming\\Microsoft\\Windows\\Start Menu\\Programs\\Windows PowerShell\\{0a324851-1eb6-4e5a-8bd5-b2e013c5dd3a}.tmp"
                },
                "host": {
                    "name": "CLIENT"
                },
                "log": {
                    "level": "information"
                },
                "message": "File created:\nRuleName: T1023\nUtcTime: 2022-09-27 12:23:26.425\nProcessGuid: {0e37ca90-eb37-6332-1200-000000000300}\nProcessId: 356\nImage: C:\\Windows\\system32\\svchost.exe\nTargetFilename: C:\\Users\\setup\\AppData\\Roaming\\Microsoft\\Windows\\Start Menu\\Programs\\Windows PowerShell\\{0a324851-1eb6-4e5a-8bd5-b2e013c5dd3a}.tmp\nCreationUtcTime: 2022-09-27 12:23:26.425\nUser: NT AUTHORITY\\SYSTEM",
                "process": {
                    "entity_id": "{0e37ca90-eb37-6332-1200-000000000300}",
                    "executable": "C:\\Windows\\system32\\svchost.exe",
                    "name": "svchost.exe",
                    "pid": 356
                },
                "rule": {
                    "name": "T1023"
                },
                "winlog": {
                    "api": "wineventlog",
                    "channel": "Microsoft-Windows-Sysmon/Operational",
                    "computer_name": "CLIENT",
                    "event_data": {
                        "CreationUtcTime": "2022-09-27 12:23:26.425",
                        "User": "NT AUTHORITY\\SYSTEM"
                    },
                    "event_id": 11,
                    "opcode": "Info",
                    "process": {
                        "pid": 1328,
                        "thread": {
                            "id": 2576
                        }
                    },
                    "provider_guid": "{5770385f-c22a-43e0-bf4c-06f5698ffbd9}",
                    "provider_name": "Microsoft-Windows-Sysmon",
                    "record_id": 565,
                    "task": "File created (rule: FileCreate)",
                    "user": {
                        "domain": "NT AUTHORITY",
                        "identifier": "S-1-5-18",
                        "name": "SYSTEM",
                        "type": "User"
                    },
                    "version": 2
                }
            }
        },
        "name": "PowerShell Scripts Run by a Services",
        "timestamp": "2022-09-27T12:23:26.425+00:00",
        "authors": [
            "oscd.community",
            "Natalia Shornikova"
        ],
        "level": "high",
        "source": "sigma",
        "status": "experimental",
        "falsepositives": [
            "Unknown"
        ],
        "id": "46deb5e1-28c9-4905-b2df-51cdcc9e6073",
        "logsource": {
            "category": "driver_load",
            "product": "windows"
        },
        "references": [
            "https://speakerdeck.com/heirhabarov/hunting-for-powershell-abuse"
        ],
        "tags": [
            "attack.execution",
            "attack.t1569.002"
        ]
    },
    {
        "group": "Sigma",
        "kind": "individual",
        "document": {
            "kind": "jsonl",
            "data": {
                "@timestamp": "2022-09-27T12:24:12.363Z",
                "agent": {
                    "ephemeral_id": "f3e67ec5-847a-448b-8ec4-bac040a44990",
                    "hostname": "CLIENT1",
                    "id": "cd699c72-0f46-4cd9-938a-43faf035a44a",
                    "name": "CLIENT1",
                    "type": "winlogbeat",
                    "version": "7.10.2"
                },
                "ecs": {
                    "version": "1.5.0"
                },
                "event": {
                    "action": "File created (rule: FileCreate)",
                    "category": [
                        "file"
                    ],
                    "code": 11,
                    "created": "2022-09-27T12:27:28.171Z",
                    "kind": "event",
                    "module": "sysmon",
                    "provider": "Microsoft-Windows-Sysmon",
                    "type": [
                        "creation"
                    ]
                },
                "file": {
                    "directory": "C:\\Users\\setup\\AppData\\Local\\Microsoft\\CLR_v4.0\\UsageLogs",
                    "extension": "log",
                    "name": "powershell.exe.log",
                    "path": "C:\\Users\\setup\\AppData\\Local\\Microsoft\\CLR_v4.0\\UsageLogs\\powershell.exe.log"
                },
                "host": {
                    "name": "CLIENT"
                },
                "log": {
                    "level": "information"
                },
                "message": "File created:\nRuleName: ProcessHostingdotNETCode\nUtcTime: 2022-09-27 12:24:12.363\nProcessGuid: {0e37ca90-eb6b-6332-9400-000000000300}\nProcessId: 6380\nImage: C:\\Windows\\System32\\WindowsPowerShell\\v1.0\\powershell.exe\nTargetFilename: C:\\Users\\setup\\AppData\\Local\\Microsoft\\CLR_v4.0\\UsageLogs\\powershell.exe.log\nCreationUtcTime: 2022-09-27 12:24:12.363\nUser: CLIENT\\setup",
                "process": {
                    "entity_id": "{0e37ca90-eb6b-6332-9400-000000000300}",
                    "executable": "C:\\Windows\\System32\\WindowsPowerShell\\v1.0\\powershell.exe",
                    "name": "powershell.exe",
                    "pid": 6380
                },
                "rule": {
                    "name": "ProcessHostingdotNETCode"
                },
                "winlog": {
                    "api": "wineventlog",
                    "channel": "Microsoft-Windows-Sysmon/Operational",
                    "computer_name": "CLIENT",
                    "event_data": {
                        "CreationUtcTime": "2022-09-27 12:24:12.363",
                        "User": "CLIENT\\setup"
                    },
                    "event_id": 11,
                    "opcode": "Info",
                    "process": {
                        "pid": 1328,
                        "thread": {
                            "id": 2576
                        }
                    },
                    "provider_guid": "{5770385f-c22a-43e0-bf4c-06f5698ffbd9}",
                    "provider_name": "Microsoft-Windows-Sysmon",
                    "record_id": 772,
                    "task": "File created (rule: FileCreate)",
                    "user": {
                        "domain": "NT AUTHORITY",
                        "identifier": "S-1-5-18",
                        "name": "SYSTEM",
                        "type": "User"
                    },
                    "version": 2
                }
            }
        },
        "name": "PowerShell Scripts Run by a Services",
        "timestamp": "2022-09-27T12:24:12.363+00:00",
        "authors": [
            "oscd.community",
            "Natalia Shornikova"
        ],
        "level": "high",
        "source": "sigma",
        "status": "experimental",
        "falsepositives": [
            "Unknown"
        ],
        "id": "46deb5e1-28c9-4905-b2df-51cdcc9e6073",
        "logsource": {
            "category": "driver_load",
            "product": "windows"
        },
        "references": [
            "https://speakerdeck.com/heirhabarov/hunting-for-powershell-abuse"
        ],
        "tags": [
            "attack.execution",
            "attack.t1569.002"
        ]
    },
