    {
        "group": "Sigma",
        "kind": "individual",
        "document": {
            "kind": "jsonl",
            "data": {
                "@timestamp": "2022-09-27T12:25:29.889Z",
                "agent": {
                    "ephemeral_id": "f3e67ec5-847a-448b-8ec4-bac040a44990",
                    "hostname": "CLIENT1",
                    "id": "cd699c72-0f46-4cd9-938a-43faf035a44a",
                    "name": "CLIENT1",
                    "type": "winlogbeat",
                    "version": "7.10.2"
                },
                "ecs": {
                    "version": "1.5.0"
                },
                "event": {
                    "action": "File created (rule: FileCreate)",
                    "category": [
                        "file"
                    ],
                    "code": 11,
                    "created": "2022-09-27T12:27:28.714Z",
                    "kind": "event",
                    "module": "sysmon",
                    "provider": "Microsoft-Windows-Sysmon",
                    "type": [
                        "creation"
                    ]
                },
                "file": {
                    "directory": "C:\\Users\\client1\\AppData\\Roaming\\Microsoft\\Windows\\Start Menu\\Programs\\Windows PowerShell",
                    "extension": "tmp",
                    "name": "{f12f7dad-cf0d-4f4e-858b-7841049ce729}.tmp",
                    "path": "C:\\Users\\client1\\AppData\\Roaming\\Microsoft\\Windows\\Start Menu\\Programs\\Windows PowerShell\\{f12f7dad-cf0d-4f4e-858b-7841049ce729}.tmp"
                },
                "host": {
                    "name": "CLIENT1.breach.local"
                },
                "log": {
                    "level": "information"
                },
                "message": "File created:\nRuleName: T1023\nUtcTime: 2022-09-27 12:25:29.889\nProcessGuid: {0e37ca90-ebb4-6332-1400-000000000500}\nProcessId: 436\nImage: C:\\Windows\\system32\\svchost.exe\nTargetFilename: C:\\Users\\client1\\AppData\\Roaming\\Microsoft\\Windows\\Start Menu\\Programs\\Windows PowerShell\\{f12f7dad-cf0d-4f4e-858b-7841049ce729}.tmp\nCreationUtcTime: 2022-09-27 12:25:29.889\nUser: NT AUTHORITY\\SYSTEM",
                "process": {
                    "entity_id": "{0e37ca90-ebb4-6332-1400-000000000500}",
                    "executable": "C:\\Windows\\system32\\svchost.exe",
                    "name": "svchost.exe",
                    "pid": 436
                },
                "rule": {
                    "name": "T1023"
                },
                "winlog": {
                    "api": "wineventlog",
                    "channel": "Microsoft-Windows-Sysmon/Operational",
                    "computer_name": "CLIENT1.breach.local",
                    "event_data": {
                        "CreationUtcTime": "2022-09-27 12:25:29.889",
                        "User": "NT AUTHORITY\\SYSTEM"
                    },
                    "event_id": 11,
                    "opcode": "Info",
                    "process": {
                        "pid": 2076,
                        "thread": {
                            "id": 2556
                        }
                    },
                    "provider_guid": "{5770385f-c22a-43e0-bf4c-06f5698ffbd9}",
                    "provider_name": "Microsoft-Windows-Sysmon",
                    "record_id": 1256,
                    "task": "File created (rule: FileCreate)",
                    "user": {
                        "domain": "NT AUTHORITY",
                        "identifier": "S-1-5-18",
                        "name": "SYSTEM",
                        "type": "User"
                    },
                    "version": 2
                }
            }
        },
        "name": "PowerShell Scripts Run by a Services",
        "timestamp": "2022-09-27T12:25:29.889+00:00",
        "authors": [
            "oscd.community",
            "Natalia Shornikova"
        ],
        "level": "high",
        "source": "sigma",
        "status": "experimental",
        "falsepositives": [
            "Unknown"
        ],
        "id": "46deb5e1-28c9-4905-b2df-51cdcc9e6073",
        "logsource": {
            "category": "driver_load",
            "product": "windows"
        },
        "references": [
            "https://speakerdeck.com/heirhabarov/hunting-for-powershell-abuse"
        ],
        "tags": [
            "attack.execution",
            "attack.t1569.002"
        ]
    },
    {
        "group": "Sigma",
        "kind": "individual",
        "document": {
            "kind": "jsonl",
            "data": {
                "@timestamp": "2022-09-27T12:25:29.889Z",
                "agent": {
                    "ephemeral_id": "f3e67ec5-847a-448b-8ec4-bac040a44990",
                    "hostname": "CLIENT1",
                    "id": "cd699c72-0f46-4cd9-938a-43faf035a44a",
                    "name": "CLIENT1",
                    "type": "winlogbeat",
                    "version": "7.10.2"
                },
                "ecs": {
                    "version": "1.5.0"
                },
                "event": {
                    "action": "File created (rule: FileCreate)",
                    "category": [
                        "file"
                    ],
                    "code": 11,
                    "created": "2022-09-27T12:27:28.714Z",
                    "kind": "event",
                    "module": "sysmon",
                    "provider": "Microsoft-Windows-Sysmon",
                    "type": [
                        "creation"
                    ]
                },
                "file": {
                    "directory": "C:\\Users\\client1\\AppData\\Roaming\\Microsoft\\Windows\\Start Menu\\Programs\\Windows PowerShell",
                    "extension": "tmp",
                    "name": "{f12f7dad-cf0d-4f4e-858b-7841049ce729}.tmp",
                    "path": "C:\\Users\\client1\\AppData\\Roaming\\Microsoft\\Windows\\Start Menu\\Programs\\Windows PowerShell\\{f12f7dad-cf0d-4f4e-858b-7841049ce729}.tmp"
                },
                "host": {
                    "name": "CLIENT1.breach.local"
                },
                "log": {
                    "level": "information"
                },
                "message": "File created:\nRuleName: T1023\nUtcTime: 2022-09-27 12:25:29.889\nProcessGuid: {0e37ca90-ebb4-6332-1400-000000000500}\nProcessId: 436\nImage: C:\\Windows\\system32\\svchost.exe\nTargetFilename: C:\\Users\\client1\\AppData\\Roaming\\Microsoft\\Windows\\Start Menu\\Programs\\Windows PowerShell\\{f12f7dad-cf0d-4f4e-858b-7841049ce729}.tmp\nCreationUtcTime: 2022-09-27 12:25:29.889\nUser: NT AUTHORITY\\SYSTEM",
                "process": {
                    "entity_id": "{0e37ca90-ebb4-6332-1400-000000000500}",
                    "executable": "C:\\Windows\\system32\\svchost.exe",
                    "name": "svchost.exe",
                    "pid": 436
                },
                "rule": {
                    "name": "T1023"
                },
                "winlog": {
                    "api": "wineventlog",
                    "channel": "Microsoft-Windows-Sysmon/Operational",
                    "computer_name": "CLIENT1.breach.local",
                    "event_data": {
                        "CreationUtcTime": "2022-09-27 12:25:29.889",
                        "User": "NT AUTHORITY\\SYSTEM"
                    },
                    "event_id": 11,
                    "opcode": "Info",
                    "process": {
                        "pid": 2076,
                        "thread": {
                            "id": 2556
                        }
                    },
                    "provider_guid": "{5770385f-c22a-43e0-bf4c-06f5698ffbd9}",
                    "provider_name": "Microsoft-Windows-Sysmon",
                    "record_id": 1255,
                    "task": "File created (rule: FileCreate)",
                    "user": {
                        "domain": "NT AUTHORITY",
                        "identifier": "S-1-5-18",
                        "name": "SYSTEM",
                        "type": "User"
                    },
                    "version": 2
                }
            }
        },
        "name": "PowerShell Scripts Run by a Services",
        "timestamp": "2022-09-27T12:25:29.889+00:00",
        "authors": [
            "oscd.community",
            "Natalia Shornikova"
        ],
        "level": "high",
        "source": "sigma",
        "status": "experimental",
        "falsepositives": [
            "Unknown"
        ],
        "id": "46deb5e1-28c9-4905-b2df-51cdcc9e6073",
        "logsource": {
            "category": "driver_load",
            "product": "windows"
        },
        "references": [
            "https://speakerdeck.com/heirhabarov/hunting-for-powershell-abuse"
        ],
        "tags": [
            "attack.execution",
            "attack.t1569.002"
        ]
    },
    {
        "group": "Sigma",
        "kind": "individual",
        "document": {
            "kind": "jsonl",
            "data": {
                "@timestamp": "2022-09-27T12:25:29.889Z",
                "agent": {
                    "ephemeral_id": "f3e67ec5-847a-448b-8ec4-bac040a44990",
                    "hostname": "CLIENT1",
                    "id": "cd699c72-0f46-4cd9-938a-43faf035a44a",
                    "name": "CLIENT1",
                    "type": "winlogbeat",
                    "version": "7.10.2"
                },
                "ecs": {
                    "version": "1.5.0"
                },
                "event": {
                    "action": "File created (rule: FileCreate)",
                    "category": [
                        "file"
                    ],
                    "code": 11,
                    "created": "2022-09-27T12:27:28.714Z",
                    "kind": "event",
                    "module": "sysmon",
                    "provider": "Microsoft-Windows-Sysmon",
                    "type": [
                        "creation"
                    ]
                },
                "file": {
                    "directory": "C:\\Users\\client1\\AppData\\Roaming\\Microsoft\\Windows\\Start Menu\\Programs\\Windows PowerShell",
                    "extension": "tmp",
                    "name": "{705cedb2-fbb6-4cbf-985d-36c92cac2b20}.tmp",
                    "path": "C:\\Users\\client1\\AppData\\Roaming\\Microsoft\\Windows\\Start Menu\\Programs\\Windows PowerShell\\{705cedb2-fbb6-4cbf-985d-36c92cac2b20}.tmp"
                },
                "host": {
                    "name": "CLIENT1.breach.local"
                },
                "log": {
                    "level": "information"
                },
                "message": "File created:\nRuleName: T1023\nUtcTime: 2022-09-27 12:25:29.889\nProcessGuid: {0e37ca90-ebb4-6332-1400-000000000500}\nProcessId: 436\nImage: C:\\Windows\\system32\\svchost.exe\nTargetFilename: C:\\Users\\client1\\AppData\\Roaming\\Microsoft\\Windows\\Start Menu\\Programs\\Windows PowerShell\\{705cedb2-fbb6-4cbf-985d-36c92cac2b20}.tmp\nCreationUtcTime: 2022-09-27 12:25:29.889\nUser: NT AUTHORITY\\SYSTEM",
                "process": {
                    "entity_id": "{0e37ca90-ebb4-6332-1400-000000000500}",
                    "executable": "C:\\Windows\\system32\\svchost.exe",
                    "name": "svchost.exe",
                    "pid": 436
                },
                "rule": {
                    "name": "T1023"
                },
                "winlog": {
                    "api": "wineventlog",
                    "channel": "Microsoft-Windows-Sysmon/Operational",
                    "computer_name": "CLIENT1.breach.local",
                    "event_data": {
                        "CreationUtcTime": "2022-09-27 12:25:29.889",
                        "User": "NT AUTHORITY\\SYSTEM"
                    },
                    "event_id": 11,
                    "opcode": "Info",
                    "process": {
                        "pid": 2076,
                        "thread": {
                            "id": 2556
                        }
                    },
                    "provider_guid": "{5770385f-c22a-43e0-bf4c-06f5698ffbd9}",
                    "provider_name": "Microsoft-Windows-Sysmon",
                    "record_id": 1257,
                    "task": "File created (rule: FileCreate)",
                    "user": {
                        "domain": "NT AUTHORITY",
                        "identifier": "S-1-5-18",
                        "name": "SYSTEM",
                        "type": "User"
                    },
                    "version": 2
                }
            }
        },
        "name": "PowerShell Scripts Run by a Services",
        "timestamp": "2022-09-27T12:25:29.889+00:00",
        "authors": [
            "oscd.community",
            "Natalia Shornikova"
        ],
        "level": "high",
        "source": "sigma",
        "status": "experimental",
        "falsepositives": [
            "Unknown"
        ],
        "id": "46deb5e1-28c9-4905-b2df-51cdcc9e6073",
        "logsource": {
            "category": "driver_load",
            "product": "windows"
        },
        "references": [
            "https://speakerdeck.com/heirhabarov/hunting-for-powershell-abuse"
        ],
        "tags": [
            "attack.execution",
            "attack.t1569.002"
        ]
    },
    {
        "group": "Sigma",
        "kind": "individual",
        "document": {
            "kind": "jsonl",
            "data": {
                "@timestamp": "2022-09-27T13:45:06.514Z",
                "agent": {
                    "ephemeral_id": "f3e67ec5-847a-448b-8ec4-bac040a44990",
                    "hostname": "CLIENT1",
                    "id": "cd699c72-0f46-4cd9-938a-43faf035a44a",
                    "name": "CLIENT1",
                    "type": "winlogbeat",
                    "version": "7.10.2"
                },
                "ecs": {
                    "version": "1.5.0"
                },
                "event": {
                    "action": "File created (rule: FileCreate)",
                    "category": [
                        "file"
                    ],
                    "code": 11,
                    "created": "2022-09-27T13:45:07.924Z",
                    "kind": "event",
                    "module": "sysmon",
                    "provider": "Microsoft-Windows-Sysmon",
                    "type": [
                        "creation"
                    ]
                },
                "file": {
                    "directory": "C:\\Users\\ssh\\AppData\\Roaming\\Microsoft\\Windows\\Start Menu\\Programs",
                    "name": "Windows PowerShell",
                    "path": "C:\\Users\\ssh\\AppData\\Roaming\\Microsoft\\Windows\\Start Menu\\Programs\\Windows PowerShell"
                },
                "host": {
                    "name": "CLIENT1.breach.local"
                },
                "log": {
                    "level": "information"
                },
                "message": "File created:\nRuleName: T1023\nUtcTime: 2022-09-27 13:45:06.514\nProcessGuid: {0e37ca90-ebb4-6332-1400-000000000500}\nProcessId: 436\nImage: C:\\Windows\\system32\\svchost.exe\nTargetFilename: C:\\Users\\ssh\\AppData\\Roaming\\Microsoft\\Windows\\Start Menu\\Programs\\Windows PowerShell\nCreationUtcTime: 2022-09-27 13:45:06.514\nUser: NT AUTHORITY\\SYSTEM",
                "process": {
                    "entity_id": "{0e37ca90-ebb4-6332-1400-000000000500}",
                    "executable": "C:\\Windows\\system32\\svchost.exe",
                    "name": "svchost.exe",
                    "pid": 436
                },
                "rule": {
                    "name": "T1023"
                },
                "winlog": {
                    "api": "wineventlog",
                    "channel": "Microsoft-Windows-Sysmon/Operational",
                    "computer_name": "CLIENT1.breach.local",
                    "event_data": {
                        "CreationUtcTime": "2022-09-27 13:45:06.514",
                        "User": "NT AUTHORITY\\SYSTEM"
                    },
                    "event_id": 11,
                    "opcode": "Info",
                    "process": {
                        "pid": 2076,
                        "thread": {
                            "id": 2556
                        }
                    },
                    "provider_guid": "{5770385f-c22a-43e0-bf4c-06f5698ffbd9}",
                    "provider_name": "Microsoft-Windows-Sysmon",
                    "record_id": 3992,
                    "task": "File created (rule: FileCreate)",
                    "user": {
                        "domain": "NT AUTHORITY",
                        "identifier": "S-1-5-18",
                        "name": "SYSTEM",
                        "type": "User"
                    },
                    "version": 2
                }
            }
        },
        "name": "PowerShell Scripts Run by a Services",
        "timestamp": "2022-09-27T13:45:06.514+00:00",
        "authors": [
            "oscd.community",
            "Natalia Shornikova"
        ],
        "level": "high",
        "source": "sigma",
        "status": "experimental",
        "falsepositives": [
            "Unknown"
        ],
        "id": "46deb5e1-28c9-4905-b2df-51cdcc9e6073",
        "logsource": {
            "category": "driver_load",
            "product": "windows"
        },
        "references": [
            "https://speakerdeck.com/heirhabarov/hunting-for-powershell-abuse"
        ],
        "tags": [
            "attack.execution",
            "attack.t1569.002"
        ]
    },
    {
        "group": "Sigma",
        "kind": "individual",
        "document": {
            "kind": "jsonl",
            "data": {
                "@timestamp": "2022-09-27T13:45:06.544Z",
                "agent": {
                    "ephemeral_id": "f3e67ec5-847a-448b-8ec4-bac040a44990",
                    "hostname": "CLIENT1",
                    "id": "cd699c72-0f46-4cd9-938a-43faf035a44a",
                    "name": "CLIENT1",
                    "type": "winlogbeat",
                    "version": "7.10.2"
                },
                "ecs": {
                    "version": "1.5.0"
                },
                "event": {
                    "action": "File created (rule: FileCreate)",
                    "category": [
                        "file"
                    ],
                    "code": 11,
                    "created": "2022-09-27T13:45:07.924Z",
                    "kind": "event",
                    "module": "sysmon",
                    "provider": "Microsoft-Windows-Sysmon",
                    "type": [
                        "creation"
                    ]
                },
                "file": {
                    "directory": "C:\\Users\\ssh\\AppData\\Roaming\\Microsoft\\Windows\\Start Menu\\Programs\\Windows PowerShell",
                    "extension": "tmp",
                    "name": "{d7e85d6c-6222-4c9f-86ec-c798623df7ab}.tmp",
                    "path": "C:\\Users\\ssh\\AppData\\Roaming\\Microsoft\\Windows\\Start Menu\\Programs\\Windows PowerShell\\{d7e85d6c-6222-4c9f-86ec-c798623df7ab}.tmp"
                },
                "host": {
                    "name": "CLIENT1.breach.local"
                },
                "log": {
                    "level": "information"
                },
                "message": "File created:\nRuleName: T1023\nUtcTime: 2022-09-27 13:45:06.544\nProcessGuid: {0e37ca90-ebb4-6332-1400-000000000500}\nProcessId: 436\nImage: C:\\Windows\\system32\\svchost.exe\nTargetFilename: C:\\Users\\ssh\\AppData\\Roaming\\Microsoft\\Windows\\Start Menu\\Programs\\Windows PowerShell\\{d7e85d6c-6222-4c9f-86ec-c798623df7ab}.tmp\nCreationUtcTime: 2022-09-27 13:45:06.544\nUser: NT AUTHORITY\\SYSTEM",
                "process": {
                    "entity_id": "{0e37ca90-ebb4-6332-1400-000000000500}",
                    "executable": "C:\\Windows\\system32\\svchost.exe",
                    "name": "svchost.exe",
                    "pid": 436
                },
                "rule": {
                    "name": "T1023"
                },
                "winlog": {
                    "api": "wineventlog",
                    "channel": "Microsoft-Windows-Sysmon/Operational",
                    "computer_name": "CLIENT1.breach.local",
                    "event_data": {
                        "CreationUtcTime": "2022-09-27 13:45:06.544",
                        "User": "NT AUTHORITY\\SYSTEM"
                    },
                    "event_id": 11,
                    "opcode": "Info",
                    "process": {
                        "pid": 2076,
                        "thread": {
                            "id": 2556
                        }
                    },
                    "provider_guid": "{5770385f-c22a-43e0-bf4c-06f5698ffbd9}",
                    "provider_name": "Microsoft-Windows-Sysmon",
                    "record_id": 3997,
                    "task": "File created (rule: FileCreate)",
                    "user": {
                        "domain": "NT AUTHORITY",
                        "identifier": "S-1-5-18",
                        "name": "SYSTEM",
                        "type": "User"
                    },
                    "version": 2
                }
            }
        },
        "name": "PowerShell Scripts Run by a Services",
        "timestamp": "2022-09-27T13:45:06.544+00:00",
        "authors": [
            "oscd.community",
            "Natalia Shornikova"
        ],
        "level": "high",
        "source": "sigma",
        "status": "experimental",
        "falsepositives": [
            "Unknown"
        ],
        "id": "46deb5e1-28c9-4905-b2df-51cdcc9e6073",
        "logsource": {
            "category": "driver_load",
            "product": "windows"
        },
        "references": [
            "https://speakerdeck.com/heirhabarov/hunting-for-powershell-abuse"
        ],
        "tags": [
            "attack.execution",
            "attack.t1569.002"
        ]
    },
    {
        "group": "Sigma",
        "kind": "individual",
        "document": {
            "kind": "jsonl",
            "data": {
                "@timestamp": "2022-09-27T13:45:06.544Z",
                "agent": {
                    "ephemeral_id": "f3e67ec5-847a-448b-8ec4-bac040a44990",
                    "hostname": "CLIENT1",
                    "id": "cd699c72-0f46-4cd9-938a-43faf035a44a",
                    "name": "CLIENT1",
                    "type": "winlogbeat",
                    "version": "7.10.2"
                },
                "ecs": {
                    "version": "1.5.0"
                },
                "event": {
                    "action": "File created (rule: FileCreate)",
                    "category": [
                        "file"
                    ],
                    "code": 11,
                    "created": "2022-09-27T13:45:07.924Z",
                    "kind": "event",
                    "module": "sysmon",
                    "provider": "Microsoft-Windows-Sysmon",
                    "type": [
                        "creation"
                    ]
                },
                "file": {
                    "directory": "C:\\Users\\ssh\\AppData\\Roaming\\Microsoft\\Windows\\Start Menu\\Programs\\Windows PowerShell",
                    "extension": "tmp",
                    "name": "{020234ca-05a8-4844-a6aa-8d5a58ca9b46}.tmp",
                    "path": "C:\\Users\\ssh\\AppData\\Roaming\\Microsoft\\Windows\\Start Menu\\Programs\\Windows PowerShell\\{020234ca-05a8-4844-a6aa-8d5a58ca9b46}.tmp"
                },
                "host": {
                    "name": "CLIENT1.breach.local"
                },
                "log": {
                    "level": "information"
                },
                "message": "File created:\nRuleName: T1023\nUtcTime: 2022-09-27 13:45:06.544\nProcessGuid: {0e37ca90-ebb4-6332-1400-000000000500}\nProcessId: 436\nImage: C:\\Windows\\system32\\svchost.exe\nTargetFilename: C:\\Users\\ssh\\AppData\\Roaming\\Microsoft\\Windows\\Start Menu\\Programs\\Windows PowerShell\\{020234ca-05a8-4844-a6aa-8d5a58ca9b46}.tmp\nCreationUtcTime: 2022-09-27 13:45:06.544\nUser: NT AUTHORITY\\SYSTEM",
                "process": {
                    "entity_id": "{0e37ca90-ebb4-6332-1400-000000000500}",
                    "executable": "C:\\Windows\\system32\\svchost.exe",
                    "name": "svchost.exe",
                    "pid": 436
                },
                "rule": {
                    "name": "T1023"
                },
                "winlog": {
                    "api": "wineventlog",
                    "channel": "Microsoft-Windows-Sysmon/Operational",
                    "computer_name": "CLIENT1.breach.local",
                    "event_data": {
                        "CreationUtcTime": "2022-09-27 13:45:06.544",
                        "User": "NT AUTHORITY\\SYSTEM"
                    },
                    "event_id": 11,
                    "opcode": "Info",
                    "process": {
                        "pid": 2076,
                        "thread": {
                            "id": 2556
                        }
                    },
                    "provider_guid": "{5770385f-c22a-43e0-bf4c-06f5698ffbd9}",
                    "provider_name": "Microsoft-Windows-Sysmon",
                    "record_id": 4000,
                    "task": "File created (rule: FileCreate)",
                    "user": {
                        "domain": "NT AUTHORITY",
                        "identifier": "S-1-5-18",
                        "name": "SYSTEM",
                        "type": "User"
                    },
                    "version": 2
                }
            }
        },
        "name": "PowerShell Scripts Run by a Services",
        "timestamp": "2022-09-27T13:45:06.544+00:00",
        "authors": [
            "oscd.community",
            "Natalia Shornikova"
        ],
        "level": "high",
        "source": "sigma",
        "status": "experimental",
        "falsepositives": [
            "Unknown"
        ],
        "id": "46deb5e1-28c9-4905-b2df-51cdcc9e6073",
        "logsource": {
            "category": "driver_load",
            "product": "windows"
        },
        "references": [
            "https://speakerdeck.com/heirhabarov/hunting-for-powershell-abuse"
        ],
        "tags": [
            "attack.execution",
            "attack.t1569.002"
        ]
    },
    {
        "group": "Sigma",
        "kind": "individual",
        "document": {
            "kind": "jsonl",
            "data": {
                "@timestamp": "2022-09-27T13:45:06.544Z",
                "agent": {
                    "ephemeral_id": "f3e67ec5-847a-448b-8ec4-bac040a44990",
                    "hostname": "CLIENT1",
                    "id": "cd699c72-0f46-4cd9-938a-43faf035a44a",
                    "name": "CLIENT1",
                    "type": "winlogbeat",
                    "version": "7.10.2"
                },
                "ecs": {
                    "version": "1.5.0"
                },
                "event": {
                    "action": "File created (rule: FileCreate)",
                    "category": [
                        "file"
                    ],
                    "code": 11,
                    "created": "2022-09-27T13:45:07.924Z",
                    "kind": "event",
                    "module": "sysmon",
                    "provider": "Microsoft-Windows-Sysmon",
                    "type": [
                        "creation"
                    ]
                },
                "file": {
                    "directory": "C:\\Users\\ssh\\AppData\\Roaming\\Microsoft\\Windows\\Start Menu\\Programs\\Windows PowerShell",
                    "extension": "tmp",
                    "name": "{d7e85d6c-6222-4c9f-86ec-c798623df7ab}.tmp",
                    "path": "C:\\Users\\ssh\\AppData\\Roaming\\Microsoft\\Windows\\Start Menu\\Programs\\Windows PowerShell\\{d7e85d6c-6222-4c9f-86ec-c798623df7ab}.tmp"
                },
                "host": {
                    "name": "CLIENT1.breach.local"
                },
                "log": {
                    "level": "information"
                },
                "message": "File created:\nRuleName: T1023\nUtcTime: 2022-09-27 13:45:06.544\nProcessGuid: {0e37ca90-ebb4-6332-1400-000000000500}\nProcessId: 436\nImage: C:\\Windows\\system32\\svchost.exe\nTargetFilename: C:\\Users\\ssh\\AppData\\Roaming\\Microsoft\\Windows\\Start Menu\\Programs\\Windows PowerShell\\{d7e85d6c-6222-4c9f-86ec-c798623df7ab}.tmp\nCreationUtcTime: 2022-09-27 13:45:06.544\nUser: NT AUTHORITY\\SYSTEM",
                "process": {
                    "entity_id": "{0e37ca90-ebb4-6332-1400-000000000500}",
                    "executable": "C:\\Windows\\system32\\svchost.exe",
                    "name": "svchost.exe",
                    "pid": 436
                },
                "rule": {
                    "name": "T1023"
                },
                "winlog": {
                    "api": "wineventlog",
                    "channel": "Microsoft-Windows-Sysmon/Operational",
                    "computer_name": "CLIENT1.breach.local",
                    "event_data": {
                        "CreationUtcTime": "2022-09-27 13:45:06.544",
                        "User": "NT AUTHORITY\\SYSTEM"
                    },
                    "event_id": 11,
                    "opcode": "Info",
                    "process": {
                        "pid": 2076,
                        "thread": {
                            "id": 2556
                        }
                    },
                    "provider_guid": "{5770385f-c22a-43e0-bf4c-06f5698ffbd9}",
                    "provider_name": "Microsoft-Windows-Sysmon",
                    "record_id": 3999,
                    "task": "File created (rule: FileCreate)",
                    "user": {
                        "domain": "NT AUTHORITY",
                        "identifier": "S-1-5-18",
                        "name": "SYSTEM",
                        "type": "User"
                    },
                    "version": 2
                }
            }
        },
        "name": "PowerShell Scripts Run by a Services",
        "timestamp": "2022-09-27T13:45:06.544+00:00",
        "authors": [
            "oscd.community",
            "Natalia Shornikova"
        ],
        "level": "high",
        "source": "sigma",
        "status": "experimental",
        "falsepositives": [
            "Unknown"
        ],
        "id": "46deb5e1-28c9-4905-b2df-51cdcc9e6073",
        "logsource": {
            "category": "driver_load",
            "product": "windows"
        },
        "references": [
            "https://speakerdeck.com/heirhabarov/hunting-for-powershell-abuse"
        ],
        "tags": [
            "attack.execution",
            "attack.t1569.002"
        ]
    },
    {
        "group": "Sigma",
        "kind": "individual",
        "document": {
            "kind": "jsonl",
            "data": {
                "@timestamp": "2022-09-27T13:45:06.544Z",
                "agent": {
                    "ephemeral_id": "f3e67ec5-847a-448b-8ec4-bac040a44990",
                    "hostname": "CLIENT1",
                    "id": "cd699c72-0f46-4cd9-938a-43faf035a44a",
                    "name": "CLIENT1",
                    "type": "winlogbeat",
                    "version": "7.10.2"
                },
                "ecs": {
                    "version": "1.5.0"
                },
                "event": {
                    "action": "File created (rule: FileCreate)",
                    "category": [
                        "file"
                    ],
                    "code": 11,
                    "created": "2022-09-27T13:45:07.924Z",
                    "kind": "event",
                    "module": "sysmon",
                    "provider": "Microsoft-Windows-Sysmon",
                    "type": [
                        "creation"
                    ]
                },
                "file": {
                    "directory": "C:\\Users\\ssh\\AppData\\Roaming\\Microsoft\\Windows\\Start Menu\\Programs\\Windows PowerShell",
                    "extension": "tmp",
                    "name": "{020234ca-05a8-4844-a6aa-8d5a58ca9b46}.tmp",
                    "path": "C:\\Users\\ssh\\AppData\\Roaming\\Microsoft\\Windows\\Start Menu\\Programs\\Windows PowerShell\\{020234ca-05a8-4844-a6aa-8d5a58ca9b46}.tmp"
                },
                "host": {
                    "name": "CLIENT1.breach.local"
                },
                "log": {
                    "level": "information"
                },
                "message": "File created:\nRuleName: T1023\nUtcTime: 2022-09-27 13:45:06.544\nProcessGuid: {0e37ca90-ebb4-6332-1400-000000000500}\nProcessId: 436\nImage: C:\\Windows\\system32\\svchost.exe\nTargetFilename: C:\\Users\\ssh\\AppData\\Roaming\\Microsoft\\Windows\\Start Menu\\Programs\\Windows PowerShell\\{020234ca-05a8-4844-a6aa-8d5a58ca9b46}.tmp\nCreationUtcTime: 2022-09-27 13:45:06.544\nUser: NT AUTHORITY\\SYSTEM",
                "process": {
                    "entity_id": "{0e37ca90-ebb4-6332-1400-000000000500}",
                    "executable": "C:\\Windows\\system32\\svchost.exe",
                    "name": "svchost.exe",
                    "pid": 436
                },
                "rule": {
                    "name": "T1023"
                },
                "winlog": {
                    "api": "wineventlog",
                    "channel": "Microsoft-Windows-Sysmon/Operational",
                    "computer_name": "CLIENT1.breach.local",
                    "event_data": {
                        "CreationUtcTime": "2022-09-27 13:45:06.544",
                        "User": "NT AUTHORITY\\SYSTEM"
                    },
                    "event_id": 11,
                    "opcode": "Info",
                    "process": {
                        "pid": 2076,
                        "thread": {
                            "id": 2556
                        }
                    },
                    "provider_guid": "{5770385f-c22a-43e0-bf4c-06f5698ffbd9}",
                    "provider_name": "Microsoft-Windows-Sysmon",
                    "record_id": 3998,
                    "task": "File created (rule: FileCreate)",
                    "user": {
                        "domain": "NT AUTHORITY",
                        "identifier": "S-1-5-18",
                        "name": "SYSTEM",
                        "type": "User"
                    },
                    "version": 2
                }
            }
        },
        "name": "PowerShell Scripts Run by a Services",
        "timestamp": "2022-09-27T13:45:06.544+00:00",
        "authors": [
            "oscd.community",
            "Natalia Shornikova"
        ],
        "level": "high",
        "source": "sigma",
        "status": "experimental",
        "falsepositives": [
            "Unknown"
        ],
        "id": "46deb5e1-28c9-4905-b2df-51cdcc9e6073",
        "logsource": {
            "category": "driver_load",
            "product": "windows"
        },
        "references": [
            "https://speakerdeck.com/heirhabarov/hunting-for-powershell-abuse"
        ],
        "tags": [
            "attack.execution",
            "attack.t1569.002"
        ]
    },
    {
        "group": "Sigma",
        "kind": "individual",
        "document": {
            "kind": "jsonl",
            "data": {
                "@timestamp": "2022-09-27T13:45:07.640Z",
                "agent": {
                    "ephemeral_id": "f3e67ec5-847a-448b-8ec4-bac040a44990",
                    "hostname": "CLIENT1",
                    "id": "cd699c72-0f46-4cd9-938a-43faf035a44a",
                    "name": "CLIENT1",
                    "type": "winlogbeat",
                    "version": "7.10.2"
                },
                "ecs": {
                    "version": "1.5.0"
                },
                "event": {
                    "action": "File created (rule: FileCreate)",
                    "category": [
                        "file"
                    ],
                    "code": 11,
                    "created": "2022-09-27T13:45:08.934Z",
                    "kind": "event",
                    "module": "sysmon",
                    "provider": "Microsoft-Windows-Sysmon",
                    "type": [
                        "creation"
                    ]
                },
                "file": {
                    "directory": "C:\\Users\\ssh\\AppData\\Local\\Microsoft\\CLR_v4.0\\UsageLogs",
                    "extension": "log",
                    "name": "powershell.exe.log",
                    "path": "C:\\Users\\ssh\\AppData\\Local\\Microsoft\\CLR_v4.0\\UsageLogs\\powershell.exe.log"
                },
                "host": {
                    "name": "CLIENT1.breach.local"
                },
                "log": {
                    "level": "information"
                },
                "message": "File created:\nRuleName: ProcessHostingdotNETCode\nUtcTime: 2022-09-27 13:45:07.640\nProcessGuid: {0e37ca90-fe62-6332-c803-000000000500}\nProcessId: 3000\nImage: C:\\Windows\\System32\\WindowsPowerShell\\v1.0\\powershell.exe\nTargetFilename: C:\\Users\\ssh\\AppData\\Local\\Microsoft\\CLR_v4.0\\UsageLogs\\powershell.exe.log\nCreationUtcTime: 2022-09-27 13:45:07.624\nUser: CLIENT1\\ssh",
                "process": {
                    "entity_id": "{0e37ca90-fe62-6332-c803-000000000500}",
                    "executable": "C:\\Windows\\System32\\WindowsPowerShell\\v1.0\\powershell.exe",
                    "name": "powershell.exe",
                    "pid": 3000
                },
                "rule": {
                    "name": "ProcessHostingdotNETCode"
                },
                "winlog": {
                    "api": "wineventlog",
                    "channel": "Microsoft-Windows-Sysmon/Operational",
                    "computer_name": "CLIENT1.breach.local",
                    "event_data": {
                        "CreationUtcTime": "2022-09-27 13:45:07.624",
                        "User": "CLIENT1\\ssh"
                    },
                    "event_id": 11,
                    "opcode": "Info",
                    "process": {
                        "pid": 2076,
                        "thread": {
                            "id": 2556
                        }
                    },
                    "provider_guid": "{5770385f-c22a-43e0-bf4c-06f5698ffbd9}",
                    "provider_name": "Microsoft-Windows-Sysmon",
                    "record_id": 4038,
                    "task": "File created (rule: FileCreate)",
                    "user": {
                        "domain": "NT AUTHORITY",
                        "identifier": "S-1-5-18",
                        "name": "SYSTEM",
                        "type": "User"
                    },
                    "version": 2
                }
            }
        },
        "name": "PowerShell Scripts Run by a Services",
        "timestamp": "2022-09-27T13:45:07.640+00:00",
        "authors": [
            "oscd.community",
            "Natalia Shornikova"
        ],
        "level": "high",
        "source": "sigma",
        "status": "experimental",
        "falsepositives": [
            "Unknown"
        ],
        "id": "46deb5e1-28c9-4905-b2df-51cdcc9e6073",
        "logsource": {
            "category": "driver_load",
            "product": "windows"
        },
        "references": [
            "https://speakerdeck.com/heirhabarov/hunting-for-powershell-abuse"
        ],
        "tags": [
            "attack.execution",
            "attack.t1569.002"
        ]
    },
    {
        "group": "Sigma",
        "kind": "individual",
        "document": {
            "kind": "jsonl",
            "data": {
                "@timestamp": "2022-09-27T14:25:41.127Z",
                "agent": {
                    "ephemeral_id": "f3e67ec5-847a-448b-8ec4-bac040a44990",
                    "hostname": "CLIENT1",
                    "id": "cd699c72-0f46-4cd9-938a-43faf035a44a",
                    "name": "CLIENT1",
                    "type": "winlogbeat",
                    "version": "7.10.2"
                },
                "ecs": {
                    "version": "1.5.0"
                },
                "event": {
                    "action": "File created (rule: FileCreate)",
                    "category": [
                        "file"
                    ],
                    "code": 11,
                    "created": "2022-09-27T14:25:42.375Z",
                    "kind": "event",
                    "module": "sysmon",
                    "provider": "Microsoft-Windows-Sysmon",
                    "type": [
                        "creation"
                    ]
                },
                "file": {
                    "directory": "C:\\Windows\\assembly\\NativeImages_v4.0.30319_32\\Temp\\17a4-0",
                    "extension": "dll",
                    "name": "Microsoft.Dtc.PowerShell.dll",
                    "path": "C:\\Windows\\assembly\\NativeImages_v4.0.30319_32\\Temp\\17a4-0\\Microsoft.Dtc.PowerShell.dll"
                },
                "host": {
                    "name": "CLIENT1.breach.local"
                },
                "log": {
                    "level": "information"
                },
                "message": "File created:\nRuleName: DLL\nUtcTime: 2022-09-27 14:25:41.127\nProcessGuid: {0e37ca90-07e4-6333-3404-000000000500}\nProcessId: 6052\nImage: C:\\Windows\\Microsoft.NET\\Framework\\v4.0.30319\\mscorsvw.exe\nTargetFilename: C:\\Windows\\assembly\\NativeImages_v4.0.30319_32\\Temp\\17a4-0\\Microsoft.Dtc.PowerShell.dll\nCreationUtcTime: 2022-09-27 14:25:41.127\nUser: NT AUTHORITY\\SYSTEM",
                "process": {
                    "entity_id": "{0e37ca90-07e4-6333-3404-000000000500}",
                    "executable": "C:\\Windows\\Microsoft.NET\\Framework\\v4.0.30319\\mscorsvw.exe",
                    "name": "mscorsvw.exe",
                    "pid": 6052
                },
                "rule": {
                    "name": "DLL"
                },
                "winlog": {
                    "api": "wineventlog",
                    "channel": "Microsoft-Windows-Sysmon/Operational",
                    "computer_name": "CLIENT1.breach.local",
                    "event_data": {
                        "CreationUtcTime": "2022-09-27 14:25:41.127",
                        "User": "NT AUTHORITY\\SYSTEM"
                    },
                    "event_id": 11,
                    "opcode": "Info",
                    "process": {
                        "pid": 2076,
                        "thread": {
                            "id": 2556
                        }
                    },
                    "provider_guid": "{5770385f-c22a-43e0-bf4c-06f5698ffbd9}",
                    "provider_name": "Microsoft-Windows-Sysmon",
                    "record_id": 4698,
                    "task": "File created (rule: FileCreate)",
                    "user": {
                        "domain": "NT AUTHORITY",
                        "identifier": "S-1-5-18",
                        "name": "SYSTEM",
                        "type": "User"
                    },
                    "version": 2
                }
            }
        },
        "name": "PowerShell Scripts Run by a Services",
        "timestamp": "2022-09-27T14:25:41.127+00:00",
        "authors": [
            "oscd.community",
            "Natalia Shornikova"
        ],
        "level": "high",
        "source": "sigma",
        "status": "experimental",
        "falsepositives": [
            "Unknown"
        ],
        "id": "46deb5e1-28c9-4905-b2df-51cdcc9e6073",
        "logsource": {
            "category": "driver_load",
            "product": "windows"
        },
        "references": [
            "https://speakerdeck.com/heirhabarov/hunting-for-powershell-abuse"
        ],
        "tags": [
            "attack.execution",
            "attack.t1569.002"
        ]
    },
    {
        "group": "Sigma",
        "kind": "individual",
        "document": {
            "kind": "jsonl",
            "data": {
                "@timestamp": "2022-09-27T14:25:44.339Z",
                "agent": {
                    "ephemeral_id": "f3e67ec5-847a-448b-8ec4-bac040a44990",
                    "hostname": "CLIENT1",
                    "id": "cd699c72-0f46-4cd9-938a-43faf035a44a",
                    "name": "CLIENT1",
                    "type": "winlogbeat",
                    "version": "7.10.2"
                },
                "ecs": {
                    "version": "1.5.0"
                },
                "event": {
                    "action": "File created (rule: FileCreate)",
                    "category": [
                        "file"
                    ],
                    "code": 11,
                    "created": "2022-09-27T14:25:45.384Z",
                    "kind": "event",
                    "module": "sysmon",
                    "provider": "Microsoft-Windows-Sysmon",
                    "type": [
                        "creation"
                    ]
                },
                "file": {
                    "directory": "C:\\Windows\\assembly\\NativeImages_v4.0.30319_32\\Temp\\f90-0",
                    "extension": "dll",
                    "name": "Microsoft.PowerShell.Activities.dll",
                    "path": "C:\\Windows\\assembly\\NativeImages_v4.0.30319_32\\Temp\\f90-0\\Microsoft.PowerShell.Activities.dll"
                },
                "host": {
                    "name": "CLIENT1.breach.local"
                },
                "log": {
                    "level": "information"
                },
                "message": "File created:\nRuleName: DLL\nUtcTime: 2022-09-27 14:25:44.339\nProcessGuid: {0e37ca90-07e7-6333-4004-000000000500}\nProcessId: 3984\nImage: C:\\Windows\\Microsoft.NET\\Framework\\v4.0.30319\\mscorsvw.exe\nTargetFilename: C:\\Windows\\assembly\\NativeImages_v4.0.30319_32\\Temp\\f90-0\\Microsoft.PowerShell.Activities.dll\nCreationUtcTime: 2022-09-27 14:25:44.339\nUser: NT AUTHORITY\\SYSTEM",
                "process": {
                    "entity_id": "{0e37ca90-07e7-6333-4004-000000000500}",
                    "executable": "C:\\Windows\\Microsoft.NET\\Framework\\v4.0.30319\\mscorsvw.exe",
                    "name": "mscorsvw.exe",
                    "pid": 3984
                },
                "rule": {
                    "name": "DLL"
                },
                "winlog": {
                    "api": "wineventlog",
                    "channel": "Microsoft-Windows-Sysmon/Operational",
                    "computer_name": "CLIENT1.breach.local",
                    "event_data": {
                        "CreationUtcTime": "2022-09-27 14:25:44.339",
                        "User": "NT AUTHORITY\\SYSTEM"
                    },
                    "event_id": 11,
                    "opcode": "Info",
                    "process": {
                        "pid": 2076,
                        "thread": {
                            "id": 2556
                        }
                    },
                    "provider_guid": "{5770385f-c22a-43e0-bf4c-06f5698ffbd9}",
                    "provider_name": "Microsoft-Windows-Sysmon",
                    "record_id": 4704,
                    "task": "File created (rule: FileCreate)",
                    "user": {
                        "domain": "NT AUTHORITY",
                        "identifier": "S-1-5-18",
                        "name": "SYSTEM",
                        "type": "User"
                    },
                    "version": 2
                }
            }
        },
        "name": "PowerShell Scripts Run by a Services",
        "timestamp": "2022-09-27T14:25:44.339+00:00",
        "authors": [
            "oscd.community",
            "Natalia Shornikova"
        ],
        "level": "high",
        "source": "sigma",
        "status": "experimental",
        "falsepositives": [
            "Unknown"
        ],
        "id": "46deb5e1-28c9-4905-b2df-51cdcc9e6073",
        "logsource": {
            "category": "driver_load",
            "product": "windows"
        },
        "references": [
            "https://speakerdeck.com/heirhabarov/hunting-for-powershell-abuse"
        ],
        "tags": [
            "attack.execution",
            "attack.t1569.002"
        ]
    },
