[
    {
        "group": "Sigma",
        "kind": "individual",
        "document": {
            "kind": "jsonl",
            "data": {
                "@timestamp": "2022-10-10T09:57:58.483Z",
                "agent": {
                    "ephemeral_id": "64b72b79-c8b3-44d5-8efc-41706d768842",
                    "hostname": "CLIENT1",
                    "id": "cd699c72-0f46-4cd9-938a-43faf035a44a",
                    "name": "CLIENT1",
                    "type": "winlogbeat",
                    "version": "7.10.2"
                },
                "destination": {
                    "domain": "-",
                    "ip": "93.184.220.29",
                    "port": 80
                },
                "ecs": {
                    "version": "1.5.0"
                },
                "event": {
                    "action": "Network connection detected (rule: NetworkConnect)",
                    "category": [
                        "network"
                    ],
                    "code": 3,
                    "created": "2022-10-10T10:00:27.819Z",
                    "kind": "event",
                    "module": "sysmon",
                    "provider": "Microsoft-Windows-Sysmon",
                    "type": [
                        "connection",
                        "start",
                        "protocol"
                    ]
                },
                "host": {
                    "name": "CLIENT1"
                },
                "log": {
                    "level": "information"
                },
                "message": "Network connection detected:\nRuleName: Usermode\nUtcTime: 2022-10-10 09:57:58.483\nProcessGuid: {0e37ca90-eca5-6343-6400-000000000400}\nProcessId: 4516\nImage: C:\\Users\\setup\\AppData\\Local\\Microsoft\\OneDrive\\OneDrive.exe\nUser: CLIENT1\\setup\nProtocol: tcp\nInitiated: true\nSourceIsIpv6: false\nSourceIp: 172.16.1.1\nSourceHostname: CLIENT1.breach.local\nSourcePort: 49692\nSourcePortName: -\nDestinationIsIpv6: false\nDestinationIp: 93.184.220.29\nDestinationHostname: -\nDestinationPort: 80\nDestinationPortName: http",
                "network": {
                    "community_id": "1:3kKnuBpWIA4gknyS9wtuJvvCe6E=",
                    "direction": "outbound",
                    "protocol": "http",
                    "transport": "tcp",
                    "type": "ipv4"
                },
                "process": {
                    "entity_id": "{0e37ca90-eca5-6343-6400-000000000400}",
                    "executable": "C:\\Users\\setup\\AppData\\Local\\Microsoft\\OneDrive\\OneDrive.exe",
                    "name": "OneDrive.exe",
                    "pid": 4516
                },
                "related": {
                    "ip": [
                        "172.16.1.1",
                        "93.184.220.29"
                    ],
                    "user": "setup"
                },
                "rule": {
                    "name": "Usermode"
                },
                "source": {
                    "domain": "CLIENT1.breach.local",
                    "ip": "172.16.1.1",
                    "port": 49692
                },
                "user": {
                    "domain": "CLIENT1",
                    "name": "setup"
                },
                "winlog": {
                    "api": "wineventlog",
                    "channel": "Microsoft-Windows-Sysmon/Operational",
                    "computer_name": "CLIENT1",
                    "event_data": {
                        "SourcePortName": "-"
                    },
                    "event_id": 3,
                    "opcode": "Info",
                    "process": {
                        "pid": 2052,
                        "thread": {
                            "id": 2476
                        }
                    },
                    "provider_guid": "{5770385f-c22a-43e0-bf4c-06f5698ffbd9}",
                    "provider_name": "Microsoft-Windows-Sysmon",
                    "record_id": 1164,
                    "task": "Network connection detected (rule: NetworkConnect)",
                    "user": {
                        "domain": "NT AUTHORITY",
                        "identifier": "S-1-5-18",
                        "name": "SYSTEM",
                        "type": "User"
                    },
                    "version": 5
                }
            }
        },
        "name": "Cleartext Protocol Usage",
        "timestamp": "2022-10-10T09:57:58.483+00:00",
        "authors": [
            "Alexandr Yampolskyi",
            "SOC Prime"
        ],
        "level": "low",
        "source": "sigma",
        "status": "stable",
        "falsepositives": [
            "Unknown"
        ],
        "id": "7e4bfe58-4a47-4709-828d-d86c78b7cc1f",
        "logsource": {
            "service": "netflow"
        },
        "references": [
            "https://www.cisecurity.org/controls/cis-controls-list/",
            "https://www.pcisecuritystandards.org/documents/PCI_DSS_v3-2-1.pdf",
            "https://nvlpubs.nist.gov/nistpubs/CSWP/NIST.CSWP.04162018.pdf"
        ]
    },
    {
        "group": "Sigma",
        "kind": "individual",
        "document": {
            "kind": "jsonl",
            "data": {
                "@timestamp": "2022-10-10T10:02:40.497Z",
                "agent": {
                    "ephemeral_id": "64b72b79-c8b3-44d5-8efc-41706d768842",
                    "hostname": "CLIENT1",
                    "id": "cd699c72-0f46-4cd9-938a-43faf035a44a",
                    "name": "CLIENT1",
                    "type": "winlogbeat",
                    "version": "7.10.2"
                },
                "destination": {
                    "domain": "-",
                    "ip": "93.184.220.29",
                    "port": 80
                },
                "ecs": {
                    "version": "1.5.0"
                },
                "event": {
                    "action": "Network connection detected (rule: NetworkConnect)",
                    "category": [
                        "network"
                    ],
                    "code": 3,
                    "created": "2022-10-10T10:02:43.374Z",
                    "kind": "event",
                    "module": "sysmon",
                    "provider": "Microsoft-Windows-Sysmon",
                    "type": [
                        "connection",
                        "start",
                        "protocol"
                    ]
                },
                "host": {
                    "name": "CLIENT1.breach.local"
                },
                "log": {
                    "level": "information"
                },
                "message": "Network connection detected:\nRuleName: Usermode\nUtcTime: 2022-10-10 10:02:40.497\nProcessGuid: {0e37ca90-eda7-6343-1601-000000000500}\nProcessId: 5336\nImage: C:\\Users\\client1\\AppData\\Local\\Microsoft\\OneDrive\\OneDrive.exe\nUser: BREACH\\client1\nProtocol: tcp\nInitiated: true\nSourceIsIpv6: false\nSourceIp: 172.16.1.1\nSourceHostname: CLIENT1.breach.local\nSourcePort: 50144\nSourcePortName: -\nDestinationIsIpv6: false\nDestinationIp: 93.184.220.29\nDestinationHostname: -\nDestinationPort: 80\nDestinationPortName: http",
                "network": {
                    "community_id": "1:4bwoh0wcXA/0cIS3eIWU5m8Nto8=",
                    "direction": "outbound",
                    "protocol": "http",
                    "transport": "tcp",
                    "type": "ipv4"
                },
                "process": {
                    "entity_id": "{0e37ca90-eda7-6343-1601-000000000500}",
                    "executable": "C:\\Users\\client1\\AppData\\Local\\Microsoft\\OneDrive\\OneDrive.exe",
                    "name": "OneDrive.exe",
                    "pid": 5336
                },
                "related": {
                    "ip": [
                        "172.16.1.1",
                        "93.184.220.29"
                    ],
                    "user": "client1"
                },
                "rule": {
                    "name": "Usermode"
                },
                "source": {
                    "domain": "CLIENT1.breach.local",
                    "ip": "172.16.1.1",
                    "port": 50144
                },
                "user": {
                    "domain": "BREACH",
                    "name": "client1"
                },
                "winlog": {
                    "api": "wineventlog",
                    "channel": "Microsoft-Windows-Sysmon/Operational",
                    "computer_name": "CLIENT1.breach.local",
                    "event_data": {
                        "SourcePortName": "-"
                    },
                    "event_id": 3,
                    "opcode": "Info",
                    "process": {
                        "pid": 1160,
                        "thread": {
                            "id": 2540
                        }
                    },
                    "provider_guid": "{5770385f-c22a-43e0-bf4c-06f5698ffbd9}",
                    "provider_name": "Microsoft-Windows-Sysmon",
                    "record_id": 1966,
                    "task": "Network connection detected (rule: NetworkConnect)",
                    "user": {
                        "domain": "NT AUTHORITY",
                        "identifier": "S-1-5-18",
                        "name": "SYSTEM",
                        "type": "User"
                    },
                    "version": 5
                }
            }
        },
        "name": "Cleartext Protocol Usage",
        "timestamp": "2022-10-10T10:02:40.497+00:00",
        "authors": [
            "Alexandr Yampolskyi",
            "SOC Prime"
        ],
        "level": "low",
        "source": "sigma",
        "status": "stable",
        "falsepositives": [
            "Unknown"
        ],
        "id": "7e4bfe58-4a47-4709-828d-d86c78b7cc1f",
        "logsource": {
            "service": "netflow"
        },
        "references": [
            "https://www.cisecurity.org/controls/cis-controls-list/",
            "https://www.pcisecuritystandards.org/documents/PCI_DSS_v3-2-1.pdf",
            "https://nvlpubs.nist.gov/nistpubs/CSWP/NIST.CSWP.04162018.pdf"
        ]
    },
    {
        "group": "Sigma",
        "kind": "individual",
        "document": {
            "kind": "jsonl",
            "data": {
                "@timestamp": "2022-10-10T11:05:59.134Z",
                "agent": {
                    "ephemeral_id": "64b72b79-c8b3-44d5-8efc-41706d768842",
                    "hostname": "CLIENT1",
                    "id": "cd699c72-0f46-4cd9-938a-43faf035a44a",
                    "name": "CLIENT1",
                    "type": "winlogbeat",
                    "version": "7.10.2"
                },
                "destination": {
                    "domain": "-",
                    "ip": "172.18.0.3",
                    "port": 80
                },
                "ecs": {
                    "version": "1.5.0"
                },
                "event": {
                    "action": "Network connection detected (rule: NetworkConnect)",
                    "category": [
                        "network"
                    ],
                    "code": 3,
                    "created": "2022-10-10T11:06:02.099Z",
                    "kind": "event",
                    "module": "sysmon",
                    "provider": "Microsoft-Windows-Sysmon",
                    "type": [
                        "connection",
                        "start",
                        "protocol"
                    ]
                },
                "host": {
                    "name": "CLIENT1.breach.local"
                },
                "log": {
                    "level": "information"
                },
                "message": "Network connection detected:\nRuleName: Usermode\nUtcTime: 2022-10-10 11:05:59.134\nProcessGuid: {0e37ca90-fba6-6343-e311-000000000500}\nProcessId: 3612\nImage: C:\\Users\\client1\\AppData\\Local\\Temp\\breach_attachments\\Bank-of-Nuthington.exe\nUser: BREACH\\client1\nProtocol: tcp\nInitiated: true\nSourceIsIpv6: false\nSourceIp: 172.16.1.1\nSourceHostname: CLIENT1.breach.local\nSourcePort: 60213\nSourcePortName: -\nDestinationIsIpv6: false\nDestinationIp: 172.18.0.3\nDestinationHostname: -\nDestinationPort: 80\nDestinationPortName: http",
                "network": {
                    "community_id": "1:0XhKRPgwjBU78Y/38xvpY/LQwvE=",
                    "direction": "outbound",
                    "protocol": "http",
                    "transport": "tcp",
                    "type": "ipv4"
                },
                "process": {
                    "entity_id": "{0e37ca90-fba6-6343-e311-000000000500}",
                    "executable": "C:\\Users\\client1\\AppData\\Local\\Temp\\breach_attachments\\Bank-of-Nuthington.exe",
                    "name": "Bank-of-Nuthington.exe",
                    "pid": 3612
                },
                "related": {
                    "ip": [
                        "172.16.1.1",
                        "172.18.0.3"
                    ],
                    "user": "client1"
                },
                "rule": {
                    "name": "Usermode"
                },
                "source": {
                    "domain": "CLIENT1.breach.local",
                    "ip": "172.16.1.1",
                    "port": 60213
                },
                "user": {
                    "domain": "BREACH",
                    "name": "client1"
                },
                "winlog": {
                    "api": "wineventlog",
                    "channel": "Microsoft-Windows-Sysmon/Operational",
                    "computer_name": "CLIENT1.breach.local",
                    "event_data": {
                        "SourcePortName": "-"
                    },
                    "event_id": 3,
                    "opcode": "Info",
                    "process": {
                        "pid": 1160,
                        "thread": {
                            "id": 2540
                        }
                    },
                    "provider_guid": "{5770385f-c22a-43e0-bf4c-06f5698ffbd9}",
                    "provider_name": "Microsoft-Windows-Sysmon",
                    "record_id": 9005,
                    "task": "Network connection detected (rule: NetworkConnect)",
                    "user": {
                        "domain": "NT AUTHORITY",
                        "identifier": "S-1-5-18",
                        "name": "SYSTEM",
                        "type": "User"
                    },
                    "version": 5
                }
            }
        },
        "name": "Cleartext Protocol Usage",
        "timestamp": "2022-10-10T11:05:59.134+00:00",
        "authors": [
            "Alexandr Yampolskyi",
            "SOC Prime"
        ],
        "level": "low",
        "source": "sigma",
        "status": "stable",
        "falsepositives": [
            "Unknown"
        ],
        "id": "7e4bfe58-4a47-4709-828d-d86c78b7cc1f",
        "logsource": {
            "service": "netflow"
        },
        "references": [
            "https://www.cisecurity.org/controls/cis-controls-list/",
            "https://www.pcisecuritystandards.org/documents/PCI_DSS_v3-2-1.pdf",
            "https://nvlpubs.nist.gov/nistpubs/CSWP/NIST.CSWP.04162018.pdf"
        ]
    },
    {
        "group": "Sigma",
        "kind": "individual",
        "document": {
            "kind": "jsonl",
            "data": {
                "@timestamp": "2022-10-10T11:05:59.267Z",
                "agent": {
                    "ephemeral_id": "64b72b79-c8b3-44d5-8efc-41706d768842",
                    "hostname": "CLIENT1",
                    "id": "cd699c72-0f46-4cd9-938a-43faf035a44a",
                    "name": "CLIENT1",
                    "type": "winlogbeat",
                    "version": "7.10.2"
                },
                "destination": {
                    "domain": "-",
                    "ip": "172.18.0.3",
                    "port": 80
                },
                "ecs": {
                    "version": "1.5.0"
                },
                "event": {
                    "action": "Network connection detected (rule: NetworkConnect)",
                    "category": [
                        "network"
                    ],
                    "code": 3,
                    "created": "2022-10-10T11:06:02.100Z",
                    "kind": "event",
                    "module": "sysmon",
                    "provider": "Microsoft-Windows-Sysmon",
                    "type": [
                        "connection",
                        "start",
                        "protocol"
                    ]
                },
                "host": {
                    "name": "CLIENT1.breach.local"
                },
                "log": {
                    "level": "information"
                },
                "message": "Network connection detected:\nRuleName: Usermode\nUtcTime: 2022-10-10 11:05:59.267\nProcessGuid: {0e37ca90-fba6-6343-e311-000000000500}\nProcessId: 3612\nImage: C:\\Users\\client1\\AppData\\Local\\Temp\\breach_attachments\\Bank-of-Nuthington.exe\nUser: BREACH\\client1\nProtocol: tcp\nInitiated: true\nSourceIsIpv6: false\nSourceIp: 172.16.1.1\nSourceHostname: CLIENT1.breach.local\nSourcePort: 60214\nSourcePortName: -\nDestinationIsIpv6: false\nDestinationIp: 172.18.0.3\nDestinationHostname: -\nDestinationPort: 80\nDestinationPortName: http",
                "network": {
                    "community_id": "1:WKzQidOsbqX3NV8tt93m/CvT6K0=",
                    "direction": "outbound",
                    "protocol": "http",
                    "transport": "tcp",
                    "type": "ipv4"
                },
                "process": {
                    "entity_id": "{0e37ca90-fba6-6343-e311-000000000500}",
                    "executable": "C:\\Users\\client1\\AppData\\Local\\Temp\\breach_attachments\\Bank-of-Nuthington.exe",
                    "name": "Bank-of-Nuthington.exe",
                    "pid": 3612
                },
                "related": {
                    "ip": [
                        "172.16.1.1",
                        "172.18.0.3"
                    ],
                    "user": "client1"
                },
                "rule": {
                    "name": "Usermode"
                },
                "source": {
                    "domain": "CLIENT1.breach.local",
                    "ip": "172.16.1.1",
                    "port": 60214
                },
                "user": {
                    "domain": "BREACH",
                    "name": "client1"
                },
                "winlog": {
                    "api": "wineventlog",
                    "channel": "Microsoft-Windows-Sysmon/Operational",
                    "computer_name": "CLIENT1.breach.local",
                    "event_data": {
                        "SourcePortName": "-"
                    },
                    "event_id": 3,
                    "opcode": "Info",
                    "process": {
                        "pid": 1160,
                        "thread": {
                            "id": 2540
                        }
                    },
                    "provider_guid": "{5770385f-c22a-43e0-bf4c-06f5698ffbd9}",
                    "provider_name": "Microsoft-Windows-Sysmon",
                    "record_id": 9006,
                    "task": "Network connection detected (rule: NetworkConnect)",
                    "user": {
                        "domain": "NT AUTHORITY",
                        "identifier": "S-1-5-18",
                        "name": "SYSTEM",
                        "type": "User"
                    },
                    "version": 5
                }
            }
        },
        "name": "Cleartext Protocol Usage",
        "timestamp": "2022-10-10T11:05:59.267+00:00",
        "authors": [
            "Alexandr Yampolskyi",
            "SOC Prime"
        ],
        "level": "low",
        "source": "sigma",
        "status": "stable",
        "falsepositives": [
            "Unknown"
        ],
        "id": "7e4bfe58-4a47-4709-828d-d86c78b7cc1f",
        "logsource": {
            "service": "netflow"
        },
        "references": [
            "https://www.cisecurity.org/controls/cis-controls-list/",
            "https://www.pcisecuritystandards.org/documents/PCI_DSS_v3-2-1.pdf",
            "https://nvlpubs.nist.gov/nistpubs/CSWP/NIST.CSWP.04162018.pdf"
        ]
    },
    {
        "group": "Sigma",
        "kind": "individual",
        "document": {
            "kind": "jsonl",
            "data": {
                "@timestamp": "2022-10-10T11:09:57.332Z",
                "agent": {
                    "ephemeral_id": "64b72b79-c8b3-44d5-8efc-41706d768842",
                    "hostname": "CLIENT1",
                    "id": "cd699c72-0f46-4cd9-938a-43faf035a44a",
                    "name": "CLIENT1",
                    "type": "winlogbeat",
                    "version": "7.10.2"
                },
                "destination": {
                    "domain": "-",
                    "ip": "172.18.0.3",
                    "port": 80
                },
                "ecs": {
                    "version": "1.5.0"
                },
                "event": {
                    "action": "Network connection detected (rule: NetworkConnect)",
                    "category": [
                        "network"
                    ],
                    "code": 3,
                    "created": "2022-10-10T11:10:01.262Z",
                    "kind": "event",
                    "module": "sysmon",
                    "provider": "Microsoft-Windows-Sysmon",
                    "type": [
                        "connection",
                        "start",
                        "protocol"
                    ]
                },
                "host": {
                    "name": "CLIENT1.breach.local"
                },
                "log": {
                    "level": "information"
                },
                "message": "Network connection detected:\nRuleName: Usermode\nUtcTime: 2022-10-10 11:09:57.332\nProcessGuid: {0e37ca90-fba6-6343-e311-000000000500}\nProcessId: 3612\nImage: C:\\Users\\client1\\AppData\\Local\\Temp\\breach_attachments\\Bank-of-Nuthington.exe\nUser: BREACH\\client1\nProtocol: tcp\nInitiated: true\nSourceIsIpv6: false\nSourceIp: 172.16.1.1\nSourceHostname: CLIENT1.breach.local\nSourcePort: 60305\nSourcePortName: -\nDestinationIsIpv6: false\nDestinationIp: 172.18.0.3\nDestinationHostname: -\nDestinationPort: 80\nDestinationPortName: http",
                "network": {
                    "community_id": "1:NZW3clPQ0NehcySJmkhclgC1B+4=",
                    "direction": "outbound",
                    "protocol": "http",
                    "transport": "tcp",
                    "type": "ipv4"
                },
                "process": {
                    "entity_id": "{0e37ca90-fba6-6343-e311-000000000500}",
                    "executable": "C:\\Users\\client1\\AppData\\Local\\Temp\\breach_attachments\\Bank-of-Nuthington.exe",
                    "name": "Bank-of-Nuthington.exe",
                    "pid": 3612
                },
                "related": {
                    "ip": [
                        "172.16.1.1",
                        "172.18.0.3"
                    ],
                    "user": "client1"
                },
                "rule": {
                    "name": "Usermode"
                },
                "source": {
                    "domain": "CLIENT1.breach.local",
                    "ip": "172.16.1.1",
                    "port": 60305
                },
                "user": {
                    "domain": "BREACH",
                    "name": "client1"
                },
                "winlog": {
                    "api": "wineventlog",
                    "channel": "Microsoft-Windows-Sysmon/Operational",
                    "computer_name": "CLIENT1.breach.local",
                    "event_data": {
                        "SourcePortName": "-"
                    },
                    "event_id": 3,
                    "opcode": "Info",
                    "process": {
                        "pid": 1160,
                        "thread": {
                            "id": 2540
                        }
                    },
                    "provider_guid": "{5770385f-c22a-43e0-bf4c-06f5698ffbd9}",
                    "provider_name": "Microsoft-Windows-Sysmon",
                    "record_id": 9054,
                    "task": "Network connection detected (rule: NetworkConnect)",
                    "user": {
                        "domain": "NT AUTHORITY",
                        "identifier": "S-1-5-18",
                        "name": "SYSTEM",
                        "type": "User"
                    },
                    "version": 5
                }
            }
        },
        "name": "Cleartext Protocol Usage",
        "timestamp": "2022-10-10T11:09:57.332+00:00",
        "authors": [
            "Alexandr Yampolskyi",
            "SOC Prime"
        ],
        "level": "low",
        "source": "sigma",
        "status": "stable",
        "falsepositives": [
            "Unknown"
        ],
        "id": "7e4bfe58-4a47-4709-828d-d86c78b7cc1f",
        "logsource": {
            "service": "netflow"
        },
        "references": [
            "https://www.cisecurity.org/controls/cis-controls-list/",
            "https://www.pcisecuritystandards.org/documents/PCI_DSS_v3-2-1.pdf",
            "https://nvlpubs.nist.gov/nistpubs/CSWP/NIST.CSWP.04162018.pdf"
        ]
    },
    {
        "group": "Sigma",
        "kind": "individual",
        "document": {
            "kind": "jsonl",
            "data": {
                "@timestamp": "2022-10-10T11:10:02.847Z",
                "agent": {
                    "ephemeral_id": "64b72b79-c8b3-44d5-8efc-41706d768842",
                    "hostname": "CLIENT1",
                    "id": "cd699c72-0f46-4cd9-938a-43faf035a44a",
                    "name": "CLIENT1",
                    "type": "winlogbeat",
                    "version": "7.10.2"
                },
                "destination": {
                    "domain": "-",
                    "ip": "172.18.0.3",
                    "port": 80
                },
                "ecs": {
                    "version": "1.5.0"
                },
                "event": {
                    "action": "Network connection detected (rule: NetworkConnect)",
                    "category": [
                        "network"
                    ],
                    "code": 3,
                    "created": "2022-10-10T11:10:05.280Z",
                    "kind": "event",
                    "module": "sysmon",
                    "provider": "Microsoft-Windows-Sysmon",
                    "type": [
                        "connection",
                        "start",
                        "protocol"
                    ]
                },
                "host": {
                    "name": "CLIENT1.breach.local"
                },
                "log": {
                    "level": "information"
                },
                "message": "Network connection detected:\nRuleName: Usermode\nUtcTime: 2022-10-10 11:10:02.847\nProcessGuid: {0e37ca90-fba6-6343-e311-000000000500}\nProcessId: 3612\nImage: C:\\Users\\client1\\AppData\\Local\\Temp\\breach_attachments\\Bank-of-Nuthington.exe\nUser: BREACH\\client1\nProtocol: tcp\nInitiated: true\nSourceIsIpv6: false\nSourceIp: 172.16.1.1\nSourceHostname: CLIENT1.breach.local\nSourcePort: 60307\nSourcePortName: -\nDestinationIsIpv6: false\nDestinationIp: 172.18.0.3\nDestinationHostname: -\nDestinationPort: 80\nDestinationPortName: http",
                "network": {
                    "community_id": "1:FaedFl+G1dCfWw9US+op4tCuHvU=",
                    "direction": "outbound",
                    "protocol": "http",
                    "transport": "tcp",
                    "type": "ipv4"
                },
                "process": {
                    "entity_id": "{0e37ca90-fba6-6343-e311-000000000500}",
                    "executable": "C:\\Users\\client1\\AppData\\Local\\Temp\\breach_attachments\\Bank-of-Nuthington.exe",
                    "name": "Bank-of-Nuthington.exe",
                    "pid": 3612
                },
                "related": {
                    "ip": [
                        "172.16.1.1",
                        "172.18.0.3"
                    ],
                    "user": "client1"
                },
                "rule": {
                    "name": "Usermode"
                },
                "source": {
                    "domain": "CLIENT1.breach.local",
                    "ip": "172.16.1.1",
                    "port": 60307
                },
                "user": {
                    "domain": "BREACH",
                    "name": "client1"
                },
                "winlog": {
                    "api": "wineventlog",
                    "channel": "Microsoft-Windows-Sysmon/Operational",
                    "computer_name": "CLIENT1.breach.local",
                    "event_data": {
                        "SourcePortName": "-"
                    },
                    "event_id": 3,
                    "opcode": "Info",
                    "process": {
                        "pid": 1160,
                        "thread": {
                            "id": 2540
                        }
                    },
                    "provider_guid": "{5770385f-c22a-43e0-bf4c-06f5698ffbd9}",
                    "provider_name": "Microsoft-Windows-Sysmon",
                    "record_id": 9056,
                    "task": "Network connection detected (rule: NetworkConnect)",
                    "user": {
                        "domain": "NT AUTHORITY",
                        "identifier": "S-1-5-18",
                        "name": "SYSTEM",
                        "type": "User"
                    },
                    "version": 5
                }
            }
        },
        "name": "Cleartext Protocol Usage",
        "timestamp": "2022-10-10T11:10:02.847+00:00",
        "authors": [
            "Alexandr Yampolskyi",
            "SOC Prime"
        ],
        "level": "low",
        "source": "sigma",
        "status": "stable",
        "falsepositives": [
            "Unknown"
        ],
        "id": "7e4bfe58-4a47-4709-828d-d86c78b7cc1f",
        "logsource": {
            "service": "netflow"
        },
        "references": [
            "https://www.cisecurity.org/controls/cis-controls-list/",
            "https://www.pcisecuritystandards.org/documents/PCI_DSS_v3-2-1.pdf",
            "https://nvlpubs.nist.gov/nistpubs/CSWP/NIST.CSWP.04162018.pdf"
        ]
    },
    {
        "group": "Sigma",
        "kind": "individual",
        "document": {
            "kind": "jsonl",
            "data": {
                "@timestamp": "2022-10-10T11:14:00.031Z",
                "agent": {
                    "ephemeral_id": "64b72b79-c8b3-44d5-8efc-41706d768842",
                    "hostname": "CLIENT1",
                    "id": "cd699c72-0f46-4cd9-938a-43faf035a44a",
                    "name": "CLIENT1",
                    "type": "winlogbeat",
                    "version": "7.10.2"
                },
                "destination": {
                    "domain": "-",
                    "ip": "172.18.0.3",
                    "port": 80
                },
                "ecs": {
                    "version": "1.5.0"
                },
                "event": {
                    "action": "Network connection detected (rule: NetworkConnect)",
                    "category": [
                        "network"
                    ],
                    "code": 3,
                    "created": "2022-10-10T11:14:03.481Z",
                    "kind": "event",
                    "module": "sysmon",
                    "provider": "Microsoft-Windows-Sysmon",
                    "type": [
                        "connection",
                        "start",
                        "protocol"
                    ]
                },
                "host": {
                    "name": "CLIENT1.breach.local"
                },
                "log": {
                    "level": "information"
                },
                "message": "Network connection detected:\nRuleName: Usermode\nUtcTime: 2022-10-10 11:14:00.031\nProcessGuid: {0e37ca90-fba6-6343-e311-000000000500}\nProcessId: 3612\nImage: C:\\Users\\client1\\AppData\\Local\\Temp\\breach_attachments\\Bank-of-Nuthington.exe\nUser: BREACH\\client1\nProtocol: tcp\nInitiated: true\nSourceIsIpv6: false\nSourceIp: 172.16.1.1\nSourceHostname: CLIENT1.breach.local\nSourcePort: 60402\nSourcePortName: -\nDestinationIsIpv6: false\nDestinationIp: 172.18.0.3\nDestinationHostname: -\nDestinationPort: 80\nDestinationPortName: http",
                "network": {
                    "community_id": "1:sqKyedbQEywvERxcA28aEMg8lXk=",
                    "direction": "outbound",
                    "protocol": "http",
                    "transport": "tcp",
                    "type": "ipv4"
                },
                "process": {
                    "entity_id": "{0e37ca90-fba6-6343-e311-000000000500}",
                    "executable": "C:\\Users\\client1\\AppData\\Local\\Temp\\breach_attachments\\Bank-of-Nuthington.exe",
                    "name": "Bank-of-Nuthington.exe",
                    "pid": 3612
                },
                "related": {
                    "ip": [
                        "172.16.1.1",
                        "172.18.0.3"
                    ],
                    "user": "client1"
                },
                "rule": {
                    "name": "Usermode"
                },
                "source": {
                    "domain": "CLIENT1.breach.local",
                    "ip": "172.16.1.1",
                    "port": 60402
                },
                "user": {
                    "domain": "BREACH",
                    "name": "client1"
                },
                "winlog": {
                    "api": "wineventlog",
                    "channel": "Microsoft-Windows-Sysmon/Operational",
                    "computer_name": "CLIENT1.breach.local",
                    "event_data": {
                        "SourcePortName": "-"
                    },
                    "event_id": 3,
                    "opcode": "Info",
                    "process": {
                        "pid": 1160,
                        "thread": {
                            "id": 2540
                        }
                    },
                    "provider_guid": "{5770385f-c22a-43e0-bf4c-06f5698ffbd9}",
                    "provider_name": "Microsoft-Windows-Sysmon",
                    "record_id": 9104,
                    "task": "Network connection detected (rule: NetworkConnect)",
                    "user": {
                        "domain": "NT AUTHORITY",
                        "identifier": "S-1-5-18",
                        "name": "SYSTEM",
                        "type": "User"
                    },
                    "version": 5
                }
            }
        },
        "name": "Cleartext Protocol Usage",
        "timestamp": "2022-10-10T11:14:00.031+00:00",
        "authors": [
            "Alexandr Yampolskyi",
            "SOC Prime"
        ],
        "level": "low",
        "source": "sigma",
        "status": "stable",
        "falsepositives": [
            "Unknown"
        ],
        "id": "7e4bfe58-4a47-4709-828d-d86c78b7cc1f",
        "logsource": {
            "service": "netflow"
        },
        "references": [
            "https://www.cisecurity.org/controls/cis-controls-list/",
            "https://www.pcisecuritystandards.org/documents/PCI_DSS_v3-2-1.pdf",
            "https://nvlpubs.nist.gov/nistpubs/CSWP/NIST.CSWP.04162018.pdf"
        ]
    },
    {
        "group": "Sigma",
        "kind": "individual",
        "document": {
            "kind": "jsonl",
            "data": {
                "@timestamp": "2022-10-10T11:14:05.457Z",
                "agent": {
                    "ephemeral_id": "64b72b79-c8b3-44d5-8efc-41706d768842",
                    "hostname": "CLIENT1",
                    "id": "cd699c72-0f46-4cd9-938a-43faf035a44a",
                    "name": "CLIENT1",
                    "type": "winlogbeat",
                    "version": "7.10.2"
                },
                "destination": {
                    "domain": "-",
                    "ip": "172.18.0.3",
                    "port": 80
                },
                "ecs": {
                    "version": "1.5.0"
                },
                "event": {
                    "action": "Network connection detected (rule: NetworkConnect)",
                    "category": [
                        "network"
                    ],
                    "code": 3,
                    "created": "2022-10-10T11:14:08.501Z",
                    "kind": "event",
                    "module": "sysmon",
                    "provider": "Microsoft-Windows-Sysmon",
                    "type": [
                        "connection",
                        "start",
                        "protocol"
                    ]
                },
                "host": {
                    "name": "CLIENT1.breach.local"
                },
                "log": {
                    "level": "information"
                },
                "message": "Network connection detected:\nRuleName: Usermode\nUtcTime: 2022-10-10 11:14:05.457\nProcessGuid: {0e37ca90-fba6-6343-e311-000000000500}\nProcessId: 3612\nImage: C:\\Users\\client1\\AppData\\Local\\Temp\\breach_attachments\\Bank-of-Nuthington.exe\nUser: BREACH\\client1\nProtocol: tcp\nInitiated: true\nSourceIsIpv6: false\nSourceIp: 172.16.1.1\nSourceHostname: CLIENT1.breach.local\nSourcePort: 60404\nSourcePortName: -\nDestinationIsIpv6: false\nDestinationIp: 172.18.0.3\nDestinationHostname: -\nDestinationPort: 80\nDestinationPortName: http",
                "network": {
                    "community_id": "1:umSS83UWZ/T43/0NLO5jAOzt5uQ=",
                    "direction": "outbound",
                    "protocol": "http",
                    "transport": "tcp",
                    "type": "ipv4"
                },
                "process": {
                    "entity_id": "{0e37ca90-fba6-6343-e311-000000000500}",
                    "executable": "C:\\Users\\client1\\AppData\\Local\\Temp\\breach_attachments\\Bank-of-Nuthington.exe",
                    "name": "Bank-of-Nuthington.exe",
                    "pid": 3612
                },
                "related": {
                    "ip": [
                        "172.16.1.1",
                        "172.18.0.3"
                    ],
                    "user": "client1"
                },
                "rule": {
                    "name": "Usermode"
                },
                "source": {
                    "domain": "CLIENT1.breach.local",
                    "ip": "172.16.1.1",
                    "port": 60404
                },
                "user": {
                    "domain": "BREACH",
                    "name": "client1"
                },
                "winlog": {
                    "api": "wineventlog",
                    "channel": "Microsoft-Windows-Sysmon/Operational",
                    "computer_name": "CLIENT1.breach.local",
                    "event_data": {
                        "SourcePortName": "-"
                    },
                    "event_id": 3,
                    "opcode": "Info",
                    "process": {
                        "pid": 1160,
                        "thread": {
                            "id": 2540
                        }
                    },
                    "provider_guid": "{5770385f-c22a-43e0-bf4c-06f5698ffbd9}",
                    "provider_name": "Microsoft-Windows-Sysmon",
                    "record_id": 9106,
                    "task": "Network connection detected (rule: NetworkConnect)",
                    "user": {
                        "domain": "NT AUTHORITY",
                        "identifier": "S-1-5-18",
                        "name": "SYSTEM",
                        "type": "User"
                    },
                    "version": 5
                }
            }
        },
        "name": "Cleartext Protocol Usage",
        "timestamp": "2022-10-10T11:14:05.457+00:00",
        "authors": [
            "Alexandr Yampolskyi",
            "SOC Prime"
        ],
        "level": "low",
        "source": "sigma",
        "status": "stable",
        "falsepositives": [
            "Unknown"
        ],
        "id": "7e4bfe58-4a47-4709-828d-d86c78b7cc1f",
        "logsource": {
            "service": "netflow"
        },
        "references": [
            "https://www.cisecurity.org/controls/cis-controls-list/",
            "https://www.pcisecuritystandards.org/documents/PCI_DSS_v3-2-1.pdf",
            "https://nvlpubs.nist.gov/nistpubs/CSWP/NIST.CSWP.04162018.pdf"
        ]
    },
    {
        "group": "Sigma",
        "kind": "individual",
        "document": {
            "kind": "jsonl",
            "data": {
                "@timestamp": "2022-10-10T11:14:08.497Z",
                "agent": {
                    "ephemeral_id": "64b72b79-c8b3-44d5-8efc-41706d768842",
                    "hostname": "CLIENT1",
                    "id": "cd699c72-0f46-4cd9-938a-43faf035a44a",
                    "name": "CLIENT1",
                    "type": "winlogbeat",
                    "version": "7.10.2"
                },
                "destination": {
                    "domain": "-",
                    "ip": "172.18.0.3",
                    "port": 80
                },
                "ecs": {
                    "version": "1.5.0"
                },
                "event": {
                    "action": "Network connection detected (rule: NetworkConnect)",
                    "category": [
                        "network"
                    ],
                    "code": 3,
                    "created": "2022-10-10T11:14:11.538Z",
                    "kind": "event",
                    "module": "sysmon",
                    "provider": "Microsoft-Windows-Sysmon",
                    "type": [
                        "connection",
                        "start",
                        "protocol"
                    ]
                },
                "host": {
                    "name": "CLIENT1.breach.local"
                },
                "log": {
                    "level": "information"
                },
                "message": "Network connection detected:\nRuleName: Usermode\nUtcTime: 2022-10-10 11:14:08.497\nProcessGuid: {0e37ca90-fba6-6343-e311-000000000500}\nProcessId: 3612\nImage: C:\\Users\\client1\\AppData\\Local\\Temp\\breach_attachments\\Bank-of-Nuthington.exe\nUser: BREACH\\client1\nProtocol: tcp\nInitiated: true\nSourceIsIpv6: false\nSourceIp: 172.16.1.1\nSourceHostname: CLIENT1.breach.local\nSourcePort: 60405\nSourcePortName: -\nDestinationIsIpv6: false\nDestinationIp: 172.18.0.3\nDestinationHostname: -\nDestinationPort: 80\nDestinationPortName: http",
                "network": {
                    "community_id": "1:QzVbcmRUkEzFUO2PtaWL4U7PIxI=",
                    "direction": "outbound",
                    "protocol": "http",
                    "transport": "tcp",
                    "type": "ipv4"
                },
                "process": {
                    "entity_id": "{0e37ca90-fba6-6343-e311-000000000500}",
                    "executable": "C:\\Users\\client1\\AppData\\Local\\Temp\\breach_attachments\\Bank-of-Nuthington.exe",
                    "name": "Bank-of-Nuthington.exe",
                    "pid": 3612
                },
                "related": {
                    "ip": [
                        "172.16.1.1",
                        "172.18.0.3"
                    ],
                    "user": "client1"
                },
                "rule": {
                    "name": "Usermode"
                },
                "source": {
                    "domain": "CLIENT1.breach.local",
                    "ip": "172.16.1.1",
                    "port": 60405
                },
                "user": {
                    "domain": "BREACH",
                    "name": "client1"
                },
                "winlog": {
                    "api": "wineventlog",
                    "channel": "Microsoft-Windows-Sysmon/Operational",
                    "computer_name": "CLIENT1.breach.local",
                    "event_data": {
                        "SourcePortName": "-"
                    },
                    "event_id": 3,
                    "opcode": "Info",
                    "process": {
                        "pid": 1160,
                        "thread": {
                            "id": 2540
                        }
                    },
                    "provider_guid": "{5770385f-c22a-43e0-bf4c-06f5698ffbd9}",
                    "provider_name": "Microsoft-Windows-Sysmon",
                    "record_id": 9111,
                    "task": "Network connection detected (rule: NetworkConnect)",
                    "user": {
                        "domain": "NT AUTHORITY",
                        "identifier": "S-1-5-18",
                        "name": "SYSTEM",
                        "type": "User"
                    },
                    "version": 5
                }
            }
        },
        "name": "Cleartext Protocol Usage",
        "timestamp": "2022-10-10T11:14:08.497+00:00",
        "authors": [
            "Alexandr Yampolskyi",
            "SOC Prime"
        ],
        "level": "low",
        "source": "sigma",
        "status": "stable",
        "falsepositives": [
            "Unknown"
        ],
        "id": "7e4bfe58-4a47-4709-828d-d86c78b7cc1f",
        "logsource": {
            "service": "netflow"
        },
        "references": [
            "https://www.cisecurity.org/controls/cis-controls-list/",
            "https://www.pcisecuritystandards.org/documents/PCI_DSS_v3-2-1.pdf",
            "https://nvlpubs.nist.gov/nistpubs/CSWP/NIST.CSWP.04162018.pdf"
        ]
    },
