    {
        "group": "Sigma",
        "kind": "individual",
        "document": {
            "kind": "jsonl",
            "data": {
                "@timestamp": "2022-10-10T10:59:41.605Z",
                "agent": {
                    "ephemeral_id": "64b72b79-c8b3-44d5-8efc-41706d768842",
                    "hostname": "CLIENT1",
                    "id": "cd699c72-0f46-4cd9-938a-43faf035a44a",
                    "name": "CLIENT1",
                    "type": "winlogbeat",
                    "version": "7.10.2"
                },
                "ecs": {
                    "version": "1.5.0"
                },
                "event": {
                    "action": "File created (rule: FileCreate)",
                    "category": [
                        "file"
                    ],
                    "code": 11,
                    "created": "2022-10-10T10:59:41.890Z",
                    "kind": "event",
                    "module": "sysmon",
                    "provider": "Microsoft-Windows-Sysmon",
                    "type": [
                        "creation"
                    ]
                },
                "file": {
                    "directory": "C:\\Users\\client1\\AppData\\Local\\Temp\\2DBCCDB1-A4DF-4534-93BA-33609C70BE4F",
                    "extension": "dll",
                    "name": "WimProvider.dll",
                    "path": "C:\\Users\\client1\\AppData\\Local\\Temp\\2DBCCDB1-A4DF-4534-93BA-33609C70BE4F\\WimProvider.dll"
                },
                "host": {
                    "name": "CLIENT1.breach.local"
                },
                "log": {
                    "level": "information"
                },
                "message": "File created:\nRuleName: DLL\nUtcTime: 2022-10-10 10:59:41.605\nProcessGuid: {0e37ca90-fb1a-6343-b111-000000000500}\nProcessId: 6640\nImage: C:\\Windows\\system32\\cleanmgr.exe\nTargetFilename: C:\\Users\\client1\\AppData\\Local\\Temp\\2DBCCDB1-A4DF-4534-93BA-33609C70BE4F\\WimProvider.dll\nCreationUtcTime: 2022-10-10 10:59:41.605\nUser: BREACH\\client1",
                "process": {
                    "entity_id": "{0e37ca90-fb1a-6343-b111-000000000500}",
                    "executable": "C:\\Windows\\system32\\cleanmgr.exe",
                    "name": "cleanmgr.exe",
                    "pid": 6640
                },
                "rule": {
                    "name": "DLL"
                },
                "winlog": {
                    "api": "wineventlog",
                    "channel": "Microsoft-Windows-Sysmon/Operational",
                    "computer_name": "CLIENT1.breach.local",
                    "event_data": {
                        "CreationUtcTime": "2022-10-10 10:59:41.605",
                        "User": "BREACH\\client1"
                    },
                    "event_id": 11,
                    "opcode": "Info",
                    "process": {
                        "pid": 1160,
                        "thread": {
                            "id": 2496
                        }
                    },
                    "provider_guid": "{5770385f-c22a-43e0-bf4c-06f5698ffbd9}",
                    "provider_name": "Microsoft-Windows-Sysmon",
                    "record_id": 8906,
                    "task": "File created (rule: FileCreate)",
                    "user": {
                        "domain": "NT AUTHORITY",
                        "identifier": "S-1-5-18",
                        "name": "SYSTEM",
                        "type": "User"
                    },
                    "version": 2
                }
            }
        },
        "name": "DLL Load By System Process From Suspicious Locations",
        "timestamp": "2022-10-10T10:59:41.605+00:00",
        "authors": [
            "Nasreddine Bencherchali"
        ],
        "level": "high",
        "source": "sigma",
        "status": "experimental",
        "falsepositives": [
            "Unknown"
        ],
        "id": "9e9a9002-56c4-40fd-9eff-e4b09bfa5f6c",
        "logsource": {
            "category": "image_load",
            "product": "windows"
        },
        "references": [
            "https://github.com/hackerhouse-opensource/iscsicpl_bypassUAC (Idea)"
        ],
        "tags": [
            "attack.defense_evasion",
            "attack.t1070"
        ]
    },
    {
        "group": "Sigma",
        "kind": "individual",
        "document": {
            "kind": "jsonl",
            "data": {
                "@timestamp": "2022-10-10T10:59:41.605Z",
                "agent": {
                    "ephemeral_id": "64b72b79-c8b3-44d5-8efc-41706d768842",
                    "hostname": "CLIENT1",
                    "id": "cd699c72-0f46-4cd9-938a-43faf035a44a",
                    "name": "CLIENT1",
                    "type": "winlogbeat",
                    "version": "7.10.2"
                },
                "ecs": {
                    "version": "1.5.0"
                },
                "event": {
                    "action": "File created (rule: FileCreate)",
                    "category": [
                        "file"
                    ],
                    "code": 11,
                    "created": "2022-10-10T10:59:41.890Z",
                    "kind": "event",
                    "module": "sysmon",
                    "provider": "Microsoft-Windows-Sysmon",
                    "type": [
                        "creation"
                    ]
                },
                "file": {
                    "directory": "C:\\Users\\client1\\AppData\\Local\\Temp\\2DBCCDB1-A4DF-4534-93BA-33609C70BE4F",
                    "extension": "dll",
                    "name": "VhdProvider.dll",
                    "path": "C:\\Users\\client1\\AppData\\Local\\Temp\\2DBCCDB1-A4DF-4534-93BA-33609C70BE4F\\VhdProvider.dll"
                },
                "host": {
                    "name": "CLIENT1.breach.local"
                },
                "log": {
                    "level": "information"
                },
                "message": "File created:\nRuleName: DLL\nUtcTime: 2022-10-10 10:59:41.605\nProcessGuid: {0e37ca90-fb1a-6343-b111-000000000500}\nProcessId: 6640\nImage: C:\\Windows\\system32\\cleanmgr.exe\nTargetFilename: C:\\Users\\client1\\AppData\\Local\\Temp\\2DBCCDB1-A4DF-4534-93BA-33609C70BE4F\\VhdProvider.dll\nCreationUtcTime: 2022-10-10 10:59:41.605\nUser: BREACH\\client1",
                "process": {
                    "entity_id": "{0e37ca90-fb1a-6343-b111-000000000500}",
                    "executable": "C:\\Windows\\system32\\cleanmgr.exe",
                    "name": "cleanmgr.exe",
                    "pid": 6640
                },
                "rule": {
                    "name": "DLL"
                },
                "winlog": {
                    "api": "wineventlog",
                    "channel": "Microsoft-Windows-Sysmon/Operational",
                    "computer_name": "CLIENT1.breach.local",
                    "event_data": {
                        "CreationUtcTime": "2022-10-10 10:59:41.605",
                        "User": "BREACH\\client1"
                    },
                    "event_id": 11,
                    "opcode": "Info",
                    "process": {
                        "pid": 1160,
                        "thread": {
                            "id": 2496
                        }
                    },
                    "provider_guid": "{5770385f-c22a-43e0-bf4c-06f5698ffbd9}",
                    "provider_name": "Microsoft-Windows-Sysmon",
                    "record_id": 8905,
                    "task": "File created (rule: FileCreate)",
                    "user": {
                        "domain": "NT AUTHORITY",
                        "identifier": "S-1-5-18",
                        "name": "SYSTEM",
                        "type": "User"
                    },
                    "version": 2
                }
            }
        },
        "name": "DLL Load By System Process From Suspicious Locations",
        "timestamp": "2022-10-10T10:59:41.605+00:00",
        "authors": [
            "Nasreddine Bencherchali"
        ],
        "level": "high",
        "source": "sigma",
        "status": "experimental",
        "falsepositives": [
            "Unknown"
        ],
        "id": "9e9a9002-56c4-40fd-9eff-e4b09bfa5f6c",
        "logsource": {
            "category": "image_load",
            "product": "windows"
        },
        "references": [
            "https://github.com/hackerhouse-opensource/iscsicpl_bypassUAC (Idea)"
        ],
        "tags": [
            "attack.defense_evasion",
            "attack.t1070"
        ]
    },
    {
        "group": "Sigma",
        "kind": "individual",
        "document": {
            "kind": "jsonl",
            "data": {
                "@timestamp": "2022-10-10T11:00:00.852Z",
                "agent": {
                    "ephemeral_id": "64b72b79-c8b3-44d5-8efc-41706d768842",
                    "hostname": "CLIENT1",
                    "id": "cd699c72-0f46-4cd9-938a-43faf035a44a",
                    "name": "CLIENT1",
                    "type": "winlogbeat",
                    "version": "7.10.2"
                },
                "ecs": {
                    "version": "1.5.0"
                },
                "event": {
                    "action": "File creation time changed (rule: FileCreateTime)",
                    "category": [
                        "file"
                    ],
                    "code": 2,
                    "created": "2022-10-10T11:00:02.176Z",
                    "kind": "event",
                    "module": "sysmon",
                    "provider": "Microsoft-Windows-Sysmon",
                    "type": [
                        "change"
                    ]
                },
                "file": {
                    "directory": "C:\\Users\\client1\\AppData\\Local\\Temp\\2DBCCDB1-A4DF-4534-93BA-33609C70BE4F",
                    "extension": "exe",
                    "name": "DismHost.exe",
                    "path": "C:\\Users\\client1\\AppData\\Local\\Temp\\2DBCCDB1-A4DF-4534-93BA-33609C70BE4F\\DismHost.exe"
                },
                "host": {
                    "name": "CLIENT1.breach.local"
                },
                "log": {
                    "level": "information"
                },
                "message": "File creation time changed:\nRuleName: T1099\nUtcTime: 2022-10-10 11:00:00.852\nProcessGuid: {0e37ca90-fb1a-6343-b111-000000000500}\nProcessId: 6640\nImage: C:\\Windows\\system32\\cleanmgr.exe\nTargetFilename: C:\\Users\\client1\\AppData\\Local\\Temp\\2DBCCDB1-A4DF-4534-93BA-33609C70BE4F\\DismHost.exe\nCreationUtcTime: 2022-10-10 10:59:41.527\nPreviousCreationUtcTime: 2022-10-10 10:59:41.527\nUser: BREACH\\client1",
                "process": {
                    "entity_id": "{0e37ca90-fb1a-6343-b111-000000000500}",
                    "executable": "C:\\Windows\\system32\\cleanmgr.exe",
                    "name": "cleanmgr.exe",
                    "pid": 6640
                },
                "rule": {
                    "name": "T1099"
                },
                "winlog": {
                    "api": "wineventlog",
                    "channel": "Microsoft-Windows-Sysmon/Operational",
                    "computer_name": "CLIENT1.breach.local",
                    "event_data": {
                        "CreationUtcTime": "2022-10-10 10:59:41.527",
                        "PreviousCreationUtcTime": "2022-10-10 10:59:41.527",
                        "User": "BREACH\\client1"
                    },
                    "event_id": 2,
                    "opcode": "Info",
                    "process": {
                        "pid": 1160,
                        "thread": {
                            "id": 2496
                        }
                    },
                    "provider_guid": "{5770385f-c22a-43e0-bf4c-06f5698ffbd9}",
                    "provider_name": "Microsoft-Windows-Sysmon",
                    "record_id": 8923,
                    "task": "File creation time changed (rule: FileCreateTime)",
                    "user": {
                        "domain": "NT AUTHORITY",
                        "identifier": "S-1-5-18",
                        "name": "SYSTEM",
                        "type": "User"
                    },
                    "version": 5
                }
            }
        },
        "name": "DLL Load By System Process From Suspicious Locations",
        "timestamp": "2022-10-10T11:00:00.852+00:00",
        "authors": [
            "Nasreddine Bencherchali"
        ],
        "level": "high",
        "source": "sigma",
        "status": "experimental",
        "falsepositives": [
            "Unknown"
        ],
        "id": "9e9a9002-56c4-40fd-9eff-e4b09bfa5f6c",
        "logsource": {
            "category": "image_load",
            "product": "windows"
        },
        "references": [
            "https://github.com/hackerhouse-opensource/iscsicpl_bypassUAC (Idea)"
        ],
        "tags": [
            "attack.defense_evasion",
            "attack.t1070"
        ]
    },
    {
        "group": "Sigma",
        "kind": "individual",
        "document": {
            "kind": "jsonl",
            "data": {
                "@timestamp": "2022-10-10T11:17:50.776Z",
                "agent": {
                    "ephemeral_id": "64b72b79-c8b3-44d5-8efc-41706d768842",
                    "hostname": "CLIENT1",
                    "id": "cd699c72-0f46-4cd9-938a-43faf035a44a",
                    "name": "CLIENT1",
                    "type": "winlogbeat",
                    "version": "7.10.2"
                },
                "ecs": {
                    "version": "1.5.0"
                },
                "event": {
                    "action": "File created (rule: FileCreate)",
                    "category": [
                        "file"
                    ],
                    "code": 11,
                    "created": "2022-10-10T11:17:51.469Z",
                    "kind": "event",
                    "module": "sysmon",
                    "provider": "Microsoft-Windows-Sysmon",
                    "type": [
                        "creation"
                    ]
                },
                "file": {
                    "directory": "C:\\Users\\ssh\\AppData\\Local\\Temp",
                    "extension": "ps1",
                    "name": "__PSScriptPolicyTest_yuc2wajk.3vx.ps1",
                    "path": "C:\\Users\\ssh\\AppData\\Local\\Temp\\__PSScriptPolicyTest_yuc2wajk.3vx.ps1"
                },
                "host": {
                    "name": "CLIENT1.breach.local"
                },
                "log": {
                    "level": "information"
                },
                "message": "File created:\nRuleName: -\nUtcTime: 2022-10-10 11:17:50.776\nProcessGuid: {0e37ca90-ff5e-6343-fb11-000000000500}\nProcessId: 4368\nImage: C:\\Windows\\System32\\WindowsPowerShell\\v1.0\\powershell.exe\nTargetFilename: C:\\Users\\ssh\\AppData\\Local\\Temp\\__PSScriptPolicyTest_yuc2wajk.3vx.ps1\nCreationUtcTime: 2022-10-10 11:17:50.776\nUser: CLIENT1\\ssh",
                "process": {
                    "entity_id": "{0e37ca90-ff5e-6343-fb11-000000000500}",
                    "executable": "C:\\Windows\\System32\\WindowsPowerShell\\v1.0\\powershell.exe",
                    "name": "powershell.exe",
                    "pid": 4368
                },
                "winlog": {
                    "api": "wineventlog",
                    "channel": "Microsoft-Windows-Sysmon/Operational",
                    "computer_name": "CLIENT1.breach.local",
                    "event_data": {
                        "CreationUtcTime": "2022-10-10 11:17:50.776",
                        "RuleName": "-",
                        "User": "CLIENT1\\ssh"
                    },
                    "event_id": 11,
                    "opcode": "Info",
                    "process": {
                        "pid": 1160,
                        "thread": {
                            "id": 2496
                        }
                    },
                    "provider_guid": "{5770385f-c22a-43e0-bf4c-06f5698ffbd9}",
                    "provider_name": "Microsoft-Windows-Sysmon",
                    "record_id": 9202,
                    "task": "File created (rule: FileCreate)",
                    "user": {
                        "domain": "NT AUTHORITY",
                        "identifier": "S-1-5-18",
                        "name": "SYSTEM",
                        "type": "User"
                    },
                    "version": 2
                }
            }
        },
        "name": "DLL Load By System Process From Suspicious Locations",
        "timestamp": "2022-10-10T11:17:50.776+00:00",
        "authors": [
            "Nasreddine Bencherchali"
        ],
        "level": "high",
        "source": "sigma",
        "status": "experimental",
        "falsepositives": [
            "Unknown"
        ],
        "id": "9e9a9002-56c4-40fd-9eff-e4b09bfa5f6c",
        "logsource": {
            "category": "image_load",
            "product": "windows"
        },
        "references": [
            "https://github.com/hackerhouse-opensource/iscsicpl_bypassUAC (Idea)"
        ],
        "tags": [
            "attack.defense_evasion",
            "attack.t1070"
        ]
    },
    {
        "total_hits": 37
    }
]