[
    {
        "group": "Sigma",
        "kind": "individual",
        "document": {
            "kind": "jsonl",
            "data": {
                "@timestamp": "2022-10-10T09:57:12.844Z",
                "agent": {
                    "ephemeral_id": "64b72b79-c8b3-44d5-8efc-41706d768842",
                    "hostname": "CLIENT1",
                    "id": "cd699c72-0f46-4cd9-938a-43faf035a44a",
                    "name": "CLIENT1",
                    "type": "winlogbeat",
                    "version": "7.10.2"
                },
                "ecs": {
                    "version": "1.5.0"
                },
                "event": {
                    "action": "CreateRemoteThread detected (rule: CreateRemoteThread)",
                    "code": 8,
                    "created": "2022-10-10T10:00:27.375Z",
                    "kind": "event",
                    "module": "sysmon",
                    "provider": "Microsoft-Windows-Sysmon"
                },
                "host": {
                    "name": "CLIENT"
                },
                "log": {
                    "level": "information"
                },
                "message": "CreateRemoteThread detected:\nRuleName: -\nUtcTime: 2022-10-10 09:57:12.844\nSourceProcessGuid: {0e37ca90-ec31-6343-0600-000000000300}\nSourceProcessId: 424\nSourceImage: <unknown process>\nTargetProcessGuid: {0e37ca90-ec32-6343-1200-000000000300}\nTargetProcessId: 356\nTargetImage: C:\\Windows\\system32\\svchost.exe\nNewThreadId: 4396\nStartAddress: 0x00007FFDD45BB970\nStartModule: C:\\Windows\\System32\\KERNELBASE.dll\nStartFunction: CtrlRoutine\nSourceUser: NT AUTHORITY\\SYSTEM\nTargetUser: NT AUTHORITY\\SYSTEM",
                "process": {
                    "entity_id": "{0e37ca90-ec31-6343-0600-000000000300}",
                    "executable": "<unknown process>",
                    "name": "<unknown process>",
                    "pid": 424
                },
                "winlog": {
                    "api": "wineventlog",
                    "channel": "Microsoft-Windows-Sysmon/Operational",
                    "computer_name": "CLIENT",
                    "event_data": {
                        "NewThreadId": "4396",
                        "RuleName": "-",
                        "SourceUser": "NT AUTHORITY\\SYSTEM",
                        "StartAddress": "0x00007FFDD45BB970",
                        "StartFunction": "CtrlRoutine",
                        "StartModule": "C:\\Windows\\System32\\KERNELBASE.dll",
                        "TargetImage": "C:\\Windows\\system32\\svchost.exe",
                        "TargetProcessGuid": "{0e37ca90-ec32-6343-1200-000000000300}",
                        "TargetProcessId": "356",
                        "TargetUser": "NT AUTHORITY\\SYSTEM"
                    },
                    "event_id": 8,
                    "opcode": "Info",
                    "process": {
                        "pid": 1904,
                        "thread": {
                            "id": 2536
                        }
                    },
                    "provider_guid": "{5770385f-c22a-43e0-bf4c-06f5698ffbd9}",
                    "provider_name": "Microsoft-Windows-Sysmon",
                    "record_id": 828,
                    "task": "CreateRemoteThread detected (rule: CreateRemoteThread)",
                    "user": {
                        "domain": "NT AUTHORITY",
                        "identifier": "S-1-5-18",
                        "name": "SYSTEM",
                        "type": "User"
                    },
                    "version": 2
                }
            }
        },
        "name": "Execution Of Non-Existing File",
        "timestamp": "2022-10-10T09:57:12.844+00:00",
        "authors": [
            "Max Altgelt"
        ],
        "level": "high",
        "source": "sigma",
        "status": "experimental",
        "falsepositives": [
            "Unknown"
        ],
        "id": "71158e3f-df67-472b-930e-7d287acaa3e1",
        "logsource": {
            "category": "process_creation",
            "product": "windows"
        },
        "references": [
            "https://pentestlaboratories.com/2021/12/08/process-ghosting/"
        ],
        "tags": [
            "attack.defense_evasion"
        ]
    },
    {
        "group": "Sigma",
        "kind": "individual",
        "document": {
            "kind": "jsonl",
            "data": {
                "@timestamp": "2022-10-10T10:15:34.074Z",
                "agent": {
                    "ephemeral_id": "64b72b79-c8b3-44d5-8efc-41706d768842",
                    "hostname": "CLIENT1",
                    "id": "cd699c72-0f46-4cd9-938a-43faf035a44a",
                    "name": "CLIENT1",
                    "type": "winlogbeat",
                    "version": "7.10.2"
                },
                "ecs": {
                    "version": "1.5.0"
                },
                "event": {
                    "action": "Registry value set (rule: RegistryEvent)",
                    "code": 13,
                    "created": "2022-10-10T10:15:35.462Z",
                    "kind": "event",
                    "module": "sysmon",
                    "provider": "Microsoft-Windows-Sysmon"
                },
                "host": {
                    "name": "CLIENT1.breach.local"
                },
                "log": {
                    "level": "information"
                },
                "message": "Registry value set:\nRuleName: Context,DeviceConntectedOrUpdated\nEventType: SetValue\nUtcTime: 2022-10-10 10:15:34.074\nProcessGuid: {0e37ca90-ecbc-6343-eb03-000000000000}\nProcessId: 4\nImage: System\nTargetObject: HKLM\\System\\CurrentControlSet\\Enum\\SWD\\PRINTENUM\\{0819A7C3-5B09-45E1-88AF-BA01426515C9}\\FriendlyName\nDetails: OneNote\nUser: NT AUTHORITY\\SYSTEM",
                "process": {
                    "entity_id": "{0e37ca90-ecbc-6343-eb03-000000000000}",
                    "executable": "System",
                    "name": "System",
                    "pid": 4
                },
                "registry": {
                    "hive": "HKLM",
                    "key": "System\\CurrentControlSet\\Enum\\SWD\\PRINTENUM\\{0819A7C3-5B09-45E1-88AF-BA01426515C9}\\FriendlyName",
                    "path": "HKLM\\System\\CurrentControlSet\\Enum\\SWD\\PRINTENUM\\{0819A7C3-5B09-45E1-88AF-BA01426515C9}\\FriendlyName",
                    "value": "FriendlyName"
                },
                "rule": {
                    "name": "Context,DeviceConntectedOrUpdated"
                },
                "winlog": {
                    "api": "wineventlog",
                    "channel": "Microsoft-Windows-Sysmon/Operational",
                    "computer_name": "CLIENT1.breach.local",
                    "event_data": {
                        "Details": "OneNote",
                        "EventType": "SetValue",
                        "TargetObject": "HKLM\\System\\CurrentControlSet\\Enum\\SWD\\PRINTENUM\\{0819A7C3-5B09-45E1-88AF-BA01426515C9}\\FriendlyName",
                        "User": "NT AUTHORITY\\SYSTEM"
                    },
                    "event_id": 13,
                    "opcode": "Info",
                    "process": {
                        "pid": 1160,
                        "thread": {
                            "id": 2496
                        }
                    },
                    "provider_guid": "{5770385f-c22a-43e0-bf4c-06f5698ffbd9}",
                    "provider_name": "Microsoft-Windows-Sysmon",
                    "record_id": 3483,
                    "task": "Registry value set (rule: RegistryEvent)",
                    "user": {
                        "domain": "NT AUTHORITY",
                        "identifier": "S-1-5-18",
                        "name": "SYSTEM",
                        "type": "User"
                    },
                    "version": 2
                }
            }
        },
        "name": "Execution Of Non-Existing File",
        "timestamp": "2022-10-10T10:15:34.074+00:00",
        "authors": [
            "Max Altgelt"
        ],
        "level": "high",
        "source": "sigma",
        "status": "experimental",
        "falsepositives": [
            "Unknown"
        ],
        "id": "71158e3f-df67-472b-930e-7d287acaa3e1",
        "logsource": {
            "category": "process_creation",
            "product": "windows"
        },
        "references": [
            "https://pentestlaboratories.com/2021/12/08/process-ghosting/"
        ],
        "tags": [
            "attack.defense_evasion"
        ]
    },
    {
        "group": "Sigma",
        "kind": "individual",
        "document": {
            "kind": "jsonl",
            "data": {
                "@timestamp": "2022-10-10T10:15:34.074Z",
                "agent": {
                    "ephemeral_id": "64b72b79-c8b3-44d5-8efc-41706d768842",
                    "hostname": "CLIENT1",
                    "id": "cd699c72-0f46-4cd9-938a-43faf035a44a",
                    "name": "CLIENT1",
                    "type": "winlogbeat",
                    "version": "7.10.2"
                },
                "ecs": {
                    "version": "1.5.0"
                },
                "event": {
                    "action": "Registry value set (rule: RegistryEvent)",
                    "code": 13,
                    "created": "2022-10-10T10:15:35.462Z",
                    "kind": "event",
                    "module": "sysmon",
                    "provider": "Microsoft-Windows-Sysmon"
                },
                "host": {
                    "name": "CLIENT1.breach.local"
                },
                "log": {
                    "level": "information"
                },
                "message": "Registry value set:\nRuleName: InvDB-DriverVer\nEventType: SetValue\nUtcTime: 2022-10-10 10:15:34.074\nProcessGuid: {0e37ca90-ecbc-6343-eb03-000000000000}\nProcessId: 4\nImage: System\nTargetObject: HKLM\\System\\CurrentControlSet\\Control\\Class\\{1ed2bbf9-11f0-4084-b21f-ad83a8e6dcdc}\\0005\\DriverVersion\nDetails: 10.0.19041.1\nUser: NT AUTHORITY\\SYSTEM",
                "process": {
                    "entity_id": "{0e37ca90-ecbc-6343-eb03-000000000000}",
                    "executable": "System",
                    "name": "System",
                    "pid": 4
                },
                "registry": {
                    "hive": "HKLM",
                    "key": "System\\CurrentControlSet\\Control\\Class\\{1ed2bbf9-11f0-4084-b21f-ad83a8e6dcdc}\\0005\\DriverVersion",
                    "path": "HKLM\\System\\CurrentControlSet\\Control\\Class\\{1ed2bbf9-11f0-4084-b21f-ad83a8e6dcdc}\\0005\\DriverVersion",
                    "value": "DriverVersion"
                },
                "rule": {
                    "name": "InvDB-DriverVer"
                },
                "winlog": {
                    "api": "wineventlog",
                    "channel": "Microsoft-Windows-Sysmon/Operational",
                    "computer_name": "CLIENT1.breach.local",
                    "event_data": {
                        "Details": "10.0.19041.1",
                        "EventType": "SetValue",
                        "TargetObject": "HKLM\\System\\CurrentControlSet\\Control\\Class\\{1ed2bbf9-11f0-4084-b21f-ad83a8e6dcdc}\\0005\\DriverVersion",
                        "User": "NT AUTHORITY\\SYSTEM"
                    },
                    "event_id": 13,
                    "opcode": "Info",
                    "process": {
                        "pid": 1160,
                        "thread": {
                            "id": 2496
                        }
                    },
                    "provider_guid": "{5770385f-c22a-43e0-bf4c-06f5698ffbd9}",
                    "provider_name": "Microsoft-Windows-Sysmon",
                    "record_id": 3482,
                    "task": "Registry value set (rule: RegistryEvent)",
                    "user": {
                        "domain": "NT AUTHORITY",
                        "identifier": "S-1-5-18",
                        "name": "SYSTEM",
                        "type": "User"
                    },
                    "version": 2
                }
            }
        },
        "name": "Execution Of Non-Existing File",
        "timestamp": "2022-10-10T10:15:34.074+00:00",
        "authors": [
            "Max Altgelt"
        ],
        "level": "high",
        "source": "sigma",
        "status": "experimental",
        "falsepositives": [
            "Unknown"
        ],
        "id": "71158e3f-df67-472b-930e-7d287acaa3e1",
        "logsource": {
            "category": "process_creation",
            "product": "windows"
        },
        "references": [
            "https://pentestlaboratories.com/2021/12/08/process-ghosting/"
        ],
        "tags": [
            "attack.defense_evasion"
        ]
    },
    {
        "total_hits": 3
    }
]