    {
        "group": "Sigma",
        "kind": "individual",
        "document": {
            "kind": "jsonl",
            "data": {
                "@timestamp": "2022-10-10T09:59:32.268Z",
                "agent": {
                    "ephemeral_id": "64b72b79-c8b3-44d5-8efc-41706d768842",
                    "hostname": "CLIENT1",
                    "id": "cd699c72-0f46-4cd9-938a-43faf035a44a",
                    "name": "CLIENT1",
                    "type": "winlogbeat",
                    "version": "7.10.2"
                },
                "ecs": {
                    "version": "1.5.0"
                },
                "event": {
                    "action": "File created (rule: FileCreate)",
                    "category": [
                        "file"
                    ],
                    "code": 11,
                    "created": "2022-10-10T10:00:28.232Z",
                    "kind": "event",
                    "module": "sysmon",
                    "provider": "Microsoft-Windows-Sysmon",
                    "type": [
                        "creation"
                    ]
                },
                "file": {
                    "directory": "C:\\Users\\client1\\AppData\\Local\\Microsoft\\OneDrive\\19.043.0304.0013",
                    "extension": "dll",
                    "name": "api-ms-win-crt-multibyte-l1-1-0.dll",
                    "path": "C:\\Users\\client1\\AppData\\Local\\Microsoft\\OneDrive\\19.043.0304.0013\\api-ms-win-crt-multibyte-l1-1-0.dll"
                },
                "host": {
                    "name": "CLIENT1.breach.local"
                },
                "log": {
                    "level": "information"
                },
                "message": "File created:\nRuleName: DLL\nUtcTime: 2022-10-10 09:59:32.268\nProcessGuid: {0e37ca90-ed02-6343-9f00-000000000500}\nProcessId: 7000\nImage: C:\\Windows\\SysWOW64\\OneDriveSetup.exe\nTargetFilename: C:\\Users\\client1\\AppData\\Local\\Microsoft\\OneDrive\\19.043.0304.0013\\api-ms-win-crt-multibyte-l1-1-0.dll\nCreationUtcTime: 2022-10-10 09:59:32.268\nUser: BREACH\\client1",
                "process": {
                    "entity_id": "{0e37ca90-ed02-6343-9f00-000000000500}",
                    "executable": "C:\\Windows\\SysWOW64\\OneDriveSetup.exe",
                    "name": "OneDriveSetup.exe",
                    "pid": 7000
                },
                "rule": {
                    "name": "DLL"
                },
                "winlog": {
                    "api": "wineventlog",
                    "channel": "Microsoft-Windows-Sysmon/Operational",
                    "computer_name": "CLIENT1.breach.local",
                    "event_data": {
                        "CreationUtcTime": "2022-10-10 09:59:32.268",
                        "User": "BREACH\\client1"
                    },
                    "event_id": 11,
                    "opcode": "Info",
                    "process": {
                        "pid": 1160,
                        "thread": {
                            "id": 2496
                        }
                    },
                    "provider_guid": "{5770385f-c22a-43e0-bf4c-06f5698ffbd9}",
                    "provider_name": "Microsoft-Windows-Sysmon",
                    "record_id": 1527,
                    "task": "File created (rule: FileCreate)",
                    "user": {
                        "domain": "NT AUTHORITY",
                        "identifier": "S-1-5-18",
                        "name": "SYSTEM",
                        "type": "User"
                    },
                    "version": 2
                }
            }
        },
        "name": "Rename Common File to DLL File",
        "timestamp": "2022-10-10T09:59:32.268+00:00",
        "authors": [
            "frack113"
        ],
        "level": "medium",
        "source": "sigma",
        "status": "experimental",
        "falsepositives": [
            "Application installation"
        ],
        "id": "bbfd974c-248e-4435-8de6-1e938c79c5c1",
        "logsource": {
            "category": "file_rename",
            "product": "windows"
        },
        "references": [
            "https://twitter.com/ffforward/status/1481672378639912960",
            "https://github.com/redcanaryco/atomic-red-team/blob/f339e7da7d05f6057fdfcdd3742bfcf365fee2a9/atomics/T1036/T1036.md#atomic-test-1---system-file-copied-to-unusual-location"
        ]
    },
    {
        "group": "Sigma",
        "kind": "individual",
        "document": {
            "kind": "jsonl",
            "data": {
                "@timestamp": "2022-10-10T09:59:32.284Z",
                "agent": {
                    "ephemeral_id": "64b72b79-c8b3-44d5-8efc-41706d768842",
                    "hostname": "CLIENT1",
                    "id": "cd699c72-0f46-4cd9-938a-43faf035a44a",
                    "name": "CLIENT1",
                    "type": "winlogbeat",
                    "version": "7.10.2"
                },
                "ecs": {
                    "version": "1.5.0"
                },
                "event": {
                    "action": "File created (rule: FileCreate)",
                    "category": [
                        "file"
                    ],
                    "code": 11,
                    "created": "2022-10-10T10:00:28.232Z",
                    "kind": "event",
                    "module": "sysmon",
                    "provider": "Microsoft-Windows-Sysmon",
                    "type": [
                        "creation"
                    ]
                },
                "file": {
                    "directory": "C:\\Users\\client1\\AppData\\Local\\Microsoft\\OneDrive\\19.043.0304.0013",
                    "extension": "dll",
                    "name": "api-ms-win-crt-private-l1-1-0.dll",
                    "path": "C:\\Users\\client1\\AppData\\Local\\Microsoft\\OneDrive\\19.043.0304.0013\\api-ms-win-crt-private-l1-1-0.dll"
                },
                "host": {
                    "name": "CLIENT1.breach.local"
                },
                "log": {
                    "level": "information"
                },
                "message": "File created:\nRuleName: DLL\nUtcTime: 2022-10-10 09:59:32.284\nProcessGuid: {0e37ca90-ed02-6343-9f00-000000000500}\nProcessId: 7000\nImage: C:\\Windows\\SysWOW64\\OneDriveSetup.exe\nTargetFilename: C:\\Users\\client1\\AppData\\Local\\Microsoft\\OneDrive\\19.043.0304.0013\\api-ms-win-crt-private-l1-1-0.dll\nCreationUtcTime: 2022-10-10 09:59:32.284\nUser: BREACH\\client1",
                "process": {
                    "entity_id": "{0e37ca90-ed02-6343-9f00-000000000500}",
                    "executable": "C:\\Windows\\SysWOW64\\OneDriveSetup.exe",
                    "name": "OneDriveSetup.exe",
                    "pid": 7000
                },
                "rule": {
                    "name": "DLL"
                },
                "winlog": {
                    "api": "wineventlog",
                    "channel": "Microsoft-Windows-Sysmon/Operational",
                    "computer_name": "CLIENT1.breach.local",
                    "event_data": {
                        "CreationUtcTime": "2022-10-10 09:59:32.284",
                        "User": "BREACH\\client1"
                    },
                    "event_id": 11,
                    "opcode": "Info",
                    "process": {
                        "pid": 1160,
                        "thread": {
                            "id": 2496
                        }
                    },
                    "provider_guid": "{5770385f-c22a-43e0-bf4c-06f5698ffbd9}",
                    "provider_name": "Microsoft-Windows-Sysmon",
                    "record_id": 1528,
                    "task": "File created (rule: FileCreate)",
                    "user": {
                        "domain": "NT AUTHORITY",
                        "identifier": "S-1-5-18",
                        "name": "SYSTEM",
                        "type": "User"
                    },
                    "version": 2
                }
            }
        },
        "name": "Rename Common File to DLL File",
        "timestamp": "2022-10-10T09:59:32.284+00:00",
        "authors": [
            "frack113"
        ],
        "level": "medium",
        "source": "sigma",
        "status": "experimental",
        "falsepositives": [
            "Application installation"
        ],
        "id": "bbfd974c-248e-4435-8de6-1e938c79c5c1",
        "logsource": {
            "category": "file_rename",
            "product": "windows"
        },
        "references": [
            "https://twitter.com/ffforward/status/1481672378639912960",
            "https://github.com/redcanaryco/atomic-red-team/blob/f339e7da7d05f6057fdfcdd3742bfcf365fee2a9/atomics/T1036/T1036.md#atomic-test-1---system-file-copied-to-unusual-location"
        ]
    },
    {
        "group": "Sigma",
        "kind": "individual",
        "document": {
            "kind": "jsonl",
            "data": {
                "@timestamp": "2022-10-10T09:59:32.315Z",
                "agent": {
                    "ephemeral_id": "64b72b79-c8b3-44d5-8efc-41706d768842",
                    "hostname": "CLIENT1",
                    "id": "cd699c72-0f46-4cd9-938a-43faf035a44a",
                    "name": "CLIENT1",
                    "type": "winlogbeat",
                    "version": "7.10.2"
                },
                "ecs": {
                    "version": "1.5.0"
                },
                "event": {
                    "action": "File created (rule: FileCreate)",
                    "category": [
                        "file"
                    ],
                    "code": 11,
                    "created": "2022-10-10T10:00:28.232Z",
                    "kind": "event",
                    "module": "sysmon",
                    "provider": "Microsoft-Windows-Sysmon",
                    "type": [
                        "creation"
                    ]
                },
                "file": {
                    "directory": "C:\\Users\\client1\\AppData\\Local\\Microsoft\\OneDrive\\19.043.0304.0013",
                    "extension": "dll",
                    "name": "api-ms-win-crt-process-l1-1-0.dll",
                    "path": "C:\\Users\\client1\\AppData\\Local\\Microsoft\\OneDrive\\19.043.0304.0013\\api-ms-win-crt-process-l1-1-0.dll"
                },
                "host": {
                    "name": "CLIENT1.breach.local"
                },
                "log": {
                    "level": "information"
                },
                "message": "File created:\nRuleName: DLL\nUtcTime: 2022-10-10 09:59:32.315\nProcessGuid: {0e37ca90-ed02-6343-9f00-000000000500}\nProcessId: 7000\nImage: C:\\Windows\\SysWOW64\\OneDriveSetup.exe\nTargetFilename: C:\\Users\\client1\\AppData\\Local\\Microsoft\\OneDrive\\19.043.0304.0013\\api-ms-win-crt-process-l1-1-0.dll\nCreationUtcTime: 2022-10-10 09:59:32.315\nUser: BREACH\\client1",
                "process": {
                    "entity_id": "{0e37ca90-ed02-6343-9f00-000000000500}",
                    "executable": "C:\\Windows\\SysWOW64\\OneDriveSetup.exe",
                    "name": "OneDriveSetup.exe",
                    "pid": 7000
                },
                "rule": {
                    "name": "DLL"
                },
                "winlog": {
                    "api": "wineventlog",
                    "channel": "Microsoft-Windows-Sysmon/Operational",
                    "computer_name": "CLIENT1.breach.local",
                    "event_data": {
                        "CreationUtcTime": "2022-10-10 09:59:32.315",
                        "User": "BREACH\\client1"
                    },
                    "event_id": 11,
                    "opcode": "Info",
                    "process": {
                        "pid": 1160,
                        "thread": {
                            "id": 2496
                        }
                    },
                    "provider_guid": "{5770385f-c22a-43e0-bf4c-06f5698ffbd9}",
                    "provider_name": "Microsoft-Windows-Sysmon",
                    "record_id": 1529,
                    "task": "File created (rule: FileCreate)",
                    "user": {
                        "domain": "NT AUTHORITY",
                        "identifier": "S-1-5-18",
                        "name": "SYSTEM",
                        "type": "User"
                    },
                    "version": 2
                }
            }
        },
        "name": "Rename Common File to DLL File",
        "timestamp": "2022-10-10T09:59:32.315+00:00",
        "authors": [
            "frack113"
        ],
        "level": "medium",
        "source": "sigma",
        "status": "experimental",
        "falsepositives": [
            "Application installation"
        ],
        "id": "bbfd974c-248e-4435-8de6-1e938c79c5c1",
        "logsource": {
            "category": "file_rename",
            "product": "windows"
        },
        "references": [
            "https://twitter.com/ffforward/status/1481672378639912960",
            "https://github.com/redcanaryco/atomic-red-team/blob/f339e7da7d05f6057fdfcdd3742bfcf365fee2a9/atomics/T1036/T1036.md#atomic-test-1---system-file-copied-to-unusual-location"
        ]
    },
    {
        "group": "Sigma",
        "kind": "individual",
        "document": {
            "kind": "jsonl",
            "data": {
                "@timestamp": "2022-10-10T09:59:32.331Z",
                "agent": {
                    "ephemeral_id": "64b72b79-c8b3-44d5-8efc-41706d768842",
                    "hostname": "CLIENT1",
                    "id": "cd699c72-0f46-4cd9-938a-43faf035a44a",
                    "name": "CLIENT1",
                    "type": "winlogbeat",
                    "version": "7.10.2"
                },
                "ecs": {
                    "version": "1.5.0"
                },
                "event": {
                    "action": "File created (rule: FileCreate)",
                    "category": [
                        "file"
                    ],
                    "code": 11,
                    "created": "2022-10-10T10:00:28.232Z",
                    "kind": "event",
                    "module": "sysmon",
                    "provider": "Microsoft-Windows-Sysmon",
                    "type": [
                        "creation"
                    ]
                },
                "file": {
                    "directory": "C:\\Users\\client1\\AppData\\Local\\Microsoft\\OneDrive\\19.043.0304.0013",
                    "extension": "dll",
                    "name": "api-ms-win-crt-runtime-l1-1-0.dll",
                    "path": "C:\\Users\\client1\\AppData\\Local\\Microsoft\\OneDrive\\19.043.0304.0013\\api-ms-win-crt-runtime-l1-1-0.dll"
                },
                "host": {
                    "name": "CLIENT1.breach.local"
                },
                "log": {
                    "level": "information"
                },
                "message": "File created:\nRuleName: DLL\nUtcTime: 2022-10-10 09:59:32.331\nProcessGuid: {0e37ca90-ed02-6343-9f00-000000000500}\nProcessId: 7000\nImage: C:\\Windows\\SysWOW64\\OneDriveSetup.exe\nTargetFilename: C:\\Users\\client1\\AppData\\Local\\Microsoft\\OneDrive\\19.043.0304.0013\\api-ms-win-crt-runtime-l1-1-0.dll\nCreationUtcTime: 2022-10-10 09:59:32.331\nUser: BREACH\\client1",
                "process": {
                    "entity_id": "{0e37ca90-ed02-6343-9f00-000000000500}",
                    "executable": "C:\\Windows\\SysWOW64\\OneDriveSetup.exe",
                    "name": "OneDriveSetup.exe",
                    "pid": 7000
                },
                "rule": {
                    "name": "DLL"
                },
                "winlog": {
                    "api": "wineventlog",
                    "channel": "Microsoft-Windows-Sysmon/Operational",
                    "computer_name": "CLIENT1.breach.local",
                    "event_data": {
                        "CreationUtcTime": "2022-10-10 09:59:32.331",
                        "User": "BREACH\\client1"
                    },
                    "event_id": 11,
                    "opcode": "Info",
                    "process": {
                        "pid": 1160,
                        "thread": {
                            "id": 2496
                        }
                    },
                    "provider_guid": "{5770385f-c22a-43e0-bf4c-06f5698ffbd9}",
                    "provider_name": "Microsoft-Windows-Sysmon",
                    "record_id": 1530,
                    "task": "File created (rule: FileCreate)",
                    "user": {
                        "domain": "NT AUTHORITY",
                        "identifier": "S-1-5-18",
                        "name": "SYSTEM",
                        "type": "User"
                    },
                    "version": 2
                }
            }
        },
        "name": "Rename Common File to DLL File",
        "timestamp": "2022-10-10T09:59:32.331+00:00",
        "authors": [
            "frack113"
        ],
        "level": "medium",
        "source": "sigma",
        "status": "experimental",
        "falsepositives": [
            "Application installation"
        ],
        "id": "bbfd974c-248e-4435-8de6-1e938c79c5c1",
        "logsource": {
            "category": "file_rename",
            "product": "windows"
        },
        "references": [
            "https://twitter.com/ffforward/status/1481672378639912960",
            "https://github.com/redcanaryco/atomic-red-team/blob/f339e7da7d05f6057fdfcdd3742bfcf365fee2a9/atomics/T1036/T1036.md#atomic-test-1---system-file-copied-to-unusual-location"
        ]
    },
    {
        "group": "Sigma",
        "kind": "individual",
        "document": {
            "kind": "jsonl",
            "data": {
                "@timestamp": "2022-10-10T09:59:32.346Z",
                "agent": {
                    "ephemeral_id": "64b72b79-c8b3-44d5-8efc-41706d768842",
                    "hostname": "CLIENT1",
                    "id": "cd699c72-0f46-4cd9-938a-43faf035a44a",
                    "name": "CLIENT1",
                    "type": "winlogbeat",
                    "version": "7.10.2"
                },
                "ecs": {
                    "version": "1.5.0"
                },
                "event": {
                    "action": "File created (rule: FileCreate)",
                    "category": [
                        "file"
                    ],
                    "code": 11,
                    "created": "2022-10-10T10:00:28.232Z",
                    "kind": "event",
                    "module": "sysmon",
                    "provider": "Microsoft-Windows-Sysmon",
                    "type": [
                        "creation"
                    ]
                },
                "file": {
                    "directory": "C:\\Users\\client1\\AppData\\Local\\Microsoft\\OneDrive\\19.043.0304.0013",
                    "extension": "dll",
                    "name": "api-ms-win-crt-stdio-l1-1-0.dll",
                    "path": "C:\\Users\\client1\\AppData\\Local\\Microsoft\\OneDrive\\19.043.0304.0013\\api-ms-win-crt-stdio-l1-1-0.dll"
                },
                "host": {
                    "name": "CLIENT1.breach.local"
                },
                "log": {
                    "level": "information"
                },
                "message": "File created:\nRuleName: DLL\nUtcTime: 2022-10-10 09:59:32.346\nProcessGuid: {0e37ca90-ed02-6343-9f00-000000000500}\nProcessId: 7000\nImage: C:\\Windows\\SysWOW64\\OneDriveSetup.exe\nTargetFilename: C:\\Users\\client1\\AppData\\Local\\Microsoft\\OneDrive\\19.043.0304.0013\\api-ms-win-crt-stdio-l1-1-0.dll\nCreationUtcTime: 2022-10-10 09:59:32.346\nUser: BREACH\\client1",
                "process": {
                    "entity_id": "{0e37ca90-ed02-6343-9f00-000000000500}",
                    "executable": "C:\\Windows\\SysWOW64\\OneDriveSetup.exe",
                    "name": "OneDriveSetup.exe",
                    "pid": 7000
                },
                "rule": {
                    "name": "DLL"
                },
                "winlog": {
                    "api": "wineventlog",
                    "channel": "Microsoft-Windows-Sysmon/Operational",
                    "computer_name": "CLIENT1.breach.local",
                    "event_data": {
                        "CreationUtcTime": "2022-10-10 09:59:32.346",
                        "User": "BREACH\\client1"
                    },
                    "event_id": 11,
                    "opcode": "Info",
                    "process": {
                        "pid": 1160,
                        "thread": {
                            "id": 2496
                        }
                    },
                    "provider_guid": "{5770385f-c22a-43e0-bf4c-06f5698ffbd9}",
                    "provider_name": "Microsoft-Windows-Sysmon",
                    "record_id": 1531,
                    "task": "File created (rule: FileCreate)",
                    "user": {
                        "domain": "NT AUTHORITY",
                        "identifier": "S-1-5-18",
                        "name": "SYSTEM",
                        "type": "User"
                    },
                    "version": 2
                }
            }
        },
        "name": "Rename Common File to DLL File",
        "timestamp": "2022-10-10T09:59:32.346+00:00",
        "authors": [
            "frack113"
        ],
        "level": "medium",
        "source": "sigma",
        "status": "experimental",
        "falsepositives": [
            "Application installation"
        ],
        "id": "bbfd974c-248e-4435-8de6-1e938c79c5c1",
        "logsource": {
            "category": "file_rename",
            "product": "windows"
        },
        "references": [
            "https://twitter.com/ffforward/status/1481672378639912960",
            "https://github.com/redcanaryco/atomic-red-team/blob/f339e7da7d05f6057fdfcdd3742bfcf365fee2a9/atomics/T1036/T1036.md#atomic-test-1---system-file-copied-to-unusual-location"
        ]
    },
    {
        "group": "Sigma",
        "kind": "individual",
        "document": {
            "kind": "jsonl",
            "data": {
                "@timestamp": "2022-10-10T09:59:32.382Z",
                "agent": {
                    "ephemeral_id": "64b72b79-c8b3-44d5-8efc-41706d768842",
                    "hostname": "CLIENT1",
                    "id": "cd699c72-0f46-4cd9-938a-43faf035a44a",
                    "name": "CLIENT1",
                    "type": "winlogbeat",
                    "version": "7.10.2"
                },
                "ecs": {
                    "version": "1.5.0"
                },
                "event": {
                    "action": "File created (rule: FileCreate)",
                    "category": [
                        "file"
                    ],
                    "code": 11,
                    "created": "2022-10-10T10:00:28.232Z",
                    "kind": "event",
                    "module": "sysmon",
                    "provider": "Microsoft-Windows-Sysmon",
                    "type": [
                        "creation"
                    ]
                },
                "file": {
                    "directory": "C:\\Users\\client1\\AppData\\Local\\Microsoft\\OneDrive\\19.043.0304.0013",
                    "extension": "dll",
                    "name": "api-ms-win-crt-string-l1-1-0.dll",
                    "path": "C:\\Users\\client1\\AppData\\Local\\Microsoft\\OneDrive\\19.043.0304.0013\\api-ms-win-crt-string-l1-1-0.dll"
                },
                "host": {
                    "name": "CLIENT1.breach.local"
                },
                "log": {
                    "level": "information"
                },
                "message": "File created:\nRuleName: DLL\nUtcTime: 2022-10-10 09:59:32.382\nProcessGuid: {0e37ca90-ed02-6343-9f00-000000000500}\nProcessId: 7000\nImage: C:\\Windows\\SysWOW64\\OneDriveSetup.exe\nTargetFilename: C:\\Users\\client1\\AppData\\Local\\Microsoft\\OneDrive\\19.043.0304.0013\\api-ms-win-crt-string-l1-1-0.dll\nCreationUtcTime: 2022-10-10 09:59:32.382\nUser: BREACH\\client1",
                "process": {
                    "entity_id": "{0e37ca90-ed02-6343-9f00-000000000500}",
                    "executable": "C:\\Windows\\SysWOW64\\OneDriveSetup.exe",
                    "name": "OneDriveSetup.exe",
                    "pid": 7000
                },
                "rule": {
                    "name": "DLL"
                },
                "winlog": {
                    "api": "wineventlog",
                    "channel": "Microsoft-Windows-Sysmon/Operational",
                    "computer_name": "CLIENT1.breach.local",
                    "event_data": {
                        "CreationUtcTime": "2022-10-10 09:59:32.382",
                        "User": "BREACH\\client1"
                    },
                    "event_id": 11,
                    "opcode": "Info",
                    "process": {
                        "pid": 1160,
                        "thread": {
                            "id": 2496
                        }
                    },
                    "provider_guid": "{5770385f-c22a-43e0-bf4c-06f5698ffbd9}",
                    "provider_name": "Microsoft-Windows-Sysmon",
                    "record_id": 1532,
                    "task": "File created (rule: FileCreate)",
                    "user": {
                        "domain": "NT AUTHORITY",
                        "identifier": "S-1-5-18",
                        "name": "SYSTEM",
                        "type": "User"
                    },
                    "version": 2
                }
            }
        },
        "name": "Rename Common File to DLL File",
        "timestamp": "2022-10-10T09:59:32.382+00:00",
        "authors": [
            "frack113"
        ],
        "level": "medium",
        "source": "sigma",
        "status": "experimental",
        "falsepositives": [
            "Application installation"
        ],
        "id": "bbfd974c-248e-4435-8de6-1e938c79c5c1",
        "logsource": {
            "category": "file_rename",
            "product": "windows"
        },
        "references": [
            "https://twitter.com/ffforward/status/1481672378639912960",
            "https://github.com/redcanaryco/atomic-red-team/blob/f339e7da7d05f6057fdfcdd3742bfcf365fee2a9/atomics/T1036/T1036.md#atomic-test-1---system-file-copied-to-unusual-location"
        ]
    },
    {
        "group": "Sigma",
        "kind": "individual",
        "document": {
            "kind": "jsonl",
            "data": {
                "@timestamp": "2022-10-10T09:59:32.396Z",
                "agent": {
                    "ephemeral_id": "64b72b79-c8b3-44d5-8efc-41706d768842",
                    "hostname": "CLIENT1",
                    "id": "cd699c72-0f46-4cd9-938a-43faf035a44a",
                    "name": "CLIENT1",
                    "type": "winlogbeat",
                    "version": "7.10.2"
                },
                "ecs": {
                    "version": "1.5.0"
                },
                "event": {
                    "action": "File created (rule: FileCreate)",
                    "category": [
                        "file"
                    ],
                    "code": 11,
                    "created": "2022-10-10T10:00:28.232Z",
                    "kind": "event",
                    "module": "sysmon",
                    "provider": "Microsoft-Windows-Sysmon",
                    "type": [
                        "creation"
                    ]
                },
                "file": {
                    "directory": "C:\\Users\\client1\\AppData\\Local\\Microsoft\\OneDrive\\19.043.0304.0013",
                    "extension": "dll",
                    "name": "api-ms-win-crt-time-l1-1-0.dll",
                    "path": "C:\\Users\\client1\\AppData\\Local\\Microsoft\\OneDrive\\19.043.0304.0013\\api-ms-win-crt-time-l1-1-0.dll"
                },
                "host": {
                    "name": "CLIENT1.breach.local"
                },
                "log": {
                    "level": "information"
                },
                "message": "File created:\nRuleName: DLL\nUtcTime: 2022-10-10 09:59:32.396\nProcessGuid: {0e37ca90-ed02-6343-9f00-000000000500}\nProcessId: 7000\nImage: C:\\Windows\\SysWOW64\\OneDriveSetup.exe\nTargetFilename: C:\\Users\\client1\\AppData\\Local\\Microsoft\\OneDrive\\19.043.0304.0013\\api-ms-win-crt-time-l1-1-0.dll\nCreationUtcTime: 2022-10-10 09:59:32.396\nUser: BREACH\\client1",
                "process": {
                    "entity_id": "{0e37ca90-ed02-6343-9f00-000000000500}",
                    "executable": "C:\\Windows\\SysWOW64\\OneDriveSetup.exe",
                    "name": "OneDriveSetup.exe",
                    "pid": 7000
                },
                "rule": {
                    "name": "DLL"
                },
                "winlog": {
                    "api": "wineventlog",
                    "channel": "Microsoft-Windows-Sysmon/Operational",
                    "computer_name": "CLIENT1.breach.local",
                    "event_data": {
                        "CreationUtcTime": "2022-10-10 09:59:32.396",
                        "User": "BREACH\\client1"
                    },
                    "event_id": 11,
                    "opcode": "Info",
                    "process": {
                        "pid": 1160,
                        "thread": {
                            "id": 2496
                        }
                    },
                    "provider_guid": "{5770385f-c22a-43e0-bf4c-06f5698ffbd9}",
                    "provider_name": "Microsoft-Windows-Sysmon",
                    "record_id": 1533,
                    "task": "File created (rule: FileCreate)",
                    "user": {
                        "domain": "NT AUTHORITY",
                        "identifier": "S-1-5-18",
                        "name": "SYSTEM",
                        "type": "User"
                    },
                    "version": 2
                }
            }
        },
        "name": "Rename Common File to DLL File",
        "timestamp": "2022-10-10T09:59:32.396+00:00",
        "authors": [
            "frack113"
        ],
        "level": "medium",
        "source": "sigma",
        "status": "experimental",
        "falsepositives": [
            "Application installation"
        ],
        "id": "bbfd974c-248e-4435-8de6-1e938c79c5c1",
        "logsource": {
            "category": "file_rename",
            "product": "windows"
        },
        "references": [
            "https://twitter.com/ffforward/status/1481672378639912960",
            "https://github.com/redcanaryco/atomic-red-team/blob/f339e7da7d05f6057fdfcdd3742bfcf365fee2a9/atomics/T1036/T1036.md#atomic-test-1---system-file-copied-to-unusual-location"
        ]
    },
    {
        "group": "Sigma",
        "kind": "individual",
        "document": {
            "kind": "jsonl",
            "data": {
                "@timestamp": "2022-10-10T09:59:32.412Z",
                "agent": {
                    "ephemeral_id": "64b72b79-c8b3-44d5-8efc-41706d768842",
                    "hostname": "CLIENT1",
                    "id": "cd699c72-0f46-4cd9-938a-43faf035a44a",
                    "name": "CLIENT1",
                    "type": "winlogbeat",
                    "version": "7.10.2"
                },
                "ecs": {
                    "version": "1.5.0"
                },
                "event": {
                    "action": "File created (rule: FileCreate)",
                    "category": [
                        "file"
                    ],
                    "code": 11,
                    "created": "2022-10-10T10:00:28.232Z",
                    "kind": "event",
                    "module": "sysmon",
                    "provider": "Microsoft-Windows-Sysmon",
                    "type": [
                        "creation"
                    ]
                },
                "file": {
                    "directory": "C:\\Users\\client1\\AppData\\Local\\Microsoft\\OneDrive\\19.043.0304.0013",
                    "extension": "dll",
                    "name": "api-ms-win-crt-utility-l1-1-0.dll",
                    "path": "C:\\Users\\client1\\AppData\\Local\\Microsoft\\OneDrive\\19.043.0304.0013\\api-ms-win-crt-utility-l1-1-0.dll"
                },
                "host": {
                    "name": "CLIENT1.breach.local"
                },
                "log": {
                    "level": "information"
                },
                "message": "File created:\nRuleName: DLL\nUtcTime: 2022-10-10 09:59:32.412\nProcessGuid: {0e37ca90-ed02-6343-9f00-000000000500}\nProcessId: 7000\nImage: C:\\Windows\\SysWOW64\\OneDriveSetup.exe\nTargetFilename: C:\\Users\\client1\\AppData\\Local\\Microsoft\\OneDrive\\19.043.0304.0013\\api-ms-win-crt-utility-l1-1-0.dll\nCreationUtcTime: 2022-10-10 09:59:32.412\nUser: BREACH\\client1",
                "process": {
                    "entity_id": "{0e37ca90-ed02-6343-9f00-000000000500}",
                    "executable": "C:\\Windows\\SysWOW64\\OneDriveSetup.exe",
                    "name": "OneDriveSetup.exe",
                    "pid": 7000
                },
                "rule": {
                    "name": "DLL"
                },
                "winlog": {
                    "api": "wineventlog",
                    "channel": "Microsoft-Windows-Sysmon/Operational",
                    "computer_name": "CLIENT1.breach.local",
                    "event_data": {
                        "CreationUtcTime": "2022-10-10 09:59:32.412",
                        "User": "BREACH\\client1"
                    },
                    "event_id": 11,
                    "opcode": "Info",
                    "process": {
                        "pid": 1160,
                        "thread": {
                            "id": 2496
                        }
                    },
                    "provider_guid": "{5770385f-c22a-43e0-bf4c-06f5698ffbd9}",
                    "provider_name": "Microsoft-Windows-Sysmon",
                    "record_id": 1534,
                    "task": "File created (rule: FileCreate)",
                    "user": {
                        "domain": "NT AUTHORITY",
                        "identifier": "S-1-5-18",
                        "name": "SYSTEM",
                        "type": "User"
                    },
                    "version": 2
                }
            }
        },
        "name": "Rename Common File to DLL File",
        "timestamp": "2022-10-10T09:59:32.412+00:00",
        "authors": [
            "frack113"
        ],
        "level": "medium",
        "source": "sigma",
        "status": "experimental",
        "falsepositives": [
            "Application installation"
        ],
        "id": "bbfd974c-248e-4435-8de6-1e938c79c5c1",
        "logsource": {
            "category": "file_rename",
            "product": "windows"
        },
        "references": [
            "https://twitter.com/ffforward/status/1481672378639912960",
            "https://github.com/redcanaryco/atomic-red-team/blob/f339e7da7d05f6057fdfcdd3742bfcf365fee2a9/atomics/T1036/T1036.md#atomic-test-1---system-file-copied-to-unusual-location"
        ]
    },
    {
        "group": "Sigma",
        "kind": "individual",
        "document": {
            "kind": "jsonl",
            "data": {
                "@timestamp": "2022-10-10T09:59:32.690Z",
                "agent": {
                    "ephemeral_id": "64b72b79-c8b3-44d5-8efc-41706d768842",
                    "hostname": "CLIENT1",
                    "id": "cd699c72-0f46-4cd9-938a-43faf035a44a",
                    "name": "CLIENT1",
                    "type": "winlogbeat",
                    "version": "7.10.2"
                },
                "ecs": {
                    "version": "1.5.0"
                },
                "event": {
                    "action": "File created (rule: FileCreate)",
                    "category": [
                        "file"
                    ],
                    "code": 11,
                    "created": "2022-10-10T10:00:28.232Z",
                    "kind": "event",
                    "module": "sysmon",
                    "provider": "Microsoft-Windows-Sysmon",
                    "type": [
                        "creation"
                    ]
                },
                "file": {
                    "directory": "C:\\Users\\client1\\AppData\\Local\\Microsoft\\OneDrive\\19.043.0304.0013",
                    "extension": "dll",
                    "name": "ETWlog.dll",
                    "path": "C:\\Users\\client1\\AppData\\Local\\Microsoft\\OneDrive\\19.043.0304.0013\\ETWlog.dll"
                },
                "host": {
                    "name": "CLIENT1.breach.local"
                },
                "log": {
                    "level": "information"
                },
                "message": "File created:\nRuleName: DLL\nUtcTime: 2022-10-10 09:59:32.690\nProcessGuid: {0e37ca90-ed02-6343-9f00-000000000500}\nProcessId: 7000\nImage: C:\\Windows\\SysWOW64\\OneDriveSetup.exe\nTargetFilename: C:\\Users\\client1\\AppData\\Local\\Microsoft\\OneDrive\\19.043.0304.0013\\ETWlog.dll\nCreationUtcTime: 2022-10-10 09:59:32.690\nUser: BREACH\\client1",
                "process": {
                    "entity_id": "{0e37ca90-ed02-6343-9f00-000000000500}",
                    "executable": "C:\\Windows\\SysWOW64\\OneDriveSetup.exe",
                    "name": "OneDriveSetup.exe",
                    "pid": 7000
                },
                "rule": {
                    "name": "DLL"
                },
                "winlog": {
                    "api": "wineventlog",
                    "channel": "Microsoft-Windows-Sysmon/Operational",
                    "computer_name": "CLIENT1.breach.local",
                    "event_data": {
                        "CreationUtcTime": "2022-10-10 09:59:32.690",
                        "User": "BREACH\\client1"
                    },
                    "event_id": 11,
                    "opcode": "Info",
                    "process": {
                        "pid": 1160,
                        "thread": {
                            "id": 2496
                        }
                    },
                    "provider_guid": "{5770385f-c22a-43e0-bf4c-06f5698ffbd9}",
                    "provider_name": "Microsoft-Windows-Sysmon",
                    "record_id": 1536,
                    "task": "File created (rule: FileCreate)",
                    "user": {
                        "domain": "NT AUTHORITY",
                        "identifier": "S-1-5-18",
                        "name": "SYSTEM",
                        "type": "User"
                    },
                    "version": 2
                }
            }
        },
        "name": "Rename Common File to DLL File",
        "timestamp": "2022-10-10T09:59:32.690+00:00",
        "authors": [
            "frack113"
        ],
        "level": "medium",
        "source": "sigma",
        "status": "experimental",
        "falsepositives": [
            "Application installation"
        ],
        "id": "bbfd974c-248e-4435-8de6-1e938c79c5c1",
        "logsource": {
            "category": "file_rename",
            "product": "windows"
        },
        "references": [
            "https://twitter.com/ffforward/status/1481672378639912960",
            "https://github.com/redcanaryco/atomic-red-team/blob/f339e7da7d05f6057fdfcdd3742bfcf365fee2a9/atomics/T1036/T1036.md#atomic-test-1---system-file-copied-to-unusual-location"
        ]
    },
    {
        "group": "Sigma",
        "kind": "individual",
        "document": {
            "kind": "jsonl",
            "data": {
                "@timestamp": "2022-10-10T09:59:32.737Z",
                "agent": {
                    "ephemeral_id": "64b72b79-c8b3-44d5-8efc-41706d768842",
                    "hostname": "CLIENT1",
                    "id": "cd699c72-0f46-4cd9-938a-43faf035a44a",
                    "name": "CLIENT1",
                    "type": "winlogbeat",
                    "version": "7.10.2"
                },
                "ecs": {
                    "version": "1.5.0"
                },
                "event": {
                    "action": "File created (rule: FileCreate)",
                    "category": [
                        "file"
                    ],
                    "code": 11,
                    "created": "2022-10-10T10:00:28.233Z",
                    "kind": "event",
                    "module": "sysmon",
                    "provider": "Microsoft-Windows-Sysmon",
                    "type": [
                        "creation"
                    ]
                },
                "file": {
                    "directory": "C:\\Users\\client1\\AppData\\Local\\Microsoft\\OneDrive\\19.043.0304.0013",
                    "extension": "dll",
                    "name": "FileCoAuthLib.dll",
                    "path": "C:\\Users\\client1\\AppData\\Local\\Microsoft\\OneDrive\\19.043.0304.0013\\FileCoAuthLib.dll"
                },
                "host": {
                    "name": "CLIENT1.breach.local"
                },
                "log": {
                    "level": "information"
                },
                "message": "File created:\nRuleName: DLL\nUtcTime: 2022-10-10 09:59:32.737\nProcessGuid: {0e37ca90-ed02-6343-9f00-000000000500}\nProcessId: 7000\nImage: C:\\Windows\\SysWOW64\\OneDriveSetup.exe\nTargetFilename: C:\\Users\\client1\\AppData\\Local\\Microsoft\\OneDrive\\19.043.0304.0013\\FileCoAuthLib.dll\nCreationUtcTime: 2022-10-10 09:59:32.737\nUser: BREACH\\client1",
                "process": {
                    "entity_id": "{0e37ca90-ed02-6343-9f00-000000000500}",
                    "executable": "C:\\Windows\\SysWOW64\\OneDriveSetup.exe",
                    "name": "OneDriveSetup.exe",
                    "pid": 7000
                },
                "rule": {
                    "name": "DLL"
                },
                "winlog": {
                    "api": "wineventlog",
                    "channel": "Microsoft-Windows-Sysmon/Operational",
                    "computer_name": "CLIENT1.breach.local",
                    "event_data": {
                        "CreationUtcTime": "2022-10-10 09:59:32.737",
                        "User": "BREACH\\client1"
                    },
                    "event_id": 11,
                    "opcode": "Info",
                    "process": {
                        "pid": 1160,
                        "thread": {
                            "id": 2496
                        }
                    },
                    "provider_guid": "{5770385f-c22a-43e0-bf4c-06f5698ffbd9}",
                    "provider_name": "Microsoft-Windows-Sysmon",
                    "record_id": 1538,
                    "task": "File created (rule: FileCreate)",
                    "user": {
                        "domain": "NT AUTHORITY",
                        "identifier": "S-1-5-18",
                        "name": "SYSTEM",
                        "type": "User"
                    },
                    "version": 2
                }
            }
        },
        "name": "Rename Common File to DLL File",
        "timestamp": "2022-10-10T09:59:32.737+00:00",
        "authors": [
            "frack113"
        ],
        "level": "medium",
        "source": "sigma",
        "status": "experimental",
        "falsepositives": [
            "Application installation"
        ],
        "id": "bbfd974c-248e-4435-8de6-1e938c79c5c1",
        "logsource": {
            "category": "file_rename",
            "product": "windows"
        },
        "references": [
            "https://twitter.com/ffforward/status/1481672378639912960",
            "https://github.com/redcanaryco/atomic-red-team/blob/f339e7da7d05f6057fdfcdd3742bfcf365fee2a9/atomics/T1036/T1036.md#atomic-test-1---system-file-copied-to-unusual-location"
        ]
    },
    {
        "group": "Sigma",
        "kind": "individual",
        "document": {
            "kind": "jsonl",
            "data": {
                "@timestamp": "2022-10-10T09:59:32.768Z",
                "agent": {
                    "ephemeral_id": "64b72b79-c8b3-44d5-8efc-41706d768842",
                    "hostname": "CLIENT1",
                    "id": "cd699c72-0f46-4cd9-938a-43faf035a44a",
                    "name": "CLIENT1",
                    "type": "winlogbeat",
                    "version": "7.10.2"
                },
                "ecs": {
                    "version": "1.5.0"
                },
                "event": {
                    "action": "File created (rule: FileCreate)",
                    "category": [
                        "file"
                    ],
                    "code": 11,
                    "created": "2022-10-10T10:00:28.233Z",
                    "kind": "event",
                    "module": "sysmon",
                    "provider": "Microsoft-Windows-Sysmon",
                    "type": [
                        "creation"
                    ]
                },
                "file": {
                    "directory": "C:\\Users\\client1\\AppData\\Local\\Microsoft\\OneDrive\\19.043.0304.0013",
                    "extension": "dll",
                    "name": "FileSync.LocalizedResources.dll",
                    "path": "C:\\Users\\client1\\AppData\\Local\\Microsoft\\OneDrive\\19.043.0304.0013\\FileSync.LocalizedResources.dll"
                },
                "host": {
                    "name": "CLIENT1.breach.local"
                },
                "log": {
                    "level": "information"
                },
                "message": "File created:\nRuleName: DLL\nUtcTime: 2022-10-10 09:59:32.768\nProcessGuid: {0e37ca90-ed02-6343-9f00-000000000500}\nProcessId: 7000\nImage: C:\\Windows\\SysWOW64\\OneDriveSetup.exe\nTargetFilename: C:\\Users\\client1\\AppData\\Local\\Microsoft\\OneDrive\\19.043.0304.0013\\FileSync.LocalizedResources.dll\nCreationUtcTime: 2022-10-10 09:59:32.768\nUser: BREACH\\client1",
                "process": {
                    "entity_id": "{0e37ca90-ed02-6343-9f00-000000000500}",
                    "executable": "C:\\Windows\\SysWOW64\\OneDriveSetup.exe",
                    "name": "OneDriveSetup.exe",
                    "pid": 7000
                },
                "rule": {
                    "name": "DLL"
                },
                "winlog": {
                    "api": "wineventlog",
                    "channel": "Microsoft-Windows-Sysmon/Operational",
                    "computer_name": "CLIENT1.breach.local",
                    "event_data": {
                        "CreationUtcTime": "2022-10-10 09:59:32.768",
                        "User": "BREACH\\client1"
                    },
                    "event_id": 11,
                    "opcode": "Info",
                    "process": {
                        "pid": 1160,
                        "thread": {
                            "id": 2496
                        }
                    },
                    "provider_guid": "{5770385f-c22a-43e0-bf4c-06f5698ffbd9}",
                    "provider_name": "Microsoft-Windows-Sysmon",
                    "record_id": 1539,
                    "task": "File created (rule: FileCreate)",
                    "user": {
                        "domain": "NT AUTHORITY",
                        "identifier": "S-1-5-18",
                        "name": "SYSTEM",
                        "type": "User"
                    },
                    "version": 2
                }
            }
        },
        "name": "Rename Common File to DLL File",
        "timestamp": "2022-10-10T09:59:32.768+00:00",
        "authors": [
            "frack113"
        ],
        "level": "medium",
        "source": "sigma",
        "status": "experimental",
        "falsepositives": [
            "Application installation"
        ],
        "id": "bbfd974c-248e-4435-8de6-1e938c79c5c1",
        "logsource": {
            "category": "file_rename",
            "product": "windows"
        },
        "references": [
            "https://twitter.com/ffforward/status/1481672378639912960",
            "https://github.com/redcanaryco/atomic-red-team/blob/f339e7da7d05f6057fdfcdd3742bfcf365fee2a9/atomics/T1036/T1036.md#atomic-test-1---system-file-copied-to-unusual-location"
        ]
    },
