    {
        "group": "Sigma",
        "kind": "individual",
        "document": {
            "kind": "jsonl",
            "data": {
                "@timestamp": "2022-10-10T09:59:31.909Z",
                "agent": {
                    "ephemeral_id": "64b72b79-c8b3-44d5-8efc-41706d768842",
                    "hostname": "CLIENT1",
                    "id": "cd699c72-0f46-4cd9-938a-43faf035a44a",
                    "name": "CLIENT1",
                    "type": "winlogbeat",
                    "version": "7.10.2"
                },
                "ecs": {
                    "version": "1.5.0"
                },
                "event": {
                    "action": "File created (rule: FileCreate)",
                    "category": [
                        "file"
                    ],
                    "code": 11,
                    "created": "2022-10-10T10:00:28.231Z",
                    "kind": "event",
                    "module": "sysmon",
                    "provider": "Microsoft-Windows-Sysmon",
                    "type": [
                        "creation"
                    ]
                },
                "file": {
                    "directory": "C:\\Users\\client1\\AppData\\Local\\Microsoft\\OneDrive\\19.043.0304.0013",
                    "extension": "dll",
                    "name": "api-ms-win-core-libraryloader-l1-1-0.dll",
                    "path": "C:\\Users\\client1\\AppData\\Local\\Microsoft\\OneDrive\\19.043.0304.0013\\api-ms-win-core-libraryloader-l1-1-0.dll"
                },
                "host": {
                    "name": "CLIENT1.breach.local"
                },
                "log": {
                    "level": "information"
                },
                "message": "File created:\nRuleName: DLL\nUtcTime: 2022-10-10 09:59:31.909\nProcessGuid: {0e37ca90-ed02-6343-9f00-000000000500}\nProcessId: 7000\nImage: C:\\Windows\\SysWOW64\\OneDriveSetup.exe\nTargetFilename: C:\\Users\\client1\\AppData\\Local\\Microsoft\\OneDrive\\19.043.0304.0013\\api-ms-win-core-libraryloader-l1-1-0.dll\nCreationUtcTime: 2022-10-10 09:59:31.909\nUser: BREACH\\client1",
                "process": {
                    "entity_id": "{0e37ca90-ed02-6343-9f00-000000000500}",
                    "executable": "C:\\Windows\\SysWOW64\\OneDriveSetup.exe",
                    "name": "OneDriveSetup.exe",
                    "pid": 7000
                },
                "rule": {
                    "name": "DLL"
                },
                "winlog": {
                    "api": "wineventlog",
                    "channel": "Microsoft-Windows-Sysmon/Operational",
                    "computer_name": "CLIENT1.breach.local",
                    "event_data": {
                        "CreationUtcTime": "2022-10-10 09:59:31.909",
                        "User": "BREACH\\client1"
                    },
                    "event_id": 11,
                    "opcode": "Info",
                    "process": {
                        "pid": 1160,
                        "thread": {
                            "id": 2496
                        }
                    },
                    "provider_guid": "{5770385f-c22a-43e0-bf4c-06f5698ffbd9}",
                    "provider_name": "Microsoft-Windows-Sysmon",
                    "record_id": 1505,
                    "task": "File created (rule: FileCreate)",
                    "user": {
                        "domain": "NT AUTHORITY",
                        "identifier": "S-1-5-18",
                        "name": "SYSTEM",
                        "type": "User"
                    },
                    "version": 2
                }
            }
        },
        "name": "Rename Common File to DLL File",
        "timestamp": "2022-10-10T09:59:31.909+00:00",
        "authors": [
            "frack113"
        ],
        "level": "medium",
        "source": "sigma",
        "status": "experimental",
        "falsepositives": [
            "Application installation"
        ],
        "id": "bbfd974c-248e-4435-8de6-1e938c79c5c1",
        "logsource": {
            "category": "file_rename",
            "product": "windows"
        },
        "references": [
            "https://twitter.com/ffforward/status/1481672378639912960",
            "https://github.com/redcanaryco/atomic-red-team/blob/f339e7da7d05f6057fdfcdd3742bfcf365fee2a9/atomics/T1036/T1036.md#atomic-test-1---system-file-copied-to-unusual-location"
        ]
    },
    {
        "group": "Sigma",
        "kind": "individual",
        "document": {
            "kind": "jsonl",
            "data": {
                "@timestamp": "2022-10-10T09:59:31.940Z",
                "agent": {
                    "ephemeral_id": "64b72b79-c8b3-44d5-8efc-41706d768842",
                    "hostname": "CLIENT1",
                    "id": "cd699c72-0f46-4cd9-938a-43faf035a44a",
                    "name": "CLIENT1",
                    "type": "winlogbeat",
                    "version": "7.10.2"
                },
                "ecs": {
                    "version": "1.5.0"
                },
                "event": {
                    "action": "File created (rule: FileCreate)",
                    "category": [
                        "file"
                    ],
                    "code": 11,
                    "created": "2022-10-10T10:00:28.231Z",
                    "kind": "event",
                    "module": "sysmon",
                    "provider": "Microsoft-Windows-Sysmon",
                    "type": [
                        "creation"
                    ]
                },
                "file": {
                    "directory": "C:\\Users\\client1\\AppData\\Local\\Microsoft\\OneDrive\\19.043.0304.0013",
                    "extension": "dll",
                    "name": "api-ms-win-core-localization-l1-2-0.dll",
                    "path": "C:\\Users\\client1\\AppData\\Local\\Microsoft\\OneDrive\\19.043.0304.0013\\api-ms-win-core-localization-l1-2-0.dll"
                },
                "host": {
                    "name": "CLIENT1.breach.local"
                },
                "log": {
                    "level": "information"
                },
                "message": "File created:\nRuleName: DLL\nUtcTime: 2022-10-10 09:59:31.940\nProcessGuid: {0e37ca90-ed02-6343-9f00-000000000500}\nProcessId: 7000\nImage: C:\\Windows\\SysWOW64\\OneDriveSetup.exe\nTargetFilename: C:\\Users\\client1\\AppData\\Local\\Microsoft\\OneDrive\\19.043.0304.0013\\api-ms-win-core-localization-l1-2-0.dll\nCreationUtcTime: 2022-10-10 09:59:31.940\nUser: BREACH\\client1",
                "process": {
                    "entity_id": "{0e37ca90-ed02-6343-9f00-000000000500}",
                    "executable": "C:\\Windows\\SysWOW64\\OneDriveSetup.exe",
                    "name": "OneDriveSetup.exe",
                    "pid": 7000
                },
                "rule": {
                    "name": "DLL"
                },
                "winlog": {
                    "api": "wineventlog",
                    "channel": "Microsoft-Windows-Sysmon/Operational",
                    "computer_name": "CLIENT1.breach.local",
                    "event_data": {
                        "CreationUtcTime": "2022-10-10 09:59:31.940",
                        "User": "BREACH\\client1"
                    },
                    "event_id": 11,
                    "opcode": "Info",
                    "process": {
                        "pid": 1160,
                        "thread": {
                            "id": 2496
                        }
                    },
                    "provider_guid": "{5770385f-c22a-43e0-bf4c-06f5698ffbd9}",
                    "provider_name": "Microsoft-Windows-Sysmon",
                    "record_id": 1506,
                    "task": "File created (rule: FileCreate)",
                    "user": {
                        "domain": "NT AUTHORITY",
                        "identifier": "S-1-5-18",
                        "name": "SYSTEM",
                        "type": "User"
                    },
                    "version": 2
                }
            }
        },
        "name": "Rename Common File to DLL File",
        "timestamp": "2022-10-10T09:59:31.940+00:00",
        "authors": [
            "frack113"
        ],
        "level": "medium",
        "source": "sigma",
        "status": "experimental",
        "falsepositives": [
            "Application installation"
        ],
        "id": "bbfd974c-248e-4435-8de6-1e938c79c5c1",
        "logsource": {
            "category": "file_rename",
            "product": "windows"
        },
        "references": [
            "https://twitter.com/ffforward/status/1481672378639912960",
            "https://github.com/redcanaryco/atomic-red-team/blob/f339e7da7d05f6057fdfcdd3742bfcf365fee2a9/atomics/T1036/T1036.md#atomic-test-1---system-file-copied-to-unusual-location"
        ]
    },
    {
        "group": "Sigma",
        "kind": "individual",
        "document": {
            "kind": "jsonl",
            "data": {
                "@timestamp": "2022-10-10T09:59:31.955Z",
                "agent": {
                    "ephemeral_id": "64b72b79-c8b3-44d5-8efc-41706d768842",
                    "hostname": "CLIENT1",
                    "id": "cd699c72-0f46-4cd9-938a-43faf035a44a",
                    "name": "CLIENT1",
                    "type": "winlogbeat",
                    "version": "7.10.2"
                },
                "ecs": {
                    "version": "1.5.0"
                },
                "event": {
                    "action": "File created (rule: FileCreate)",
                    "category": [
                        "file"
                    ],
                    "code": 11,
                    "created": "2022-10-10T10:00:28.231Z",
                    "kind": "event",
                    "module": "sysmon",
                    "provider": "Microsoft-Windows-Sysmon",
                    "type": [
                        "creation"
                    ]
                },
                "file": {
                    "directory": "C:\\Users\\client1\\AppData\\Local\\Microsoft\\OneDrive\\19.043.0304.0013",
                    "extension": "dll",
                    "name": "api-ms-win-core-memory-l1-1-0.dll",
                    "path": "C:\\Users\\client1\\AppData\\Local\\Microsoft\\OneDrive\\19.043.0304.0013\\api-ms-win-core-memory-l1-1-0.dll"
                },
                "host": {
                    "name": "CLIENT1.breach.local"
                },
                "log": {
                    "level": "information"
                },
                "message": "File created:\nRuleName: DLL\nUtcTime: 2022-10-10 09:59:31.955\nProcessGuid: {0e37ca90-ed02-6343-9f00-000000000500}\nProcessId: 7000\nImage: C:\\Windows\\SysWOW64\\OneDriveSetup.exe\nTargetFilename: C:\\Users\\client1\\AppData\\Local\\Microsoft\\OneDrive\\19.043.0304.0013\\api-ms-win-core-memory-l1-1-0.dll\nCreationUtcTime: 2022-10-10 09:59:31.955\nUser: BREACH\\client1",
                "process": {
                    "entity_id": "{0e37ca90-ed02-6343-9f00-000000000500}",
                    "executable": "C:\\Windows\\SysWOW64\\OneDriveSetup.exe",
                    "name": "OneDriveSetup.exe",
                    "pid": 7000
                },
                "rule": {
                    "name": "DLL"
                },
                "winlog": {
                    "api": "wineventlog",
                    "channel": "Microsoft-Windows-Sysmon/Operational",
                    "computer_name": "CLIENT1.breach.local",
                    "event_data": {
                        "CreationUtcTime": "2022-10-10 09:59:31.955",
                        "User": "BREACH\\client1"
                    },
                    "event_id": 11,
                    "opcode": "Info",
                    "process": {
                        "pid": 1160,
                        "thread": {
                            "id": 2496
                        }
                    },
                    "provider_guid": "{5770385f-c22a-43e0-bf4c-06f5698ffbd9}",
                    "provider_name": "Microsoft-Windows-Sysmon",
                    "record_id": 1507,
                    "task": "File created (rule: FileCreate)",
                    "user": {
                        "domain": "NT AUTHORITY",
                        "identifier": "S-1-5-18",
                        "name": "SYSTEM",
                        "type": "User"
                    },
                    "version": 2
                }
            }
        },
        "name": "Rename Common File to DLL File",
        "timestamp": "2022-10-10T09:59:31.955+00:00",
        "authors": [
            "frack113"
        ],
        "level": "medium",
        "source": "sigma",
        "status": "experimental",
        "falsepositives": [
            "Application installation"
        ],
        "id": "bbfd974c-248e-4435-8de6-1e938c79c5c1",
        "logsource": {
            "category": "file_rename",
            "product": "windows"
        },
        "references": [
            "https://twitter.com/ffforward/status/1481672378639912960",
            "https://github.com/redcanaryco/atomic-red-team/blob/f339e7da7d05f6057fdfcdd3742bfcf365fee2a9/atomics/T1036/T1036.md#atomic-test-1---system-file-copied-to-unusual-location"
        ]
    },
    {
        "group": "Sigma",
        "kind": "individual",
        "document": {
            "kind": "jsonl",
            "data": {
                "@timestamp": "2022-10-10T09:59:31.971Z",
                "agent": {
                    "ephemeral_id": "64b72b79-c8b3-44d5-8efc-41706d768842",
                    "hostname": "CLIENT1",
                    "id": "cd699c72-0f46-4cd9-938a-43faf035a44a",
                    "name": "CLIENT1",
                    "type": "winlogbeat",
                    "version": "7.10.2"
                },
                "ecs": {
                    "version": "1.5.0"
                },
                "event": {
                    "action": "File created (rule: FileCreate)",
                    "category": [
                        "file"
                    ],
                    "code": 11,
                    "created": "2022-10-10T10:00:28.231Z",
                    "kind": "event",
                    "module": "sysmon",
                    "provider": "Microsoft-Windows-Sysmon",
                    "type": [
                        "creation"
                    ]
                },
                "file": {
                    "directory": "C:\\Users\\client1\\AppData\\Local\\Microsoft\\OneDrive\\19.043.0304.0013",
                    "extension": "dll",
                    "name": "api-ms-win-core-namedpipe-l1-1-0.dll",
                    "path": "C:\\Users\\client1\\AppData\\Local\\Microsoft\\OneDrive\\19.043.0304.0013\\api-ms-win-core-namedpipe-l1-1-0.dll"
                },
                "host": {
                    "name": "CLIENT1.breach.local"
                },
                "log": {
                    "level": "information"
                },
                "message": "File created:\nRuleName: DLL\nUtcTime: 2022-10-10 09:59:31.971\nProcessGuid: {0e37ca90-ed02-6343-9f00-000000000500}\nProcessId: 7000\nImage: C:\\Windows\\SysWOW64\\OneDriveSetup.exe\nTargetFilename: C:\\Users\\client1\\AppData\\Local\\Microsoft\\OneDrive\\19.043.0304.0013\\api-ms-win-core-namedpipe-l1-1-0.dll\nCreationUtcTime: 2022-10-10 09:59:31.971\nUser: BREACH\\client1",
                "process": {
                    "entity_id": "{0e37ca90-ed02-6343-9f00-000000000500}",
                    "executable": "C:\\Windows\\SysWOW64\\OneDriveSetup.exe",
                    "name": "OneDriveSetup.exe",
                    "pid": 7000
                },
                "rule": {
                    "name": "DLL"
                },
                "winlog": {
                    "api": "wineventlog",
                    "channel": "Microsoft-Windows-Sysmon/Operational",
                    "computer_name": "CLIENT1.breach.local",
                    "event_data": {
                        "CreationUtcTime": "2022-10-10 09:59:31.971",
                        "User": "BREACH\\client1"
                    },
                    "event_id": 11,
                    "opcode": "Info",
                    "process": {
                        "pid": 1160,
                        "thread": {
                            "id": 2496
                        }
                    },
                    "provider_guid": "{5770385f-c22a-43e0-bf4c-06f5698ffbd9}",
                    "provider_name": "Microsoft-Windows-Sysmon",
                    "record_id": 1508,
                    "task": "File created (rule: FileCreate)",
                    "user": {
                        "domain": "NT AUTHORITY",
                        "identifier": "S-1-5-18",
                        "name": "SYSTEM",
                        "type": "User"
                    },
                    "version": 2
                }
            }
        },
        "name": "Rename Common File to DLL File",
        "timestamp": "2022-10-10T09:59:31.971+00:00",
        "authors": [
            "frack113"
        ],
        "level": "medium",
        "source": "sigma",
        "status": "experimental",
        "falsepositives": [
            "Application installation"
        ],
        "id": "bbfd974c-248e-4435-8de6-1e938c79c5c1",
        "logsource": {
            "category": "file_rename",
            "product": "windows"
        },
        "references": [
            "https://twitter.com/ffforward/status/1481672378639912960",
            "https://github.com/redcanaryco/atomic-red-team/blob/f339e7da7d05f6057fdfcdd3742bfcf365fee2a9/atomics/T1036/T1036.md#atomic-test-1---system-file-copied-to-unusual-location"
        ]
    },
    {
        "group": "Sigma",
        "kind": "individual",
        "document": {
            "kind": "jsonl",
            "data": {
                "@timestamp": "2022-10-10T09:59:31.987Z",
                "agent": {
                    "ephemeral_id": "64b72b79-c8b3-44d5-8efc-41706d768842",
                    "hostname": "CLIENT1",
                    "id": "cd699c72-0f46-4cd9-938a-43faf035a44a",
                    "name": "CLIENT1",
                    "type": "winlogbeat",
                    "version": "7.10.2"
                },
                "ecs": {
                    "version": "1.5.0"
                },
                "event": {
                    "action": "File created (rule: FileCreate)",
                    "category": [
                        "file"
                    ],
                    "code": 11,
                    "created": "2022-10-10T10:00:28.231Z",
                    "kind": "event",
                    "module": "sysmon",
                    "provider": "Microsoft-Windows-Sysmon",
                    "type": [
                        "creation"
                    ]
                },
                "file": {
                    "directory": "C:\\Users\\client1\\AppData\\Local\\Microsoft\\OneDrive\\19.043.0304.0013",
                    "extension": "dll",
                    "name": "api-ms-win-core-processenvironment-l1-1-0.dll",
                    "path": "C:\\Users\\client1\\AppData\\Local\\Microsoft\\OneDrive\\19.043.0304.0013\\api-ms-win-core-processenvironment-l1-1-0.dll"
                },
                "host": {
                    "name": "CLIENT1.breach.local"
                },
                "log": {
                    "level": "information"
                },
                "message": "File created:\nRuleName: DLL\nUtcTime: 2022-10-10 09:59:31.987\nProcessGuid: {0e37ca90-ed02-6343-9f00-000000000500}\nProcessId: 7000\nImage: C:\\Windows\\SysWOW64\\OneDriveSetup.exe\nTargetFilename: C:\\Users\\client1\\AppData\\Local\\Microsoft\\OneDrive\\19.043.0304.0013\\api-ms-win-core-processenvironment-l1-1-0.dll\nCreationUtcTime: 2022-10-10 09:59:31.987\nUser: BREACH\\client1",
                "process": {
                    "entity_id": "{0e37ca90-ed02-6343-9f00-000000000500}",
                    "executable": "C:\\Windows\\SysWOW64\\OneDriveSetup.exe",
                    "name": "OneDriveSetup.exe",
                    "pid": 7000
                },
                "rule": {
                    "name": "DLL"
                },
                "winlog": {
                    "api": "wineventlog",
                    "channel": "Microsoft-Windows-Sysmon/Operational",
                    "computer_name": "CLIENT1.breach.local",
                    "event_data": {
                        "CreationUtcTime": "2022-10-10 09:59:31.987",
                        "User": "BREACH\\client1"
                    },
                    "event_id": 11,
                    "opcode": "Info",
                    "process": {
                        "pid": 1160,
                        "thread": {
                            "id": 2496
                        }
                    },
                    "provider_guid": "{5770385f-c22a-43e0-bf4c-06f5698ffbd9}",
                    "provider_name": "Microsoft-Windows-Sysmon",
                    "record_id": 1509,
                    "task": "File created (rule: FileCreate)",
                    "user": {
                        "domain": "NT AUTHORITY",
                        "identifier": "S-1-5-18",
                        "name": "SYSTEM",
                        "type": "User"
                    },
                    "version": 2
                }
            }
        },
        "name": "Rename Common File to DLL File",
        "timestamp": "2022-10-10T09:59:31.987+00:00",
        "authors": [
            "frack113"
        ],
        "level": "medium",
        "source": "sigma",
        "status": "experimental",
        "falsepositives": [
            "Application installation"
        ],
        "id": "bbfd974c-248e-4435-8de6-1e938c79c5c1",
        "logsource": {
            "category": "file_rename",
            "product": "windows"
        },
        "references": [
            "https://twitter.com/ffforward/status/1481672378639912960",
            "https://github.com/redcanaryco/atomic-red-team/blob/f339e7da7d05f6057fdfcdd3742bfcf365fee2a9/atomics/T1036/T1036.md#atomic-test-1---system-file-copied-to-unusual-location"
        ]
    },
    {
        "group": "Sigma",
        "kind": "individual",
        "document": {
            "kind": "jsonl",
            "data": {
                "@timestamp": "2022-10-10T09:59:32.004Z",
                "agent": {
                    "ephemeral_id": "64b72b79-c8b3-44d5-8efc-41706d768842",
                    "hostname": "CLIENT1",
                    "id": "cd699c72-0f46-4cd9-938a-43faf035a44a",
                    "name": "CLIENT1",
                    "type": "winlogbeat",
                    "version": "7.10.2"
                },
                "ecs": {
                    "version": "1.5.0"
                },
                "event": {
                    "action": "File created (rule: FileCreate)",
                    "category": [
                        "file"
                    ],
                    "code": 11,
                    "created": "2022-10-10T10:00:28.231Z",
                    "kind": "event",
                    "module": "sysmon",
                    "provider": "Microsoft-Windows-Sysmon",
                    "type": [
                        "creation"
                    ]
                },
                "file": {
                    "directory": "C:\\Users\\client1\\AppData\\Local\\Microsoft\\OneDrive\\19.043.0304.0013",
                    "extension": "dll",
                    "name": "api-ms-win-core-processthreads-l1-1-0.dll",
                    "path": "C:\\Users\\client1\\AppData\\Local\\Microsoft\\OneDrive\\19.043.0304.0013\\api-ms-win-core-processthreads-l1-1-0.dll"
                },
                "host": {
                    "name": "CLIENT1.breach.local"
                },
                "log": {
                    "level": "information"
                },
                "message": "File created:\nRuleName: DLL\nUtcTime: 2022-10-10 09:59:32.004\nProcessGuid: {0e37ca90-ed02-6343-9f00-000000000500}\nProcessId: 7000\nImage: C:\\Windows\\SysWOW64\\OneDriveSetup.exe\nTargetFilename: C:\\Users\\client1\\AppData\\Local\\Microsoft\\OneDrive\\19.043.0304.0013\\api-ms-win-core-processthreads-l1-1-0.dll\nCreationUtcTime: 2022-10-10 09:59:32.004\nUser: BREACH\\client1",
                "process": {
                    "entity_id": "{0e37ca90-ed02-6343-9f00-000000000500}",
                    "executable": "C:\\Windows\\SysWOW64\\OneDriveSetup.exe",
                    "name": "OneDriveSetup.exe",
                    "pid": 7000
                },
                "rule": {
                    "name": "DLL"
                },
                "winlog": {
                    "api": "wineventlog",
                    "channel": "Microsoft-Windows-Sysmon/Operational",
                    "computer_name": "CLIENT1.breach.local",
                    "event_data": {
                        "CreationUtcTime": "2022-10-10 09:59:32.004",
                        "User": "BREACH\\client1"
                    },
                    "event_id": 11,
                    "opcode": "Info",
                    "process": {
                        "pid": 1160,
                        "thread": {
                            "id": 2496
                        }
                    },
                    "provider_guid": "{5770385f-c22a-43e0-bf4c-06f5698ffbd9}",
                    "provider_name": "Microsoft-Windows-Sysmon",
                    "record_id": 1510,
                    "task": "File created (rule: FileCreate)",
                    "user": {
                        "domain": "NT AUTHORITY",
                        "identifier": "S-1-5-18",
                        "name": "SYSTEM",
                        "type": "User"
                    },
                    "version": 2
                }
            }
        },
        "name": "Rename Common File to DLL File",
        "timestamp": "2022-10-10T09:59:32.004+00:00",
        "authors": [
            "frack113"
        ],
        "level": "medium",
        "source": "sigma",
        "status": "experimental",
        "falsepositives": [
            "Application installation"
        ],
        "id": "bbfd974c-248e-4435-8de6-1e938c79c5c1",
        "logsource": {
            "category": "file_rename",
            "product": "windows"
        },
        "references": [
            "https://twitter.com/ffforward/status/1481672378639912960",
            "https://github.com/redcanaryco/atomic-red-team/blob/f339e7da7d05f6057fdfcdd3742bfcf365fee2a9/atomics/T1036/T1036.md#atomic-test-1---system-file-copied-to-unusual-location"
        ]
    },
    {
        "group": "Sigma",
        "kind": "individual",
        "document": {
            "kind": "jsonl",
            "data": {
                "@timestamp": "2022-10-10T09:59:32.022Z",
                "agent": {
                    "ephemeral_id": "64b72b79-c8b3-44d5-8efc-41706d768842",
                    "hostname": "CLIENT1",
                    "id": "cd699c72-0f46-4cd9-938a-43faf035a44a",
                    "name": "CLIENT1",
                    "type": "winlogbeat",
                    "version": "7.10.2"
                },
                "ecs": {
                    "version": "1.5.0"
                },
                "event": {
                    "action": "File created (rule: FileCreate)",
                    "category": [
                        "file"
                    ],
                    "code": 11,
                    "created": "2022-10-10T10:00:28.231Z",
                    "kind": "event",
                    "module": "sysmon",
                    "provider": "Microsoft-Windows-Sysmon",
                    "type": [
                        "creation"
                    ]
                },
                "file": {
                    "directory": "C:\\Users\\client1\\AppData\\Local\\Microsoft\\OneDrive\\19.043.0304.0013",
                    "extension": "dll",
                    "name": "api-ms-win-core-processthreads-l1-1-1.dll",
                    "path": "C:\\Users\\client1\\AppData\\Local\\Microsoft\\OneDrive\\19.043.0304.0013\\api-ms-win-core-processthreads-l1-1-1.dll"
                },
                "host": {
                    "name": "CLIENT1.breach.local"
                },
                "log": {
                    "level": "information"
                },
                "message": "File created:\nRuleName: DLL\nUtcTime: 2022-10-10 09:59:32.022\nProcessGuid: {0e37ca90-ed02-6343-9f00-000000000500}\nProcessId: 7000\nImage: C:\\Windows\\SysWOW64\\OneDriveSetup.exe\nTargetFilename: C:\\Users\\client1\\AppData\\Local\\Microsoft\\OneDrive\\19.043.0304.0013\\api-ms-win-core-processthreads-l1-1-1.dll\nCreationUtcTime: 2022-10-10 09:59:32.022\nUser: BREACH\\client1",
                "process": {
                    "entity_id": "{0e37ca90-ed02-6343-9f00-000000000500}",
                    "executable": "C:\\Windows\\SysWOW64\\OneDriveSetup.exe",
                    "name": "OneDriveSetup.exe",
                    "pid": 7000
                },
                "rule": {
                    "name": "DLL"
                },
                "winlog": {
                    "api": "wineventlog",
                    "channel": "Microsoft-Windows-Sysmon/Operational",
                    "computer_name": "CLIENT1.breach.local",
                    "event_data": {
                        "CreationUtcTime": "2022-10-10 09:59:32.022",
                        "User": "BREACH\\client1"
                    },
                    "event_id": 11,
                    "opcode": "Info",
                    "process": {
                        "pid": 1160,
                        "thread": {
                            "id": 2496
                        }
                    },
                    "provider_guid": "{5770385f-c22a-43e0-bf4c-06f5698ffbd9}",
                    "provider_name": "Microsoft-Windows-Sysmon",
                    "record_id": 1511,
                    "task": "File created (rule: FileCreate)",
                    "user": {
                        "domain": "NT AUTHORITY",
                        "identifier": "S-1-5-18",
                        "name": "SYSTEM",
                        "type": "User"
                    },
                    "version": 2
                }
            }
        },
        "name": "Rename Common File to DLL File",
        "timestamp": "2022-10-10T09:59:32.022+00:00",
        "authors": [
            "frack113"
        ],
        "level": "medium",
        "source": "sigma",
        "status": "experimental",
        "falsepositives": [
            "Application installation"
        ],
        "id": "bbfd974c-248e-4435-8de6-1e938c79c5c1",
        "logsource": {
            "category": "file_rename",
            "product": "windows"
        },
        "references": [
            "https://twitter.com/ffforward/status/1481672378639912960",
            "https://github.com/redcanaryco/atomic-red-team/blob/f339e7da7d05f6057fdfcdd3742bfcf365fee2a9/atomics/T1036/T1036.md#atomic-test-1---system-file-copied-to-unusual-location"
        ]
    },
    {
        "group": "Sigma",
        "kind": "individual",
        "document": {
            "kind": "jsonl",
            "data": {
                "@timestamp": "2022-10-10T09:59:32.037Z",
                "agent": {
                    "ephemeral_id": "64b72b79-c8b3-44d5-8efc-41706d768842",
                    "hostname": "CLIENT1",
                    "id": "cd699c72-0f46-4cd9-938a-43faf035a44a",
                    "name": "CLIENT1",
                    "type": "winlogbeat",
                    "version": "7.10.2"
                },
                "ecs": {
                    "version": "1.5.0"
                },
                "event": {
                    "action": "File created (rule: FileCreate)",
                    "category": [
                        "file"
                    ],
                    "code": 11,
                    "created": "2022-10-10T10:00:28.231Z",
                    "kind": "event",
                    "module": "sysmon",
                    "provider": "Microsoft-Windows-Sysmon",
                    "type": [
                        "creation"
                    ]
                },
                "file": {
                    "directory": "C:\\Users\\client1\\AppData\\Local\\Microsoft\\OneDrive\\19.043.0304.0013",
                    "extension": "dll",
                    "name": "api-ms-win-core-profile-l1-1-0.dll",
                    "path": "C:\\Users\\client1\\AppData\\Local\\Microsoft\\OneDrive\\19.043.0304.0013\\api-ms-win-core-profile-l1-1-0.dll"
                },
                "host": {
                    "name": "CLIENT1.breach.local"
                },
                "log": {
                    "level": "information"
                },
                "message": "File created:\nRuleName: DLL\nUtcTime: 2022-10-10 09:59:32.037\nProcessGuid: {0e37ca90-ed02-6343-9f00-000000000500}\nProcessId: 7000\nImage: C:\\Windows\\SysWOW64\\OneDriveSetup.exe\nTargetFilename: C:\\Users\\client1\\AppData\\Local\\Microsoft\\OneDrive\\19.043.0304.0013\\api-ms-win-core-profile-l1-1-0.dll\nCreationUtcTime: 2022-10-10 09:59:32.037\nUser: BREACH\\client1",
                "process": {
                    "entity_id": "{0e37ca90-ed02-6343-9f00-000000000500}",
                    "executable": "C:\\Windows\\SysWOW64\\OneDriveSetup.exe",
                    "name": "OneDriveSetup.exe",
                    "pid": 7000
                },
                "rule": {
                    "name": "DLL"
                },
                "winlog": {
                    "api": "wineventlog",
                    "channel": "Microsoft-Windows-Sysmon/Operational",
                    "computer_name": "CLIENT1.breach.local",
                    "event_data": {
                        "CreationUtcTime": "2022-10-10 09:59:32.037",
                        "User": "BREACH\\client1"
                    },
                    "event_id": 11,
                    "opcode": "Info",
                    "process": {
                        "pid": 1160,
                        "thread": {
                            "id": 2496
                        }
                    },
                    "provider_guid": "{5770385f-c22a-43e0-bf4c-06f5698ffbd9}",
                    "provider_name": "Microsoft-Windows-Sysmon",
                    "record_id": 1512,
                    "task": "File created (rule: FileCreate)",
                    "user": {
                        "domain": "NT AUTHORITY",
                        "identifier": "S-1-5-18",
                        "name": "SYSTEM",
                        "type": "User"
                    },
                    "version": 2
                }
            }
        },
        "name": "Rename Common File to DLL File",
        "timestamp": "2022-10-10T09:59:32.037+00:00",
        "authors": [
            "frack113"
        ],
        "level": "medium",
        "source": "sigma",
        "status": "experimental",
        "falsepositives": [
            "Application installation"
        ],
        "id": "bbfd974c-248e-4435-8de6-1e938c79c5c1",
        "logsource": {
            "category": "file_rename",
            "product": "windows"
        },
        "references": [
            "https://twitter.com/ffforward/status/1481672378639912960",
            "https://github.com/redcanaryco/atomic-red-team/blob/f339e7da7d05f6057fdfcdd3742bfcf365fee2a9/atomics/T1036/T1036.md#atomic-test-1---system-file-copied-to-unusual-location"
        ]
    },
    {
        "group": "Sigma",
        "kind": "individual",
        "document": {
            "kind": "jsonl",
            "data": {
                "@timestamp": "2022-10-10T09:59:32.037Z",
                "agent": {
                    "ephemeral_id": "64b72b79-c8b3-44d5-8efc-41706d768842",
                    "hostname": "CLIENT1",
                    "id": "cd699c72-0f46-4cd9-938a-43faf035a44a",
                    "name": "CLIENT1",
                    "type": "winlogbeat",
                    "version": "7.10.2"
                },
                "ecs": {
                    "version": "1.5.0"
                },
                "event": {
                    "action": "File created (rule: FileCreate)",
                    "category": [
                        "file"
                    ],
                    "code": 11,
                    "created": "2022-10-10T10:00:28.231Z",
                    "kind": "event",
                    "module": "sysmon",
                    "provider": "Microsoft-Windows-Sysmon",
                    "type": [
                        "creation"
                    ]
                },
                "file": {
                    "directory": "C:\\Users\\client1\\AppData\\Local\\Microsoft\\OneDrive\\19.043.0304.0013",
                    "extension": "dll",
                    "name": "api-ms-win-core-rtlsupport-l1-1-0.dll",
                    "path": "C:\\Users\\client1\\AppData\\Local\\Microsoft\\OneDrive\\19.043.0304.0013\\api-ms-win-core-rtlsupport-l1-1-0.dll"
                },
                "host": {
                    "name": "CLIENT1.breach.local"
                },
                "log": {
                    "level": "information"
                },
                "message": "File created:\nRuleName: DLL\nUtcTime: 2022-10-10 09:59:32.037\nProcessGuid: {0e37ca90-ed02-6343-9f00-000000000500}\nProcessId: 7000\nImage: C:\\Windows\\SysWOW64\\OneDriveSetup.exe\nTargetFilename: C:\\Users\\client1\\AppData\\Local\\Microsoft\\OneDrive\\19.043.0304.0013\\api-ms-win-core-rtlsupport-l1-1-0.dll\nCreationUtcTime: 2022-10-10 09:59:32.037\nUser: BREACH\\client1",
                "process": {
                    "entity_id": "{0e37ca90-ed02-6343-9f00-000000000500}",
                    "executable": "C:\\Windows\\SysWOW64\\OneDriveSetup.exe",
                    "name": "OneDriveSetup.exe",
                    "pid": 7000
                },
                "rule": {
                    "name": "DLL"
                },
                "winlog": {
                    "api": "wineventlog",
                    "channel": "Microsoft-Windows-Sysmon/Operational",
                    "computer_name": "CLIENT1.breach.local",
                    "event_data": {
                        "CreationUtcTime": "2022-10-10 09:59:32.037",
                        "User": "BREACH\\client1"
                    },
                    "event_id": 11,
                    "opcode": "Info",
                    "process": {
                        "pid": 1160,
                        "thread": {
                            "id": 2496
                        }
                    },
                    "provider_guid": "{5770385f-c22a-43e0-bf4c-06f5698ffbd9}",
                    "provider_name": "Microsoft-Windows-Sysmon",
                    "record_id": 1513,
                    "task": "File created (rule: FileCreate)",
                    "user": {
                        "domain": "NT AUTHORITY",
                        "identifier": "S-1-5-18",
                        "name": "SYSTEM",
                        "type": "User"
                    },
                    "version": 2
                }
            }
        },
        "name": "Rename Common File to DLL File",
        "timestamp": "2022-10-10T09:59:32.037+00:00",
        "authors": [
            "frack113"
        ],
        "level": "medium",
        "source": "sigma",
        "status": "experimental",
        "falsepositives": [
            "Application installation"
        ],
        "id": "bbfd974c-248e-4435-8de6-1e938c79c5c1",
        "logsource": {
            "category": "file_rename",
            "product": "windows"
        },
        "references": [
            "https://twitter.com/ffforward/status/1481672378639912960",
            "https://github.com/redcanaryco/atomic-red-team/blob/f339e7da7d05f6057fdfcdd3742bfcf365fee2a9/atomics/T1036/T1036.md#atomic-test-1---system-file-copied-to-unusual-location"
        ]
    },
    {
        "group": "Sigma",
        "kind": "individual",
        "document": {
            "kind": "jsonl",
            "data": {
                "@timestamp": "2022-10-10T09:59:32.052Z",
                "agent": {
                    "ephemeral_id": "64b72b79-c8b3-44d5-8efc-41706d768842",
                    "hostname": "CLIENT1",
                    "id": "cd699c72-0f46-4cd9-938a-43faf035a44a",
                    "name": "CLIENT1",
                    "type": "winlogbeat",
                    "version": "7.10.2"
                },
                "ecs": {
                    "version": "1.5.0"
                },
                "event": {
                    "action": "File created (rule: FileCreate)",
                    "category": [
                        "file"
                    ],
                    "code": 11,
                    "created": "2022-10-10T10:00:28.231Z",
                    "kind": "event",
                    "module": "sysmon",
                    "provider": "Microsoft-Windows-Sysmon",
                    "type": [
                        "creation"
                    ]
                },
                "file": {
                    "directory": "C:\\Users\\client1\\AppData\\Local\\Microsoft\\OneDrive\\19.043.0304.0013",
                    "extension": "dll",
                    "name": "api-ms-win-core-string-l1-1-0.dll",
                    "path": "C:\\Users\\client1\\AppData\\Local\\Microsoft\\OneDrive\\19.043.0304.0013\\api-ms-win-core-string-l1-1-0.dll"
                },
                "host": {
                    "name": "CLIENT1.breach.local"
                },
                "log": {
                    "level": "information"
                },
                "message": "File created:\nRuleName: DLL\nUtcTime: 2022-10-10 09:59:32.052\nProcessGuid: {0e37ca90-ed02-6343-9f00-000000000500}\nProcessId: 7000\nImage: C:\\Windows\\SysWOW64\\OneDriveSetup.exe\nTargetFilename: C:\\Users\\client1\\AppData\\Local\\Microsoft\\OneDrive\\19.043.0304.0013\\api-ms-win-core-string-l1-1-0.dll\nCreationUtcTime: 2022-10-10 09:59:32.052\nUser: BREACH\\client1",
                "process": {
                    "entity_id": "{0e37ca90-ed02-6343-9f00-000000000500}",
                    "executable": "C:\\Windows\\SysWOW64\\OneDriveSetup.exe",
                    "name": "OneDriveSetup.exe",
                    "pid": 7000
                },
                "rule": {
                    "name": "DLL"
                },
                "winlog": {
                    "api": "wineventlog",
                    "channel": "Microsoft-Windows-Sysmon/Operational",
                    "computer_name": "CLIENT1.breach.local",
                    "event_data": {
                        "CreationUtcTime": "2022-10-10 09:59:32.052",
                        "User": "BREACH\\client1"
                    },
                    "event_id": 11,
                    "opcode": "Info",
                    "process": {
                        "pid": 1160,
                        "thread": {
                            "id": 2496
                        }
                    },
                    "provider_guid": "{5770385f-c22a-43e0-bf4c-06f5698ffbd9}",
                    "provider_name": "Microsoft-Windows-Sysmon",
                    "record_id": 1514,
                    "task": "File created (rule: FileCreate)",
                    "user": {
                        "domain": "NT AUTHORITY",
                        "identifier": "S-1-5-18",
                        "name": "SYSTEM",
                        "type": "User"
                    },
                    "version": 2
                }
            }
        },
        "name": "Rename Common File to DLL File",
        "timestamp": "2022-10-10T09:59:32.052+00:00",
        "authors": [
            "frack113"
        ],
        "level": "medium",
        "source": "sigma",
        "status": "experimental",
        "falsepositives": [
            "Application installation"
        ],
        "id": "bbfd974c-248e-4435-8de6-1e938c79c5c1",
        "logsource": {
            "category": "file_rename",
            "product": "windows"
        },
        "references": [
            "https://twitter.com/ffforward/status/1481672378639912960",
            "https://github.com/redcanaryco/atomic-red-team/blob/f339e7da7d05f6057fdfcdd3742bfcf365fee2a9/atomics/T1036/T1036.md#atomic-test-1---system-file-copied-to-unusual-location"
        ]
    },
    {
        "group": "Sigma",
        "kind": "individual",
        "document": {
            "kind": "jsonl",
            "data": {
                "@timestamp": "2022-10-10T09:59:32.066Z",
                "agent": {
                    "ephemeral_id": "64b72b79-c8b3-44d5-8efc-41706d768842",
                    "hostname": "CLIENT1",
                    "id": "cd699c72-0f46-4cd9-938a-43faf035a44a",
                    "name": "CLIENT1",
                    "type": "winlogbeat",
                    "version": "7.10.2"
                },
                "ecs": {
                    "version": "1.5.0"
                },
                "event": {
                    "action": "File created (rule: FileCreate)",
                    "category": [
                        "file"
                    ],
                    "code": 11,
                    "created": "2022-10-10T10:00:28.231Z",
                    "kind": "event",
                    "module": "sysmon",
                    "provider": "Microsoft-Windows-Sysmon",
                    "type": [
                        "creation"
                    ]
                },
                "file": {
                    "directory": "C:\\Users\\client1\\AppData\\Local\\Microsoft\\OneDrive\\19.043.0304.0013",
                    "extension": "dll",
                    "name": "api-ms-win-core-synch-l1-1-0.dll",
                    "path": "C:\\Users\\client1\\AppData\\Local\\Microsoft\\OneDrive\\19.043.0304.0013\\api-ms-win-core-synch-l1-1-0.dll"
                },
                "host": {
                    "name": "CLIENT1.breach.local"
                },
                "log": {
                    "level": "information"
                },
                "message": "File created:\nRuleName: DLL\nUtcTime: 2022-10-10 09:59:32.066\nProcessGuid: {0e37ca90-ed02-6343-9f00-000000000500}\nProcessId: 7000\nImage: C:\\Windows\\SysWOW64\\OneDriveSetup.exe\nTargetFilename: C:\\Users\\client1\\AppData\\Local\\Microsoft\\OneDrive\\19.043.0304.0013\\api-ms-win-core-synch-l1-1-0.dll\nCreationUtcTime: 2022-10-10 09:59:32.066\nUser: BREACH\\client1",
                "process": {
                    "entity_id": "{0e37ca90-ed02-6343-9f00-000000000500}",
                    "executable": "C:\\Windows\\SysWOW64\\OneDriveSetup.exe",
                    "name": "OneDriveSetup.exe",
                    "pid": 7000
                },
                "rule": {
                    "name": "DLL"
                },
                "winlog": {
                    "api": "wineventlog",
                    "channel": "Microsoft-Windows-Sysmon/Operational",
                    "computer_name": "CLIENT1.breach.local",
                    "event_data": {
                        "CreationUtcTime": "2022-10-10 09:59:32.066",
                        "User": "BREACH\\client1"
                    },
                    "event_id": 11,
                    "opcode": "Info",
                    "process": {
                        "pid": 1160,
                        "thread": {
                            "id": 2496
                        }
                    },
                    "provider_guid": "{5770385f-c22a-43e0-bf4c-06f5698ffbd9}",
                    "provider_name": "Microsoft-Windows-Sysmon",
                    "record_id": 1515,
                    "task": "File created (rule: FileCreate)",
                    "user": {
                        "domain": "NT AUTHORITY",
                        "identifier": "S-1-5-18",
                        "name": "SYSTEM",
                        "type": "User"
                    },
                    "version": 2
                }
            }
        },
        "name": "Rename Common File to DLL File",
        "timestamp": "2022-10-10T09:59:32.066+00:00",
        "authors": [
            "frack113"
        ],
        "level": "medium",
        "source": "sigma",
        "status": "experimental",
        "falsepositives": [
            "Application installation"
        ],
        "id": "bbfd974c-248e-4435-8de6-1e938c79c5c1",
        "logsource": {
            "category": "file_rename",
            "product": "windows"
        },
        "references": [
            "https://twitter.com/ffforward/status/1481672378639912960",
            "https://github.com/redcanaryco/atomic-red-team/blob/f339e7da7d05f6057fdfcdd3742bfcf365fee2a9/atomics/T1036/T1036.md#atomic-test-1---system-file-copied-to-unusual-location"
        ]
    },
