    {
        "group": "Sigma",
        "kind": "individual",
        "document": {
            "kind": "jsonl",
            "data": {
                "@timestamp": "2022-10-10T09:57:55.754Z",
                "agent": {
                    "ephemeral_id": "64b72b79-c8b3-44d5-8efc-41706d768842",
                    "hostname": "CLIENT1",
                    "id": "cd699c72-0f46-4cd9-938a-43faf035a44a",
                    "name": "CLIENT1",
                    "type": "winlogbeat",
                    "version": "7.10.2"
                },
                "ecs": {
                    "version": "1.5.0"
                },
                "event": {
                    "action": "File created (rule: FileCreate)",
                    "category": [
                        "file"
                    ],
                    "code": 11,
                    "created": "2022-10-10T10:00:27.610Z",
                    "kind": "event",
                    "module": "sysmon",
                    "provider": "Microsoft-Windows-Sysmon",
                    "type": [
                        "creation"
                    ]
                },
                "file": {
                    "directory": "C:\\Users\\setup\\AppData\\Local\\Microsoft\\OneDrive\\19.043.0304.0013",
                    "extension": "dll",
                    "name": "libEGL.dll",
                    "path": "C:\\Users\\setup\\AppData\\Local\\Microsoft\\OneDrive\\19.043.0304.0013\\libEGL.dll"
                },
                "host": {
                    "name": "CLIENT1"
                },
                "log": {
                    "level": "information"
                },
                "message": "File created:\nRuleName: DLL\nUtcTime: 2022-10-10 09:57:55.754\nProcessGuid: {0e37ca90-eca3-6343-6200-000000000400}\nProcessId: 4712\nImage: C:\\Windows\\SysWOW64\\OneDriveSetup.exe\nTargetFilename: C:\\Users\\setup\\AppData\\Local\\Microsoft\\OneDrive\\19.043.0304.0013\\libEGL.dll\nCreationUtcTime: 2022-10-10 09:57:55.754\nUser: CLIENT1\\setup",
                "process": {
                    "entity_id": "{0e37ca90-eca3-6343-6200-000000000400}",
                    "executable": "C:\\Windows\\SysWOW64\\OneDriveSetup.exe",
                    "name": "OneDriveSetup.exe",
                    "pid": 4712
                },
                "rule": {
                    "name": "DLL"
                },
                "winlog": {
                    "api": "wineventlog",
                    "channel": "Microsoft-Windows-Sysmon/Operational",
                    "computer_name": "CLIENT1",
                    "event_data": {
                        "CreationUtcTime": "2022-10-10 09:57:55.754",
                        "User": "CLIENT1\\setup"
                    },
                    "event_id": 11,
                    "opcode": "Info",
                    "process": {
                        "pid": 2052,
                        "thread": {
                            "id": 2532
                        }
                    },
                    "provider_guid": "{5770385f-c22a-43e0-bf4c-06f5698ffbd9}",
                    "provider_name": "Microsoft-Windows-Sysmon",
                    "record_id": 1024,
                    "task": "File created (rule: FileCreate)",
                    "user": {
                        "domain": "NT AUTHORITY",
                        "identifier": "S-1-5-18",
                        "name": "SYSTEM",
                        "type": "User"
                    },
                    "version": 2
                }
            }
        },
        "name": "Rename Common File to DLL File",
        "timestamp": "2022-10-10T09:57:55.754+00:00",
        "authors": [
            "frack113"
        ],
        "level": "medium",
        "source": "sigma",
        "status": "experimental",
        "falsepositives": [
            "Application installation"
        ],
        "id": "bbfd974c-248e-4435-8de6-1e938c79c5c1",
        "logsource": {
            "category": "file_rename",
            "product": "windows"
        },
        "references": [
            "https://twitter.com/ffforward/status/1481672378639912960",
            "https://github.com/redcanaryco/atomic-red-team/blob/f339e7da7d05f6057fdfcdd3742bfcf365fee2a9/atomics/T1036/T1036.md#atomic-test-1---system-file-copied-to-unusual-location"
        ]
    },
    {
        "group": "Sigma",
        "kind": "individual",
        "document": {
            "kind": "jsonl",
            "data": {
                "@timestamp": "2022-10-10T09:57:55.754Z",
                "agent": {
                    "ephemeral_id": "64b72b79-c8b3-44d5-8efc-41706d768842",
                    "hostname": "CLIENT1",
                    "id": "cd699c72-0f46-4cd9-938a-43faf035a44a",
                    "name": "CLIENT1",
                    "type": "winlogbeat",
                    "version": "7.10.2"
                },
                "ecs": {
                    "version": "1.5.0"
                },
                "event": {
                    "action": "File created (rule: FileCreate)",
                    "category": [
                        "file"
                    ],
                    "code": 11,
                    "created": "2022-10-10T10:00:27.610Z",
                    "kind": "event",
                    "module": "sysmon",
                    "provider": "Microsoft-Windows-Sysmon",
                    "type": [
                        "creation"
                    ]
                },
                "file": {
                    "directory": "C:\\Users\\setup\\AppData\\Local\\Microsoft\\OneDrive\\19.043.0304.0013",
                    "extension": "dll",
                    "name": "libGLESv2.dll",
                    "path": "C:\\Users\\setup\\AppData\\Local\\Microsoft\\OneDrive\\19.043.0304.0013\\libGLESv2.dll"
                },
                "host": {
                    "name": "CLIENT1"
                },
                "log": {
                    "level": "information"
                },
                "message": "File created:\nRuleName: DLL\nUtcTime: 2022-10-10 09:57:55.754\nProcessGuid: {0e37ca90-eca3-6343-6200-000000000400}\nProcessId: 4712\nImage: C:\\Windows\\SysWOW64\\OneDriveSetup.exe\nTargetFilename: C:\\Users\\setup\\AppData\\Local\\Microsoft\\OneDrive\\19.043.0304.0013\\libGLESv2.dll\nCreationUtcTime: 2022-10-10 09:57:55.754\nUser: CLIENT1\\setup",
                "process": {
                    "entity_id": "{0e37ca90-eca3-6343-6200-000000000400}",
                    "executable": "C:\\Windows\\SysWOW64\\OneDriveSetup.exe",
                    "name": "OneDriveSetup.exe",
                    "pid": 4712
                },
                "rule": {
                    "name": "DLL"
                },
                "winlog": {
                    "api": "wineventlog",
                    "channel": "Microsoft-Windows-Sysmon/Operational",
                    "computer_name": "CLIENT1",
                    "event_data": {
                        "CreationUtcTime": "2022-10-10 09:57:55.754",
                        "User": "CLIENT1\\setup"
                    },
                    "event_id": 11,
                    "opcode": "Info",
                    "process": {
                        "pid": 2052,
                        "thread": {
                            "id": 2532
                        }
                    },
                    "provider_guid": "{5770385f-c22a-43e0-bf4c-06f5698ffbd9}",
                    "provider_name": "Microsoft-Windows-Sysmon",
                    "record_id": 1025,
                    "task": "File created (rule: FileCreate)",
                    "user": {
                        "domain": "NT AUTHORITY",
                        "identifier": "S-1-5-18",
                        "name": "SYSTEM",
                        "type": "User"
                    },
                    "version": 2
                }
            }
        },
        "name": "Rename Common File to DLL File",
        "timestamp": "2022-10-10T09:57:55.754+00:00",
        "authors": [
            "frack113"
        ],
        "level": "medium",
        "source": "sigma",
        "status": "experimental",
        "falsepositives": [
            "Application installation"
        ],
        "id": "bbfd974c-248e-4435-8de6-1e938c79c5c1",
        "logsource": {
            "category": "file_rename",
            "product": "windows"
        },
        "references": [
            "https://twitter.com/ffforward/status/1481672378639912960",
            "https://github.com/redcanaryco/atomic-red-team/blob/f339e7da7d05f6057fdfcdd3742bfcf365fee2a9/atomics/T1036/T1036.md#atomic-test-1---system-file-copied-to-unusual-location"
        ]
    },
    {
        "group": "Sigma",
        "kind": "individual",
        "document": {
            "kind": "jsonl",
            "data": {
                "@timestamp": "2022-10-10T09:57:55.786Z",
                "agent": {
                    "ephemeral_id": "64b72b79-c8b3-44d5-8efc-41706d768842",
                    "hostname": "CLIENT1",
                    "id": "cd699c72-0f46-4cd9-938a-43faf035a44a",
                    "name": "CLIENT1",
                    "type": "winlogbeat",
                    "version": "7.10.2"
                },
                "ecs": {
                    "version": "1.5.0"
                },
                "event": {
                    "action": "File created (rule: FileCreate)",
                    "category": [
                        "file"
                    ],
                    "code": 11,
                    "created": "2022-10-10T10:00:27.610Z",
                    "kind": "event",
                    "module": "sysmon",
                    "provider": "Microsoft-Windows-Sysmon",
                    "type": [
                        "creation"
                    ]
                },
                "file": {
                    "directory": "C:\\Users\\setup\\AppData\\Local\\Microsoft\\OneDrive\\19.043.0304.0013",
                    "extension": "dll",
                    "name": "LoggingPlatform.dll",
                    "path": "C:\\Users\\setup\\AppData\\Local\\Microsoft\\OneDrive\\19.043.0304.0013\\LoggingPlatform.dll"
                },
                "host": {
                    "name": "CLIENT1"
                },
                "log": {
                    "level": "information"
                },
                "message": "File created:\nRuleName: DLL\nUtcTime: 2022-10-10 09:57:55.786\nProcessGuid: {0e37ca90-eca3-6343-6200-000000000400}\nProcessId: 4712\nImage: C:\\Windows\\SysWOW64\\OneDriveSetup.exe\nTargetFilename: C:\\Users\\setup\\AppData\\Local\\Microsoft\\OneDrive\\19.043.0304.0013\\LoggingPlatform.dll\nCreationUtcTime: 2022-10-10 09:57:55.786\nUser: CLIENT1\\setup",
                "process": {
                    "entity_id": "{0e37ca90-eca3-6343-6200-000000000400}",
                    "executable": "C:\\Windows\\SysWOW64\\OneDriveSetup.exe",
                    "name": "OneDriveSetup.exe",
                    "pid": 4712
                },
                "rule": {
                    "name": "DLL"
                },
                "winlog": {
                    "api": "wineventlog",
                    "channel": "Microsoft-Windows-Sysmon/Operational",
                    "computer_name": "CLIENT1",
                    "event_data": {
                        "CreationUtcTime": "2022-10-10 09:57:55.786",
                        "User": "CLIENT1\\setup"
                    },
                    "event_id": 11,
                    "opcode": "Info",
                    "process": {
                        "pid": 2052,
                        "thread": {
                            "id": 2532
                        }
                    },
                    "provider_guid": "{5770385f-c22a-43e0-bf4c-06f5698ffbd9}",
                    "provider_name": "Microsoft-Windows-Sysmon",
                    "record_id": 1026,
                    "task": "File created (rule: FileCreate)",
                    "user": {
                        "domain": "NT AUTHORITY",
                        "identifier": "S-1-5-18",
                        "name": "SYSTEM",
                        "type": "User"
                    },
                    "version": 2
                }
            }
        },
        "name": "Rename Common File to DLL File",
        "timestamp": "2022-10-10T09:57:55.786+00:00",
        "authors": [
            "frack113"
        ],
        "level": "medium",
        "source": "sigma",
        "status": "experimental",
        "falsepositives": [
            "Application installation"
        ],
        "id": "bbfd974c-248e-4435-8de6-1e938c79c5c1",
        "logsource": {
            "category": "file_rename",
            "product": "windows"
        },
        "references": [
            "https://twitter.com/ffforward/status/1481672378639912960",
            "https://github.com/redcanaryco/atomic-red-team/blob/f339e7da7d05f6057fdfcdd3742bfcf365fee2a9/atomics/T1036/T1036.md#atomic-test-1---system-file-copied-to-unusual-location"
        ]
    },
    {
        "group": "Sigma",
        "kind": "individual",
        "document": {
            "kind": "jsonl",
            "data": {
                "@timestamp": "2022-10-10T09:57:55.817Z",
                "agent": {
                    "ephemeral_id": "64b72b79-c8b3-44d5-8efc-41706d768842",
                    "hostname": "CLIENT1",
                    "id": "cd699c72-0f46-4cd9-938a-43faf035a44a",
                    "name": "CLIENT1",
                    "type": "winlogbeat",
                    "version": "7.10.2"
                },
                "ecs": {
                    "version": "1.5.0"
                },
                "event": {
                    "action": "File created (rule: FileCreate)",
                    "category": [
                        "file"
                    ],
                    "code": 11,
                    "created": "2022-10-10T10:00:27.610Z",
                    "kind": "event",
                    "module": "sysmon",
                    "provider": "Microsoft-Windows-Sysmon",
                    "type": [
                        "creation"
                    ]
                },
                "file": {
                    "directory": "C:\\Users\\setup\\AppData\\Local\\Microsoft\\OneDrive\\19.043.0304.0013",
                    "extension": "dll",
                    "name": "LogUploader.dll",
                    "path": "C:\\Users\\setup\\AppData\\Local\\Microsoft\\OneDrive\\19.043.0304.0013\\LogUploader.dll"
                },
                "host": {
                    "name": "CLIENT1"
                },
                "log": {
                    "level": "information"
                },
                "message": "File created:\nRuleName: DLL\nUtcTime: 2022-10-10 09:57:55.817\nProcessGuid: {0e37ca90-eca3-6343-6200-000000000400}\nProcessId: 4712\nImage: C:\\Windows\\SysWOW64\\OneDriveSetup.exe\nTargetFilename: C:\\Users\\setup\\AppData\\Local\\Microsoft\\OneDrive\\19.043.0304.0013\\LogUploader.dll\nCreationUtcTime: 2022-10-10 09:57:55.817\nUser: CLIENT1\\setup",
                "process": {
                    "entity_id": "{0e37ca90-eca3-6343-6200-000000000400}",
                    "executable": "C:\\Windows\\SysWOW64\\OneDriveSetup.exe",
                    "name": "OneDriveSetup.exe",
                    "pid": 4712
                },
                "rule": {
                    "name": "DLL"
                },
                "winlog": {
                    "api": "wineventlog",
                    "channel": "Microsoft-Windows-Sysmon/Operational",
                    "computer_name": "CLIENT1",
                    "event_data": {
                        "CreationUtcTime": "2022-10-10 09:57:55.817",
                        "User": "CLIENT1\\setup"
                    },
                    "event_id": 11,
                    "opcode": "Info",
                    "process": {
                        "pid": 2052,
                        "thread": {
                            "id": 2532
                        }
                    },
                    "provider_guid": "{5770385f-c22a-43e0-bf4c-06f5698ffbd9}",
                    "provider_name": "Microsoft-Windows-Sysmon",
                    "record_id": 1027,
                    "task": "File created (rule: FileCreate)",
                    "user": {
                        "domain": "NT AUTHORITY",
                        "identifier": "S-1-5-18",
                        "name": "SYSTEM",
                        "type": "User"
                    },
                    "version": 2
                }
            }
        },
        "name": "Rename Common File to DLL File",
        "timestamp": "2022-10-10T09:57:55.817+00:00",
        "authors": [
            "frack113"
        ],
        "level": "medium",
        "source": "sigma",
        "status": "experimental",
        "falsepositives": [
            "Application installation"
        ],
        "id": "bbfd974c-248e-4435-8de6-1e938c79c5c1",
        "logsource": {
            "category": "file_rename",
            "product": "windows"
        },
        "references": [
            "https://twitter.com/ffforward/status/1481672378639912960",
            "https://github.com/redcanaryco/atomic-red-team/blob/f339e7da7d05f6057fdfcdd3742bfcf365fee2a9/atomics/T1036/T1036.md#atomic-test-1---system-file-copied-to-unusual-location"
        ]
    },
    {
        "group": "Sigma",
        "kind": "individual",
        "document": {
            "kind": "jsonl",
            "data": {
                "@timestamp": "2022-10-10T09:57:55.832Z",
                "agent": {
                    "ephemeral_id": "64b72b79-c8b3-44d5-8efc-41706d768842",
                    "hostname": "CLIENT1",
                    "id": "cd699c72-0f46-4cd9-938a-43faf035a44a",
                    "name": "CLIENT1",
                    "type": "winlogbeat",
                    "version": "7.10.2"
                },
                "ecs": {
                    "version": "1.5.0"
                },
                "event": {
                    "action": "File created (rule: FileCreate)",
                    "category": [
                        "file"
                    ],
                    "code": 11,
                    "created": "2022-10-10T10:00:27.610Z",
                    "kind": "event",
                    "module": "sysmon",
                    "provider": "Microsoft-Windows-Sysmon",
                    "type": [
                        "creation"
                    ]
                },
                "file": {
                    "directory": "C:\\Users\\setup\\AppData\\Local\\Microsoft\\OneDrive\\19.043.0304.0013",
                    "extension": "dll",
                    "name": "msipc.dll",
                    "path": "C:\\Users\\setup\\AppData\\Local\\Microsoft\\OneDrive\\19.043.0304.0013\\msipc.dll"
                },
                "host": {
                    "name": "CLIENT1"
                },
                "log": {
                    "level": "information"
                },
                "message": "File created:\nRuleName: DLL\nUtcTime: 2022-10-10 09:57:55.832\nProcessGuid: {0e37ca90-eca3-6343-6200-000000000400}\nProcessId: 4712\nImage: C:\\Windows\\SysWOW64\\OneDriveSetup.exe\nTargetFilename: C:\\Users\\setup\\AppData\\Local\\Microsoft\\OneDrive\\19.043.0304.0013\\msipc.dll\nCreationUtcTime: 2022-10-10 09:57:55.832\nUser: CLIENT1\\setup",
                "process": {
                    "entity_id": "{0e37ca90-eca3-6343-6200-000000000400}",
                    "executable": "C:\\Windows\\SysWOW64\\OneDriveSetup.exe",
                    "name": "OneDriveSetup.exe",
                    "pid": 4712
                },
                "rule": {
                    "name": "DLL"
                },
                "winlog": {
                    "api": "wineventlog",
                    "channel": "Microsoft-Windows-Sysmon/Operational",
                    "computer_name": "CLIENT1",
                    "event_data": {
                        "CreationUtcTime": "2022-10-10 09:57:55.832",
                        "User": "CLIENT1\\setup"
                    },
                    "event_id": 11,
                    "opcode": "Info",
                    "process": {
                        "pid": 2052,
                        "thread": {
                            "id": 2532
                        }
                    },
                    "provider_guid": "{5770385f-c22a-43e0-bf4c-06f5698ffbd9}",
                    "provider_name": "Microsoft-Windows-Sysmon",
                    "record_id": 1028,
                    "task": "File created (rule: FileCreate)",
                    "user": {
                        "domain": "NT AUTHORITY",
                        "identifier": "S-1-5-18",
                        "name": "SYSTEM",
                        "type": "User"
                    },
                    "version": 2
                }
            }
        },
        "name": "Rename Common File to DLL File",
        "timestamp": "2022-10-10T09:57:55.832+00:00",
        "authors": [
            "frack113"
        ],
        "level": "medium",
        "source": "sigma",
        "status": "experimental",
        "falsepositives": [
            "Application installation"
        ],
        "id": "bbfd974c-248e-4435-8de6-1e938c79c5c1",
        "logsource": {
            "category": "file_rename",
            "product": "windows"
        },
        "references": [
            "https://twitter.com/ffforward/status/1481672378639912960",
            "https://github.com/redcanaryco/atomic-red-team/blob/f339e7da7d05f6057fdfcdd3742bfcf365fee2a9/atomics/T1036/T1036.md#atomic-test-1---system-file-copied-to-unusual-location"
        ]
    },
    {
        "group": "Sigma",
        "kind": "individual",
        "document": {
            "kind": "jsonl",
            "data": {
                "@timestamp": "2022-10-10T09:57:55.864Z",
                "agent": {
                    "ephemeral_id": "64b72b79-c8b3-44d5-8efc-41706d768842",
                    "hostname": "CLIENT1",
                    "id": "cd699c72-0f46-4cd9-938a-43faf035a44a",
                    "name": "CLIENT1",
                    "type": "winlogbeat",
                    "version": "7.10.2"
                },
                "ecs": {
                    "version": "1.5.0"
                },
                "event": {
                    "action": "File created (rule: FileCreate)",
                    "category": [
                        "file"
                    ],
                    "code": 11,
                    "created": "2022-10-10T10:00:27.610Z",
                    "kind": "event",
                    "module": "sysmon",
                    "provider": "Microsoft-Windows-Sysmon",
                    "type": [
                        "creation"
                    ]
                },
                "file": {
                    "directory": "C:\\Users\\setup\\AppData\\Local\\Microsoft\\OneDrive\\19.043.0304.0013",
                    "extension": "dll",
                    "name": "msvcp140.dll",
                    "path": "C:\\Users\\setup\\AppData\\Local\\Microsoft\\OneDrive\\19.043.0304.0013\\msvcp140.dll"
                },
                "host": {
                    "name": "CLIENT1"
                },
                "log": {
                    "level": "information"
                },
                "message": "File created:\nRuleName: DLL\nUtcTime: 2022-10-10 09:57:55.864\nProcessGuid: {0e37ca90-eca3-6343-6200-000000000400}\nProcessId: 4712\nImage: C:\\Windows\\SysWOW64\\OneDriveSetup.exe\nTargetFilename: C:\\Users\\setup\\AppData\\Local\\Microsoft\\OneDrive\\19.043.0304.0013\\msvcp140.dll\nCreationUtcTime: 2022-10-10 09:57:55.864\nUser: CLIENT1\\setup",
                "process": {
                    "entity_id": "{0e37ca90-eca3-6343-6200-000000000400}",
                    "executable": "C:\\Windows\\SysWOW64\\OneDriveSetup.exe",
                    "name": "OneDriveSetup.exe",
                    "pid": 4712
                },
                "rule": {
                    "name": "DLL"
                },
                "winlog": {
                    "api": "wineventlog",
                    "channel": "Microsoft-Windows-Sysmon/Operational",
                    "computer_name": "CLIENT1",
                    "event_data": {
                        "CreationUtcTime": "2022-10-10 09:57:55.864",
                        "User": "CLIENT1\\setup"
                    },
                    "event_id": 11,
                    "opcode": "Info",
                    "process": {
                        "pid": 2052,
                        "thread": {
                            "id": 2532
                        }
                    },
                    "provider_guid": "{5770385f-c22a-43e0-bf4c-06f5698ffbd9}",
                    "provider_name": "Microsoft-Windows-Sysmon",
                    "record_id": 1029,
                    "task": "File created (rule: FileCreate)",
                    "user": {
                        "domain": "NT AUTHORITY",
                        "identifier": "S-1-5-18",
                        "name": "SYSTEM",
                        "type": "User"
                    },
                    "version": 2
                }
            }
        },
        "name": "Rename Common File to DLL File",
        "timestamp": "2022-10-10T09:57:55.864+00:00",
        "authors": [
            "frack113"
        ],
        "level": "medium",
        "source": "sigma",
        "status": "experimental",
        "falsepositives": [
            "Application installation"
        ],
        "id": "bbfd974c-248e-4435-8de6-1e938c79c5c1",
        "logsource": {
            "category": "file_rename",
            "product": "windows"
        },
        "references": [
            "https://twitter.com/ffforward/status/1481672378639912960",
            "https://github.com/redcanaryco/atomic-red-team/blob/f339e7da7d05f6057fdfcdd3742bfcf365fee2a9/atomics/T1036/T1036.md#atomic-test-1---system-file-copied-to-unusual-location"
        ]
    },
    {
        "group": "Sigma",
        "kind": "individual",
        "document": {
            "kind": "jsonl",
            "data": {
                "@timestamp": "2022-10-10T09:57:55.957Z",
                "agent": {
                    "ephemeral_id": "64b72b79-c8b3-44d5-8efc-41706d768842",
                    "hostname": "CLIENT1",
                    "id": "cd699c72-0f46-4cd9-938a-43faf035a44a",
                    "name": "CLIENT1",
                    "type": "winlogbeat",
                    "version": "7.10.2"
                },
                "ecs": {
                    "version": "1.5.0"
                },
                "event": {
                    "action": "File created (rule: FileCreate)",
                    "category": [
                        "file"
                    ],
                    "code": 11,
                    "created": "2022-10-10T10:00:27.610Z",
                    "kind": "event",
                    "module": "sysmon",
                    "provider": "Microsoft-Windows-Sysmon",
                    "type": [
                        "creation"
                    ]
                },
                "file": {
                    "directory": "C:\\Users\\setup\\AppData\\Local\\Microsoft\\OneDrive\\19.043.0304.0013",
                    "extension": "dll",
                    "name": "Qt5Core.dll",
                    "path": "C:\\Users\\setup\\AppData\\Local\\Microsoft\\OneDrive\\19.043.0304.0013\\Qt5Core.dll"
                },
                "host": {
                    "name": "CLIENT1"
                },
                "log": {
                    "level": "information"
                },
                "message": "File created:\nRuleName: DLL\nUtcTime: 2022-10-10 09:57:55.957\nProcessGuid: {0e37ca90-eca3-6343-6200-000000000400}\nProcessId: 4712\nImage: C:\\Windows\\SysWOW64\\OneDriveSetup.exe\nTargetFilename: C:\\Users\\setup\\AppData\\Local\\Microsoft\\OneDrive\\19.043.0304.0013\\Qt5Core.dll\nCreationUtcTime: 2022-10-10 09:57:55.957\nUser: CLIENT1\\setup",
                "process": {
                    "entity_id": "{0e37ca90-eca3-6343-6200-000000000400}",
                    "executable": "C:\\Windows\\SysWOW64\\OneDriveSetup.exe",
                    "name": "OneDriveSetup.exe",
                    "pid": 4712
                },
                "rule": {
                    "name": "DLL"
                },
                "winlog": {
                    "api": "wineventlog",
                    "channel": "Microsoft-Windows-Sysmon/Operational",
                    "computer_name": "CLIENT1",
                    "event_data": {
                        "CreationUtcTime": "2022-10-10 09:57:55.957",
                        "User": "CLIENT1\\setup"
                    },
                    "event_id": 11,
                    "opcode": "Info",
                    "process": {
                        "pid": 2052,
                        "thread": {
                            "id": 2532
                        }
                    },
                    "provider_guid": "{5770385f-c22a-43e0-bf4c-06f5698ffbd9}",
                    "provider_name": "Microsoft-Windows-Sysmon",
                    "record_id": 1033,
                    "task": "File created (rule: FileCreate)",
                    "user": {
                        "domain": "NT AUTHORITY",
                        "identifier": "S-1-5-18",
                        "name": "SYSTEM",
                        "type": "User"
                    },
                    "version": 2
                }
            }
        },
        "name": "Rename Common File to DLL File",
        "timestamp": "2022-10-10T09:57:55.957+00:00",
        "authors": [
            "frack113"
        ],
        "level": "medium",
        "source": "sigma",
        "status": "experimental",
        "falsepositives": [
            "Application installation"
        ],
        "id": "bbfd974c-248e-4435-8de6-1e938c79c5c1",
        "logsource": {
            "category": "file_rename",
            "product": "windows"
        },
        "references": [
            "https://twitter.com/ffforward/status/1481672378639912960",
            "https://github.com/redcanaryco/atomic-red-team/blob/f339e7da7d05f6057fdfcdd3742bfcf365fee2a9/atomics/T1036/T1036.md#atomic-test-1---system-file-copied-to-unusual-location"
        ]
    },
    {
        "group": "Sigma",
        "kind": "individual",
        "document": {
            "kind": "jsonl",
            "data": {
                "@timestamp": "2022-10-10T09:57:56.036Z",
                "agent": {
                    "ephemeral_id": "64b72b79-c8b3-44d5-8efc-41706d768842",
                    "hostname": "CLIENT1",
                    "id": "cd699c72-0f46-4cd9-938a-43faf035a44a",
                    "name": "CLIENT1",
                    "type": "winlogbeat",
                    "version": "7.10.2"
                },
                "ecs": {
                    "version": "1.5.0"
                },
                "event": {
                    "action": "File created (rule: FileCreate)",
                    "category": [
                        "file"
                    ],
                    "code": 11,
                    "created": "2022-10-10T10:00:27.611Z",
                    "kind": "event",
                    "module": "sysmon",
                    "provider": "Microsoft-Windows-Sysmon",
                    "type": [
                        "creation"
                    ]
                },
                "file": {
                    "directory": "C:\\Users\\setup\\AppData\\Local\\Microsoft\\OneDrive\\19.043.0304.0013",
                    "extension": "dll",
                    "name": "Qt5Gui.dll",
                    "path": "C:\\Users\\setup\\AppData\\Local\\Microsoft\\OneDrive\\19.043.0304.0013\\Qt5Gui.dll"
                },
                "host": {
                    "name": "CLIENT1"
                },
                "log": {
                    "level": "information"
                },
                "message": "File created:\nRuleName: DLL\nUtcTime: 2022-10-10 09:57:56.036\nProcessGuid: {0e37ca90-eca3-6343-6200-000000000400}\nProcessId: 4712\nImage: C:\\Windows\\SysWOW64\\OneDriveSetup.exe\nTargetFilename: C:\\Users\\setup\\AppData\\Local\\Microsoft\\OneDrive\\19.043.0304.0013\\Qt5Gui.dll\nCreationUtcTime: 2022-10-10 09:57:56.036\nUser: CLIENT1\\setup",
                "process": {
                    "entity_id": "{0e37ca90-eca3-6343-6200-000000000400}",
                    "executable": "C:\\Windows\\SysWOW64\\OneDriveSetup.exe",
                    "name": "OneDriveSetup.exe",
                    "pid": 4712
                },
                "rule": {
                    "name": "DLL"
                },
                "winlog": {
                    "api": "wineventlog",
                    "channel": "Microsoft-Windows-Sysmon/Operational",
                    "computer_name": "CLIENT1",
                    "event_data": {
                        "CreationUtcTime": "2022-10-10 09:57:56.036",
                        "User": "CLIENT1\\setup"
                    },
                    "event_id": 11,
                    "opcode": "Info",
                    "process": {
                        "pid": 2052,
                        "thread": {
                            "id": 2532
                        }
                    },
                    "provider_guid": "{5770385f-c22a-43e0-bf4c-06f5698ffbd9}",
                    "provider_name": "Microsoft-Windows-Sysmon",
                    "record_id": 1035,
                    "task": "File created (rule: FileCreate)",
                    "user": {
                        "domain": "NT AUTHORITY",
                        "identifier": "S-1-5-18",
                        "name": "SYSTEM",
                        "type": "User"
                    },
                    "version": 2
                }
            }
        },
        "name": "Rename Common File to DLL File",
        "timestamp": "2022-10-10T09:57:56.036+00:00",
        "authors": [
            "frack113"
        ],
        "level": "medium",
        "source": "sigma",
        "status": "experimental",
        "falsepositives": [
            "Application installation"
        ],
        "id": "bbfd974c-248e-4435-8de6-1e938c79c5c1",
        "logsource": {
            "category": "file_rename",
            "product": "windows"
        },
        "references": [
            "https://twitter.com/ffforward/status/1481672378639912960",
            "https://github.com/redcanaryco/atomic-red-team/blob/f339e7da7d05f6057fdfcdd3742bfcf365fee2a9/atomics/T1036/T1036.md#atomic-test-1---system-file-copied-to-unusual-location"
        ]
    },
    {
        "group": "Sigma",
        "kind": "individual",
        "document": {
            "kind": "jsonl",
            "data": {
                "@timestamp": "2022-10-10T09:57:56.036Z",
                "agent": {
                    "ephemeral_id": "64b72b79-c8b3-44d5-8efc-41706d768842",
                    "hostname": "CLIENT1",
                    "id": "cd699c72-0f46-4cd9-938a-43faf035a44a",
                    "name": "CLIENT1",
                    "type": "winlogbeat",
                    "version": "7.10.2"
                },
                "ecs": {
                    "version": "1.5.0"
                },
                "event": {
                    "action": "File created (rule: FileCreate)",
                    "category": [
                        "file"
                    ],
                    "code": 11,
                    "created": "2022-10-10T10:00:27.611Z",
                    "kind": "event",
                    "module": "sysmon",
                    "provider": "Microsoft-Windows-Sysmon",
                    "type": [
                        "creation"
                    ]
                },
                "file": {
                    "directory": "C:\\Users\\setup\\AppData\\Local\\Microsoft\\OneDrive\\19.043.0304.0013",
                    "extension": "dll",
                    "name": "Qt5DBus.dll",
                    "path": "C:\\Users\\setup\\AppData\\Local\\Microsoft\\OneDrive\\19.043.0304.0013\\Qt5DBus.dll"
                },
                "host": {
                    "name": "CLIENT1"
                },
                "log": {
                    "level": "information"
                },
                "message": "File created:\nRuleName: DLL\nUtcTime: 2022-10-10 09:57:56.036\nProcessGuid: {0e37ca90-eca3-6343-6200-000000000400}\nProcessId: 4712\nImage: C:\\Windows\\SysWOW64\\OneDriveSetup.exe\nTargetFilename: C:\\Users\\setup\\AppData\\Local\\Microsoft\\OneDrive\\19.043.0304.0013\\Qt5DBus.dll\nCreationUtcTime: 2022-10-10 09:57:56.036\nUser: CLIENT1\\setup",
                "process": {
                    "entity_id": "{0e37ca90-eca3-6343-6200-000000000400}",
                    "executable": "C:\\Windows\\SysWOW64\\OneDriveSetup.exe",
                    "name": "OneDriveSetup.exe",
                    "pid": 4712
                },
                "rule": {
                    "name": "DLL"
                },
                "winlog": {
                    "api": "wineventlog",
                    "channel": "Microsoft-Windows-Sysmon/Operational",
                    "computer_name": "CLIENT1",
                    "event_data": {
                        "CreationUtcTime": "2022-10-10 09:57:56.036",
                        "User": "CLIENT1\\setup"
                    },
                    "event_id": 11,
                    "opcode": "Info",
                    "process": {
                        "pid": 2052,
                        "thread": {
                            "id": 2532
                        }
                    },
                    "provider_guid": "{5770385f-c22a-43e0-bf4c-06f5698ffbd9}",
                    "provider_name": "Microsoft-Windows-Sysmon",
                    "record_id": 1034,
                    "task": "File created (rule: FileCreate)",
                    "user": {
                        "domain": "NT AUTHORITY",
                        "identifier": "S-1-5-18",
                        "name": "SYSTEM",
                        "type": "User"
                    },
                    "version": 2
                }
            }
        },
        "name": "Rename Common File to DLL File",
        "timestamp": "2022-10-10T09:57:56.036+00:00",
        "authors": [
            "frack113"
        ],
        "level": "medium",
        "source": "sigma",
        "status": "experimental",
        "falsepositives": [
            "Application installation"
        ],
        "id": "bbfd974c-248e-4435-8de6-1e938c79c5c1",
        "logsource": {
            "category": "file_rename",
            "product": "windows"
        },
        "references": [
            "https://twitter.com/ffforward/status/1481672378639912960",
            "https://github.com/redcanaryco/atomic-red-team/blob/f339e7da7d05f6057fdfcdd3742bfcf365fee2a9/atomics/T1036/T1036.md#atomic-test-1---system-file-copied-to-unusual-location"
        ]
    },
    {
        "group": "Sigma",
        "kind": "individual",
        "document": {
            "kind": "jsonl",
            "data": {
                "@timestamp": "2022-10-10T09:57:56.114Z",
                "agent": {
                    "ephemeral_id": "64b72b79-c8b3-44d5-8efc-41706d768842",
                    "hostname": "CLIENT1",
                    "id": "cd699c72-0f46-4cd9-938a-43faf035a44a",
                    "name": "CLIENT1",
                    "type": "winlogbeat",
                    "version": "7.10.2"
                },
                "ecs": {
                    "version": "1.5.0"
                },
                "event": {
                    "action": "File created (rule: FileCreate)",
                    "category": [
                        "file"
                    ],
                    "code": 11,
                    "created": "2022-10-10T10:00:27.611Z",
                    "kind": "event",
                    "module": "sysmon",
                    "provider": "Microsoft-Windows-Sysmon",
                    "type": [
                        "creation"
                    ]
                },
                "file": {
                    "directory": "C:\\Users\\setup\\AppData\\Local\\Microsoft\\OneDrive\\19.043.0304.0013",
                    "extension": "dll",
                    "name": "Qt5Network.dll",
                    "path": "C:\\Users\\setup\\AppData\\Local\\Microsoft\\OneDrive\\19.043.0304.0013\\Qt5Network.dll"
                },
                "host": {
                    "name": "CLIENT1"
                },
                "log": {
                    "level": "information"
                },
                "message": "File created:\nRuleName: DLL\nUtcTime: 2022-10-10 09:57:56.114\nProcessGuid: {0e37ca90-eca3-6343-6200-000000000400}\nProcessId: 4712\nImage: C:\\Windows\\SysWOW64\\OneDriveSetup.exe\nTargetFilename: C:\\Users\\setup\\AppData\\Local\\Microsoft\\OneDrive\\19.043.0304.0013\\Qt5Network.dll\nCreationUtcTime: 2022-10-10 09:57:56.114\nUser: CLIENT1\\setup",
                "process": {
                    "entity_id": "{0e37ca90-eca3-6343-6200-000000000400}",
                    "executable": "C:\\Windows\\SysWOW64\\OneDriveSetup.exe",
                    "name": "OneDriveSetup.exe",
                    "pid": 4712
                },
                "rule": {
                    "name": "DLL"
                },
                "winlog": {
                    "api": "wineventlog",
                    "channel": "Microsoft-Windows-Sysmon/Operational",
                    "computer_name": "CLIENT1",
                    "event_data": {
                        "CreationUtcTime": "2022-10-10 09:57:56.114",
                        "User": "CLIENT1\\setup"
                    },
                    "event_id": 11,
                    "opcode": "Info",
                    "process": {
                        "pid": 2052,
                        "thread": {
                            "id": 2532
                        }
                    },
                    "provider_guid": "{5770385f-c22a-43e0-bf4c-06f5698ffbd9}",
                    "provider_name": "Microsoft-Windows-Sysmon",
                    "record_id": 1036,
                    "task": "File created (rule: FileCreate)",
                    "user": {
                        "domain": "NT AUTHORITY",
                        "identifier": "S-1-5-18",
                        "name": "SYSTEM",
                        "type": "User"
                    },
                    "version": 2
                }
            }
        },
        "name": "Rename Common File to DLL File",
        "timestamp": "2022-10-10T09:57:56.114+00:00",
        "authors": [
            "frack113"
        ],
        "level": "medium",
        "source": "sigma",
        "status": "experimental",
        "falsepositives": [
            "Application installation"
        ],
        "id": "bbfd974c-248e-4435-8de6-1e938c79c5c1",
        "logsource": {
            "category": "file_rename",
            "product": "windows"
        },
        "references": [
            "https://twitter.com/ffforward/status/1481672378639912960",
            "https://github.com/redcanaryco/atomic-red-team/blob/f339e7da7d05f6057fdfcdd3742bfcf365fee2a9/atomics/T1036/T1036.md#atomic-test-1---system-file-copied-to-unusual-location"
        ]
    },
    {
        "group": "Sigma",
        "kind": "individual",
        "document": {
            "kind": "jsonl",
            "data": {
                "@timestamp": "2022-10-10T09:57:56.114Z",
                "agent": {
                    "ephemeral_id": "64b72b79-c8b3-44d5-8efc-41706d768842",
                    "hostname": "CLIENT1",
                    "id": "cd699c72-0f46-4cd9-938a-43faf035a44a",
                    "name": "CLIENT1",
                    "type": "winlogbeat",
                    "version": "7.10.2"
                },
                "ecs": {
                    "version": "1.5.0"
                },
                "event": {
                    "action": "File created (rule: FileCreate)",
                    "category": [
                        "file"
                    ],
                    "code": 11,
                    "created": "2022-10-10T10:00:27.611Z",
                    "kind": "event",
                    "module": "sysmon",
                    "provider": "Microsoft-Windows-Sysmon",
                    "type": [
                        "creation"
                    ]
                },
                "file": {
                    "directory": "C:\\Users\\setup\\AppData\\Local\\Microsoft\\OneDrive\\19.043.0304.0013",
                    "extension": "dll",
                    "name": "Qt5PrintSupport.dll",
                    "path": "C:\\Users\\setup\\AppData\\Local\\Microsoft\\OneDrive\\19.043.0304.0013\\Qt5PrintSupport.dll"
                },
                "host": {
                    "name": "CLIENT1"
                },
                "log": {
                    "level": "information"
                },
                "message": "File created:\nRuleName: DLL\nUtcTime: 2022-10-10 09:57:56.114\nProcessGuid: {0e37ca90-eca3-6343-6200-000000000400}\nProcessId: 4712\nImage: C:\\Windows\\SysWOW64\\OneDriveSetup.exe\nTargetFilename: C:\\Users\\setup\\AppData\\Local\\Microsoft\\OneDrive\\19.043.0304.0013\\Qt5PrintSupport.dll\nCreationUtcTime: 2022-10-10 09:57:56.114\nUser: CLIENT1\\setup",
                "process": {
                    "entity_id": "{0e37ca90-eca3-6343-6200-000000000400}",
                    "executable": "C:\\Windows\\SysWOW64\\OneDriveSetup.exe",
                    "name": "OneDriveSetup.exe",
                    "pid": 4712
                },
                "rule": {
                    "name": "DLL"
                },
                "winlog": {
                    "api": "wineventlog",
                    "channel": "Microsoft-Windows-Sysmon/Operational",
                    "computer_name": "CLIENT1",
                    "event_data": {
                        "CreationUtcTime": "2022-10-10 09:57:56.114",
                        "User": "CLIENT1\\setup"
                    },
                    "event_id": 11,
                    "opcode": "Info",
                    "process": {
                        "pid": 2052,
                        "thread": {
                            "id": 2532
                        }
                    },
                    "provider_guid": "{5770385f-c22a-43e0-bf4c-06f5698ffbd9}",
                    "provider_name": "Microsoft-Windows-Sysmon",
                    "record_id": 1037,
                    "task": "File created (rule: FileCreate)",
                    "user": {
                        "domain": "NT AUTHORITY",
                        "identifier": "S-1-5-18",
                        "name": "SYSTEM",
                        "type": "User"
                    },
                    "version": 2
                }
            }
        },
        "name": "Rename Common File to DLL File",
        "timestamp": "2022-10-10T09:57:56.114+00:00",
        "authors": [
            "frack113"
        ],
        "level": "medium",
        "source": "sigma",
        "status": "experimental",
        "falsepositives": [
            "Application installation"
        ],
        "id": "bbfd974c-248e-4435-8de6-1e938c79c5c1",
        "logsource": {
            "category": "file_rename",
            "product": "windows"
        },
        "references": [
            "https://twitter.com/ffforward/status/1481672378639912960",
            "https://github.com/redcanaryco/atomic-red-team/blob/f339e7da7d05f6057fdfcdd3742bfcf365fee2a9/atomics/T1036/T1036.md#atomic-test-1---system-file-copied-to-unusual-location"
        ]
    },
