    {
        "group": "Sigma",
        "kind": "individual",
        "document": {
            "kind": "jsonl",
            "data": {
                "@timestamp": "2022-10-10T10:59:41.559Z",
                "agent": {
                    "ephemeral_id": "64b72b79-c8b3-44d5-8efc-41706d768842",
                    "hostname": "CLIENT1",
                    "id": "cd699c72-0f46-4cd9-938a-43faf035a44a",
                    "name": "CLIENT1",
                    "type": "winlogbeat",
                    "version": "7.10.2"
                },
                "ecs": {
                    "version": "1.5.0"
                },
                "event": {
                    "action": "File created (rule: FileCreate)",
                    "category": [
                        "file"
                    ],
                    "code": 11,
                    "created": "2022-10-10T10:59:41.890Z",
                    "kind": "event",
                    "module": "sysmon",
                    "provider": "Microsoft-Windows-Sysmon",
                    "type": [
                        "creation"
                    ]
                },
                "file": {
                    "directory": "C:\\Users\\client1\\AppData\\Local\\Temp\\2DBCCDB1-A4DF-4534-93BA-33609C70BE4F",
                    "extension": "dll",
                    "name": "ImagingProvider.dll",
                    "path": "C:\\Users\\client1\\AppData\\Local\\Temp\\2DBCCDB1-A4DF-4534-93BA-33609C70BE4F\\ImagingProvider.dll"
                },
                "host": {
                    "name": "CLIENT1.breach.local"
                },
                "log": {
                    "level": "information"
                },
                "message": "File created:\nRuleName: DLL\nUtcTime: 2022-10-10 10:59:41.559\nProcessGuid: {0e37ca90-fb1a-6343-b111-000000000500}\nProcessId: 6640\nImage: C:\\Windows\\system32\\cleanmgr.exe\nTargetFilename: C:\\Users\\client1\\AppData\\Local\\Temp\\2DBCCDB1-A4DF-4534-93BA-33609C70BE4F\\ImagingProvider.dll\nCreationUtcTime: 2022-10-10 10:59:41.559\nUser: BREACH\\client1",
                "process": {
                    "entity_id": "{0e37ca90-fb1a-6343-b111-000000000500}",
                    "executable": "C:\\Windows\\system32\\cleanmgr.exe",
                    "name": "cleanmgr.exe",
                    "pid": 6640
                },
                "rule": {
                    "name": "DLL"
                },
                "winlog": {
                    "api": "wineventlog",
                    "channel": "Microsoft-Windows-Sysmon/Operational",
                    "computer_name": "CLIENT1.breach.local",
                    "event_data": {
                        "CreationUtcTime": "2022-10-10 10:59:41.559",
                        "User": "BREACH\\client1"
                    },
                    "event_id": 11,
                    "opcode": "Info",
                    "process": {
                        "pid": 1160,
                        "thread": {
                            "id": 2496
                        }
                    },
                    "provider_guid": "{5770385f-c22a-43e0-bf4c-06f5698ffbd9}",
                    "provider_name": "Microsoft-Windows-Sysmon",
                    "record_id": 8893,
                    "task": "File created (rule: FileCreate)",
                    "user": {
                        "domain": "NT AUTHORITY",
                        "identifier": "S-1-5-18",
                        "name": "SYSTEM",
                        "type": "User"
                    },
                    "version": 2
                }
            }
        },
        "name": "Rename Common File to DLL File",
        "timestamp": "2022-10-10T10:59:41.559+00:00",
        "authors": [
            "frack113"
        ],
        "level": "medium",
        "source": "sigma",
        "status": "experimental",
        "falsepositives": [
            "Application installation"
        ],
        "id": "bbfd974c-248e-4435-8de6-1e938c79c5c1",
        "logsource": {
            "category": "file_rename",
            "product": "windows"
        },
        "references": [
            "https://twitter.com/ffforward/status/1481672378639912960",
            "https://github.com/redcanaryco/atomic-red-team/blob/f339e7da7d05f6057fdfcdd3742bfcf365fee2a9/atomics/T1036/T1036.md#atomic-test-1---system-file-copied-to-unusual-location"
        ]
    },
    {
        "group": "Sigma",
        "kind": "individual",
        "document": {
            "kind": "jsonl",
            "data": {
                "@timestamp": "2022-10-10T10:59:41.559Z",
                "agent": {
                    "ephemeral_id": "64b72b79-c8b3-44d5-8efc-41706d768842",
                    "hostname": "CLIENT1",
                    "id": "cd699c72-0f46-4cd9-938a-43faf035a44a",
                    "name": "CLIENT1",
                    "type": "winlogbeat",
                    "version": "7.10.2"
                },
                "ecs": {
                    "version": "1.5.0"
                },
                "event": {
                    "action": "File created (rule: FileCreate)",
                    "category": [
                        "file"
                    ],
                    "code": 11,
                    "created": "2022-10-10T10:59:41.890Z",
                    "kind": "event",
                    "module": "sysmon",
                    "provider": "Microsoft-Windows-Sysmon",
                    "type": [
                        "creation"
                    ]
                },
                "file": {
                    "directory": "C:\\Users\\client1\\AppData\\Local\\Temp\\2DBCCDB1-A4DF-4534-93BA-33609C70BE4F",
                    "extension": "dll",
                    "name": "IntlProvider.dll",
                    "path": "C:\\Users\\client1\\AppData\\Local\\Temp\\2DBCCDB1-A4DF-4534-93BA-33609C70BE4F\\IntlProvider.dll"
                },
                "host": {
                    "name": "CLIENT1.breach.local"
                },
                "log": {
                    "level": "information"
                },
                "message": "File created:\nRuleName: DLL\nUtcTime: 2022-10-10 10:59:41.559\nProcessGuid: {0e37ca90-fb1a-6343-b111-000000000500}\nProcessId: 6640\nImage: C:\\Windows\\system32\\cleanmgr.exe\nTargetFilename: C:\\Users\\client1\\AppData\\Local\\Temp\\2DBCCDB1-A4DF-4534-93BA-33609C70BE4F\\IntlProvider.dll\nCreationUtcTime: 2022-10-10 10:59:41.559\nUser: BREACH\\client1",
                "process": {
                    "entity_id": "{0e37ca90-fb1a-6343-b111-000000000500}",
                    "executable": "C:\\Windows\\system32\\cleanmgr.exe",
                    "name": "cleanmgr.exe",
                    "pid": 6640
                },
                "rule": {
                    "name": "DLL"
                },
                "winlog": {
                    "api": "wineventlog",
                    "channel": "Microsoft-Windows-Sysmon/Operational",
                    "computer_name": "CLIENT1.breach.local",
                    "event_data": {
                        "CreationUtcTime": "2022-10-10 10:59:41.559",
                        "User": "BREACH\\client1"
                    },
                    "event_id": 11,
                    "opcode": "Info",
                    "process": {
                        "pid": 1160,
                        "thread": {
                            "id": 2496
                        }
                    },
                    "provider_guid": "{5770385f-c22a-43e0-bf4c-06f5698ffbd9}",
                    "provider_name": "Microsoft-Windows-Sysmon",
                    "record_id": 8894,
                    "task": "File created (rule: FileCreate)",
                    "user": {
                        "domain": "NT AUTHORITY",
                        "identifier": "S-1-5-18",
                        "name": "SYSTEM",
                        "type": "User"
                    },
                    "version": 2
                }
            }
        },
        "name": "Rename Common File to DLL File",
        "timestamp": "2022-10-10T10:59:41.559+00:00",
        "authors": [
            "frack113"
        ],
        "level": "medium",
        "source": "sigma",
        "status": "experimental",
        "falsepositives": [
            "Application installation"
        ],
        "id": "bbfd974c-248e-4435-8de6-1e938c79c5c1",
        "logsource": {
            "category": "file_rename",
            "product": "windows"
        },
        "references": [
            "https://twitter.com/ffforward/status/1481672378639912960",
            "https://github.com/redcanaryco/atomic-red-team/blob/f339e7da7d05f6057fdfcdd3742bfcf365fee2a9/atomics/T1036/T1036.md#atomic-test-1---system-file-copied-to-unusual-location"
        ]
    },
    {
        "group": "Sigma",
        "kind": "individual",
        "document": {
            "kind": "jsonl",
            "data": {
                "@timestamp": "2022-10-10T10:59:41.559Z",
                "agent": {
                    "ephemeral_id": "64b72b79-c8b3-44d5-8efc-41706d768842",
                    "hostname": "CLIENT1",
                    "id": "cd699c72-0f46-4cd9-938a-43faf035a44a",
                    "name": "CLIENT1",
                    "type": "winlogbeat",
                    "version": "7.10.2"
                },
                "ecs": {
                    "version": "1.5.0"
                },
                "event": {
                    "action": "File created (rule: FileCreate)",
                    "category": [
                        "file"
                    ],
                    "code": 11,
                    "created": "2022-10-10T10:59:41.889Z",
                    "kind": "event",
                    "module": "sysmon",
                    "provider": "Microsoft-Windows-Sysmon",
                    "type": [
                        "creation"
                    ]
                },
                "file": {
                    "directory": "C:\\Users\\client1\\AppData\\Local\\Temp\\2DBCCDB1-A4DF-4534-93BA-33609C70BE4F",
                    "extension": "dll",
                    "name": "FolderProvider.dll",
                    "path": "C:\\Users\\client1\\AppData\\Local\\Temp\\2DBCCDB1-A4DF-4534-93BA-33609C70BE4F\\FolderProvider.dll"
                },
                "host": {
                    "name": "CLIENT1.breach.local"
                },
                "log": {
                    "level": "information"
                },
                "message": "File created:\nRuleName: DLL\nUtcTime: 2022-10-10 10:59:41.559\nProcessGuid: {0e37ca90-fb1a-6343-b111-000000000500}\nProcessId: 6640\nImage: C:\\Windows\\system32\\cleanmgr.exe\nTargetFilename: C:\\Users\\client1\\AppData\\Local\\Temp\\2DBCCDB1-A4DF-4534-93BA-33609C70BE4F\\FolderProvider.dll\nCreationUtcTime: 2022-10-10 10:59:41.559\nUser: BREACH\\client1",
                "process": {
                    "entity_id": "{0e37ca90-fb1a-6343-b111-000000000500}",
                    "executable": "C:\\Windows\\system32\\cleanmgr.exe",
                    "name": "cleanmgr.exe",
                    "pid": 6640
                },
                "rule": {
                    "name": "DLL"
                },
                "winlog": {
                    "api": "wineventlog",
                    "channel": "Microsoft-Windows-Sysmon/Operational",
                    "computer_name": "CLIENT1.breach.local",
                    "event_data": {
                        "CreationUtcTime": "2022-10-10 10:59:41.559",
                        "User": "BREACH\\client1"
                    },
                    "event_id": 11,
                    "opcode": "Info",
                    "process": {
                        "pid": 1160,
                        "thread": {
                            "id": 2496
                        }
                    },
                    "provider_guid": "{5770385f-c22a-43e0-bf4c-06f5698ffbd9}",
                    "provider_name": "Microsoft-Windows-Sysmon",
                    "record_id": 8890,
                    "task": "File created (rule: FileCreate)",
                    "user": {
                        "domain": "NT AUTHORITY",
                        "identifier": "S-1-5-18",
                        "name": "SYSTEM",
                        "type": "User"
                    },
                    "version": 2
                }
            }
        },
        "name": "Rename Common File to DLL File",
        "timestamp": "2022-10-10T10:59:41.559+00:00",
        "authors": [
            "frack113"
        ],
        "level": "medium",
        "source": "sigma",
        "status": "experimental",
        "falsepositives": [
            "Application installation"
        ],
        "id": "bbfd974c-248e-4435-8de6-1e938c79c5c1",
        "logsource": {
            "category": "file_rename",
            "product": "windows"
        },
        "references": [
            "https://twitter.com/ffforward/status/1481672378639912960",
            "https://github.com/redcanaryco/atomic-red-team/blob/f339e7da7d05f6057fdfcdd3742bfcf365fee2a9/atomics/T1036/T1036.md#atomic-test-1---system-file-copied-to-unusual-location"
        ]
    },
    {
        "group": "Sigma",
        "kind": "individual",
        "document": {
            "kind": "jsonl",
            "data": {
                "@timestamp": "2022-10-10T10:59:41.559Z",
                "agent": {
                    "ephemeral_id": "64b72b79-c8b3-44d5-8efc-41706d768842",
                    "hostname": "CLIENT1",
                    "id": "cd699c72-0f46-4cd9-938a-43faf035a44a",
                    "name": "CLIENT1",
                    "type": "winlogbeat",
                    "version": "7.10.2"
                },
                "ecs": {
                    "version": "1.5.0"
                },
                "event": {
                    "action": "File created (rule: FileCreate)",
                    "category": [
                        "file"
                    ],
                    "code": 11,
                    "created": "2022-10-10T10:59:41.890Z",
                    "kind": "event",
                    "module": "sysmon",
                    "provider": "Microsoft-Windows-Sysmon",
                    "type": [
                        "creation"
                    ]
                },
                "file": {
                    "directory": "C:\\Users\\client1\\AppData\\Local\\Temp\\2DBCCDB1-A4DF-4534-93BA-33609C70BE4F",
                    "extension": "dll",
                    "name": "LogProvider.dll",
                    "path": "C:\\Users\\client1\\AppData\\Local\\Temp\\2DBCCDB1-A4DF-4534-93BA-33609C70BE4F\\LogProvider.dll"
                },
                "host": {
                    "name": "CLIENT1.breach.local"
                },
                "log": {
                    "level": "information"
                },
                "message": "File created:\nRuleName: DLL\nUtcTime: 2022-10-10 10:59:41.559\nProcessGuid: {0e37ca90-fb1a-6343-b111-000000000500}\nProcessId: 6640\nImage: C:\\Windows\\system32\\cleanmgr.exe\nTargetFilename: C:\\Users\\client1\\AppData\\Local\\Temp\\2DBCCDB1-A4DF-4534-93BA-33609C70BE4F\\LogProvider.dll\nCreationUtcTime: 2022-10-10 10:59:41.559\nUser: BREACH\\client1",
                "process": {
                    "entity_id": "{0e37ca90-fb1a-6343-b111-000000000500}",
                    "executable": "C:\\Windows\\system32\\cleanmgr.exe",
                    "name": "cleanmgr.exe",
                    "pid": 6640
                },
                "rule": {
                    "name": "DLL"
                },
                "winlog": {
                    "api": "wineventlog",
                    "channel": "Microsoft-Windows-Sysmon/Operational",
                    "computer_name": "CLIENT1.breach.local",
                    "event_data": {
                        "CreationUtcTime": "2022-10-10 10:59:41.559",
                        "User": "BREACH\\client1"
                    },
                    "event_id": 11,
                    "opcode": "Info",
                    "process": {
                        "pid": 1160,
                        "thread": {
                            "id": 2496
                        }
                    },
                    "provider_guid": "{5770385f-c22a-43e0-bf4c-06f5698ffbd9}",
                    "provider_name": "Microsoft-Windows-Sysmon",
                    "record_id": 8895,
                    "task": "File created (rule: FileCreate)",
                    "user": {
                        "domain": "NT AUTHORITY",
                        "identifier": "S-1-5-18",
                        "name": "SYSTEM",
                        "type": "User"
                    },
                    "version": 2
                }
            }
        },
        "name": "Rename Common File to DLL File",
        "timestamp": "2022-10-10T10:59:41.559+00:00",
        "authors": [
            "frack113"
        ],
        "level": "medium",
        "source": "sigma",
        "status": "experimental",
        "falsepositives": [
            "Application installation"
        ],
        "id": "bbfd974c-248e-4435-8de6-1e938c79c5c1",
        "logsource": {
            "category": "file_rename",
            "product": "windows"
        },
        "references": [
            "https://twitter.com/ffforward/status/1481672378639912960",
            "https://github.com/redcanaryco/atomic-red-team/blob/f339e7da7d05f6057fdfcdd3742bfcf365fee2a9/atomics/T1036/T1036.md#atomic-test-1---system-file-copied-to-unusual-location"
        ]
    },
    {
        "group": "Sigma",
        "kind": "individual",
        "document": {
            "kind": "jsonl",
            "data": {
                "@timestamp": "2022-10-10T10:59:41.574Z",
                "agent": {
                    "ephemeral_id": "64b72b79-c8b3-44d5-8efc-41706d768842",
                    "hostname": "CLIENT1",
                    "id": "cd699c72-0f46-4cd9-938a-43faf035a44a",
                    "name": "CLIENT1",
                    "type": "winlogbeat",
                    "version": "7.10.2"
                },
                "ecs": {
                    "version": "1.5.0"
                },
                "event": {
                    "action": "File created (rule: FileCreate)",
                    "category": [
                        "file"
                    ],
                    "code": 11,
                    "created": "2022-10-10T10:59:41.890Z",
                    "kind": "event",
                    "module": "sysmon",
                    "provider": "Microsoft-Windows-Sysmon",
                    "type": [
                        "creation"
                    ]
                },
                "file": {
                    "directory": "C:\\Users\\client1\\AppData\\Local\\Temp\\2DBCCDB1-A4DF-4534-93BA-33609C70BE4F",
                    "extension": "dll",
                    "name": "OfflineSetupProvider.dll",
                    "path": "C:\\Users\\client1\\AppData\\Local\\Temp\\2DBCCDB1-A4DF-4534-93BA-33609C70BE4F\\OfflineSetupProvider.dll"
                },
                "host": {
                    "name": "CLIENT1.breach.local"
                },
                "log": {
                    "level": "information"
                },
                "message": "File created:\nRuleName: DLL\nUtcTime: 2022-10-10 10:59:41.574\nProcessGuid: {0e37ca90-fb1a-6343-b111-000000000500}\nProcessId: 6640\nImage: C:\\Windows\\system32\\cleanmgr.exe\nTargetFilename: C:\\Users\\client1\\AppData\\Local\\Temp\\2DBCCDB1-A4DF-4534-93BA-33609C70BE4F\\OfflineSetupProvider.dll\nCreationUtcTime: 2022-10-10 10:59:41.574\nUser: BREACH\\client1",
                "process": {
                    "entity_id": "{0e37ca90-fb1a-6343-b111-000000000500}",
                    "executable": "C:\\Windows\\system32\\cleanmgr.exe",
                    "name": "cleanmgr.exe",
                    "pid": 6640
                },
                "rule": {
                    "name": "DLL"
                },
                "winlog": {
                    "api": "wineventlog",
                    "channel": "Microsoft-Windows-Sysmon/Operational",
                    "computer_name": "CLIENT1.breach.local",
                    "event_data": {
                        "CreationUtcTime": "2022-10-10 10:59:41.574",
                        "User": "BREACH\\client1"
                    },
                    "event_id": 11,
                    "opcode": "Info",
                    "process": {
                        "pid": 1160,
                        "thread": {
                            "id": 2496
                        }
                    },
                    "provider_guid": "{5770385f-c22a-43e0-bf4c-06f5698ffbd9}",
                    "provider_name": "Microsoft-Windows-Sysmon",
                    "record_id": 8897,
                    "task": "File created (rule: FileCreate)",
                    "user": {
                        "domain": "NT AUTHORITY",
                        "identifier": "S-1-5-18",
                        "name": "SYSTEM",
                        "type": "User"
                    },
                    "version": 2
                }
            }
        },
        "name": "Rename Common File to DLL File",
        "timestamp": "2022-10-10T10:59:41.574+00:00",
        "authors": [
            "frack113"
        ],
        "level": "medium",
        "source": "sigma",
        "status": "experimental",
        "falsepositives": [
            "Application installation"
        ],
        "id": "bbfd974c-248e-4435-8de6-1e938c79c5c1",
        "logsource": {
            "category": "file_rename",
            "product": "windows"
        },
        "references": [
            "https://twitter.com/ffforward/status/1481672378639912960",
            "https://github.com/redcanaryco/atomic-red-team/blob/f339e7da7d05f6057fdfcdd3742bfcf365fee2a9/atomics/T1036/T1036.md#atomic-test-1---system-file-copied-to-unusual-location"
        ]
    },
    {
        "group": "Sigma",
        "kind": "individual",
        "document": {
            "kind": "jsonl",
            "data": {
                "@timestamp": "2022-10-10T10:59:41.574Z",
                "agent": {
                    "ephemeral_id": "64b72b79-c8b3-44d5-8efc-41706d768842",
                    "hostname": "CLIENT1",
                    "id": "cd699c72-0f46-4cd9-938a-43faf035a44a",
                    "name": "CLIENT1",
                    "type": "winlogbeat",
                    "version": "7.10.2"
                },
                "ecs": {
                    "version": "1.5.0"
                },
                "event": {
                    "action": "File created (rule: FileCreate)",
                    "category": [
                        "file"
                    ],
                    "code": 11,
                    "created": "2022-10-10T10:59:41.890Z",
                    "kind": "event",
                    "module": "sysmon",
                    "provider": "Microsoft-Windows-Sysmon",
                    "type": [
                        "creation"
                    ]
                },
                "file": {
                    "directory": "C:\\Users\\client1\\AppData\\Local\\Temp\\2DBCCDB1-A4DF-4534-93BA-33609C70BE4F",
                    "extension": "dll",
                    "name": "ProvProvider.dll",
                    "path": "C:\\Users\\client1\\AppData\\Local\\Temp\\2DBCCDB1-A4DF-4534-93BA-33609C70BE4F\\ProvProvider.dll"
                },
                "host": {
                    "name": "CLIENT1.breach.local"
                },
                "log": {
                    "level": "information"
                },
                "message": "File created:\nRuleName: DLL\nUtcTime: 2022-10-10 10:59:41.574\nProcessGuid: {0e37ca90-fb1a-6343-b111-000000000500}\nProcessId: 6640\nImage: C:\\Windows\\system32\\cleanmgr.exe\nTargetFilename: C:\\Users\\client1\\AppData\\Local\\Temp\\2DBCCDB1-A4DF-4534-93BA-33609C70BE4F\\ProvProvider.dll\nCreationUtcTime: 2022-10-10 10:59:41.574\nUser: BREACH\\client1",
                "process": {
                    "entity_id": "{0e37ca90-fb1a-6343-b111-000000000500}",
                    "executable": "C:\\Windows\\system32\\cleanmgr.exe",
                    "name": "cleanmgr.exe",
                    "pid": 6640
                },
                "rule": {
                    "name": "DLL"
                },
                "winlog": {
                    "api": "wineventlog",
                    "channel": "Microsoft-Windows-Sysmon/Operational",
                    "computer_name": "CLIENT1.breach.local",
                    "event_data": {
                        "CreationUtcTime": "2022-10-10 10:59:41.574",
                        "User": "BREACH\\client1"
                    },
                    "event_id": 11,
                    "opcode": "Info",
                    "process": {
                        "pid": 1160,
                        "thread": {
                            "id": 2496
                        }
                    },
                    "provider_guid": "{5770385f-c22a-43e0-bf4c-06f5698ffbd9}",
                    "provider_name": "Microsoft-Windows-Sysmon",
                    "record_id": 8899,
                    "task": "File created (rule: FileCreate)",
                    "user": {
                        "domain": "NT AUTHORITY",
                        "identifier": "S-1-5-18",
                        "name": "SYSTEM",
                        "type": "User"
                    },
                    "version": 2
                }
            }
        },
        "name": "Rename Common File to DLL File",
        "timestamp": "2022-10-10T10:59:41.574+00:00",
        "authors": [
            "frack113"
        ],
        "level": "medium",
        "source": "sigma",
        "status": "experimental",
        "falsepositives": [
            "Application installation"
        ],
        "id": "bbfd974c-248e-4435-8de6-1e938c79c5c1",
        "logsource": {
            "category": "file_rename",
            "product": "windows"
        },
        "references": [
            "https://twitter.com/ffforward/status/1481672378639912960",
            "https://github.com/redcanaryco/atomic-red-team/blob/f339e7da7d05f6057fdfcdd3742bfcf365fee2a9/atomics/T1036/T1036.md#atomic-test-1---system-file-copied-to-unusual-location"
        ]
    },
    {
        "group": "Sigma",
        "kind": "individual",
        "document": {
            "kind": "jsonl",
            "data": {
                "@timestamp": "2022-10-10T10:59:41.574Z",
                "agent": {
                    "ephemeral_id": "64b72b79-c8b3-44d5-8efc-41706d768842",
                    "hostname": "CLIENT1",
                    "id": "cd699c72-0f46-4cd9-938a-43faf035a44a",
                    "name": "CLIENT1",
                    "type": "winlogbeat",
                    "version": "7.10.2"
                },
                "ecs": {
                    "version": "1.5.0"
                },
                "event": {
                    "action": "File created (rule: FileCreate)",
                    "category": [
                        "file"
                    ],
                    "code": 11,
                    "created": "2022-10-10T10:59:41.890Z",
                    "kind": "event",
                    "module": "sysmon",
                    "provider": "Microsoft-Windows-Sysmon",
                    "type": [
                        "creation"
                    ]
                },
                "file": {
                    "directory": "C:\\Users\\client1\\AppData\\Local\\Temp\\2DBCCDB1-A4DF-4534-93BA-33609C70BE4F",
                    "extension": "dll",
                    "name": "OSProvider.dll",
                    "path": "C:\\Users\\client1\\AppData\\Local\\Temp\\2DBCCDB1-A4DF-4534-93BA-33609C70BE4F\\OSProvider.dll"
                },
                "host": {
                    "name": "CLIENT1.breach.local"
                },
                "log": {
                    "level": "information"
                },
                "message": "File created:\nRuleName: DLL\nUtcTime: 2022-10-10 10:59:41.574\nProcessGuid: {0e37ca90-fb1a-6343-b111-000000000500}\nProcessId: 6640\nImage: C:\\Windows\\system32\\cleanmgr.exe\nTargetFilename: C:\\Users\\client1\\AppData\\Local\\Temp\\2DBCCDB1-A4DF-4534-93BA-33609C70BE4F\\OSProvider.dll\nCreationUtcTime: 2022-10-10 10:59:41.574\nUser: BREACH\\client1",
                "process": {
                    "entity_id": "{0e37ca90-fb1a-6343-b111-000000000500}",
                    "executable": "C:\\Windows\\system32\\cleanmgr.exe",
                    "name": "cleanmgr.exe",
                    "pid": 6640
                },
                "rule": {
                    "name": "DLL"
                },
                "winlog": {
                    "api": "wineventlog",
                    "channel": "Microsoft-Windows-Sysmon/Operational",
                    "computer_name": "CLIENT1.breach.local",
                    "event_data": {
                        "CreationUtcTime": "2022-10-10 10:59:41.574",
                        "User": "BREACH\\client1"
                    },
                    "event_id": 11,
                    "opcode": "Info",
                    "process": {
                        "pid": 1160,
                        "thread": {
                            "id": 2496
                        }
                    },
                    "provider_guid": "{5770385f-c22a-43e0-bf4c-06f5698ffbd9}",
                    "provider_name": "Microsoft-Windows-Sysmon",
                    "record_id": 8898,
                    "task": "File created (rule: FileCreate)",
                    "user": {
                        "domain": "NT AUTHORITY",
                        "identifier": "S-1-5-18",
                        "name": "SYSTEM",
                        "type": "User"
                    },
                    "version": 2
                }
            }
        },
        "name": "Rename Common File to DLL File",
        "timestamp": "2022-10-10T10:59:41.574+00:00",
        "authors": [
            "frack113"
        ],
        "level": "medium",
        "source": "sigma",
        "status": "experimental",
        "falsepositives": [
            "Application installation"
        ],
        "id": "bbfd974c-248e-4435-8de6-1e938c79c5c1",
        "logsource": {
            "category": "file_rename",
            "product": "windows"
        },
        "references": [
            "https://twitter.com/ffforward/status/1481672378639912960",
            "https://github.com/redcanaryco/atomic-red-team/blob/f339e7da7d05f6057fdfcdd3742bfcf365fee2a9/atomics/T1036/T1036.md#atomic-test-1---system-file-copied-to-unusual-location"
        ]
    },
    {
        "group": "Sigma",
        "kind": "individual",
        "document": {
            "kind": "jsonl",
            "data": {
                "@timestamp": "2022-10-10T10:59:41.574Z",
                "agent": {
                    "ephemeral_id": "64b72b79-c8b3-44d5-8efc-41706d768842",
                    "hostname": "CLIENT1",
                    "id": "cd699c72-0f46-4cd9-938a-43faf035a44a",
                    "name": "CLIENT1",
                    "type": "winlogbeat",
                    "version": "7.10.2"
                },
                "ecs": {
                    "version": "1.5.0"
                },
                "event": {
                    "action": "File created (rule: FileCreate)",
                    "category": [
                        "file"
                    ],
                    "code": 11,
                    "created": "2022-10-10T10:59:41.890Z",
                    "kind": "event",
                    "module": "sysmon",
                    "provider": "Microsoft-Windows-Sysmon",
                    "type": [
                        "creation"
                    ]
                },
                "file": {
                    "directory": "C:\\Users\\client1\\AppData\\Local\\Temp\\2DBCCDB1-A4DF-4534-93BA-33609C70BE4F",
                    "extension": "dll",
                    "name": "MsiProvider.dll",
                    "path": "C:\\Users\\client1\\AppData\\Local\\Temp\\2DBCCDB1-A4DF-4534-93BA-33609C70BE4F\\MsiProvider.dll"
                },
                "host": {
                    "name": "CLIENT1.breach.local"
                },
                "log": {
                    "level": "information"
                },
                "message": "File created:\nRuleName: DLL\nUtcTime: 2022-10-10 10:59:41.574\nProcessGuid: {0e37ca90-fb1a-6343-b111-000000000500}\nProcessId: 6640\nImage: C:\\Windows\\system32\\cleanmgr.exe\nTargetFilename: C:\\Users\\client1\\AppData\\Local\\Temp\\2DBCCDB1-A4DF-4534-93BA-33609C70BE4F\\MsiProvider.dll\nCreationUtcTime: 2022-10-10 10:59:41.574\nUser: BREACH\\client1",
                "process": {
                    "entity_id": "{0e37ca90-fb1a-6343-b111-000000000500}",
                    "executable": "C:\\Windows\\system32\\cleanmgr.exe",
                    "name": "cleanmgr.exe",
                    "pid": 6640
                },
                "rule": {
                    "name": "DLL"
                },
                "winlog": {
                    "api": "wineventlog",
                    "channel": "Microsoft-Windows-Sysmon/Operational",
                    "computer_name": "CLIENT1.breach.local",
                    "event_data": {
                        "CreationUtcTime": "2022-10-10 10:59:41.574",
                        "User": "BREACH\\client1"
                    },
                    "event_id": 11,
                    "opcode": "Info",
                    "process": {
                        "pid": 1160,
                        "thread": {
                            "id": 2496
                        }
                    },
                    "provider_guid": "{5770385f-c22a-43e0-bf4c-06f5698ffbd9}",
                    "provider_name": "Microsoft-Windows-Sysmon",
                    "record_id": 8896,
                    "task": "File created (rule: FileCreate)",
                    "user": {
                        "domain": "NT AUTHORITY",
                        "identifier": "S-1-5-18",
                        "name": "SYSTEM",
                        "type": "User"
                    },
                    "version": 2
                }
            }
        },
        "name": "Rename Common File to DLL File",
        "timestamp": "2022-10-10T10:59:41.574+00:00",
        "authors": [
            "frack113"
        ],
        "level": "medium",
        "source": "sigma",
        "status": "experimental",
        "falsepositives": [
            "Application installation"
        ],
        "id": "bbfd974c-248e-4435-8de6-1e938c79c5c1",
        "logsource": {
            "category": "file_rename",
            "product": "windows"
        },
        "references": [
            "https://twitter.com/ffforward/status/1481672378639912960",
            "https://github.com/redcanaryco/atomic-red-team/blob/f339e7da7d05f6057fdfcdd3742bfcf365fee2a9/atomics/T1036/T1036.md#atomic-test-1---system-file-copied-to-unusual-location"
        ]
    },
    {
        "group": "Sigma",
        "kind": "individual",
        "document": {
            "kind": "jsonl",
            "data": {
                "@timestamp": "2022-10-10T10:59:41.590Z",
                "agent": {
                    "ephemeral_id": "64b72b79-c8b3-44d5-8efc-41706d768842",
                    "hostname": "CLIENT1",
                    "id": "cd699c72-0f46-4cd9-938a-43faf035a44a",
                    "name": "CLIENT1",
                    "type": "winlogbeat",
                    "version": "7.10.2"
                },
                "ecs": {
                    "version": "1.5.0"
                },
                "event": {
                    "action": "File created (rule: FileCreate)",
                    "category": [
                        "file"
                    ],
                    "code": 11,
                    "created": "2022-10-10T10:59:41.890Z",
                    "kind": "event",
                    "module": "sysmon",
                    "provider": "Microsoft-Windows-Sysmon",
                    "type": [
                        "creation"
                    ]
                },
                "file": {
                    "directory": "C:\\Users\\client1\\AppData\\Local\\Temp\\2DBCCDB1-A4DF-4534-93BA-33609C70BE4F",
                    "extension": "dll",
                    "name": "SysprepProvider.dll",
                    "path": "C:\\Users\\client1\\AppData\\Local\\Temp\\2DBCCDB1-A4DF-4534-93BA-33609C70BE4F\\SysprepProvider.dll"
                },
                "host": {
                    "name": "CLIENT1.breach.local"
                },
                "log": {
                    "level": "information"
                },
                "message": "File created:\nRuleName: DLL\nUtcTime: 2022-10-10 10:59:41.590\nProcessGuid: {0e37ca90-fb1a-6343-b111-000000000500}\nProcessId: 6640\nImage: C:\\Windows\\system32\\cleanmgr.exe\nTargetFilename: C:\\Users\\client1\\AppData\\Local\\Temp\\2DBCCDB1-A4DF-4534-93BA-33609C70BE4F\\SysprepProvider.dll\nCreationUtcTime: 2022-10-10 10:59:41.590\nUser: BREACH\\client1",
                "process": {
                    "entity_id": "{0e37ca90-fb1a-6343-b111-000000000500}",
                    "executable": "C:\\Windows\\system32\\cleanmgr.exe",
                    "name": "cleanmgr.exe",
                    "pid": 6640
                },
                "rule": {
                    "name": "DLL"
                },
                "winlog": {
                    "api": "wineventlog",
                    "channel": "Microsoft-Windows-Sysmon/Operational",
                    "computer_name": "CLIENT1.breach.local",
                    "event_data": {
                        "CreationUtcTime": "2022-10-10 10:59:41.590",
                        "User": "BREACH\\client1"
                    },
                    "event_id": 11,
                    "opcode": "Info",
                    "process": {
                        "pid": 1160,
                        "thread": {
                            "id": 2496
                        }
                    },
                    "provider_guid": "{5770385f-c22a-43e0-bf4c-06f5698ffbd9}",
                    "provider_name": "Microsoft-Windows-Sysmon",
                    "record_id": 8902,
                    "task": "File created (rule: FileCreate)",
                    "user": {
                        "domain": "NT AUTHORITY",
                        "identifier": "S-1-5-18",
                        "name": "SYSTEM",
                        "type": "User"
                    },
                    "version": 2
                }
            }
        },
        "name": "Rename Common File to DLL File",
        "timestamp": "2022-10-10T10:59:41.590+00:00",
        "authors": [
            "frack113"
        ],
        "level": "medium",
        "source": "sigma",
        "status": "experimental",
        "falsepositives": [
            "Application installation"
        ],
        "id": "bbfd974c-248e-4435-8de6-1e938c79c5c1",
        "logsource": {
            "category": "file_rename",
            "product": "windows"
        },
        "references": [
            "https://twitter.com/ffforward/status/1481672378639912960",
            "https://github.com/redcanaryco/atomic-red-team/blob/f339e7da7d05f6057fdfcdd3742bfcf365fee2a9/atomics/T1036/T1036.md#atomic-test-1---system-file-copied-to-unusual-location"
        ]
    },
    {
        "group": "Sigma",
        "kind": "individual",
        "document": {
            "kind": "jsonl",
            "data": {
                "@timestamp": "2022-10-10T10:59:41.590Z",
                "agent": {
                    "ephemeral_id": "64b72b79-c8b3-44d5-8efc-41706d768842",
                    "hostname": "CLIENT1",
                    "id": "cd699c72-0f46-4cd9-938a-43faf035a44a",
                    "name": "CLIENT1",
                    "type": "winlogbeat",
                    "version": "7.10.2"
                },
                "ecs": {
                    "version": "1.5.0"
                },
                "event": {
                    "action": "File created (rule: FileCreate)",
                    "category": [
                        "file"
                    ],
                    "code": 11,
                    "created": "2022-10-10T10:59:41.890Z",
                    "kind": "event",
                    "module": "sysmon",
                    "provider": "Microsoft-Windows-Sysmon",
                    "type": [
                        "creation"
                    ]
                },
                "file": {
                    "directory": "C:\\Users\\client1\\AppData\\Local\\Temp\\2DBCCDB1-A4DF-4534-93BA-33609C70BE4F",
                    "extension": "dll",
                    "name": "SetupPlatformProvider.dll",
                    "path": "C:\\Users\\client1\\AppData\\Local\\Temp\\2DBCCDB1-A4DF-4534-93BA-33609C70BE4F\\SetupPlatformProvider.dll"
                },
                "host": {
                    "name": "CLIENT1.breach.local"
                },
                "log": {
                    "level": "information"
                },
                "message": "File created:\nRuleName: DLL\nUtcTime: 2022-10-10 10:59:41.590\nProcessGuid: {0e37ca90-fb1a-6343-b111-000000000500}\nProcessId: 6640\nImage: C:\\Windows\\system32\\cleanmgr.exe\nTargetFilename: C:\\Users\\client1\\AppData\\Local\\Temp\\2DBCCDB1-A4DF-4534-93BA-33609C70BE4F\\SetupPlatformProvider.dll\nCreationUtcTime: 2022-10-10 10:59:41.590\nUser: BREACH\\client1",
                "process": {
                    "entity_id": "{0e37ca90-fb1a-6343-b111-000000000500}",
                    "executable": "C:\\Windows\\system32\\cleanmgr.exe",
                    "name": "cleanmgr.exe",
                    "pid": 6640
                },
                "rule": {
                    "name": "DLL"
                },
                "winlog": {
                    "api": "wineventlog",
                    "channel": "Microsoft-Windows-Sysmon/Operational",
                    "computer_name": "CLIENT1.breach.local",
                    "event_data": {
                        "CreationUtcTime": "2022-10-10 10:59:41.590",
                        "User": "BREACH\\client1"
                    },
                    "event_id": 11,
                    "opcode": "Info",
                    "process": {
                        "pid": 1160,
                        "thread": {
                            "id": 2496
                        }
                    },
                    "provider_guid": "{5770385f-c22a-43e0-bf4c-06f5698ffbd9}",
                    "provider_name": "Microsoft-Windows-Sysmon",
                    "record_id": 8900,
                    "task": "File created (rule: FileCreate)",
                    "user": {
                        "domain": "NT AUTHORITY",
                        "identifier": "S-1-5-18",
                        "name": "SYSTEM",
                        "type": "User"
                    },
                    "version": 2
                }
            }
        },
        "name": "Rename Common File to DLL File",
        "timestamp": "2022-10-10T10:59:41.590+00:00",
        "authors": [
            "frack113"
        ],
        "level": "medium",
        "source": "sigma",
        "status": "experimental",
        "falsepositives": [
            "Application installation"
        ],
        "id": "bbfd974c-248e-4435-8de6-1e938c79c5c1",
        "logsource": {
            "category": "file_rename",
            "product": "windows"
        },
        "references": [
            "https://twitter.com/ffforward/status/1481672378639912960",
            "https://github.com/redcanaryco/atomic-red-team/blob/f339e7da7d05f6057fdfcdd3742bfcf365fee2a9/atomics/T1036/T1036.md#atomic-test-1---system-file-copied-to-unusual-location"
        ]
    },
    {
        "group": "Sigma",
        "kind": "individual",
        "document": {
            "kind": "jsonl",
            "data": {
                "@timestamp": "2022-10-10T10:59:41.590Z",
                "agent": {
                    "ephemeral_id": "64b72b79-c8b3-44d5-8efc-41706d768842",
                    "hostname": "CLIENT1",
                    "id": "cd699c72-0f46-4cd9-938a-43faf035a44a",
                    "name": "CLIENT1",
                    "type": "winlogbeat",
                    "version": "7.10.2"
                },
                "ecs": {
                    "version": "1.5.0"
                },
                "event": {
                    "action": "File created (rule: FileCreate)",
                    "category": [
                        "file"
                    ],
                    "code": 11,
                    "created": "2022-10-10T10:59:41.890Z",
                    "kind": "event",
                    "module": "sysmon",
                    "provider": "Microsoft-Windows-Sysmon",
                    "type": [
                        "creation"
                    ]
                },
                "file": {
                    "directory": "C:\\Users\\client1\\AppData\\Local\\Temp\\2DBCCDB1-A4DF-4534-93BA-33609C70BE4F",
                    "extension": "dll",
                    "name": "TransmogProvider.dll",
                    "path": "C:\\Users\\client1\\AppData\\Local\\Temp\\2DBCCDB1-A4DF-4534-93BA-33609C70BE4F\\TransmogProvider.dll"
                },
                "host": {
                    "name": "CLIENT1.breach.local"
                },
                "log": {
                    "level": "information"
                },
                "message": "File created:\nRuleName: DLL\nUtcTime: 2022-10-10 10:59:41.590\nProcessGuid: {0e37ca90-fb1a-6343-b111-000000000500}\nProcessId: 6640\nImage: C:\\Windows\\system32\\cleanmgr.exe\nTargetFilename: C:\\Users\\client1\\AppData\\Local\\Temp\\2DBCCDB1-A4DF-4534-93BA-33609C70BE4F\\TransmogProvider.dll\nCreationUtcTime: 2022-10-10 10:59:41.590\nUser: BREACH\\client1",
                "process": {
                    "entity_id": "{0e37ca90-fb1a-6343-b111-000000000500}",
                    "executable": "C:\\Windows\\system32\\cleanmgr.exe",
                    "name": "cleanmgr.exe",
                    "pid": 6640
                },
                "rule": {
                    "name": "DLL"
                },
                "winlog": {
                    "api": "wineventlog",
                    "channel": "Microsoft-Windows-Sysmon/Operational",
                    "computer_name": "CLIENT1.breach.local",
                    "event_data": {
                        "CreationUtcTime": "2022-10-10 10:59:41.590",
                        "User": "BREACH\\client1"
                    },
                    "event_id": 11,
                    "opcode": "Info",
                    "process": {
                        "pid": 1160,
                        "thread": {
                            "id": 2496
                        }
                    },
                    "provider_guid": "{5770385f-c22a-43e0-bf4c-06f5698ffbd9}",
                    "provider_name": "Microsoft-Windows-Sysmon",
                    "record_id": 8903,
                    "task": "File created (rule: FileCreate)",
                    "user": {
                        "domain": "NT AUTHORITY",
                        "identifier": "S-1-5-18",
                        "name": "SYSTEM",
                        "type": "User"
                    },
                    "version": 2
                }
            }
        },
        "name": "Rename Common File to DLL File",
        "timestamp": "2022-10-10T10:59:41.590+00:00",
        "authors": [
            "frack113"
        ],
        "level": "medium",
        "source": "sigma",
        "status": "experimental",
        "falsepositives": [
            "Application installation"
        ],
        "id": "bbfd974c-248e-4435-8de6-1e938c79c5c1",
        "logsource": {
            "category": "file_rename",
            "product": "windows"
        },
        "references": [
            "https://twitter.com/ffforward/status/1481672378639912960",
            "https://github.com/redcanaryco/atomic-red-team/blob/f339e7da7d05f6057fdfcdd3742bfcf365fee2a9/atomics/T1036/T1036.md#atomic-test-1---system-file-copied-to-unusual-location"
        ]
    },
