[
    {
        "group": "Sigma",
        "kind": "individual",
        "document": {
            "kind": "jsonl",
            "data": {
                "@timestamp": "2022-10-10T09:56:17.606Z",
                "agent": {
                    "ephemeral_id": "64b72b79-c8b3-44d5-8efc-41706d768842",
                    "hostname": "CLIENT1",
                    "id": "cd699c72-0f46-4cd9-938a-43faf035a44a",
                    "name": "CLIENT1",
                    "type": "winlogbeat",
                    "version": "7.10.2"
                },
                "ecs": {
                    "version": "1.5.0"
                },
                "event": {
                    "action": "File created (rule: FileCreate)",
                    "category": [
                        "file"
                    ],
                    "code": 11,
                    "created": "2022-10-10T10:00:27.237Z",
                    "kind": "event",
                    "module": "sysmon",
                    "provider": "Microsoft-Windows-Sysmon",
                    "type": [
                        "creation"
                    ]
                },
                "file": {
                    "directory": "C:\\Users\\setup\\AppData\\Roaming\\Microsoft\\Windows\\Start Menu\\Programs",
                    "name": "Startup",
                    "path": "C:\\Users\\setup\\AppData\\Roaming\\Microsoft\\Windows\\Start Menu\\Programs\\Startup"
                },
                "host": {
                    "name": "CLIENT"
                },
                "log": {
                    "level": "information"
                },
                "message": "File created:\nRuleName: T1023\nUtcTime: 2022-10-10 09:56:17.606\nProcessGuid: {0e37ca90-ec3c-6343-4f00-000000000300}\nProcessId: 3200\nImage: C:\\Windows\\Explorer.EXE\nTargetFilename: C:\\Users\\setup\\AppData\\Roaming\\Microsoft\\Windows\\Start Menu\\Programs\\Startup\nCreationUtcTime: 2022-10-10 09:56:17.606\nUser: CLIENT\\setup",
                "process": {
                    "entity_id": "{0e37ca90-ec3c-6343-4f00-000000000300}",
                    "executable": "C:\\Windows\\Explorer.EXE",
                    "name": "Explorer.EXE",
                    "pid": 3200
                },
                "rule": {
                    "name": "T1023"
                },
                "winlog": {
                    "api": "wineventlog",
                    "channel": "Microsoft-Windows-Sysmon/Operational",
                    "computer_name": "CLIENT",
                    "event_data": {
                        "CreationUtcTime": "2022-10-10 09:56:17.606",
                        "User": "CLIENT\\setup"
                    },
                    "event_id": 11,
                    "opcode": "Info",
                    "process": {
                        "pid": 1904,
                        "thread": {
                            "id": 2536
                        }
                    },
                    "provider_guid": "{5770385f-c22a-43e0-bf4c-06f5698ffbd9}",
                    "provider_name": "Microsoft-Windows-Sysmon",
                    "record_id": 695,
                    "task": "File created (rule: FileCreate)",
                    "user": {
                        "domain": "NT AUTHORITY",
                        "identifier": "S-1-5-18",
                        "name": "SYSTEM",
                        "type": "User"
                    },
                    "version": 2
                }
            }
        },
        "name": "Startup Folder File Write",
        "timestamp": "2022-10-10T09:56:17.606+00:00",
        "authors": [
            "Roberto Rodriguez (Cyb3rWard0g)",
            "OTR (Open Threat Research)"
        ],
        "level": "medium",
        "source": "sigma",
        "status": "experimental",
        "falsepositives": [
            "An FP could be caused by legitimate application writing shortcuts for example. This folder should always be inspected to make sure that all the files in there are legitimate"
        ],
        "id": "2aa0a6b4-a865-495b-ab51-c28249537b75",
        "logsource": {
            "category": "file_event",
            "product": "windows"
        },
        "references": [
            "https://github.com/OTRF/detection-hackathon-apt29/issues/12",
            "https://threathunterplaybook.com/evals/apt29/detections/5.B.1_611FCA99-97D0-4873-9E51-1C1BA2DBB40D.html"
        ],
        "tags": [
            "attack.persistence",
            "attack.t1547.001"
        ]
    },
    {
        "group": "Sigma",
        "kind": "individual",
        "document": {
            "kind": "jsonl",
            "data": {
                "@timestamp": "2022-10-10T09:56:17.606Z",
                "agent": {
                    "ephemeral_id": "64b72b79-c8b3-44d5-8efc-41706d768842",
                    "hostname": "CLIENT1",
                    "id": "cd699c72-0f46-4cd9-938a-43faf035a44a",
                    "name": "CLIENT1",
                    "type": "winlogbeat",
                    "version": "7.10.2"
                },
                "ecs": {
                    "version": "1.5.0"
                },
                "event": {
                    "action": "File created (rule: FileCreate)",
                    "category": [
                        "file"
                    ],
                    "code": 11,
                    "created": "2022-10-10T10:00:27.237Z",
                    "kind": "event",
                    "module": "sysmon",
                    "provider": "Microsoft-Windows-Sysmon",
                    "type": [
                        "creation"
                    ]
                },
                "file": {
                    "directory": "C:\\Users\\setup\\AppData\\Roaming\\Microsoft\\Windows\\Start Menu\\Programs\\Startup",
                    "extension": "ini",
                    "name": "desktop.ini",
                    "path": "C:\\Users\\setup\\AppData\\Roaming\\Microsoft\\Windows\\Start Menu\\Programs\\Startup\\desktop.ini"
                },
                "host": {
                    "name": "CLIENT"
                },
                "log": {
                    "level": "information"
                },
                "message": "File created:\nRuleName: T1023\nUtcTime: 2022-10-10 09:56:17.606\nProcessGuid: {0e37ca90-ec3c-6343-4f00-000000000300}\nProcessId: 3200\nImage: C:\\Windows\\Explorer.EXE\nTargetFilename: C:\\Users\\setup\\AppData\\Roaming\\Microsoft\\Windows\\Start Menu\\Programs\\Startup\\desktop.ini\nCreationUtcTime: 2022-10-10 09:56:17.606\nUser: CLIENT\\setup",
                "process": {
                    "entity_id": "{0e37ca90-ec3c-6343-4f00-000000000300}",
                    "executable": "C:\\Windows\\Explorer.EXE",
                    "name": "Explorer.EXE",
                    "pid": 3200
                },
                "rule": {
                    "name": "T1023"
                },
                "winlog": {
                    "api": "wineventlog",
                    "channel": "Microsoft-Windows-Sysmon/Operational",
                    "computer_name": "CLIENT",
                    "event_data": {
                        "CreationUtcTime": "2022-10-10 09:56:17.606",
                        "User": "CLIENT\\setup"
                    },
                    "event_id": 11,
                    "opcode": "Info",
                    "process": {
                        "pid": 1904,
                        "thread": {
                            "id": 2536
                        }
                    },
                    "provider_guid": "{5770385f-c22a-43e0-bf4c-06f5698ffbd9}",
                    "provider_name": "Microsoft-Windows-Sysmon",
                    "record_id": 696,
                    "task": "File created (rule: FileCreate)",
                    "user": {
                        "domain": "NT AUTHORITY",
                        "identifier": "S-1-5-18",
                        "name": "SYSTEM",
                        "type": "User"
                    },
                    "version": 2
                }
            }
        },
        "name": "Startup Folder File Write",
        "timestamp": "2022-10-10T09:56:17.606+00:00",
        "authors": [
            "Roberto Rodriguez (Cyb3rWard0g)",
            "OTR (Open Threat Research)"
        ],
        "level": "medium",
        "source": "sigma",
        "status": "experimental",
        "falsepositives": [
            "An FP could be caused by legitimate application writing shortcuts for example. This folder should always be inspected to make sure that all the files in there are legitimate"
        ],
        "id": "2aa0a6b4-a865-495b-ab51-c28249537b75",
        "logsource": {
            "category": "file_event",
            "product": "windows"
        },
        "references": [
            "https://github.com/OTRF/detection-hackathon-apt29/issues/12",
            "https://threathunterplaybook.com/evals/apt29/detections/5.B.1_611FCA99-97D0-4873-9E51-1C1BA2DBB40D.html"
        ],
        "tags": [
            "attack.persistence",
            "attack.t1547.001"
        ]
    },
    {
        "group": "Sigma",
        "kind": "individual",
        "document": {
            "kind": "jsonl",
            "data": {
                "@timestamp": "2022-10-10T09:58:39.388Z",
                "agent": {
                    "ephemeral_id": "64b72b79-c8b3-44d5-8efc-41706d768842",
                    "hostname": "CLIENT1",
                    "id": "cd699c72-0f46-4cd9-938a-43faf035a44a",
                    "name": "CLIENT1",
                    "type": "winlogbeat",
                    "version": "7.10.2"
                },
                "ecs": {
                    "version": "1.5.0"
                },
                "event": {
                    "action": "File created (rule: FileCreate)",
                    "category": [
                        "file"
                    ],
                    "code": 11,
                    "created": "2022-10-10T10:00:28.116Z",
                    "kind": "event",
                    "module": "sysmon",
                    "provider": "Microsoft-Windows-Sysmon",
                    "type": [
                        "creation"
                    ]
                },
                "file": {
                    "directory": "C:\\Users\\client1\\AppData\\Roaming\\Microsoft\\Windows\\Start Menu\\Programs\\Startup",
                    "extension": "ini",
                    "name": "desktop.ini",
                    "path": "C:\\Users\\client1\\AppData\\Roaming\\Microsoft\\Windows\\Start Menu\\Programs\\Startup\\desktop.ini"
                },
                "host": {
                    "name": "CLIENT1.breach.local"
                },
                "log": {
                    "level": "information"
                },
                "message": "File created:\nRuleName: T1023\nUtcTime: 2022-10-10 09:58:39.388\nProcessGuid: {0e37ca90-eccc-6343-4600-000000000500}\nProcessId: 3508\nImage: C:\\Windows\\Explorer.EXE\nTargetFilename: C:\\Users\\client1\\AppData\\Roaming\\Microsoft\\Windows\\Start Menu\\Programs\\Startup\\desktop.ini\nCreationUtcTime: 2022-10-10 09:58:39.388\nUser: BREACH\\client1",
                "process": {
                    "entity_id": "{0e37ca90-eccc-6343-4600-000000000500}",
                    "executable": "C:\\Windows\\Explorer.EXE",
                    "name": "Explorer.EXE",
                    "pid": 3508
                },
                "rule": {
                    "name": "T1023"
                },
                "winlog": {
                    "api": "wineventlog",
                    "channel": "Microsoft-Windows-Sysmon/Operational",
                    "computer_name": "CLIENT1.breach.local",
                    "event_data": {
                        "CreationUtcTime": "2022-10-10 09:58:39.388",
                        "User": "BREACH\\client1"
                    },
                    "event_id": 11,
                    "opcode": "Info",
                    "process": {
                        "pid": 1160,
                        "thread": {
                            "id": 2496
                        }
                    },
                    "provider_guid": "{5770385f-c22a-43e0-bf4c-06f5698ffbd9}",
                    "provider_name": "Microsoft-Windows-Sysmon",
                    "record_id": 1410,
                    "task": "File created (rule: FileCreate)",
                    "user": {
                        "domain": "NT AUTHORITY",
                        "identifier": "S-1-5-18",
                        "name": "SYSTEM",
                        "type": "User"
                    },
                    "version": 2
                }
            }
        },
        "name": "Startup Folder File Write",
        "timestamp": "2022-10-10T09:58:39.388+00:00",
        "authors": [
            "Roberto Rodriguez (Cyb3rWard0g)",
            "OTR (Open Threat Research)"
        ],
        "level": "medium",
        "source": "sigma",
        "status": "experimental",
        "falsepositives": [
            "An FP could be caused by legitimate application writing shortcuts for example. This folder should always be inspected to make sure that all the files in there are legitimate"
        ],
        "id": "2aa0a6b4-a865-495b-ab51-c28249537b75",
        "logsource": {
            "category": "file_event",
            "product": "windows"
        },
        "references": [
            "https://github.com/OTRF/detection-hackathon-apt29/issues/12",
            "https://threathunterplaybook.com/evals/apt29/detections/5.B.1_611FCA99-97D0-4873-9E51-1C1BA2DBB40D.html"
        ],
        "tags": [
            "attack.persistence",
            "attack.t1547.001"
        ]
    },
    {
        "group": "Sigma",
        "kind": "individual",
        "document": {
            "kind": "jsonl",
            "data": {
                "@timestamp": "2022-10-10T09:58:39.388Z",
                "agent": {
                    "ephemeral_id": "64b72b79-c8b3-44d5-8efc-41706d768842",
                    "hostname": "CLIENT1",
                    "id": "cd699c72-0f46-4cd9-938a-43faf035a44a",
                    "name": "CLIENT1",
                    "type": "winlogbeat",
                    "version": "7.10.2"
                },
                "ecs": {
                    "version": "1.5.0"
                },
                "event": {
                    "action": "File created (rule: FileCreate)",
                    "category": [
                        "file"
                    ],
                    "code": 11,
                    "created": "2022-10-10T10:00:28.116Z",
                    "kind": "event",
                    "module": "sysmon",
                    "provider": "Microsoft-Windows-Sysmon",
                    "type": [
                        "creation"
                    ]
                },
                "file": {
                    "directory": "C:\\Users\\client1\\AppData\\Roaming\\Microsoft\\Windows\\Start Menu\\Programs",
                    "name": "Startup",
                    "path": "C:\\Users\\client1\\AppData\\Roaming\\Microsoft\\Windows\\Start Menu\\Programs\\Startup"
                },
                "host": {
                    "name": "CLIENT1.breach.local"
                },
                "log": {
                    "level": "information"
                },
                "message": "File created:\nRuleName: T1023\nUtcTime: 2022-10-10 09:58:39.388\nProcessGuid: {0e37ca90-eccc-6343-4600-000000000500}\nProcessId: 3508\nImage: C:\\Windows\\Explorer.EXE\nTargetFilename: C:\\Users\\client1\\AppData\\Roaming\\Microsoft\\Windows\\Start Menu\\Programs\\Startup\nCreationUtcTime: 2022-10-10 09:58:39.388\nUser: BREACH\\client1",
                "process": {
                    "entity_id": "{0e37ca90-eccc-6343-4600-000000000500}",
                    "executable": "C:\\Windows\\Explorer.EXE",
                    "name": "Explorer.EXE",
                    "pid": 3508
                },
                "rule": {
                    "name": "T1023"
                },
                "winlog": {
                    "api": "wineventlog",
                    "channel": "Microsoft-Windows-Sysmon/Operational",
                    "computer_name": "CLIENT1.breach.local",
                    "event_data": {
                        "CreationUtcTime": "2022-10-10 09:58:39.388",
                        "User": "BREACH\\client1"
                    },
                    "event_id": 11,
                    "opcode": "Info",
                    "process": {
                        "pid": 1160,
                        "thread": {
                            "id": 2496
                        }
                    },
                    "provider_guid": "{5770385f-c22a-43e0-bf4c-06f5698ffbd9}",
                    "provider_name": "Microsoft-Windows-Sysmon",
                    "record_id": 1409,
                    "task": "File created (rule: FileCreate)",
                    "user": {
                        "domain": "NT AUTHORITY",
                        "identifier": "S-1-5-18",
                        "name": "SYSTEM",
                        "type": "User"
                    },
                    "version": 2
                }
            }
        },
        "name": "Startup Folder File Write",
        "timestamp": "2022-10-10T09:58:39.388+00:00",
        "authors": [
            "Roberto Rodriguez (Cyb3rWard0g)",
            "OTR (Open Threat Research)"
        ],
        "level": "medium",
        "source": "sigma",
        "status": "experimental",
        "falsepositives": [
            "An FP could be caused by legitimate application writing shortcuts for example. This folder should always be inspected to make sure that all the files in there are legitimate"
        ],
        "id": "2aa0a6b4-a865-495b-ab51-c28249537b75",
        "logsource": {
            "category": "file_event",
            "product": "windows"
        },
        "references": [
            "https://github.com/OTRF/detection-hackathon-apt29/issues/12",
            "https://threathunterplaybook.com/evals/apt29/detections/5.B.1_611FCA99-97D0-4873-9E51-1C1BA2DBB40D.html"
        ],
        "tags": [
            "attack.persistence",
            "attack.t1547.001"
        ]
    },
    {
        "total_hits": 4
    }
]