    {
        "group": "Sigma",
        "kind": "individual",
        "document": {
            "kind": "jsonl",
            "data": {
                "@timestamp": "2022-10-10T09:59:04.569Z",
                "agent": {
                    "ephemeral_id": "64b72b79-c8b3-44d5-8efc-41706d768842",
                    "hostname": "CLIENT1",
                    "id": "cd699c72-0f46-4cd9-938a-43faf035a44a",
                    "name": "CLIENT1",
                    "type": "winlogbeat",
                    "version": "7.10.2"
                },
                "ecs": {
                    "version": "1.5.0"
                },
                "event": {
                    "code": 16,
                    "created": "2022-10-10T10:00:27.148Z",
                    "kind": "event",
                    "provider": "Microsoft-Windows-Kernel-General"
                },
                "host": {
                    "name": "CLIENT1.breach.local"
                },
                "log": {
                    "level": "information"
                },
                "message": "The access history in hive \\??\\C:\\Users\\client1\\AppData\\Local\\Packages\\Microsoft.Windows.OOBENetworkConnectionFlow_cw5n1h2txyewy\\Settings\\settings.dat was cleared updating 3 keys and creating 1 modified pages.",
                "winlog": {
                    "api": "wineventlog",
                    "channel": "System",
                    "computer_name": "CLIENT1.breach.local",
                    "event_data": {
                        "DirtyPages": "1",
                        "HiveName": "\\??\\C:\\Users\\client1\\AppData\\Local\\Packages\\Microsoft.Windows.OOBENetworkConnectionFlow_cw5n1h2txyewy\\Settings\\settings.dat",
                        "HiveNameLength": "123",
                        "KeysUpdated": "3"
                    },
                    "event_id": 16,
                    "opcode": "Info",
                    "process": {
                        "pid": 5252,
                        "thread": {
                            "id": 5604
                        }
                    },
                    "provider_guid": "{a68ca8b7-004f-d7b6-a698-07e2de0f1f5d}",
                    "provider_name": "Microsoft-Windows-Kernel-General",
                    "record_id": 539,
                    "task": "",
                    "user": {
                        "domain": "NT AUTHORITY",
                        "identifier": "S-1-5-18",
                        "name": "SYSTEM",
                        "type": "User"
                    }
                }
            }
        },
        "name": "Sysmon Configuration Change",
        "timestamp": "2022-10-10T09:59:04.569+00:00",
        "authors": [
            "frack113"
        ],
        "level": "medium",
        "source": "sigma",
        "status": "experimental",
        "falsepositives": [
            "Legitimate administrative action"
        ],
        "id": "8ac03a65-6c84-4116-acad-dc1558ff7a77",
        "logsource": {
            "product": "windows",
            "service": "sysmon"
        },
        "references": [
            "https://docs.microsoft.com/en-us/sysinternals/downloads/sysmon"
        ],
        "tags": [
            "attack.defense_evasion"
        ]
    },
    {
        "group": "Sigma",
        "kind": "individual",
        "document": {
            "kind": "jsonl",
            "data": {
                "@timestamp": "2022-10-10T09:59:04.573Z",
                "agent": {
                    "ephemeral_id": "64b72b79-c8b3-44d5-8efc-41706d768842",
                    "hostname": "CLIENT1",
                    "id": "cd699c72-0f46-4cd9-938a-43faf035a44a",
                    "name": "CLIENT1",
                    "type": "winlogbeat",
                    "version": "7.10.2"
                },
                "ecs": {
                    "version": "1.5.0"
                },
                "event": {
                    "code": 16,
                    "created": "2022-10-10T10:00:27.148Z",
                    "kind": "event",
                    "provider": "Microsoft-Windows-Kernel-General"
                },
                "host": {
                    "name": "CLIENT1.breach.local"
                },
                "log": {
                    "level": "information"
                },
                "message": "The access history in hive \\??\\C:\\Users\\client1\\AppData\\Local\\Packages\\Microsoft.Windows.Photos_8wekyb3d8bbwe\\Settings\\settings.dat was cleared updating 3 keys and creating 1 modified pages.",
                "winlog": {
                    "api": "wineventlog",
                    "channel": "System",
                    "computer_name": "CLIENT1.breach.local",
                    "event_data": {
                        "DirtyPages": "1",
                        "HiveName": "\\??\\C:\\Users\\client1\\AppData\\Local\\Packages\\Microsoft.Windows.Photos_8wekyb3d8bbwe\\Settings\\settings.dat",
                        "HiveNameLength": "104",
                        "KeysUpdated": "3"
                    },
                    "event_id": 16,
                    "opcode": "Info",
                    "process": {
                        "pid": 5252,
                        "thread": {
                            "id": 5604
                        }
                    },
                    "provider_guid": "{a68ca8b7-004f-d7b6-a698-07e2de0f1f5d}",
                    "provider_name": "Microsoft-Windows-Kernel-General",
                    "record_id": 540,
                    "task": "",
                    "user": {
                        "domain": "NT AUTHORITY",
                        "identifier": "S-1-5-18",
                        "name": "SYSTEM",
                        "type": "User"
                    }
                }
            }
        },
        "name": "Sysmon Configuration Change",
        "timestamp": "2022-10-10T09:59:04.573+00:00",
        "authors": [
            "frack113"
        ],
        "level": "medium",
        "source": "sigma",
        "status": "experimental",
        "falsepositives": [
            "Legitimate administrative action"
        ],
        "id": "8ac03a65-6c84-4116-acad-dc1558ff7a77",
        "logsource": {
            "product": "windows",
            "service": "sysmon"
        },
        "references": [
            "https://docs.microsoft.com/en-us/sysinternals/downloads/sysmon"
        ],
        "tags": [
            "attack.defense_evasion"
        ]
    },
    {
        "group": "Sigma",
        "kind": "individual",
        "document": {
            "kind": "jsonl",
            "data": {
                "@timestamp": "2022-10-10T09:59:04.577Z",
                "agent": {
                    "ephemeral_id": "64b72b79-c8b3-44d5-8efc-41706d768842",
                    "hostname": "CLIENT1",
                    "id": "cd699c72-0f46-4cd9-938a-43faf035a44a",
                    "name": "CLIENT1",
                    "type": "winlogbeat",
                    "version": "7.10.2"
                },
                "ecs": {
                    "version": "1.5.0"
                },
                "event": {
                    "code": 16,
                    "created": "2022-10-10T10:00:27.148Z",
                    "kind": "event",
                    "provider": "Microsoft-Windows-Kernel-General"
                },
                "host": {
                    "name": "CLIENT1.breach.local"
                },
                "log": {
                    "level": "information"
                },
                "message": "The access history in hive \\??\\C:\\Users\\client1\\AppData\\Local\\Packages\\Microsoft.Windows.ShellExperienceHost_cw5n1h2txyewy\\Settings\\settings.dat was cleared updating 3 keys and creating 1 modified pages.",
                "winlog": {
                    "api": "wineventlog",
                    "channel": "System",
                    "computer_name": "CLIENT1.breach.local",
                    "event_data": {
                        "DirtyPages": "1",
                        "HiveName": "\\??\\C:\\Users\\client1\\AppData\\Local\\Packages\\Microsoft.Windows.ShellExperienceHost_cw5n1h2txyewy\\Settings\\settings.dat",
                        "HiveNameLength": "117",
                        "KeysUpdated": "3"
                    },
                    "event_id": 16,
                    "opcode": "Info",
                    "process": {
                        "pid": 5252,
                        "thread": {
                            "id": 5604
                        }
                    },
                    "provider_guid": "{a68ca8b7-004f-d7b6-a698-07e2de0f1f5d}",
                    "provider_name": "Microsoft-Windows-Kernel-General",
                    "record_id": 541,
                    "task": "",
                    "user": {
                        "domain": "NT AUTHORITY",
                        "identifier": "S-1-5-18",
                        "name": "SYSTEM",
                        "type": "User"
                    }
                }
            }
        },
        "name": "Sysmon Configuration Change",
        "timestamp": "2022-10-10T09:59:04.577+00:00",
        "authors": [
            "frack113"
        ],
        "level": "medium",
        "source": "sigma",
        "status": "experimental",
        "falsepositives": [
            "Legitimate administrative action"
        ],
        "id": "8ac03a65-6c84-4116-acad-dc1558ff7a77",
        "logsource": {
            "product": "windows",
            "service": "sysmon"
        },
        "references": [
            "https://docs.microsoft.com/en-us/sysinternals/downloads/sysmon"
        ],
        "tags": [
            "attack.defense_evasion"
        ]
    },
    {
        "group": "Sigma",
        "kind": "individual",
        "document": {
            "kind": "jsonl",
            "data": {
                "@timestamp": "2022-10-10T09:59:04.582Z",
                "agent": {
                    "ephemeral_id": "64b72b79-c8b3-44d5-8efc-41706d768842",
                    "hostname": "CLIENT1",
                    "id": "cd699c72-0f46-4cd9-938a-43faf035a44a",
                    "name": "CLIENT1",
                    "type": "winlogbeat",
                    "version": "7.10.2"
                },
                "ecs": {
                    "version": "1.5.0"
                },
                "event": {
                    "code": 16,
                    "created": "2022-10-10T10:00:27.148Z",
                    "kind": "event",
                    "provider": "Microsoft-Windows-Kernel-General"
                },
                "host": {
                    "name": "CLIENT1.breach.local"
                },
                "log": {
                    "level": "information"
                },
                "message": "The access history in hive \\??\\C:\\Users\\client1\\AppData\\Local\\Packages\\Microsoft.WindowsCamera_8wekyb3d8bbwe\\Settings\\settings.dat was cleared updating 3 keys and creating 1 modified pages.",
                "winlog": {
                    "api": "wineventlog",
                    "channel": "System",
                    "computer_name": "CLIENT1.breach.local",
                    "event_data": {
                        "DirtyPages": "1",
                        "HiveName": "\\??\\C:\\Users\\client1\\AppData\\Local\\Packages\\Microsoft.WindowsCamera_8wekyb3d8bbwe\\Settings\\settings.dat",
                        "HiveNameLength": "103",
                        "KeysUpdated": "3"
                    },
                    "event_id": 16,
                    "opcode": "Info",
                    "process": {
                        "pid": 5252,
                        "thread": {
                            "id": 5604
                        }
                    },
                    "provider_guid": "{a68ca8b7-004f-d7b6-a698-07e2de0f1f5d}",
                    "provider_name": "Microsoft-Windows-Kernel-General",
                    "record_id": 542,
                    "task": "",
                    "user": {
                        "domain": "NT AUTHORITY",
                        "identifier": "S-1-5-18",
                        "name": "SYSTEM",
                        "type": "User"
                    }
                }
            }
        },
        "name": "Sysmon Configuration Change",
        "timestamp": "2022-10-10T09:59:04.582+00:00",
        "authors": [
            "frack113"
        ],
        "level": "medium",
        "source": "sigma",
        "status": "experimental",
        "falsepositives": [
            "Legitimate administrative action"
        ],
        "id": "8ac03a65-6c84-4116-acad-dc1558ff7a77",
        "logsource": {
            "product": "windows",
            "service": "sysmon"
        },
        "references": [
            "https://docs.microsoft.com/en-us/sysinternals/downloads/sysmon"
        ],
        "tags": [
            "attack.defense_evasion"
        ]
    },
    {
        "group": "Sigma",
        "kind": "individual",
        "document": {
            "kind": "jsonl",
            "data": {
                "@timestamp": "2022-10-10T09:59:04.586Z",
                "agent": {
                    "ephemeral_id": "64b72b79-c8b3-44d5-8efc-41706d768842",
                    "hostname": "CLIENT1",
                    "id": "cd699c72-0f46-4cd9-938a-43faf035a44a",
                    "name": "CLIENT1",
                    "type": "winlogbeat",
                    "version": "7.10.2"
                },
                "ecs": {
                    "version": "1.5.0"
                },
                "event": {
                    "code": 16,
                    "created": "2022-10-10T10:00:27.148Z",
                    "kind": "event",
                    "provider": "Microsoft-Windows-Kernel-General"
                },
                "host": {
                    "name": "CLIENT1.breach.local"
                },
                "log": {
                    "level": "information"
                },
                "message": "The access history in hive \\??\\C:\\Users\\client1\\AppData\\Local\\Packages\\microsoft.windowscommunicationsapps_8wekyb3d8bbwe\\Settings\\settings.dat was cleared updating 3 keys and creating 1 modified pages.",
                "winlog": {
                    "api": "wineventlog",
                    "channel": "System",
                    "computer_name": "CLIENT1.breach.local",
                    "event_data": {
                        "DirtyPages": "1",
                        "HiveName": "\\??\\C:\\Users\\client1\\AppData\\Local\\Packages\\microsoft.windowscommunicationsapps_8wekyb3d8bbwe\\Settings\\settings.dat",
                        "HiveNameLength": "115",
                        "KeysUpdated": "3"
                    },
                    "event_id": 16,
                    "opcode": "Info",
                    "process": {
                        "pid": 5252,
                        "thread": {
                            "id": 5604
                        }
                    },
                    "provider_guid": "{a68ca8b7-004f-d7b6-a698-07e2de0f1f5d}",
                    "provider_name": "Microsoft-Windows-Kernel-General",
                    "record_id": 543,
                    "task": "",
                    "user": {
                        "domain": "NT AUTHORITY",
                        "identifier": "S-1-5-18",
                        "name": "SYSTEM",
                        "type": "User"
                    }
                }
            }
        },
        "name": "Sysmon Configuration Change",
        "timestamp": "2022-10-10T09:59:04.586+00:00",
        "authors": [
            "frack113"
        ],
        "level": "medium",
        "source": "sigma",
        "status": "experimental",
        "falsepositives": [
            "Legitimate administrative action"
        ],
        "id": "8ac03a65-6c84-4116-acad-dc1558ff7a77",
        "logsource": {
            "product": "windows",
            "service": "sysmon"
        },
        "references": [
            "https://docs.microsoft.com/en-us/sysinternals/downloads/sysmon"
        ],
        "tags": [
            "attack.defense_evasion"
        ]
    },
    {
        "group": "Sigma",
        "kind": "individual",
        "document": {
            "kind": "jsonl",
            "data": {
                "@timestamp": "2022-10-10T09:59:04.591Z",
                "agent": {
                    "ephemeral_id": "64b72b79-c8b3-44d5-8efc-41706d768842",
                    "hostname": "CLIENT1",
                    "id": "cd699c72-0f46-4cd9-938a-43faf035a44a",
                    "name": "CLIENT1",
                    "type": "winlogbeat",
                    "version": "7.10.2"
                },
                "ecs": {
                    "version": "1.5.0"
                },
                "event": {
                    "code": 16,
                    "created": "2022-10-10T10:00:27.148Z",
                    "kind": "event",
                    "provider": "Microsoft-Windows-Kernel-General"
                },
                "host": {
                    "name": "CLIENT1.breach.local"
                },
                "log": {
                    "level": "information"
                },
                "message": "The access history in hive \\??\\C:\\Users\\client1\\AppData\\Local\\Packages\\Microsoft.WindowsStore_8wekyb3d8bbwe\\Settings\\settings.dat was cleared updating 3 keys and creating 1 modified pages.",
                "winlog": {
                    "api": "wineventlog",
                    "channel": "System",
                    "computer_name": "CLIENT1.breach.local",
                    "event_data": {
                        "DirtyPages": "1",
                        "HiveName": "\\??\\C:\\Users\\client1\\AppData\\Local\\Packages\\Microsoft.WindowsStore_8wekyb3d8bbwe\\Settings\\settings.dat",
                        "HiveNameLength": "102",
                        "KeysUpdated": "3"
                    },
                    "event_id": 16,
                    "opcode": "Info",
                    "process": {
                        "pid": 5252,
                        "thread": {
                            "id": 5604
                        }
                    },
                    "provider_guid": "{a68ca8b7-004f-d7b6-a698-07e2de0f1f5d}",
                    "provider_name": "Microsoft-Windows-Kernel-General",
                    "record_id": 544,
                    "task": "",
                    "user": {
                        "domain": "NT AUTHORITY",
                        "identifier": "S-1-5-18",
                        "name": "SYSTEM",
                        "type": "User"
                    }
                }
            }
        },
        "name": "Sysmon Configuration Change",
        "timestamp": "2022-10-10T09:59:04.591+00:00",
        "authors": [
            "frack113"
        ],
        "level": "medium",
        "source": "sigma",
        "status": "experimental",
        "falsepositives": [
            "Legitimate administrative action"
        ],
        "id": "8ac03a65-6c84-4116-acad-dc1558ff7a77",
        "logsource": {
            "product": "windows",
            "service": "sysmon"
        },
        "references": [
            "https://docs.microsoft.com/en-us/sysinternals/downloads/sysmon"
        ],
        "tags": [
            "attack.defense_evasion"
        ]
    },
    {
        "group": "Sigma",
        "kind": "individual",
        "document": {
            "kind": "jsonl",
            "data": {
                "@timestamp": "2022-10-10T09:59:04.596Z",
                "agent": {
                    "ephemeral_id": "64b72b79-c8b3-44d5-8efc-41706d768842",
                    "hostname": "CLIENT1",
                    "id": "cd699c72-0f46-4cd9-938a-43faf035a44a",
                    "name": "CLIENT1",
                    "type": "winlogbeat",
                    "version": "7.10.2"
                },
                "ecs": {
                    "version": "1.5.0"
                },
                "event": {
                    "code": 16,
                    "created": "2022-10-10T10:00:27.148Z",
                    "kind": "event",
                    "provider": "Microsoft-Windows-Kernel-General"
                },
                "host": {
                    "name": "CLIENT1.breach.local"
                },
                "log": {
                    "level": "information"
                },
                "message": "The access history in hive \\??\\C:\\Users\\client1\\AppData\\Local\\Packages\\Microsoft.XboxIdentityProvider_8wekyb3d8bbwe\\Settings\\settings.dat was cleared updating 3 keys and creating 1 modified pages.",
                "winlog": {
                    "api": "wineventlog",
                    "channel": "System",
                    "computer_name": "CLIENT1.breach.local",
                    "event_data": {
                        "DirtyPages": "1",
                        "HiveName": "\\??\\C:\\Users\\client1\\AppData\\Local\\Packages\\Microsoft.XboxIdentityProvider_8wekyb3d8bbwe\\Settings\\settings.dat",
                        "HiveNameLength": "110",
                        "KeysUpdated": "3"
                    },
                    "event_id": 16,
                    "opcode": "Info",
                    "process": {
                        "pid": 5252,
                        "thread": {
                            "id": 5604
                        }
                    },
                    "provider_guid": "{a68ca8b7-004f-d7b6-a698-07e2de0f1f5d}",
                    "provider_name": "Microsoft-Windows-Kernel-General",
                    "record_id": 545,
                    "task": "",
                    "user": {
                        "domain": "NT AUTHORITY",
                        "identifier": "S-1-5-18",
                        "name": "SYSTEM",
                        "type": "User"
                    }
                }
            }
        },
        "name": "Sysmon Configuration Change",
        "timestamp": "2022-10-10T09:59:04.596+00:00",
        "authors": [
            "frack113"
        ],
        "level": "medium",
        "source": "sigma",
        "status": "experimental",
        "falsepositives": [
            "Legitimate administrative action"
        ],
        "id": "8ac03a65-6c84-4116-acad-dc1558ff7a77",
        "logsource": {
            "product": "windows",
            "service": "sysmon"
        },
        "references": [
            "https://docs.microsoft.com/en-us/sysinternals/downloads/sysmon"
        ],
        "tags": [
            "attack.defense_evasion"
        ]
    },
    {
        "group": "Sigma",
        "kind": "individual",
        "document": {
            "kind": "jsonl",
            "data": {
                "@timestamp": "2022-10-10T09:59:04.601Z",
                "agent": {
                    "ephemeral_id": "64b72b79-c8b3-44d5-8efc-41706d768842",
                    "hostname": "CLIENT1",
                    "id": "cd699c72-0f46-4cd9-938a-43faf035a44a",
                    "name": "CLIENT1",
                    "type": "winlogbeat",
                    "version": "7.10.2"
                },
                "ecs": {
                    "version": "1.5.0"
                },
                "event": {
                    "code": 16,
                    "created": "2022-10-10T10:00:27.148Z",
                    "kind": "event",
                    "provider": "Microsoft-Windows-Kernel-General"
                },
                "host": {
                    "name": "CLIENT1.breach.local"
                },
                "log": {
                    "level": "information"
                },
                "message": "The access history in hive \\??\\C:\\Users\\client1\\AppData\\Local\\Packages\\MicrosoftWindows.UndockedDevKit_cw5n1h2txyewy\\Settings\\settings.dat was cleared updating 3 keys and creating 1 modified pages.",
                "winlog": {
                    "api": "wineventlog",
                    "channel": "System",
                    "computer_name": "CLIENT1.breach.local",
                    "event_data": {
                        "DirtyPages": "1",
                        "HiveName": "\\??\\C:\\Users\\client1\\AppData\\Local\\Packages\\MicrosoftWindows.UndockedDevKit_cw5n1h2txyewy\\Settings\\settings.dat",
                        "HiveNameLength": "111",
                        "KeysUpdated": "3"
                    },
                    "event_id": 16,
                    "opcode": "Info",
                    "process": {
                        "pid": 5252,
                        "thread": {
                            "id": 5604
                        }
                    },
                    "provider_guid": "{a68ca8b7-004f-d7b6-a698-07e2de0f1f5d}",
                    "provider_name": "Microsoft-Windows-Kernel-General",
                    "record_id": 546,
                    "task": "",
                    "user": {
                        "domain": "NT AUTHORITY",
                        "identifier": "S-1-5-18",
                        "name": "SYSTEM",
                        "type": "User"
                    }
                }
            }
        },
        "name": "Sysmon Configuration Change",
        "timestamp": "2022-10-10T09:59:04.601+00:00",
        "authors": [
            "frack113"
        ],
        "level": "medium",
        "source": "sigma",
        "status": "experimental",
        "falsepositives": [
            "Legitimate administrative action"
        ],
        "id": "8ac03a65-6c84-4116-acad-dc1558ff7a77",
        "logsource": {
            "product": "windows",
            "service": "sysmon"
        },
        "references": [
            "https://docs.microsoft.com/en-us/sysinternals/downloads/sysmon"
        ],
        "tags": [
            "attack.defense_evasion"
        ]
    },
    {
        "group": "Sigma",
        "kind": "individual",
        "document": {
            "kind": "jsonl",
            "data": {
                "@timestamp": "2022-10-10T09:59:04.605Z",
                "agent": {
                    "ephemeral_id": "64b72b79-c8b3-44d5-8efc-41706d768842",
                    "hostname": "CLIENT1",
                    "id": "cd699c72-0f46-4cd9-938a-43faf035a44a",
                    "name": "CLIENT1",
                    "type": "winlogbeat",
                    "version": "7.10.2"
                },
                "ecs": {
                    "version": "1.5.0"
                },
                "event": {
                    "code": 16,
                    "created": "2022-10-10T10:00:27.148Z",
                    "kind": "event",
                    "provider": "Microsoft-Windows-Kernel-General"
                },
                "host": {
                    "name": "CLIENT1.breach.local"
                },
                "log": {
                    "level": "information"
                },
                "message": "The access history in hive \\??\\C:\\Users\\client1\\AppData\\Local\\Packages\\windows.immersivecontrolpanel_cw5n1h2txyewy\\Settings\\settings.dat was cleared updating 3 keys and creating 1 modified pages.",
                "winlog": {
                    "api": "wineventlog",
                    "channel": "System",
                    "computer_name": "CLIENT1.breach.local",
                    "event_data": {
                        "DirtyPages": "1",
                        "HiveName": "\\??\\C:\\Users\\client1\\AppData\\Local\\Packages\\windows.immersivecontrolpanel_cw5n1h2txyewy\\Settings\\settings.dat",
                        "HiveNameLength": "109",
                        "KeysUpdated": "3"
                    },
                    "event_id": 16,
                    "opcode": "Info",
                    "process": {
                        "pid": 5252,
                        "thread": {
                            "id": 5604
                        }
                    },
                    "provider_guid": "{a68ca8b7-004f-d7b6-a698-07e2de0f1f5d}",
                    "provider_name": "Microsoft-Windows-Kernel-General",
                    "record_id": 547,
                    "task": "",
                    "user": {
                        "domain": "NT AUTHORITY",
                        "identifier": "S-1-5-18",
                        "name": "SYSTEM",
                        "type": "User"
                    }
                }
            }
        },
        "name": "Sysmon Configuration Change",
        "timestamp": "2022-10-10T09:59:04.605+00:00",
        "authors": [
            "frack113"
        ],
        "level": "medium",
        "source": "sigma",
        "status": "experimental",
        "falsepositives": [
            "Legitimate administrative action"
        ],
        "id": "8ac03a65-6c84-4116-acad-dc1558ff7a77",
        "logsource": {
            "product": "windows",
            "service": "sysmon"
        },
        "references": [
            "https://docs.microsoft.com/en-us/sysinternals/downloads/sysmon"
        ],
        "tags": [
            "attack.defense_evasion"
        ]
    },
    {
        "group": "Sigma",
        "kind": "individual",
        "document": {
            "kind": "jsonl",
            "data": {
                "@timestamp": "2022-10-10T10:00:24.864Z",
                "agent": {
                    "ephemeral_id": "64b72b79-c8b3-44d5-8efc-41706d768842",
                    "hostname": "CLIENT1",
                    "id": "cd699c72-0f46-4cd9-938a-43faf035a44a",
                    "name": "CLIENT1",
                    "type": "winlogbeat",
                    "version": "7.10.2"
                },
                "ecs": {
                    "version": "1.5.0"
                },
                "event": {
                    "code": 16,
                    "created": "2022-10-10T10:00:27.148Z",
                    "kind": "event",
                    "provider": "Microsoft-Windows-Kernel-General"
                },
                "host": {
                    "name": "CLIENT1.breach.local"
                },
                "log": {
                    "level": "information"
                },
                "message": "The access history in hive \\??\\C:\\Windows\\ServiceProfiles\\NetworkService\\AppData\\Local\\Microsoft\\Windows\\DeliveryOptimization\\State\\dosvcState.dat was cleared updating 4 keys and creating 1 modified pages.",
                "winlog": {
                    "api": "wineventlog",
                    "channel": "System",
                    "computer_name": "CLIENT1.breach.local",
                    "event_data": {
                        "DirtyPages": "1",
                        "HiveName": "\\??\\C:\\Windows\\ServiceProfiles\\NetworkService\\AppData\\Local\\Microsoft\\Windows\\DeliveryOptimization\\State\\dosvcState.dat",
                        "HiveNameLength": "119",
                        "KeysUpdated": "4"
                    },
                    "event_id": 16,
                    "opcode": "Info",
                    "process": {
                        "pid": 5728,
                        "thread": {
                            "id": 5344
                        }
                    },
                    "provider_guid": "{a68ca8b7-004f-d7b6-a698-07e2de0f1f5d}",
                    "provider_name": "Microsoft-Windows-Kernel-General",
                    "record_id": 549,
                    "task": "",
                    "user": {
                        "domain": "NT AUTHORITY",
                        "identifier": "S-1-5-18",
                        "name": "SYSTEM",
                        "type": "User"
                    }
                }
            }
        },
        "name": "Sysmon Configuration Change",
        "timestamp": "2022-10-10T10:00:24.864+00:00",
        "authors": [
            "frack113"
        ],
        "level": "medium",
        "source": "sigma",
        "status": "experimental",
        "falsepositives": [
            "Legitimate administrative action"
        ],
        "id": "8ac03a65-6c84-4116-acad-dc1558ff7a77",
        "logsource": {
            "product": "windows",
            "service": "sysmon"
        },
        "references": [
            "https://docs.microsoft.com/en-us/sysinternals/downloads/sysmon"
        ],
        "tags": [
            "attack.defense_evasion"
        ]
    },
    {
        "group": "Sigma",
        "kind": "individual",
        "document": {
            "kind": "jsonl",
            "data": {
                "@timestamp": "2022-10-10T10:15:21.210Z",
                "agent": {
                    "ephemeral_id": "64b72b79-c8b3-44d5-8efc-41706d768842",
                    "hostname": "CLIENT1",
                    "id": "cd699c72-0f46-4cd9-938a-43faf035a44a",
                    "name": "CLIENT1",
                    "type": "winlogbeat",
                    "version": "7.10.2"
                },
                "ecs": {
                    "version": "1.5.0"
                },
                "event": {
                    "code": 16,
                    "created": "2022-10-10T10:15:23.090Z",
                    "kind": "event",
                    "provider": "Microsoft-Windows-Kernel-General"
                },
                "host": {
                    "name": "CLIENT1.breach.local"
                },
                "log": {
                    "level": "information"
                },
                "message": "The access history in hive \\??\\C:\\Users\\client1\\AppData\\Local\\Packages\\Microsoft.XboxApp_8wekyb3d8bbwe\\Settings\\settings.dat was cleared updating 3 keys and creating 1 modified pages.",
                "winlog": {
                    "api": "wineventlog",
                    "channel": "System",
                    "computer_name": "CLIENT1.breach.local",
                    "event_data": {
                        "DirtyPages": "1",
                        "HiveName": "\\??\\C:\\Users\\client1\\AppData\\Local\\Packages\\Microsoft.XboxApp_8wekyb3d8bbwe\\Settings\\settings.dat",
                        "HiveNameLength": "97",
                        "KeysUpdated": "3"
                    },
                    "event_id": 16,
                    "opcode": "Info",
                    "process": {
                        "pid": 5128,
                        "thread": {
                            "id": 3236
                        }
                    },
                    "provider_guid": "{a68ca8b7-004f-d7b6-a698-07e2de0f1f5d}",
                    "provider_name": "Microsoft-Windows-Kernel-General",
                    "record_id": 559,
                    "task": "",
                    "user": {
                        "domain": "NT AUTHORITY",
                        "identifier": "S-1-5-18",
                        "name": "SYSTEM",
                        "type": "User"
                    }
                }
            }
        },
        "name": "Sysmon Configuration Change",
        "timestamp": "2022-10-10T10:15:21.210+00:00",
        "authors": [
            "frack113"
        ],
        "level": "medium",
        "source": "sigma",
        "status": "experimental",
        "falsepositives": [
            "Legitimate administrative action"
        ],
        "id": "8ac03a65-6c84-4116-acad-dc1558ff7a77",
        "logsource": {
            "product": "windows",
            "service": "sysmon"
        },
        "references": [
            "https://docs.microsoft.com/en-us/sysinternals/downloads/sysmon"
        ],
        "tags": [
            "attack.defense_evasion"
        ]
    },
    {
        "group": "Sigma",
        "kind": "individual",
        "document": {
            "kind": "jsonl",
            "data": {
                "@timestamp": "2022-10-10T10:15:41.570Z",
                "agent": {
                    "ephemeral_id": "64b72b79-c8b3-44d5-8efc-41706d768842",
                    "hostname": "CLIENT1",
                    "id": "cd699c72-0f46-4cd9-938a-43faf035a44a",
                    "name": "CLIENT1",
                    "type": "winlogbeat",
                    "version": "7.10.2"
                },
                "ecs": {
                    "version": "1.5.0"
                },
                "event": {
                    "code": 16,
                    "created": "2022-10-10T10:15:43.385Z",
                    "kind": "event",
                    "provider": "Microsoft-Windows-Kernel-General"
                },
                "host": {
                    "name": "CLIENT1.breach.local"
                },
                "log": {
                    "level": "information"
                },
                "message": "The access history in hive \\??\\C:\\Users\\client1\\AppData\\Local\\Packages\\Microsoft.MicrosoftOfficeHub_8wekyb3d8bbwe\\Settings\\settings.dat was cleared updating 3 keys and creating 1 modified pages.",
                "winlog": {
                    "api": "wineventlog",
                    "channel": "System",
                    "computer_name": "CLIENT1.breach.local",
                    "event_data": {
                        "DirtyPages": "1",
                        "HiveName": "\\??\\C:\\Users\\client1\\AppData\\Local\\Packages\\Microsoft.MicrosoftOfficeHub_8wekyb3d8bbwe\\Settings\\settings.dat",
                        "HiveNameLength": "108",
                        "KeysUpdated": "3"
                    },
                    "event_id": 16,
                    "opcode": "Info",
                    "process": {
                        "pid": 504,
                        "thread": {
                            "id": 2284
                        }
                    },
                    "provider_guid": "{a68ca8b7-004f-d7b6-a698-07e2de0f1f5d}",
                    "provider_name": "Microsoft-Windows-Kernel-General",
                    "record_id": 560,
                    "task": "",
                    "user": {
                        "domain": "NT AUTHORITY",
                        "identifier": "S-1-5-18",
                        "name": "SYSTEM",
                        "type": "User"
                    }
                }
            }
        },
        "name": "Sysmon Configuration Change",
        "timestamp": "2022-10-10T10:15:41.570+00:00",
        "authors": [
            "frack113"
        ],
        "level": "medium",
        "source": "sigma",
        "status": "experimental",
        "falsepositives": [
            "Legitimate administrative action"
        ],
        "id": "8ac03a65-6c84-4116-acad-dc1558ff7a77",
        "logsource": {
            "product": "windows",
            "service": "sysmon"
        },
        "references": [
            "https://docs.microsoft.com/en-us/sysinternals/downloads/sysmon"
        ],
        "tags": [
            "attack.defense_evasion"
        ]
    },
    {
        "group": "Sigma",
        "kind": "individual",
        "document": {
            "kind": "jsonl",
            "data": {
                "@timestamp": "2022-10-10T10:15:47.165Z",
                "agent": {
                    "ephemeral_id": "64b72b79-c8b3-44d5-8efc-41706d768842",
                    "hostname": "CLIENT1",
                    "id": "cd699c72-0f46-4cd9-938a-43faf035a44a",
                    "name": "CLIENT1",
                    "type": "winlogbeat",
                    "version": "7.10.2"
                },
                "ecs": {
                    "version": "1.5.0"
                },
                "event": {
                    "code": 16,
                    "created": "2022-10-10T10:15:48.453Z",
                    "kind": "event",
                    "provider": "Microsoft-Windows-Kernel-General"
                },
                "host": {
                    "name": "CLIENT1.breach.local"
                },
                "log": {
                    "level": "information"
                },
                "message": "The access history in hive \\??\\C:\\Users\\client1\\AppData\\Local\\Packages\\Microsoft.BingWeather_8wekyb3d8bbwe\\Settings\\settings.dat was cleared updating 3 keys and creating 1 modified pages.",
                "winlog": {
                    "api": "wineventlog",
                    "channel": "System",
                    "computer_name": "CLIENT1.breach.local",
                    "event_data": {
                        "DirtyPages": "1",
                        "HiveName": "\\??\\C:\\Users\\client1\\AppData\\Local\\Packages\\Microsoft.BingWeather_8wekyb3d8bbwe\\Settings\\settings.dat",
                        "HiveNameLength": "101",
                        "KeysUpdated": "3"
                    },
                    "event_id": 16,
                    "opcode": "Info",
                    "process": {
                        "pid": 7084,
                        "thread": {
                            "id": 6300
                        }
                    },
                    "provider_guid": "{a68ca8b7-004f-d7b6-a698-07e2de0f1f5d}",
                    "provider_name": "Microsoft-Windows-Kernel-General",
                    "record_id": 561,
                    "task": "",
                    "user": {
                        "domain": "NT AUTHORITY",
                        "identifier": "S-1-5-18",
                        "name": "SYSTEM",
                        "type": "User"
                    }
                }
            }
        },
        "name": "Sysmon Configuration Change",
        "timestamp": "2022-10-10T10:15:47.165+00:00",
        "authors": [
            "frack113"
        ],
        "level": "medium",
        "source": "sigma",
        "status": "experimental",
        "falsepositives": [
            "Legitimate administrative action"
        ],
        "id": "8ac03a65-6c84-4116-acad-dc1558ff7a77",
        "logsource": {
            "product": "windows",
            "service": "sysmon"
        },
        "references": [
            "https://docs.microsoft.com/en-us/sysinternals/downloads/sysmon"
        ],
        "tags": [
            "attack.defense_evasion"
        ]
    },
    {
        "group": "Sigma",
        "kind": "individual",
        "document": {
            "kind": "jsonl",
            "data": {
                "@timestamp": "2022-10-10T10:30:56.433Z",
                "agent": {
                    "ephemeral_id": "64b72b79-c8b3-44d5-8efc-41706d768842",
                    "hostname": "CLIENT1",
                    "id": "cd699c72-0f46-4cd9-938a-43faf035a44a",
                    "name": "CLIENT1",
                    "type": "winlogbeat",
                    "version": "7.10.2"
                },
                "ecs": {
                    "version": "1.5.0"
                },
                "event": {
                    "code": 16,
                    "created": "2022-10-10T10:30:57.757Z",
                    "kind": "event",
                    "provider": "Microsoft-Windows-Kernel-General"
                },
                "host": {
                    "name": "CLIENT1.breach.local"
                },
                "log": {
                    "level": "information"
                },
                "message": "The access history in hive \\??\\C:\\Users\\client1\\AppData\\Local\\Packages\\Microsoft.SkypeApp_kzf8qxf38zg5c\\Settings\\settings.dat was cleared updating 3 keys and creating 1 modified pages.",
                "winlog": {
                    "api": "wineventlog",
                    "channel": "System",
                    "computer_name": "CLIENT1.breach.local",
                    "event_data": {
                        "DirtyPages": "1",
                        "HiveName": "\\??\\C:\\Users\\client1\\AppData\\Local\\Packages\\Microsoft.SkypeApp_kzf8qxf38zg5c\\Settings\\settings.dat",
                        "HiveNameLength": "98",
                        "KeysUpdated": "3"
                    },
                    "event_id": 16,
                    "opcode": "Info",
                    "process": {
                        "pid": 7136,
                        "thread": {
                            "id": 6872
                        }
                    },
                    "provider_guid": "{a68ca8b7-004f-d7b6-a698-07e2de0f1f5d}",
                    "provider_name": "Microsoft-Windows-Kernel-General",
                    "record_id": 563,
                    "task": "",
                    "user": {
                        "domain": "NT AUTHORITY",
                        "identifier": "S-1-5-18",
                        "name": "SYSTEM",
                        "type": "User"
                    }
                }
            }
        },
        "name": "Sysmon Configuration Change",
        "timestamp": "2022-10-10T10:30:56.433+00:00",
        "authors": [
            "frack113"
        ],
        "level": "medium",
        "source": "sigma",
        "status": "experimental",
        "falsepositives": [
            "Legitimate administrative action"
        ],
        "id": "8ac03a65-6c84-4116-acad-dc1558ff7a77",
        "logsource": {
            "product": "windows",
            "service": "sysmon"
        },
        "references": [
            "https://docs.microsoft.com/en-us/sysinternals/downloads/sysmon"
        ],
        "tags": [
            "attack.defense_evasion"
        ]
    },
    {
        "group": "Sigma",
        "kind": "individual",
        "document": {
            "kind": "jsonl",
            "data": {
                "@timestamp": "2022-10-10T10:30:56.471Z",
                "agent": {
                    "ephemeral_id": "64b72b79-c8b3-44d5-8efc-41706d768842",
                    "hostname": "CLIENT1",
                    "id": "cd699c72-0f46-4cd9-938a-43faf035a44a",
                    "name": "CLIENT1",
                    "type": "winlogbeat",
                    "version": "7.10.2"
                },
                "ecs": {
                    "version": "1.5.0"
                },
                "event": {
                    "code": 16,
                    "created": "2022-10-10T10:30:57.757Z",
                    "kind": "event",
                    "provider": "Microsoft-Windows-Kernel-General"
                },
                "host": {
                    "name": "CLIENT1.breach.local"
                },
                "log": {
                    "level": "information"
                },
                "message": "The access history in hive \\??\\C:\\Users\\client1\\AppData\\Local\\Packages\\Microsoft.WindowsAlarms_8wekyb3d8bbwe\\Settings\\settings.dat was cleared updating 3 keys and creating 1 modified pages.",
                "winlog": {
                    "api": "wineventlog",
                    "channel": "System",
                    "computer_name": "CLIENT1.breach.local",
                    "event_data": {
                        "DirtyPages": "1",
                        "HiveName": "\\??\\C:\\Users\\client1\\AppData\\Local\\Packages\\Microsoft.WindowsAlarms_8wekyb3d8bbwe\\Settings\\settings.dat",
                        "HiveNameLength": "103",
                        "KeysUpdated": "3"
                    },
                    "event_id": 16,
                    "opcode": "Info",
                    "process": {
                        "pid": 1944,
                        "thread": {
                            "id": 6080
                        }
                    },
                    "provider_guid": "{a68ca8b7-004f-d7b6-a698-07e2de0f1f5d}",
                    "provider_name": "Microsoft-Windows-Kernel-General",
                    "record_id": 564,
                    "task": "",
                    "user": {
                        "domain": "NT AUTHORITY",
                        "identifier": "S-1-5-18",
                        "name": "SYSTEM",
                        "type": "User"
                    }
                }
            }
        },
        "name": "Sysmon Configuration Change",
        "timestamp": "2022-10-10T10:30:56.471+00:00",
        "authors": [
            "frack113"
        ],
        "level": "medium",
        "source": "sigma",
        "status": "experimental",
        "falsepositives": [
            "Legitimate administrative action"
        ],
        "id": "8ac03a65-6c84-4116-acad-dc1558ff7a77",
        "logsource": {
            "product": "windows",
            "service": "sysmon"
        },
        "references": [
            "https://docs.microsoft.com/en-us/sysinternals/downloads/sysmon"
        ],
        "tags": [
            "attack.defense_evasion"
        ]
    },
