    {
        "group": "Sigma",
        "kind": "individual",
        "document": {
            "kind": "jsonl",
            "data": {
                "@timestamp": "2022-10-10T09:56:57.583Z",
                "agent": {
                    "ephemeral_id": "64b72b79-c8b3-44d5-8efc-41706d768842",
                    "hostname": "CLIENT1",
                    "id": "cd699c72-0f46-4cd9-938a-43faf035a44a",
                    "name": "CLIENT1",
                    "type": "winlogbeat",
                    "version": "7.10.2"
                },
                "ecs": {
                    "version": "1.5.0"
                },
                "event": {
                    "code": 16,
                    "created": "2022-10-10T10:00:27.077Z",
                    "kind": "event",
                    "provider": "Microsoft-Windows-Kernel-General"
                },
                "host": {
                    "name": "CLIENT"
                },
                "log": {
                    "level": "information"
                },
                "message": "The access history in hive \\??\\C:\\Users\\setup\\AppData\\Local\\Packages\\windows.immersivecontrolpanel_cw5n1h2txyewy\\Settings\\settings.dat was cleared updating 3 keys and creating 1 modified pages.",
                "winlog": {
                    "api": "wineventlog",
                    "channel": "System",
                    "computer_name": "CLIENT",
                    "event_data": {
                        "DirtyPages": "1",
                        "HiveName": "\\??\\C:\\Users\\setup\\AppData\\Local\\Packages\\windows.immersivecontrolpanel_cw5n1h2txyewy\\Settings\\settings.dat",
                        "HiveNameLength": "107",
                        "KeysUpdated": "3"
                    },
                    "event_id": 16,
                    "opcode": "Info",
                    "process": {
                        "pid": 4632,
                        "thread": {
                            "id": 5756
                        }
                    },
                    "provider_guid": "{a68ca8b7-004f-d7b6-a698-07e2de0f1f5d}",
                    "provider_name": "Microsoft-Windows-Kernel-General",
                    "record_id": 408,
                    "task": "",
                    "user": {
                        "domain": "NT AUTHORITY",
                        "identifier": "S-1-5-18",
                        "name": "SYSTEM",
                        "type": "User"
                    }
                }
            }
        },
        "name": "Sysmon Configuration Change",
        "timestamp": "2022-10-10T09:56:57.583+00:00",
        "authors": [
            "frack113"
        ],
        "level": "medium",
        "source": "sigma",
        "status": "experimental",
        "falsepositives": [
            "Legitimate administrative action"
        ],
        "id": "8ac03a65-6c84-4116-acad-dc1558ff7a77",
        "logsource": {
            "product": "windows",
            "service": "sysmon"
        },
        "references": [
            "https://docs.microsoft.com/en-us/sysinternals/downloads/sysmon"
        ],
        "tags": [
            "attack.defense_evasion"
        ]
    },
    {
        "group": "Sigma",
        "kind": "individual",
        "document": {
            "kind": "jsonl",
            "data": {
                "@timestamp": "2022-10-10T09:57:21.943Z",
                "agent": {
                    "ephemeral_id": "64b72b79-c8b3-44d5-8efc-41706d768842",
                    "hostname": "CLIENT1",
                    "id": "cd699c72-0f46-4cd9-938a-43faf035a44a",
                    "name": "CLIENT1",
                    "type": "winlogbeat",
                    "version": "7.10.2"
                },
                "ecs": {
                    "version": "1.5.0"
                },
                "event": {
                    "code": 16,
                    "created": "2022-10-10T10:00:27.085Z",
                    "kind": "event",
                    "provider": "Microsoft-Windows-HAL"
                },
                "host": {
                    "name": "CLIENT1"
                },
                "log": {
                    "level": "information"
                },
                "message": "The iommu fault reporting has been initialized.",
                "winlog": {
                    "api": "wineventlog",
                    "channel": "System",
                    "computer_name": "CLIENT1",
                    "event_id": 16,
                    "opcode": "Info",
                    "process": {
                        "pid": 4,
                        "thread": {
                            "id": 8
                        }
                    },
                    "provider_guid": "{63d1e632-95cc-4443-9312-af927761d52a}",
                    "provider_name": "Microsoft-Windows-HAL",
                    "record_id": 442,
                    "task": "",
                    "user": {
                        "domain": "NT AUTHORITY",
                        "identifier": "S-1-5-18",
                        "name": "SYSTEM",
                        "type": "User"
                    }
                }
            }
        },
        "name": "Sysmon Configuration Change",
        "timestamp": "2022-10-10T09:57:21.943+00:00",
        "authors": [
            "frack113"
        ],
        "level": "medium",
        "source": "sigma",
        "status": "experimental",
        "falsepositives": [
            "Legitimate administrative action"
        ],
        "id": "8ac03a65-6c84-4116-acad-dc1558ff7a77",
        "logsource": {
            "product": "windows",
            "service": "sysmon"
        },
        "references": [
            "https://docs.microsoft.com/en-us/sysinternals/downloads/sysmon"
        ],
        "tags": [
            "attack.defense_evasion"
        ]
    },
    {
        "group": "Sigma",
        "kind": "individual",
        "document": {
            "kind": "jsonl",
            "data": {
                "@timestamp": "2022-10-10T09:58:19.928Z",
                "agent": {
                    "ephemeral_id": "64b72b79-c8b3-44d5-8efc-41706d768842",
                    "hostname": "CLIENT1",
                    "id": "cd699c72-0f46-4cd9-938a-43faf035a44a",
                    "name": "CLIENT1",
                    "type": "winlogbeat",
                    "version": "7.10.2"
                },
                "ecs": {
                    "version": "1.5.0"
                },
                "event": {
                    "code": 16,
                    "created": "2022-10-10T10:00:27.087Z",
                    "kind": "event",
                    "provider": "Microsoft-Windows-HAL"
                },
                "host": {
                    "name": "CLIENT1.breach.local"
                },
                "log": {
                    "level": "information"
                },
                "message": "The iommu fault reporting has been initialized.",
                "winlog": {
                    "api": "wineventlog",
                    "channel": "System",
                    "computer_name": "CLIENT1.breach.local",
                    "event_id": 16,
                    "opcode": "Info",
                    "process": {
                        "pid": 4,
                        "thread": {
                            "id": 8
                        }
                    },
                    "provider_guid": "{63d1e632-95cc-4443-9312-af927761d52a}",
                    "provider_name": "Microsoft-Windows-HAL",
                    "record_id": 496,
                    "task": "",
                    "user": {
                        "domain": "NT AUTHORITY",
                        "identifier": "S-1-5-18",
                        "name": "SYSTEM",
                        "type": "User"
                    }
                }
            }
        },
        "name": "Sysmon Configuration Change",
        "timestamp": "2022-10-10T09:58:19.928+00:00",
        "authors": [
            "frack113"
        ],
        "level": "medium",
        "source": "sigma",
        "status": "experimental",
        "falsepositives": [
            "Legitimate administrative action"
        ],
        "id": "8ac03a65-6c84-4116-acad-dc1558ff7a77",
        "logsource": {
            "product": "windows",
            "service": "sysmon"
        },
        "references": [
            "https://docs.microsoft.com/en-us/sysinternals/downloads/sysmon"
        ],
        "tags": [
            "attack.defense_evasion"
        ]
    },
    {
        "group": "Sigma",
        "kind": "individual",
        "document": {
            "kind": "jsonl",
            "data": {
                "@timestamp": "2022-10-10T09:58:33.604Z",
                "agent": {
                    "ephemeral_id": "64b72b79-c8b3-44d5-8efc-41706d768842",
                    "hostname": "CLIENT1",
                    "id": "cd699c72-0f46-4cd9-938a-43faf035a44a",
                    "name": "CLIENT1",
                    "type": "winlogbeat",
                    "version": "7.10.2"
                },
                "ecs": {
                    "version": "1.5.0"
                },
                "event": {
                    "code": 16,
                    "created": "2022-10-10T10:00:27.148Z",
                    "kind": "event",
                    "provider": "Microsoft-Windows-Kernel-General"
                },
                "host": {
                    "name": "CLIENT1.breach.local"
                },
                "log": {
                    "level": "information"
                },
                "message": "The access history in hive \\??\\C:\\Users\\client1\\ntuser.dat was cleared updating 35 keys and creating 7 modified pages.",
                "winlog": {
                    "api": "wineventlog",
                    "channel": "System",
                    "computer_name": "CLIENT1.breach.local",
                    "event_data": {
                        "DirtyPages": "7",
                        "HiveName": "\\??\\C:\\Users\\client1\\ntuser.dat",
                        "HiveNameLength": "31",
                        "KeysUpdated": "35"
                    },
                    "event_id": 16,
                    "opcode": "Info",
                    "process": {
                        "pid": 400,
                        "thread": {
                            "id": 1044
                        }
                    },
                    "provider_guid": "{a68ca8b7-004f-d7b6-a698-07e2de0f1f5d}",
                    "provider_name": "Microsoft-Windows-Kernel-General",
                    "record_id": 525,
                    "task": "",
                    "user": {
                        "domain": "NT AUTHORITY",
                        "identifier": "S-1-5-18",
                        "name": "SYSTEM",
                        "type": "User"
                    }
                }
            }
        },
        "name": "Sysmon Configuration Change",
        "timestamp": "2022-10-10T09:58:33.604+00:00",
        "authors": [
            "frack113"
        ],
        "level": "medium",
        "source": "sigma",
        "status": "experimental",
        "falsepositives": [
            "Legitimate administrative action"
        ],
        "id": "8ac03a65-6c84-4116-acad-dc1558ff7a77",
        "logsource": {
            "product": "windows",
            "service": "sysmon"
        },
        "references": [
            "https://docs.microsoft.com/en-us/sysinternals/downloads/sysmon"
        ],
        "tags": [
            "attack.defense_evasion"
        ]
    },
    {
        "group": "Sigma",
        "kind": "individual",
        "document": {
            "kind": "jsonl",
            "data": {
                "@timestamp": "2022-10-10T09:58:47.838Z",
                "agent": {
                    "ephemeral_id": "64b72b79-c8b3-44d5-8efc-41706d768842",
                    "hostname": "CLIENT1",
                    "id": "cd699c72-0f46-4cd9-938a-43faf035a44a",
                    "name": "CLIENT1",
                    "type": "winlogbeat",
                    "version": "7.10.2"
                },
                "ecs": {
                    "version": "1.5.0"
                },
                "event": {
                    "code": 16,
                    "created": "2022-10-10T10:00:27.148Z",
                    "kind": "event",
                    "provider": "Microsoft-Windows-Kernel-General"
                },
                "host": {
                    "name": "CLIENT1.breach.local"
                },
                "log": {
                    "level": "information"
                },
                "message": "The access history in hive \\??\\C:\\Users\\client1\\AppData\\Local\\Packages\\MicrosoftWindows.Client.CBS_cw5n1h2txyewy\\Settings\\settings.dat was cleared updating 3 keys and creating 1 modified pages.",
                "winlog": {
                    "api": "wineventlog",
                    "channel": "System",
                    "computer_name": "CLIENT1.breach.local",
                    "event_data": {
                        "DirtyPages": "1",
                        "HiveName": "\\??\\C:\\Users\\client1\\AppData\\Local\\Packages\\MicrosoftWindows.Client.CBS_cw5n1h2txyewy\\Settings\\settings.dat",
                        "HiveNameLength": "107",
                        "KeysUpdated": "3"
                    },
                    "event_id": 16,
                    "opcode": "Info",
                    "process": {
                        "pid": 4900,
                        "thread": {
                            "id": 4932
                        }
                    },
                    "provider_guid": "{a68ca8b7-004f-d7b6-a698-07e2de0f1f5d}",
                    "provider_name": "Microsoft-Windows-Kernel-General",
                    "record_id": 528,
                    "task": "",
                    "user": {
                        "domain": "NT AUTHORITY",
                        "identifier": "S-1-5-18",
                        "name": "SYSTEM",
                        "type": "User"
                    }
                }
            }
        },
        "name": "Sysmon Configuration Change",
        "timestamp": "2022-10-10T09:58:47.838+00:00",
        "authors": [
            "frack113"
        ],
        "level": "medium",
        "source": "sigma",
        "status": "experimental",
        "falsepositives": [
            "Legitimate administrative action"
        ],
        "id": "8ac03a65-6c84-4116-acad-dc1558ff7a77",
        "logsource": {
            "product": "windows",
            "service": "sysmon"
        },
        "references": [
            "https://docs.microsoft.com/en-us/sysinternals/downloads/sysmon"
        ],
        "tags": [
            "attack.defense_evasion"
        ]
    },
    {
        "group": "Sigma",
        "kind": "individual",
        "document": {
            "kind": "jsonl",
            "data": {
                "@timestamp": "2022-10-10T09:58:51.925Z",
                "agent": {
                    "ephemeral_id": "64b72b79-c8b3-44d5-8efc-41706d768842",
                    "hostname": "CLIENT1",
                    "id": "cd699c72-0f46-4cd9-938a-43faf035a44a",
                    "name": "CLIENT1",
                    "type": "winlogbeat",
                    "version": "7.10.2"
                },
                "ecs": {
                    "version": "1.5.0"
                },
                "event": {
                    "code": 16,
                    "created": "2022-10-10T10:00:27.148Z",
                    "kind": "event",
                    "provider": "Microsoft-Windows-Kernel-General"
                },
                "host": {
                    "name": "CLIENT1.breach.local"
                },
                "log": {
                    "level": "information"
                },
                "message": "The access history in hive \\??\\C:\\Users\\client1\\AppData\\Local\\Packages\\Microsoft.Windows.ContentDeliveryManager_cw5n1h2txyewy\\Settings\\settings.dat was cleared updating 3 keys and creating 1 modified pages.",
                "winlog": {
                    "api": "wineventlog",
                    "channel": "System",
                    "computer_name": "CLIENT1.breach.local",
                    "event_data": {
                        "DirtyPages": "1",
                        "HiveName": "\\??\\C:\\Users\\client1\\AppData\\Local\\Packages\\Microsoft.Windows.ContentDeliveryManager_cw5n1h2txyewy\\Settings\\settings.dat",
                        "HiveNameLength": "120",
                        "KeysUpdated": "3"
                    },
                    "event_id": 16,
                    "opcode": "Info",
                    "process": {
                        "pid": 4472,
                        "thread": {
                            "id": 3780
                        }
                    },
                    "provider_guid": "{a68ca8b7-004f-d7b6-a698-07e2de0f1f5d}",
                    "provider_name": "Microsoft-Windows-Kernel-General",
                    "record_id": 529,
                    "task": "",
                    "user": {
                        "domain": "NT AUTHORITY",
                        "identifier": "S-1-5-18",
                        "name": "SYSTEM",
                        "type": "User"
                    }
                }
            }
        },
        "name": "Sysmon Configuration Change",
        "timestamp": "2022-10-10T09:58:51.925+00:00",
        "authors": [
            "frack113"
        ],
        "level": "medium",
        "source": "sigma",
        "status": "experimental",
        "falsepositives": [
            "Legitimate administrative action"
        ],
        "id": "8ac03a65-6c84-4116-acad-dc1558ff7a77",
        "logsource": {
            "product": "windows",
            "service": "sysmon"
        },
        "references": [
            "https://docs.microsoft.com/en-us/sysinternals/downloads/sysmon"
        ],
        "tags": [
            "attack.defense_evasion"
        ]
    },
    {
        "group": "Sigma",
        "kind": "individual",
        "document": {
            "kind": "jsonl",
            "data": {
                "@timestamp": "2022-10-10T09:58:51.971Z",
                "agent": {
                    "ephemeral_id": "64b72b79-c8b3-44d5-8efc-41706d768842",
                    "hostname": "CLIENT1",
                    "id": "cd699c72-0f46-4cd9-938a-43faf035a44a",
                    "name": "CLIENT1",
                    "type": "winlogbeat",
                    "version": "7.10.2"
                },
                "ecs": {
                    "version": "1.5.0"
                },
                "event": {
                    "code": 16,
                    "created": "2022-10-10T10:00:27.148Z",
                    "kind": "event",
                    "provider": "Microsoft-Windows-Kernel-General"
                },
                "host": {
                    "name": "CLIENT1.breach.local"
                },
                "log": {
                    "level": "information"
                },
                "message": "The access history in hive \\??\\C:\\Users\\client1\\AppData\\Local\\Packages\\Microsoft.Windows.StartMenuExperienceHost_cw5n1h2txyewy\\Settings\\settings.dat was cleared updating 3 keys and creating 1 modified pages.",
                "winlog": {
                    "api": "wineventlog",
                    "channel": "System",
                    "computer_name": "CLIENT1.breach.local",
                    "event_data": {
                        "DirtyPages": "1",
                        "HiveName": "\\??\\C:\\Users\\client1\\AppData\\Local\\Packages\\Microsoft.Windows.StartMenuExperienceHost_cw5n1h2txyewy\\Settings\\settings.dat",
                        "HiveNameLength": "121",
                        "KeysUpdated": "3"
                    },
                    "event_id": 16,
                    "opcode": "Info",
                    "process": {
                        "pid": 4132,
                        "thread": {
                            "id": 956
                        }
                    },
                    "provider_guid": "{a68ca8b7-004f-d7b6-a698-07e2de0f1f5d}",
                    "provider_name": "Microsoft-Windows-Kernel-General",
                    "record_id": 530,
                    "task": "",
                    "user": {
                        "domain": "NT AUTHORITY",
                        "identifier": "S-1-5-18",
                        "name": "SYSTEM",
                        "type": "User"
                    }
                }
            }
        },
        "name": "Sysmon Configuration Change",
        "timestamp": "2022-10-10T09:58:51.971+00:00",
        "authors": [
            "frack113"
        ],
        "level": "medium",
        "source": "sigma",
        "status": "experimental",
        "falsepositives": [
            "Legitimate administrative action"
        ],
        "id": "8ac03a65-6c84-4116-acad-dc1558ff7a77",
        "logsource": {
            "product": "windows",
            "service": "sysmon"
        },
        "references": [
            "https://docs.microsoft.com/en-us/sysinternals/downloads/sysmon"
        ],
        "tags": [
            "attack.defense_evasion"
        ]
    },
    {
        "group": "Sigma",
        "kind": "individual",
        "document": {
            "kind": "jsonl",
            "data": {
                "@timestamp": "2022-10-10T09:58:53.845Z",
                "agent": {
                    "ephemeral_id": "64b72b79-c8b3-44d5-8efc-41706d768842",
                    "hostname": "CLIENT1",
                    "id": "cd699c72-0f46-4cd9-938a-43faf035a44a",
                    "name": "CLIENT1",
                    "type": "winlogbeat",
                    "version": "7.10.2"
                },
                "ecs": {
                    "version": "1.5.0"
                },
                "event": {
                    "code": 16,
                    "created": "2022-10-10T10:00:27.148Z",
                    "kind": "event",
                    "provider": "Microsoft-Windows-Kernel-General"
                },
                "host": {
                    "name": "CLIENT1.breach.local"
                },
                "log": {
                    "level": "information"
                },
                "message": "The access history in hive \\??\\C:\\Users\\client1\\AppData\\Local\\Packages\\Microsoft.Windows.Search_cw5n1h2txyewy\\Settings\\settings.dat was cleared updating 3 keys and creating 1 modified pages.",
                "winlog": {
                    "api": "wineventlog",
                    "channel": "System",
                    "computer_name": "CLIENT1.breach.local",
                    "event_data": {
                        "DirtyPages": "1",
                        "HiveName": "\\??\\C:\\Users\\client1\\AppData\\Local\\Packages\\Microsoft.Windows.Search_cw5n1h2txyewy\\Settings\\settings.dat",
                        "HiveNameLength": "104",
                        "KeysUpdated": "3"
                    },
                    "event_id": 16,
                    "opcode": "Info",
                    "process": {
                        "pid": 4240,
                        "thread": {
                            "id": 4192
                        }
                    },
                    "provider_guid": "{a68ca8b7-004f-d7b6-a698-07e2de0f1f5d}",
                    "provider_name": "Microsoft-Windows-Kernel-General",
                    "record_id": 531,
                    "task": "",
                    "user": {
                        "domain": "NT AUTHORITY",
                        "identifier": "S-1-5-18",
                        "name": "SYSTEM",
                        "type": "User"
                    }
                }
            }
        },
        "name": "Sysmon Configuration Change",
        "timestamp": "2022-10-10T09:58:53.845+00:00",
        "authors": [
            "frack113"
        ],
        "level": "medium",
        "source": "sigma",
        "status": "experimental",
        "falsepositives": [
            "Legitimate administrative action"
        ],
        "id": "8ac03a65-6c84-4116-acad-dc1558ff7a77",
        "logsource": {
            "product": "windows",
            "service": "sysmon"
        },
        "references": [
            "https://docs.microsoft.com/en-us/sysinternals/downloads/sysmon"
        ],
        "tags": [
            "attack.defense_evasion"
        ]
    },
    {
        "group": "Sigma",
        "kind": "individual",
        "document": {
            "kind": "jsonl",
            "data": {
                "@timestamp": "2022-10-10T09:58:55.130Z",
                "agent": {
                    "ephemeral_id": "64b72b79-c8b3-44d5-8efc-41706d768842",
                    "hostname": "CLIENT1",
                    "id": "cd699c72-0f46-4cd9-938a-43faf035a44a",
                    "name": "CLIENT1",
                    "type": "winlogbeat",
                    "version": "7.10.2"
                },
                "ecs": {
                    "version": "1.5.0"
                },
                "event": {
                    "code": 16,
                    "created": "2022-10-10T10:00:27.148Z",
                    "kind": "event",
                    "provider": "Microsoft-Windows-Kernel-General"
                },
                "host": {
                    "name": "CLIENT1.breach.local"
                },
                "log": {
                    "level": "information"
                },
                "message": "The access history in hive \\??\\C:\\Users\\client1\\AppData\\Local\\Packages\\Microsoft.AAD.BrokerPlugin_cw5n1h2txyewy\\Settings\\settings.dat was cleared updating 3 keys and creating 1 modified pages.",
                "winlog": {
                    "api": "wineventlog",
                    "channel": "System",
                    "computer_name": "CLIENT1.breach.local",
                    "event_data": {
                        "DirtyPages": "1",
                        "HiveName": "\\??\\C:\\Users\\client1\\AppData\\Local\\Packages\\Microsoft.AAD.BrokerPlugin_cw5n1h2txyewy\\Settings\\settings.dat",
                        "HiveNameLength": "106",
                        "KeysUpdated": "3"
                    },
                    "event_id": 16,
                    "opcode": "Info",
                    "process": {
                        "pid": 4128,
                        "thread": {
                            "id": 3760
                        }
                    },
                    "provider_guid": "{a68ca8b7-004f-d7b6-a698-07e2de0f1f5d}",
                    "provider_name": "Microsoft-Windows-Kernel-General",
                    "record_id": 532,
                    "task": "",
                    "user": {
                        "domain": "NT AUTHORITY",
                        "identifier": "S-1-5-18",
                        "name": "SYSTEM",
                        "type": "User"
                    }
                }
            }
        },
        "name": "Sysmon Configuration Change",
        "timestamp": "2022-10-10T09:58:55.130+00:00",
        "authors": [
            "frack113"
        ],
        "level": "medium",
        "source": "sigma",
        "status": "experimental",
        "falsepositives": [
            "Legitimate administrative action"
        ],
        "id": "8ac03a65-6c84-4116-acad-dc1558ff7a77",
        "logsource": {
            "product": "windows",
            "service": "sysmon"
        },
        "references": [
            "https://docs.microsoft.com/en-us/sysinternals/downloads/sysmon"
        ],
        "tags": [
            "attack.defense_evasion"
        ]
    },
    {
        "group": "Sigma",
        "kind": "individual",
        "document": {
            "kind": "jsonl",
            "data": {
                "@timestamp": "2022-10-10T09:59:04.531Z",
                "agent": {
                    "ephemeral_id": "64b72b79-c8b3-44d5-8efc-41706d768842",
                    "hostname": "CLIENT1",
                    "id": "cd699c72-0f46-4cd9-938a-43faf035a44a",
                    "name": "CLIENT1",
                    "type": "winlogbeat",
                    "version": "7.10.2"
                },
                "ecs": {
                    "version": "1.5.0"
                },
                "event": {
                    "code": 16,
                    "created": "2022-10-10T10:00:27.148Z",
                    "kind": "event",
                    "provider": "Microsoft-Windows-Kernel-General"
                },
                "host": {
                    "name": "CLIENT1.breach.local"
                },
                "log": {
                    "level": "information"
                },
                "message": "The access history in hive \\??\\C:\\Users\\client1\\AppData\\Local\\Packages\\Microsoft.549981C3F5F10_8wekyb3d8bbwe\\Settings\\settings.dat was cleared updating 3 keys and creating 1 modified pages.",
                "winlog": {
                    "api": "wineventlog",
                    "channel": "System",
                    "computer_name": "CLIENT1.breach.local",
                    "event_data": {
                        "DirtyPages": "1",
                        "HiveName": "\\??\\C:\\Users\\client1\\AppData\\Local\\Packages\\Microsoft.549981C3F5F10_8wekyb3d8bbwe\\Settings\\settings.dat",
                        "HiveNameLength": "103",
                        "KeysUpdated": "3"
                    },
                    "event_id": 16,
                    "opcode": "Info",
                    "process": {
                        "pid": 5252,
                        "thread": {
                            "id": 5604
                        }
                    },
                    "provider_guid": "{a68ca8b7-004f-d7b6-a698-07e2de0f1f5d}",
                    "provider_name": "Microsoft-Windows-Kernel-General",
                    "record_id": 533,
                    "task": "",
                    "user": {
                        "domain": "NT AUTHORITY",
                        "identifier": "S-1-5-18",
                        "name": "SYSTEM",
                        "type": "User"
                    }
                }
            }
        },
        "name": "Sysmon Configuration Change",
        "timestamp": "2022-10-10T09:59:04.531+00:00",
        "authors": [
            "frack113"
        ],
        "level": "medium",
        "source": "sigma",
        "status": "experimental",
        "falsepositives": [
            "Legitimate administrative action"
        ],
        "id": "8ac03a65-6c84-4116-acad-dc1558ff7a77",
        "logsource": {
            "product": "windows",
            "service": "sysmon"
        },
        "references": [
            "https://docs.microsoft.com/en-us/sysinternals/downloads/sysmon"
        ],
        "tags": [
            "attack.defense_evasion"
        ]
    },
    {
        "group": "Sigma",
        "kind": "individual",
        "document": {
            "kind": "jsonl",
            "data": {
                "@timestamp": "2022-10-10T09:59:04.539Z",
                "agent": {
                    "ephemeral_id": "64b72b79-c8b3-44d5-8efc-41706d768842",
                    "hostname": "CLIENT1",
                    "id": "cd699c72-0f46-4cd9-938a-43faf035a44a",
                    "name": "CLIENT1",
                    "type": "winlogbeat",
                    "version": "7.10.2"
                },
                "ecs": {
                    "version": "1.5.0"
                },
                "event": {
                    "code": 16,
                    "created": "2022-10-10T10:00:27.148Z",
                    "kind": "event",
                    "provider": "Microsoft-Windows-Kernel-General"
                },
                "host": {
                    "name": "CLIENT1.breach.local"
                },
                "log": {
                    "level": "information"
                },
                "message": "The access history in hive \\??\\C:\\Users\\client1\\AppData\\Local\\Packages\\Microsoft.BioEnrollment_cw5n1h2txyewy\\Settings\\settings.dat was cleared updating 3 keys and creating 1 modified pages.",
                "winlog": {
                    "api": "wineventlog",
                    "channel": "System",
                    "computer_name": "CLIENT1.breach.local",
                    "event_data": {
                        "DirtyPages": "1",
                        "HiveName": "\\??\\C:\\Users\\client1\\AppData\\Local\\Packages\\Microsoft.BioEnrollment_cw5n1h2txyewy\\Settings\\settings.dat",
                        "HiveNameLength": "103",
                        "KeysUpdated": "3"
                    },
                    "event_id": 16,
                    "opcode": "Info",
                    "process": {
                        "pid": 5252,
                        "thread": {
                            "id": 5604
                        }
                    },
                    "provider_guid": "{a68ca8b7-004f-d7b6-a698-07e2de0f1f5d}",
                    "provider_name": "Microsoft-Windows-Kernel-General",
                    "record_id": 534,
                    "task": "",
                    "user": {
                        "domain": "NT AUTHORITY",
                        "identifier": "S-1-5-18",
                        "name": "SYSTEM",
                        "type": "User"
                    }
                }
            }
        },
        "name": "Sysmon Configuration Change",
        "timestamp": "2022-10-10T09:59:04.539+00:00",
        "authors": [
            "frack113"
        ],
        "level": "medium",
        "source": "sigma",
        "status": "experimental",
        "falsepositives": [
            "Legitimate administrative action"
        ],
        "id": "8ac03a65-6c84-4116-acad-dc1558ff7a77",
        "logsource": {
            "product": "windows",
            "service": "sysmon"
        },
        "references": [
            "https://docs.microsoft.com/en-us/sysinternals/downloads/sysmon"
        ],
        "tags": [
            "attack.defense_evasion"
        ]
    },
    {
        "group": "Sigma",
        "kind": "individual",
        "document": {
            "kind": "jsonl",
            "data": {
                "@timestamp": "2022-10-10T09:59:04.544Z",
                "agent": {
                    "ephemeral_id": "64b72b79-c8b3-44d5-8efc-41706d768842",
                    "hostname": "CLIENT1",
                    "id": "cd699c72-0f46-4cd9-938a-43faf035a44a",
                    "name": "CLIENT1",
                    "type": "winlogbeat",
                    "version": "7.10.2"
                },
                "ecs": {
                    "version": "1.5.0"
                },
                "event": {
                    "code": 16,
                    "created": "2022-10-10T10:00:27.148Z",
                    "kind": "event",
                    "provider": "Microsoft-Windows-Kernel-General"
                },
                "host": {
                    "name": "CLIENT1.breach.local"
                },
                "log": {
                    "level": "information"
                },
                "message": "The access history in hive \\??\\C:\\Users\\client1\\AppData\\Local\\Packages\\Microsoft.DesktopAppInstaller_8wekyb3d8bbwe\\Settings\\settings.dat was cleared updating 3 keys and creating 1 modified pages.",
                "winlog": {
                    "api": "wineventlog",
                    "channel": "System",
                    "computer_name": "CLIENT1.breach.local",
                    "event_data": {
                        "DirtyPages": "1",
                        "HiveName": "\\??\\C:\\Users\\client1\\AppData\\Local\\Packages\\Microsoft.DesktopAppInstaller_8wekyb3d8bbwe\\Settings\\settings.dat",
                        "HiveNameLength": "109",
                        "KeysUpdated": "3"
                    },
                    "event_id": 16,
                    "opcode": "Info",
                    "process": {
                        "pid": 5252,
                        "thread": {
                            "id": 5604
                        }
                    },
                    "provider_guid": "{a68ca8b7-004f-d7b6-a698-07e2de0f1f5d}",
                    "provider_name": "Microsoft-Windows-Kernel-General",
                    "record_id": 535,
                    "task": "",
                    "user": {
                        "domain": "NT AUTHORITY",
                        "identifier": "S-1-5-18",
                        "name": "SYSTEM",
                        "type": "User"
                    }
                }
            }
        },
        "name": "Sysmon Configuration Change",
        "timestamp": "2022-10-10T09:59:04.544+00:00",
        "authors": [
            "frack113"
        ],
        "level": "medium",
        "source": "sigma",
        "status": "experimental",
        "falsepositives": [
            "Legitimate administrative action"
        ],
        "id": "8ac03a65-6c84-4116-acad-dc1558ff7a77",
        "logsource": {
            "product": "windows",
            "service": "sysmon"
        },
        "references": [
            "https://docs.microsoft.com/en-us/sysinternals/downloads/sysmon"
        ],
        "tags": [
            "attack.defense_evasion"
        ]
    },
    {
        "group": "Sigma",
        "kind": "individual",
        "document": {
            "kind": "jsonl",
            "data": {
                "@timestamp": "2022-10-10T09:59:04.549Z",
                "agent": {
                    "ephemeral_id": "64b72b79-c8b3-44d5-8efc-41706d768842",
                    "hostname": "CLIENT1",
                    "id": "cd699c72-0f46-4cd9-938a-43faf035a44a",
                    "name": "CLIENT1",
                    "type": "winlogbeat",
                    "version": "7.10.2"
                },
                "ecs": {
                    "version": "1.5.0"
                },
                "event": {
                    "code": 16,
                    "created": "2022-10-10T10:00:27.148Z",
                    "kind": "event",
                    "provider": "Microsoft-Windows-Kernel-General"
                },
                "host": {
                    "name": "CLIENT1.breach.local"
                },
                "log": {
                    "level": "information"
                },
                "message": "The access history in hive \\??\\C:\\Users\\client1\\AppData\\Local\\Packages\\Microsoft.MicrosoftEdge_8wekyb3d8bbwe\\Settings\\settings.dat was cleared updating 3 keys and creating 1 modified pages.",
                "winlog": {
                    "api": "wineventlog",
                    "channel": "System",
                    "computer_name": "CLIENT1.breach.local",
                    "event_data": {
                        "DirtyPages": "1",
                        "HiveName": "\\??\\C:\\Users\\client1\\AppData\\Local\\Packages\\Microsoft.MicrosoftEdge_8wekyb3d8bbwe\\Settings\\settings.dat",
                        "HiveNameLength": "103",
                        "KeysUpdated": "3"
                    },
                    "event_id": 16,
                    "opcode": "Info",
                    "process": {
                        "pid": 5252,
                        "thread": {
                            "id": 5604
                        }
                    },
                    "provider_guid": "{a68ca8b7-004f-d7b6-a698-07e2de0f1f5d}",
                    "provider_name": "Microsoft-Windows-Kernel-General",
                    "record_id": 536,
                    "task": "",
                    "user": {
                        "domain": "NT AUTHORITY",
                        "identifier": "S-1-5-18",
                        "name": "SYSTEM",
                        "type": "User"
                    }
                }
            }
        },
        "name": "Sysmon Configuration Change",
        "timestamp": "2022-10-10T09:59:04.549+00:00",
        "authors": [
            "frack113"
        ],
        "level": "medium",
        "source": "sigma",
        "status": "experimental",
        "falsepositives": [
            "Legitimate administrative action"
        ],
        "id": "8ac03a65-6c84-4116-acad-dc1558ff7a77",
        "logsource": {
            "product": "windows",
            "service": "sysmon"
        },
        "references": [
            "https://docs.microsoft.com/en-us/sysinternals/downloads/sysmon"
        ],
        "tags": [
            "attack.defense_evasion"
        ]
    },
    {
        "group": "Sigma",
        "kind": "individual",
        "document": {
            "kind": "jsonl",
            "data": {
                "@timestamp": "2022-10-10T09:59:04.556Z",
                "agent": {
                    "ephemeral_id": "64b72b79-c8b3-44d5-8efc-41706d768842",
                    "hostname": "CLIENT1",
                    "id": "cd699c72-0f46-4cd9-938a-43faf035a44a",
                    "name": "CLIENT1",
                    "type": "winlogbeat",
                    "version": "7.10.2"
                },
                "ecs": {
                    "version": "1.5.0"
                },
                "event": {
                    "code": 16,
                    "created": "2022-10-10T10:00:27.148Z",
                    "kind": "event",
                    "provider": "Microsoft-Windows-Kernel-General"
                },
                "host": {
                    "name": "CLIENT1.breach.local"
                },
                "log": {
                    "level": "information"
                },
                "message": "The access history in hive \\??\\C:\\Users\\client1\\AppData\\Local\\Packages\\Microsoft.Windows.CloudExperienceHost_cw5n1h2txyewy\\Settings\\settings.dat was cleared updating 3 keys and creating 1 modified pages.",
                "winlog": {
                    "api": "wineventlog",
                    "channel": "System",
                    "computer_name": "CLIENT1.breach.local",
                    "event_data": {
                        "DirtyPages": "1",
                        "HiveName": "\\??\\C:\\Users\\client1\\AppData\\Local\\Packages\\Microsoft.Windows.CloudExperienceHost_cw5n1h2txyewy\\Settings\\settings.dat",
                        "HiveNameLength": "117",
                        "KeysUpdated": "3"
                    },
                    "event_id": 16,
                    "opcode": "Info",
                    "process": {
                        "pid": 5252,
                        "thread": {
                            "id": 5604
                        }
                    },
                    "provider_guid": "{a68ca8b7-004f-d7b6-a698-07e2de0f1f5d}",
                    "provider_name": "Microsoft-Windows-Kernel-General",
                    "record_id": 537,
                    "task": "",
                    "user": {
                        "domain": "NT AUTHORITY",
                        "identifier": "S-1-5-18",
                        "name": "SYSTEM",
                        "type": "User"
                    }
                }
            }
        },
        "name": "Sysmon Configuration Change",
        "timestamp": "2022-10-10T09:59:04.556+00:00",
        "authors": [
            "frack113"
        ],
        "level": "medium",
        "source": "sigma",
        "status": "experimental",
        "falsepositives": [
            "Legitimate administrative action"
        ],
        "id": "8ac03a65-6c84-4116-acad-dc1558ff7a77",
        "logsource": {
            "product": "windows",
            "service": "sysmon"
        },
        "references": [
            "https://docs.microsoft.com/en-us/sysinternals/downloads/sysmon"
        ],
        "tags": [
            "attack.defense_evasion"
        ]
    },
    {
        "group": "Sigma",
        "kind": "individual",
        "document": {
            "kind": "jsonl",
            "data": {
                "@timestamp": "2022-10-10T09:59:04.564Z",
                "agent": {
                    "ephemeral_id": "64b72b79-c8b3-44d5-8efc-41706d768842",
                    "hostname": "CLIENT1",
                    "id": "cd699c72-0f46-4cd9-938a-43faf035a44a",
                    "name": "CLIENT1",
                    "type": "winlogbeat",
                    "version": "7.10.2"
                },
                "ecs": {
                    "version": "1.5.0"
                },
                "event": {
                    "code": 16,
                    "created": "2022-10-10T10:00:27.148Z",
                    "kind": "event",
                    "provider": "Microsoft-Windows-Kernel-General"
                },
                "host": {
                    "name": "CLIENT1.breach.local"
                },
                "log": {
                    "level": "information"
                },
                "message": "The access history in hive \\??\\C:\\Users\\client1\\AppData\\Local\\Packages\\Microsoft.Windows.OOBENetworkCaptivePortal_cw5n1h2txyewy\\Settings\\settings.dat was cleared updating 3 keys and creating 1 modified pages.",
                "winlog": {
                    "api": "wineventlog",
                    "channel": "System",
                    "computer_name": "CLIENT1.breach.local",
                    "event_data": {
                        "DirtyPages": "1",
                        "HiveName": "\\??\\C:\\Users\\client1\\AppData\\Local\\Packages\\Microsoft.Windows.OOBENetworkCaptivePortal_cw5n1h2txyewy\\Settings\\settings.dat",
                        "HiveNameLength": "122",
                        "KeysUpdated": "3"
                    },
                    "event_id": 16,
                    "opcode": "Info",
                    "process": {
                        "pid": 5252,
                        "thread": {
                            "id": 5604
                        }
                    },
                    "provider_guid": "{a68ca8b7-004f-d7b6-a698-07e2de0f1f5d}",
                    "provider_name": "Microsoft-Windows-Kernel-General",
                    "record_id": 538,
                    "task": "",
                    "user": {
                        "domain": "NT AUTHORITY",
                        "identifier": "S-1-5-18",
                        "name": "SYSTEM",
                        "type": "User"
                    }
                }
            }
        },
        "name": "Sysmon Configuration Change",
        "timestamp": "2022-10-10T09:59:04.564+00:00",
        "authors": [
            "frack113"
        ],
        "level": "medium",
        "source": "sigma",
        "status": "experimental",
        "falsepositives": [
            "Legitimate administrative action"
        ],
        "id": "8ac03a65-6c84-4116-acad-dc1558ff7a77",
        "logsource": {
            "product": "windows",
            "service": "sysmon"
        },
        "references": [
            "https://docs.microsoft.com/en-us/sysinternals/downloads/sysmon"
        ],
        "tags": [
            "attack.defense_evasion"
        ]
    },
