    {
        "group": "Sigma",
        "kind": "individual",
        "document": {
            "kind": "jsonl",
            "data": {
                "@timestamp": "2022-10-10T09:56:38.810Z",
                "agent": {
                    "ephemeral_id": "64b72b79-c8b3-44d5-8efc-41706d768842",
                    "hostname": "CLIENT1",
                    "id": "cd699c72-0f46-4cd9-938a-43faf035a44a",
                    "name": "CLIENT1",
                    "type": "winlogbeat",
                    "version": "7.10.2"
                },
                "ecs": {
                    "version": "1.5.0"
                },
                "event": {
                    "code": 16,
                    "created": "2022-10-10T10:00:26.931Z",
                    "kind": "event",
                    "provider": "Microsoft-Windows-Kernel-General"
                },
                "host": {
                    "name": "CLIENT"
                },
                "log": {
                    "level": "information"
                },
                "message": "The access history in hive \\??\\C:\\Users\\setup\\AppData\\Local\\Packages\\Microsoft.AAD.BrokerPlugin_cw5n1h2txyewy\\Settings\\settings.dat was cleared updating 3 keys and creating 1 modified pages.",
                "winlog": {
                    "api": "wineventlog",
                    "channel": "System",
                    "computer_name": "CLIENT",
                    "event_data": {
                        "DirtyPages": "1",
                        "HiveName": "\\??\\C:\\Users\\setup\\AppData\\Local\\Packages\\Microsoft.AAD.BrokerPlugin_cw5n1h2txyewy\\Settings\\settings.dat",
                        "HiveNameLength": "104",
                        "KeysUpdated": "3"
                    },
                    "event_id": 16,
                    "opcode": "Info",
                    "process": {
                        "pid": 4992,
                        "thread": {
                            "id": 5244
                        }
                    },
                    "provider_guid": "{a68ca8b7-004f-d7b6-a698-07e2de0f1f5d}",
                    "provider_name": "Microsoft-Windows-Kernel-General",
                    "record_id": 388,
                    "task": "",
                    "user": {
                        "domain": "NT AUTHORITY",
                        "identifier": "S-1-5-18",
                        "name": "SYSTEM",
                        "type": "User"
                    }
                }
            }
        },
        "name": "Sysmon Configuration Change",
        "timestamp": "2022-10-10T09:56:38.810+00:00",
        "authors": [
            "frack113"
        ],
        "level": "medium",
        "source": "sigma",
        "status": "experimental",
        "falsepositives": [
            "Legitimate administrative action"
        ],
        "id": "8ac03a65-6c84-4116-acad-dc1558ff7a77",
        "logsource": {
            "product": "windows",
            "service": "sysmon"
        },
        "references": [
            "https://docs.microsoft.com/en-us/sysinternals/downloads/sysmon"
        ],
        "tags": [
            "attack.defense_evasion"
        ]
    },
    {
        "group": "Sigma",
        "kind": "individual",
        "document": {
            "kind": "jsonl",
            "data": {
                "@timestamp": "2022-10-10T09:56:57.132Z",
                "agent": {
                    "ephemeral_id": "64b72b79-c8b3-44d5-8efc-41706d768842",
                    "hostname": "CLIENT1",
                    "id": "cd699c72-0f46-4cd9-938a-43faf035a44a",
                    "name": "CLIENT1",
                    "type": "winlogbeat",
                    "version": "7.10.2"
                },
                "ecs": {
                    "version": "1.5.0"
                },
                "event": {
                    "code": 16,
                    "created": "2022-10-10T10:00:26.931Z",
                    "kind": "event",
                    "provider": "Microsoft-Windows-Kernel-General"
                },
                "host": {
                    "name": "CLIENT"
                },
                "log": {
                    "level": "information"
                },
                "message": "The access history in hive \\??\\C:\\Users\\setup\\AppData\\Local\\Packages\\Microsoft.549981C3F5F10_8wekyb3d8bbwe\\Settings\\settings.dat was cleared updating 3 keys and creating 1 modified pages.",
                "winlog": {
                    "api": "wineventlog",
                    "channel": "System",
                    "computer_name": "CLIENT",
                    "event_data": {
                        "DirtyPages": "1",
                        "HiveName": "\\??\\C:\\Users\\setup\\AppData\\Local\\Packages\\Microsoft.549981C3F5F10_8wekyb3d8bbwe\\Settings\\settings.dat",
                        "HiveNameLength": "101",
                        "KeysUpdated": "3"
                    },
                    "event_id": 16,
                    "opcode": "Info",
                    "process": {
                        "pid": 4632,
                        "thread": {
                            "id": 5756
                        }
                    },
                    "provider_guid": "{a68ca8b7-004f-d7b6-a698-07e2de0f1f5d}",
                    "provider_name": "Microsoft-Windows-Kernel-General",
                    "record_id": 394,
                    "task": "",
                    "user": {
                        "domain": "NT AUTHORITY",
                        "identifier": "S-1-5-18",
                        "name": "SYSTEM",
                        "type": "User"
                    }
                }
            }
        },
        "name": "Sysmon Configuration Change",
        "timestamp": "2022-10-10T09:56:57.132+00:00",
        "authors": [
            "frack113"
        ],
        "level": "medium",
        "source": "sigma",
        "status": "experimental",
        "falsepositives": [
            "Legitimate administrative action"
        ],
        "id": "8ac03a65-6c84-4116-acad-dc1558ff7a77",
        "logsource": {
            "product": "windows",
            "service": "sysmon"
        },
        "references": [
            "https://docs.microsoft.com/en-us/sysinternals/downloads/sysmon"
        ],
        "tags": [
            "attack.defense_evasion"
        ]
    },
    {
        "group": "Sigma",
        "kind": "individual",
        "document": {
            "kind": "jsonl",
            "data": {
                "@timestamp": "2022-10-10T09:56:57.143Z",
                "agent": {
                    "ephemeral_id": "64b72b79-c8b3-44d5-8efc-41706d768842",
                    "hostname": "CLIENT1",
                    "id": "cd699c72-0f46-4cd9-938a-43faf035a44a",
                    "name": "CLIENT1",
                    "type": "winlogbeat",
                    "version": "7.10.2"
                },
                "ecs": {
                    "version": "1.5.0"
                },
                "event": {
                    "code": 16,
                    "created": "2022-10-10T10:00:26.931Z",
                    "kind": "event",
                    "provider": "Microsoft-Windows-Kernel-General"
                },
                "host": {
                    "name": "CLIENT"
                },
                "log": {
                    "level": "information"
                },
                "message": "The access history in hive \\??\\C:\\Users\\setup\\AppData\\Local\\Packages\\Microsoft.BioEnrollment_cw5n1h2txyewy\\Settings\\settings.dat was cleared updating 3 keys and creating 1 modified pages.",
                "winlog": {
                    "api": "wineventlog",
                    "channel": "System",
                    "computer_name": "CLIENT",
                    "event_data": {
                        "DirtyPages": "1",
                        "HiveName": "\\??\\C:\\Users\\setup\\AppData\\Local\\Packages\\Microsoft.BioEnrollment_cw5n1h2txyewy\\Settings\\settings.dat",
                        "HiveNameLength": "101",
                        "KeysUpdated": "3"
                    },
                    "event_id": 16,
                    "opcode": "Info",
                    "process": {
                        "pid": 4632,
                        "thread": {
                            "id": 5756
                        }
                    },
                    "provider_guid": "{a68ca8b7-004f-d7b6-a698-07e2de0f1f5d}",
                    "provider_name": "Microsoft-Windows-Kernel-General",
                    "record_id": 395,
                    "task": "",
                    "user": {
                        "domain": "NT AUTHORITY",
                        "identifier": "S-1-5-18",
                        "name": "SYSTEM",
                        "type": "User"
                    }
                }
            }
        },
        "name": "Sysmon Configuration Change",
        "timestamp": "2022-10-10T09:56:57.143+00:00",
        "authors": [
            "frack113"
        ],
        "level": "medium",
        "source": "sigma",
        "status": "experimental",
        "falsepositives": [
            "Legitimate administrative action"
        ],
        "id": "8ac03a65-6c84-4116-acad-dc1558ff7a77",
        "logsource": {
            "product": "windows",
            "service": "sysmon"
        },
        "references": [
            "https://docs.microsoft.com/en-us/sysinternals/downloads/sysmon"
        ],
        "tags": [
            "attack.defense_evasion"
        ]
    },
    {
        "group": "Sigma",
        "kind": "individual",
        "document": {
            "kind": "jsonl",
            "data": {
                "@timestamp": "2022-10-10T09:56:57.156Z",
                "agent": {
                    "ephemeral_id": "64b72b79-c8b3-44d5-8efc-41706d768842",
                    "hostname": "CLIENT1",
                    "id": "cd699c72-0f46-4cd9-938a-43faf035a44a",
                    "name": "CLIENT1",
                    "type": "winlogbeat",
                    "version": "7.10.2"
                },
                "ecs": {
                    "version": "1.5.0"
                },
                "event": {
                    "code": 16,
                    "created": "2022-10-10T10:00:26.931Z",
                    "kind": "event",
                    "provider": "Microsoft-Windows-Kernel-General"
                },
                "host": {
                    "name": "CLIENT"
                },
                "log": {
                    "level": "information"
                },
                "message": "The access history in hive \\??\\C:\\Users\\setup\\AppData\\Local\\Packages\\Microsoft.DesktopAppInstaller_8wekyb3d8bbwe\\Settings\\settings.dat was cleared updating 3 keys and creating 1 modified pages.",
                "winlog": {
                    "api": "wineventlog",
                    "channel": "System",
                    "computer_name": "CLIENT",
                    "event_data": {
                        "DirtyPages": "1",
                        "HiveName": "\\??\\C:\\Users\\setup\\AppData\\Local\\Packages\\Microsoft.DesktopAppInstaller_8wekyb3d8bbwe\\Settings\\settings.dat",
                        "HiveNameLength": "107",
                        "KeysUpdated": "3"
                    },
                    "event_id": 16,
                    "opcode": "Info",
                    "process": {
                        "pid": 4632,
                        "thread": {
                            "id": 5756
                        }
                    },
                    "provider_guid": "{a68ca8b7-004f-d7b6-a698-07e2de0f1f5d}",
                    "provider_name": "Microsoft-Windows-Kernel-General",
                    "record_id": 396,
                    "task": "",
                    "user": {
                        "domain": "NT AUTHORITY",
                        "identifier": "S-1-5-18",
                        "name": "SYSTEM",
                        "type": "User"
                    }
                }
            }
        },
        "name": "Sysmon Configuration Change",
        "timestamp": "2022-10-10T09:56:57.156+00:00",
        "authors": [
            "frack113"
        ],
        "level": "medium",
        "source": "sigma",
        "status": "experimental",
        "falsepositives": [
            "Legitimate administrative action"
        ],
        "id": "8ac03a65-6c84-4116-acad-dc1558ff7a77",
        "logsource": {
            "product": "windows",
            "service": "sysmon"
        },
        "references": [
            "https://docs.microsoft.com/en-us/sysinternals/downloads/sysmon"
        ],
        "tags": [
            "attack.defense_evasion"
        ]
    },
    {
        "group": "Sigma",
        "kind": "individual",
        "document": {
            "kind": "jsonl",
            "data": {
                "@timestamp": "2022-10-10T09:56:57.178Z",
                "agent": {
                    "ephemeral_id": "64b72b79-c8b3-44d5-8efc-41706d768842",
                    "hostname": "CLIENT1",
                    "id": "cd699c72-0f46-4cd9-938a-43faf035a44a",
                    "name": "CLIENT1",
                    "type": "winlogbeat",
                    "version": "7.10.2"
                },
                "ecs": {
                    "version": "1.5.0"
                },
                "event": {
                    "code": 16,
                    "created": "2022-10-10T10:00:26.931Z",
                    "kind": "event",
                    "provider": "Microsoft-Windows-Kernel-General"
                },
                "host": {
                    "name": "CLIENT"
                },
                "log": {
                    "level": "information"
                },
                "message": "The access history in hive \\??\\C:\\Users\\setup\\AppData\\Local\\Packages\\Microsoft.MicrosoftEdge_8wekyb3d8bbwe\\Settings\\settings.dat was cleared updating 3 keys and creating 1 modified pages.",
                "winlog": {
                    "api": "wineventlog",
                    "channel": "System",
                    "computer_name": "CLIENT",
                    "event_data": {
                        "DirtyPages": "1",
                        "HiveName": "\\??\\C:\\Users\\setup\\AppData\\Local\\Packages\\Microsoft.MicrosoftEdge_8wekyb3d8bbwe\\Settings\\settings.dat",
                        "HiveNameLength": "101",
                        "KeysUpdated": "3"
                    },
                    "event_id": 16,
                    "opcode": "Info",
                    "process": {
                        "pid": 4632,
                        "thread": {
                            "id": 5756
                        }
                    },
                    "provider_guid": "{a68ca8b7-004f-d7b6-a698-07e2de0f1f5d}",
                    "provider_name": "Microsoft-Windows-Kernel-General",
                    "record_id": 397,
                    "task": "",
                    "user": {
                        "domain": "NT AUTHORITY",
                        "identifier": "S-1-5-18",
                        "name": "SYSTEM",
                        "type": "User"
                    }
                }
            }
        },
        "name": "Sysmon Configuration Change",
        "timestamp": "2022-10-10T09:56:57.178+00:00",
        "authors": [
            "frack113"
        ],
        "level": "medium",
        "source": "sigma",
        "status": "experimental",
        "falsepositives": [
            "Legitimate administrative action"
        ],
        "id": "8ac03a65-6c84-4116-acad-dc1558ff7a77",
        "logsource": {
            "product": "windows",
            "service": "sysmon"
        },
        "references": [
            "https://docs.microsoft.com/en-us/sysinternals/downloads/sysmon"
        ],
        "tags": [
            "attack.defense_evasion"
        ]
    },
    {
        "group": "Sigma",
        "kind": "individual",
        "document": {
            "kind": "jsonl",
            "data": {
                "@timestamp": "2022-10-10T09:56:57.230Z",
                "agent": {
                    "ephemeral_id": "64b72b79-c8b3-44d5-8efc-41706d768842",
                    "hostname": "CLIENT1",
                    "id": "cd699c72-0f46-4cd9-938a-43faf035a44a",
                    "name": "CLIENT1",
                    "type": "winlogbeat",
                    "version": "7.10.2"
                },
                "ecs": {
                    "version": "1.5.0"
                },
                "event": {
                    "code": 16,
                    "created": "2022-10-10T10:00:26.931Z",
                    "kind": "event",
                    "provider": "Microsoft-Windows-Kernel-General"
                },
                "host": {
                    "name": "CLIENT"
                },
                "log": {
                    "level": "information"
                },
                "message": "The access history in hive \\??\\C:\\Users\\setup\\AppData\\Local\\Packages\\Microsoft.Windows.CloudExperienceHost_cw5n1h2txyewy\\Settings\\settings.dat was cleared updating 3 keys and creating 1 modified pages.",
                "winlog": {
                    "api": "wineventlog",
                    "channel": "System",
                    "computer_name": "CLIENT",
                    "event_data": {
                        "DirtyPages": "1",
                        "HiveName": "\\??\\C:\\Users\\setup\\AppData\\Local\\Packages\\Microsoft.Windows.CloudExperienceHost_cw5n1h2txyewy\\Settings\\settings.dat",
                        "HiveNameLength": "115",
                        "KeysUpdated": "3"
                    },
                    "event_id": 16,
                    "opcode": "Info",
                    "process": {
                        "pid": 4632,
                        "thread": {
                            "id": 5756
                        }
                    },
                    "provider_guid": "{a68ca8b7-004f-d7b6-a698-07e2de0f1f5d}",
                    "provider_name": "Microsoft-Windows-Kernel-General",
                    "record_id": 398,
                    "task": "",
                    "user": {
                        "domain": "NT AUTHORITY",
                        "identifier": "S-1-5-18",
                        "name": "SYSTEM",
                        "type": "User"
                    }
                }
            }
        },
        "name": "Sysmon Configuration Change",
        "timestamp": "2022-10-10T09:56:57.230+00:00",
        "authors": [
            "frack113"
        ],
        "level": "medium",
        "source": "sigma",
        "status": "experimental",
        "falsepositives": [
            "Legitimate administrative action"
        ],
        "id": "8ac03a65-6c84-4116-acad-dc1558ff7a77",
        "logsource": {
            "product": "windows",
            "service": "sysmon"
        },
        "references": [
            "https://docs.microsoft.com/en-us/sysinternals/downloads/sysmon"
        ],
        "tags": [
            "attack.defense_evasion"
        ]
    },
    {
        "group": "Sigma",
        "kind": "individual",
        "document": {
            "kind": "jsonl",
            "data": {
                "@timestamp": "2022-10-10T09:56:57.355Z",
                "agent": {
                    "ephemeral_id": "64b72b79-c8b3-44d5-8efc-41706d768842",
                    "hostname": "CLIENT1",
                    "id": "cd699c72-0f46-4cd9-938a-43faf035a44a",
                    "name": "CLIENT1",
                    "type": "winlogbeat",
                    "version": "7.10.2"
                },
                "ecs": {
                    "version": "1.5.0"
                },
                "event": {
                    "code": 16,
                    "created": "2022-10-10T10:00:26.931Z",
                    "kind": "event",
                    "provider": "Microsoft-Windows-Kernel-General"
                },
                "host": {
                    "name": "CLIENT"
                },
                "log": {
                    "level": "information"
                },
                "message": "The access history in hive \\??\\C:\\Users\\setup\\AppData\\Local\\Packages\\Microsoft.Windows.OOBENetworkCaptivePortal_cw5n1h2txyewy\\Settings\\settings.dat was cleared updating 3 keys and creating 1 modified pages.",
                "winlog": {
                    "api": "wineventlog",
                    "channel": "System",
                    "computer_name": "CLIENT",
                    "event_data": {
                        "DirtyPages": "1",
                        "HiveName": "\\??\\C:\\Users\\setup\\AppData\\Local\\Packages\\Microsoft.Windows.OOBENetworkCaptivePortal_cw5n1h2txyewy\\Settings\\settings.dat",
                        "HiveNameLength": "120",
                        "KeysUpdated": "3"
                    },
                    "event_id": 16,
                    "opcode": "Info",
                    "process": {
                        "pid": 4632,
                        "thread": {
                            "id": 5756
                        }
                    },
                    "provider_guid": "{a68ca8b7-004f-d7b6-a698-07e2de0f1f5d}",
                    "provider_name": "Microsoft-Windows-Kernel-General",
                    "record_id": 399,
                    "task": "",
                    "user": {
                        "domain": "NT AUTHORITY",
                        "identifier": "S-1-5-18",
                        "name": "SYSTEM",
                        "type": "User"
                    }
                }
            }
        },
        "name": "Sysmon Configuration Change",
        "timestamp": "2022-10-10T09:56:57.355+00:00",
        "authors": [
            "frack113"
        ],
        "level": "medium",
        "source": "sigma",
        "status": "experimental",
        "falsepositives": [
            "Legitimate administrative action"
        ],
        "id": "8ac03a65-6c84-4116-acad-dc1558ff7a77",
        "logsource": {
            "product": "windows",
            "service": "sysmon"
        },
        "references": [
            "https://docs.microsoft.com/en-us/sysinternals/downloads/sysmon"
        ],
        "tags": [
            "attack.defense_evasion"
        ]
    },
    {
        "group": "Sigma",
        "kind": "individual",
        "document": {
            "kind": "jsonl",
            "data": {
                "@timestamp": "2022-10-10T09:56:57.366Z",
                "agent": {
                    "ephemeral_id": "64b72b79-c8b3-44d5-8efc-41706d768842",
                    "hostname": "CLIENT1",
                    "id": "cd699c72-0f46-4cd9-938a-43faf035a44a",
                    "name": "CLIENT1",
                    "type": "winlogbeat",
                    "version": "7.10.2"
                },
                "ecs": {
                    "version": "1.5.0"
                },
                "event": {
                    "code": 16,
                    "created": "2022-10-10T10:00:26.931Z",
                    "kind": "event",
                    "provider": "Microsoft-Windows-Kernel-General"
                },
                "host": {
                    "name": "CLIENT"
                },
                "log": {
                    "level": "information"
                },
                "message": "The access history in hive \\??\\C:\\Users\\setup\\AppData\\Local\\Packages\\Microsoft.Windows.OOBENetworkConnectionFlow_cw5n1h2txyewy\\Settings\\settings.dat was cleared updating 3 keys and creating 1 modified pages.",
                "winlog": {
                    "api": "wineventlog",
                    "channel": "System",
                    "computer_name": "CLIENT",
                    "event_data": {
                        "DirtyPages": "1",
                        "HiveName": "\\??\\C:\\Users\\setup\\AppData\\Local\\Packages\\Microsoft.Windows.OOBENetworkConnectionFlow_cw5n1h2txyewy\\Settings\\settings.dat",
                        "HiveNameLength": "121",
                        "KeysUpdated": "3"
                    },
                    "event_id": 16,
                    "opcode": "Info",
                    "process": {
                        "pid": 4632,
                        "thread": {
                            "id": 5756
                        }
                    },
                    "provider_guid": "{a68ca8b7-004f-d7b6-a698-07e2de0f1f5d}",
                    "provider_name": "Microsoft-Windows-Kernel-General",
                    "record_id": 400,
                    "task": "",
                    "user": {
                        "domain": "NT AUTHORITY",
                        "identifier": "S-1-5-18",
                        "name": "SYSTEM",
                        "type": "User"
                    }
                }
            }
        },
        "name": "Sysmon Configuration Change",
        "timestamp": "2022-10-10T09:56:57.366+00:00",
        "authors": [
            "frack113"
        ],
        "level": "medium",
        "source": "sigma",
        "status": "experimental",
        "falsepositives": [
            "Legitimate administrative action"
        ],
        "id": "8ac03a65-6c84-4116-acad-dc1558ff7a77",
        "logsource": {
            "product": "windows",
            "service": "sysmon"
        },
        "references": [
            "https://docs.microsoft.com/en-us/sysinternals/downloads/sysmon"
        ],
        "tags": [
            "attack.defense_evasion"
        ]
    },
    {
        "group": "Sigma",
        "kind": "individual",
        "document": {
            "kind": "jsonl",
            "data": {
                "@timestamp": "2022-10-10T09:56:57.428Z",
                "agent": {
                    "ephemeral_id": "64b72b79-c8b3-44d5-8efc-41706d768842",
                    "hostname": "CLIENT1",
                    "id": "cd699c72-0f46-4cd9-938a-43faf035a44a",
                    "name": "CLIENT1",
                    "type": "winlogbeat",
                    "version": "7.10.2"
                },
                "ecs": {
                    "version": "1.5.0"
                },
                "event": {
                    "code": 16,
                    "created": "2022-10-10T10:00:26.931Z",
                    "kind": "event",
                    "provider": "Microsoft-Windows-Kernel-General"
                },
                "host": {
                    "name": "CLIENT"
                },
                "log": {
                    "level": "information"
                },
                "message": "The access history in hive \\??\\C:\\Users\\setup\\AppData\\Local\\Packages\\Microsoft.Windows.Photos_8wekyb3d8bbwe\\Settings\\settings.dat was cleared updating 3 keys and creating 1 modified pages.",
                "winlog": {
                    "api": "wineventlog",
                    "channel": "System",
                    "computer_name": "CLIENT",
                    "event_data": {
                        "DirtyPages": "1",
                        "HiveName": "\\??\\C:\\Users\\setup\\AppData\\Local\\Packages\\Microsoft.Windows.Photos_8wekyb3d8bbwe\\Settings\\settings.dat",
                        "HiveNameLength": "102",
                        "KeysUpdated": "3"
                    },
                    "event_id": 16,
                    "opcode": "Info",
                    "process": {
                        "pid": 4632,
                        "thread": {
                            "id": 5756
                        }
                    },
                    "provider_guid": "{a68ca8b7-004f-d7b6-a698-07e2de0f1f5d}",
                    "provider_name": "Microsoft-Windows-Kernel-General",
                    "record_id": 401,
                    "task": "",
                    "user": {
                        "domain": "NT AUTHORITY",
                        "identifier": "S-1-5-18",
                        "name": "SYSTEM",
                        "type": "User"
                    }
                }
            }
        },
        "name": "Sysmon Configuration Change",
        "timestamp": "2022-10-10T09:56:57.428+00:00",
        "authors": [
            "frack113"
        ],
        "level": "medium",
        "source": "sigma",
        "status": "experimental",
        "falsepositives": [
            "Legitimate administrative action"
        ],
        "id": "8ac03a65-6c84-4116-acad-dc1558ff7a77",
        "logsource": {
            "product": "windows",
            "service": "sysmon"
        },
        "references": [
            "https://docs.microsoft.com/en-us/sysinternals/downloads/sysmon"
        ],
        "tags": [
            "attack.defense_evasion"
        ]
    },
    {
        "group": "Sigma",
        "kind": "individual",
        "document": {
            "kind": "jsonl",
            "data": {
                "@timestamp": "2022-10-10T09:56:57.439Z",
                "agent": {
                    "ephemeral_id": "64b72b79-c8b3-44d5-8efc-41706d768842",
                    "hostname": "CLIENT1",
                    "id": "cd699c72-0f46-4cd9-938a-43faf035a44a",
                    "name": "CLIENT1",
                    "type": "winlogbeat",
                    "version": "7.10.2"
                },
                "ecs": {
                    "version": "1.5.0"
                },
                "event": {
                    "code": 16,
                    "created": "2022-10-10T10:00:26.931Z",
                    "kind": "event",
                    "provider": "Microsoft-Windows-Kernel-General"
                },
                "host": {
                    "name": "CLIENT"
                },
                "log": {
                    "level": "information"
                },
                "message": "The access history in hive \\??\\C:\\Users\\setup\\AppData\\Local\\Packages\\Microsoft.Windows.ShellExperienceHost_cw5n1h2txyewy\\Settings\\settings.dat was cleared updating 3 keys and creating 1 modified pages.",
                "winlog": {
                    "api": "wineventlog",
                    "channel": "System",
                    "computer_name": "CLIENT",
                    "event_data": {
                        "DirtyPages": "1",
                        "HiveName": "\\??\\C:\\Users\\setup\\AppData\\Local\\Packages\\Microsoft.Windows.ShellExperienceHost_cw5n1h2txyewy\\Settings\\settings.dat",
                        "HiveNameLength": "115",
                        "KeysUpdated": "3"
                    },
                    "event_id": 16,
                    "opcode": "Info",
                    "process": {
                        "pid": 4632,
                        "thread": {
                            "id": 5756
                        }
                    },
                    "provider_guid": "{a68ca8b7-004f-d7b6-a698-07e2de0f1f5d}",
                    "provider_name": "Microsoft-Windows-Kernel-General",
                    "record_id": 402,
                    "task": "",
                    "user": {
                        "domain": "NT AUTHORITY",
                        "identifier": "S-1-5-18",
                        "name": "SYSTEM",
                        "type": "User"
                    }
                }
            }
        },
        "name": "Sysmon Configuration Change",
        "timestamp": "2022-10-10T09:56:57.439+00:00",
        "authors": [
            "frack113"
        ],
        "level": "medium",
        "source": "sigma",
        "status": "experimental",
        "falsepositives": [
            "Legitimate administrative action"
        ],
        "id": "8ac03a65-6c84-4116-acad-dc1558ff7a77",
        "logsource": {
            "product": "windows",
            "service": "sysmon"
        },
        "references": [
            "https://docs.microsoft.com/en-us/sysinternals/downloads/sysmon"
        ],
        "tags": [
            "attack.defense_evasion"
        ]
    },
    {
        "group": "Sigma",
        "kind": "individual",
        "document": {
            "kind": "jsonl",
            "data": {
                "@timestamp": "2022-10-10T09:56:57.468Z",
                "agent": {
                    "ephemeral_id": "64b72b79-c8b3-44d5-8efc-41706d768842",
                    "hostname": "CLIENT1",
                    "id": "cd699c72-0f46-4cd9-938a-43faf035a44a",
                    "name": "CLIENT1",
                    "type": "winlogbeat",
                    "version": "7.10.2"
                },
                "ecs": {
                    "version": "1.5.0"
                },
                "event": {
                    "code": 16,
                    "created": "2022-10-10T10:00:26.931Z",
                    "kind": "event",
                    "provider": "Microsoft-Windows-Kernel-General"
                },
                "host": {
                    "name": "CLIENT"
                },
                "log": {
                    "level": "information"
                },
                "message": "The access history in hive \\??\\C:\\Users\\setup\\AppData\\Local\\Packages\\Microsoft.WindowsCamera_8wekyb3d8bbwe\\Settings\\settings.dat was cleared updating 3 keys and creating 1 modified pages.",
                "winlog": {
                    "api": "wineventlog",
                    "channel": "System",
                    "computer_name": "CLIENT",
                    "event_data": {
                        "DirtyPages": "1",
                        "HiveName": "\\??\\C:\\Users\\setup\\AppData\\Local\\Packages\\Microsoft.WindowsCamera_8wekyb3d8bbwe\\Settings\\settings.dat",
                        "HiveNameLength": "101",
                        "KeysUpdated": "3"
                    },
                    "event_id": 16,
                    "opcode": "Info",
                    "process": {
                        "pid": 4632,
                        "thread": {
                            "id": 5756
                        }
                    },
                    "provider_guid": "{a68ca8b7-004f-d7b6-a698-07e2de0f1f5d}",
                    "provider_name": "Microsoft-Windows-Kernel-General",
                    "record_id": 403,
                    "task": "",
                    "user": {
                        "domain": "NT AUTHORITY",
                        "identifier": "S-1-5-18",
                        "name": "SYSTEM",
                        "type": "User"
                    }
                }
            }
        },
        "name": "Sysmon Configuration Change",
        "timestamp": "2022-10-10T09:56:57.468+00:00",
        "authors": [
            "frack113"
        ],
        "level": "medium",
        "source": "sigma",
        "status": "experimental",
        "falsepositives": [
            "Legitimate administrative action"
        ],
        "id": "8ac03a65-6c84-4116-acad-dc1558ff7a77",
        "logsource": {
            "product": "windows",
            "service": "sysmon"
        },
        "references": [
            "https://docs.microsoft.com/en-us/sysinternals/downloads/sysmon"
        ],
        "tags": [
            "attack.defense_evasion"
        ]
    },
    {
        "group": "Sigma",
        "kind": "individual",
        "document": {
            "kind": "jsonl",
            "data": {
                "@timestamp": "2022-10-10T09:56:57.506Z",
                "agent": {
                    "ephemeral_id": "64b72b79-c8b3-44d5-8efc-41706d768842",
                    "hostname": "CLIENT1",
                    "id": "cd699c72-0f46-4cd9-938a-43faf035a44a",
                    "name": "CLIENT1",
                    "type": "winlogbeat",
                    "version": "7.10.2"
                },
                "ecs": {
                    "version": "1.5.0"
                },
                "event": {
                    "code": 16,
                    "created": "2022-10-10T10:00:26.931Z",
                    "kind": "event",
                    "provider": "Microsoft-Windows-Kernel-General"
                },
                "host": {
                    "name": "CLIENT"
                },
                "log": {
                    "level": "information"
                },
                "message": "The access history in hive \\??\\C:\\Users\\setup\\AppData\\Local\\Packages\\microsoft.windowscommunicationsapps_8wekyb3d8bbwe\\Settings\\settings.dat was cleared updating 3 keys and creating 1 modified pages.",
                "winlog": {
                    "api": "wineventlog",
                    "channel": "System",
                    "computer_name": "CLIENT",
                    "event_data": {
                        "DirtyPages": "1",
                        "HiveName": "\\??\\C:\\Users\\setup\\AppData\\Local\\Packages\\microsoft.windowscommunicationsapps_8wekyb3d8bbwe\\Settings\\settings.dat",
                        "HiveNameLength": "113",
                        "KeysUpdated": "3"
                    },
                    "event_id": 16,
                    "opcode": "Info",
                    "process": {
                        "pid": 4632,
                        "thread": {
                            "id": 5756
                        }
                    },
                    "provider_guid": "{a68ca8b7-004f-d7b6-a698-07e2de0f1f5d}",
                    "provider_name": "Microsoft-Windows-Kernel-General",
                    "record_id": 404,
                    "task": "",
                    "user": {
                        "domain": "NT AUTHORITY",
                        "identifier": "S-1-5-18",
                        "name": "SYSTEM",
                        "type": "User"
                    }
                }
            }
        },
        "name": "Sysmon Configuration Change",
        "timestamp": "2022-10-10T09:56:57.506+00:00",
        "authors": [
            "frack113"
        ],
        "level": "medium",
        "source": "sigma",
        "status": "experimental",
        "falsepositives": [
            "Legitimate administrative action"
        ],
        "id": "8ac03a65-6c84-4116-acad-dc1558ff7a77",
        "logsource": {
            "product": "windows",
            "service": "sysmon"
        },
        "references": [
            "https://docs.microsoft.com/en-us/sysinternals/downloads/sysmon"
        ],
        "tags": [
            "attack.defense_evasion"
        ]
    },
    {
        "group": "Sigma",
        "kind": "individual",
        "document": {
            "kind": "jsonl",
            "data": {
                "@timestamp": "2022-10-10T09:56:57.534Z",
                "agent": {
                    "ephemeral_id": "64b72b79-c8b3-44d5-8efc-41706d768842",
                    "hostname": "CLIENT1",
                    "id": "cd699c72-0f46-4cd9-938a-43faf035a44a",
                    "name": "CLIENT1",
                    "type": "winlogbeat",
                    "version": "7.10.2"
                },
                "ecs": {
                    "version": "1.5.0"
                },
                "event": {
                    "code": 16,
                    "created": "2022-10-10T10:00:26.931Z",
                    "kind": "event",
                    "provider": "Microsoft-Windows-Kernel-General"
                },
                "host": {
                    "name": "CLIENT"
                },
                "log": {
                    "level": "information"
                },
                "message": "The access history in hive \\??\\C:\\Users\\setup\\AppData\\Local\\Packages\\Microsoft.WindowsStore_8wekyb3d8bbwe\\Settings\\settings.dat was cleared updating 3 keys and creating 1 modified pages.",
                "winlog": {
                    "api": "wineventlog",
                    "channel": "System",
                    "computer_name": "CLIENT",
                    "event_data": {
                        "DirtyPages": "1",
                        "HiveName": "\\??\\C:\\Users\\setup\\AppData\\Local\\Packages\\Microsoft.WindowsStore_8wekyb3d8bbwe\\Settings\\settings.dat",
                        "HiveNameLength": "100",
                        "KeysUpdated": "3"
                    },
                    "event_id": 16,
                    "opcode": "Info",
                    "process": {
                        "pid": 4632,
                        "thread": {
                            "id": 5756
                        }
                    },
                    "provider_guid": "{a68ca8b7-004f-d7b6-a698-07e2de0f1f5d}",
                    "provider_name": "Microsoft-Windows-Kernel-General",
                    "record_id": 405,
                    "task": "",
                    "user": {
                        "domain": "NT AUTHORITY",
                        "identifier": "S-1-5-18",
                        "name": "SYSTEM",
                        "type": "User"
                    }
                }
            }
        },
        "name": "Sysmon Configuration Change",
        "timestamp": "2022-10-10T09:56:57.534+00:00",
        "authors": [
            "frack113"
        ],
        "level": "medium",
        "source": "sigma",
        "status": "experimental",
        "falsepositives": [
            "Legitimate administrative action"
        ],
        "id": "8ac03a65-6c84-4116-acad-dc1558ff7a77",
        "logsource": {
            "product": "windows",
            "service": "sysmon"
        },
        "references": [
            "https://docs.microsoft.com/en-us/sysinternals/downloads/sysmon"
        ],
        "tags": [
            "attack.defense_evasion"
        ]
    },
    {
        "group": "Sigma",
        "kind": "individual",
        "document": {
            "kind": "jsonl",
            "data": {
                "@timestamp": "2022-10-10T09:56:57.542Z",
                "agent": {
                    "ephemeral_id": "64b72b79-c8b3-44d5-8efc-41706d768842",
                    "hostname": "CLIENT1",
                    "id": "cd699c72-0f46-4cd9-938a-43faf035a44a",
                    "name": "CLIENT1",
                    "type": "winlogbeat",
                    "version": "7.10.2"
                },
                "ecs": {
                    "version": "1.5.0"
                },
                "event": {
                    "code": 16,
                    "created": "2022-10-10T10:00:26.931Z",
                    "kind": "event",
                    "provider": "Microsoft-Windows-Kernel-General"
                },
                "host": {
                    "name": "CLIENT"
                },
                "log": {
                    "level": "information"
                },
                "message": "The access history in hive \\??\\C:\\Users\\setup\\AppData\\Local\\Packages\\Microsoft.XboxIdentityProvider_8wekyb3d8bbwe\\Settings\\settings.dat was cleared updating 3 keys and creating 1 modified pages.",
                "winlog": {
                    "api": "wineventlog",
                    "channel": "System",
                    "computer_name": "CLIENT",
                    "event_data": {
                        "DirtyPages": "1",
                        "HiveName": "\\??\\C:\\Users\\setup\\AppData\\Local\\Packages\\Microsoft.XboxIdentityProvider_8wekyb3d8bbwe\\Settings\\settings.dat",
                        "HiveNameLength": "108",
                        "KeysUpdated": "3"
                    },
                    "event_id": 16,
                    "opcode": "Info",
                    "process": {
                        "pid": 4632,
                        "thread": {
                            "id": 5756
                        }
                    },
                    "provider_guid": "{a68ca8b7-004f-d7b6-a698-07e2de0f1f5d}",
                    "provider_name": "Microsoft-Windows-Kernel-General",
                    "record_id": 406,
                    "task": "",
                    "user": {
                        "domain": "NT AUTHORITY",
                        "identifier": "S-1-5-18",
                        "name": "SYSTEM",
                        "type": "User"
                    }
                }
            }
        },
        "name": "Sysmon Configuration Change",
        "timestamp": "2022-10-10T09:56:57.542+00:00",
        "authors": [
            "frack113"
        ],
        "level": "medium",
        "source": "sigma",
        "status": "experimental",
        "falsepositives": [
            "Legitimate administrative action"
        ],
        "id": "8ac03a65-6c84-4116-acad-dc1558ff7a77",
        "logsource": {
            "product": "windows",
            "service": "sysmon"
        },
        "references": [
            "https://docs.microsoft.com/en-us/sysinternals/downloads/sysmon"
        ],
        "tags": [
            "attack.defense_evasion"
        ]
    },
    {
        "group": "Sigma",
        "kind": "individual",
        "document": {
            "kind": "jsonl",
            "data": {
                "@timestamp": "2022-10-10T09:56:57.566Z",
                "agent": {
                    "ephemeral_id": "64b72b79-c8b3-44d5-8efc-41706d768842",
                    "hostname": "CLIENT1",
                    "id": "cd699c72-0f46-4cd9-938a-43faf035a44a",
                    "name": "CLIENT1",
                    "type": "winlogbeat",
                    "version": "7.10.2"
                },
                "ecs": {
                    "version": "1.5.0"
                },
                "event": {
                    "code": 16,
                    "created": "2022-10-10T10:00:27.077Z",
                    "kind": "event",
                    "provider": "Microsoft-Windows-Kernel-General"
                },
                "host": {
                    "name": "CLIENT"
                },
                "log": {
                    "level": "information"
                },
                "message": "The access history in hive \\??\\C:\\Users\\setup\\AppData\\Local\\Packages\\MicrosoftWindows.UndockedDevKit_cw5n1h2txyewy\\Settings\\settings.dat was cleared updating 3 keys and creating 1 modified pages.",
                "winlog": {
                    "api": "wineventlog",
                    "channel": "System",
                    "computer_name": "CLIENT",
                    "event_data": {
                        "DirtyPages": "1",
                        "HiveName": "\\??\\C:\\Users\\setup\\AppData\\Local\\Packages\\MicrosoftWindows.UndockedDevKit_cw5n1h2txyewy\\Settings\\settings.dat",
                        "HiveNameLength": "109",
                        "KeysUpdated": "3"
                    },
                    "event_id": 16,
                    "opcode": "Info",
                    "process": {
                        "pid": 4632,
                        "thread": {
                            "id": 5756
                        }
                    },
                    "provider_guid": "{a68ca8b7-004f-d7b6-a698-07e2de0f1f5d}",
                    "provider_name": "Microsoft-Windows-Kernel-General",
                    "record_id": 407,
                    "task": "",
                    "user": {
                        "domain": "NT AUTHORITY",
                        "identifier": "S-1-5-18",
                        "name": "SYSTEM",
                        "type": "User"
                    }
                }
            }
        },
        "name": "Sysmon Configuration Change",
        "timestamp": "2022-10-10T09:56:57.566+00:00",
        "authors": [
            "frack113"
        ],
        "level": "medium",
        "source": "sigma",
        "status": "experimental",
        "falsepositives": [
            "Legitimate administrative action"
        ],
        "id": "8ac03a65-6c84-4116-acad-dc1558ff7a77",
        "logsource": {
            "product": "windows",
            "service": "sysmon"
        },
        "references": [
            "https://docs.microsoft.com/en-us/sysinternals/downloads/sysmon"
        ],
        "tags": [
            "attack.defense_evasion"
        ]
    },
