    {
        "group": "Sigma",
        "kind": "individual",
        "document": {
            "kind": "jsonl",
            "data": {
                "@timestamp": "2022-09-27T12:24:57.823Z",
                "agent": {
                    "ephemeral_id": "f3e67ec5-847a-448b-8ec4-bac040a44990",
                    "hostname": "CLIENT1",
                    "id": "cd699c72-0f46-4cd9-938a-43faf035a44a",
                    "name": "CLIENT1",
                    "type": "winlogbeat",
                    "version": "7.10.2"
                },
                "ecs": {
                    "version": "1.5.0"
                },
                "event": {
                    "action": "File created (rule: FileCreate)",
                    "category": [
                        "file"
                    ],
                    "code": 11,
                    "created": "2022-09-27T12:27:28.382Z",
                    "kind": "event",
                    "module": "sysmon",
                    "provider": "Microsoft-Windows-Sysmon",
                    "type": [
                        "creation"
                    ]
                },
                "file": {
                    "directory": "C:\\Users\\setup\\AppData\\Local\\Microsoft\\OneDrive\\19.043.0304.0013",
                    "extension": "dll",
                    "name": "api-ms-win-core-synch-l1-2-0.dll",
                    "path": "C:\\Users\\setup\\AppData\\Local\\Microsoft\\OneDrive\\19.043.0304.0013\\api-ms-win-core-synch-l1-2-0.dll"
                },
                "host": {
                    "name": "CLIENT1"
                },
                "log": {
                    "level": "information"
                },
                "message": "File created:\nRuleName: DLL\nUtcTime: 2022-09-27 12:24:57.823\nProcessGuid: {0e37ca90-eb99-6332-6600-000000000400}\nProcessId: 4452\nImage: C:\\Windows\\SysWOW64\\OneDriveSetup.exe\nTargetFilename: C:\\Users\\setup\\AppData\\Local\\Microsoft\\OneDrive\\19.043.0304.0013\\api-ms-win-core-synch-l1-2-0.dll\nCreationUtcTime: 2022-09-27 12:24:57.823\nUser: CLIENT1\\setup",
                "process": {
                    "entity_id": "{0e37ca90-eb99-6332-6600-000000000400}",
                    "executable": "C:\\Windows\\SysWOW64\\OneDriveSetup.exe",
                    "name": "OneDriveSetup.exe",
                    "pid": 4452
                },
                "rule": {
                    "name": "DLL"
                },
                "winlog": {
                    "api": "wineventlog",
                    "channel": "Microsoft-Windows-Sysmon/Operational",
                    "computer_name": "CLIENT1",
                    "event_data": {
                        "CreationUtcTime": "2022-09-27 12:24:57.823",
                        "User": "CLIENT1\\setup"
                    },
                    "event_id": 11,
                    "opcode": "Info",
                    "process": {
                        "pid": 2080,
                        "thread": {
                            "id": 3584
                        }
                    },
                    "provider_guid": "{5770385f-c22a-43e0-bf4c-06f5698ffbd9}",
                    "provider_name": "Microsoft-Windows-Sysmon",
                    "record_id": 947,
                    "task": "File created (rule: FileCreate)",
                    "user": {
                        "domain": "NT AUTHORITY",
                        "identifier": "S-1-5-18",
                        "name": "SYSTEM",
                        "type": "User"
                    },
                    "version": 2
                }
            }
        },
        "name": "Rename Common File to DLL File",
        "timestamp": "2022-09-27T12:24:57.823+00:00",
        "authors": [
            "frack113"
        ],
        "level": "medium",
        "source": "sigma",
        "status": "experimental",
        "falsepositives": [
            "Application installation"
        ],
        "id": "bbfd974c-248e-4435-8de6-1e938c79c5c1",
        "logsource": {
            "category": "file_rename",
            "product": "windows"
        },
        "references": [
            "https://twitter.com/ffforward/status/1481672378639912960",
            "https://github.com/redcanaryco/atomic-red-team/blob/f339e7da7d05f6057fdfcdd3742bfcf365fee2a9/atomics/T1036/T1036.md#atomic-test-1---system-file-copied-to-unusual-location"
        ]
    },
    {
        "group": "Sigma",
        "kind": "individual",
        "document": {
            "kind": "jsonl",
            "data": {
                "@timestamp": "2022-09-27T12:24:57.836Z",
                "agent": {
                    "ephemeral_id": "f3e67ec5-847a-448b-8ec4-bac040a44990",
                    "hostname": "CLIENT1",
                    "id": "cd699c72-0f46-4cd9-938a-43faf035a44a",
                    "name": "CLIENT1",
                    "type": "winlogbeat",
                    "version": "7.10.2"
                },
                "ecs": {
                    "version": "1.5.0"
                },
                "event": {
                    "action": "File created (rule: FileCreate)",
                    "category": [
                        "file"
                    ],
                    "code": 11,
                    "created": "2022-09-27T12:27:28.382Z",
                    "kind": "event",
                    "module": "sysmon",
                    "provider": "Microsoft-Windows-Sysmon",
                    "type": [
                        "creation"
                    ]
                },
                "file": {
                    "directory": "C:\\Users\\setup\\AppData\\Local\\Microsoft\\OneDrive\\19.043.0304.0013",
                    "extension": "dll",
                    "name": "api-ms-win-core-timezone-l1-1-0.dll",
                    "path": "C:\\Users\\setup\\AppData\\Local\\Microsoft\\OneDrive\\19.043.0304.0013\\api-ms-win-core-timezone-l1-1-0.dll"
                },
                "host": {
                    "name": "CLIENT1"
                },
                "log": {
                    "level": "information"
                },
                "message": "File created:\nRuleName: DLL\nUtcTime: 2022-09-27 12:24:57.836\nProcessGuid: {0e37ca90-eb99-6332-6600-000000000400}\nProcessId: 4452\nImage: C:\\Windows\\SysWOW64\\OneDriveSetup.exe\nTargetFilename: C:\\Users\\setup\\AppData\\Local\\Microsoft\\OneDrive\\19.043.0304.0013\\api-ms-win-core-timezone-l1-1-0.dll\nCreationUtcTime: 2022-09-27 12:24:57.836\nUser: CLIENT1\\setup",
                "process": {
                    "entity_id": "{0e37ca90-eb99-6332-6600-000000000400}",
                    "executable": "C:\\Windows\\SysWOW64\\OneDriveSetup.exe",
                    "name": "OneDriveSetup.exe",
                    "pid": 4452
                },
                "rule": {
                    "name": "DLL"
                },
                "winlog": {
                    "api": "wineventlog",
                    "channel": "Microsoft-Windows-Sysmon/Operational",
                    "computer_name": "CLIENT1",
                    "event_data": {
                        "CreationUtcTime": "2022-09-27 12:24:57.836",
                        "User": "CLIENT1\\setup"
                    },
                    "event_id": 11,
                    "opcode": "Info",
                    "process": {
                        "pid": 2080,
                        "thread": {
                            "id": 3584
                        }
                    },
                    "provider_guid": "{5770385f-c22a-43e0-bf4c-06f5698ffbd9}",
                    "provider_name": "Microsoft-Windows-Sysmon",
                    "record_id": 949,
                    "task": "File created (rule: FileCreate)",
                    "user": {
                        "domain": "NT AUTHORITY",
                        "identifier": "S-1-5-18",
                        "name": "SYSTEM",
                        "type": "User"
                    },
                    "version": 2
                }
            }
        },
        "name": "Rename Common File to DLL File",
        "timestamp": "2022-09-27T12:24:57.836+00:00",
        "authors": [
            "frack113"
        ],
        "level": "medium",
        "source": "sigma",
        "status": "experimental",
        "falsepositives": [
            "Application installation"
        ],
        "id": "bbfd974c-248e-4435-8de6-1e938c79c5c1",
        "logsource": {
            "category": "file_rename",
            "product": "windows"
        },
        "references": [
            "https://twitter.com/ffforward/status/1481672378639912960",
            "https://github.com/redcanaryco/atomic-red-team/blob/f339e7da7d05f6057fdfcdd3742bfcf365fee2a9/atomics/T1036/T1036.md#atomic-test-1---system-file-copied-to-unusual-location"
        ]
    },
    {
        "group": "Sigma",
        "kind": "individual",
        "document": {
            "kind": "jsonl",
            "data": {
                "@timestamp": "2022-09-27T12:24:57.836Z",
                "agent": {
                    "ephemeral_id": "f3e67ec5-847a-448b-8ec4-bac040a44990",
                    "hostname": "CLIENT1",
                    "id": "cd699c72-0f46-4cd9-938a-43faf035a44a",
                    "name": "CLIENT1",
                    "type": "winlogbeat",
                    "version": "7.10.2"
                },
                "ecs": {
                    "version": "1.5.0"
                },
                "event": {
                    "action": "File created (rule: FileCreate)",
                    "category": [
                        "file"
                    ],
                    "code": 11,
                    "created": "2022-09-27T12:27:28.382Z",
                    "kind": "event",
                    "module": "sysmon",
                    "provider": "Microsoft-Windows-Sysmon",
                    "type": [
                        "creation"
                    ]
                },
                "file": {
                    "directory": "C:\\Users\\setup\\AppData\\Local\\Microsoft\\OneDrive\\19.043.0304.0013",
                    "extension": "dll",
                    "name": "api-ms-win-core-sysinfo-l1-1-0.dll",
                    "path": "C:\\Users\\setup\\AppData\\Local\\Microsoft\\OneDrive\\19.043.0304.0013\\api-ms-win-core-sysinfo-l1-1-0.dll"
                },
                "host": {
                    "name": "CLIENT1"
                },
                "log": {
                    "level": "information"
                },
                "message": "File created:\nRuleName: DLL\nUtcTime: 2022-09-27 12:24:57.836\nProcessGuid: {0e37ca90-eb99-6332-6600-000000000400}\nProcessId: 4452\nImage: C:\\Windows\\SysWOW64\\OneDriveSetup.exe\nTargetFilename: C:\\Users\\setup\\AppData\\Local\\Microsoft\\OneDrive\\19.043.0304.0013\\api-ms-win-core-sysinfo-l1-1-0.dll\nCreationUtcTime: 2022-09-27 12:24:57.836\nUser: CLIENT1\\setup",
                "process": {
                    "entity_id": "{0e37ca90-eb99-6332-6600-000000000400}",
                    "executable": "C:\\Windows\\SysWOW64\\OneDriveSetup.exe",
                    "name": "OneDriveSetup.exe",
                    "pid": 4452
                },
                "rule": {
                    "name": "DLL"
                },
                "winlog": {
                    "api": "wineventlog",
                    "channel": "Microsoft-Windows-Sysmon/Operational",
                    "computer_name": "CLIENT1",
                    "event_data": {
                        "CreationUtcTime": "2022-09-27 12:24:57.836",
                        "User": "CLIENT1\\setup"
                    },
                    "event_id": 11,
                    "opcode": "Info",
                    "process": {
                        "pid": 2080,
                        "thread": {
                            "id": 3584
                        }
                    },
                    "provider_guid": "{5770385f-c22a-43e0-bf4c-06f5698ffbd9}",
                    "provider_name": "Microsoft-Windows-Sysmon",
                    "record_id": 948,
                    "task": "File created (rule: FileCreate)",
                    "user": {
                        "domain": "NT AUTHORITY",
                        "identifier": "S-1-5-18",
                        "name": "SYSTEM",
                        "type": "User"
                    },
                    "version": 2
                }
            }
        },
        "name": "Rename Common File to DLL File",
        "timestamp": "2022-09-27T12:24:57.836+00:00",
        "authors": [
            "frack113"
        ],
        "level": "medium",
        "source": "sigma",
        "status": "experimental",
        "falsepositives": [
            "Application installation"
        ],
        "id": "bbfd974c-248e-4435-8de6-1e938c79c5c1",
        "logsource": {
            "category": "file_rename",
            "product": "windows"
        },
        "references": [
            "https://twitter.com/ffforward/status/1481672378639912960",
            "https://github.com/redcanaryco/atomic-red-team/blob/f339e7da7d05f6057fdfcdd3742bfcf365fee2a9/atomics/T1036/T1036.md#atomic-test-1---system-file-copied-to-unusual-location"
        ]
    },
    {
        "group": "Sigma",
        "kind": "individual",
        "document": {
            "kind": "jsonl",
            "data": {
                "@timestamp": "2022-09-27T12:24:57.838Z",
                "agent": {
                    "ephemeral_id": "f3e67ec5-847a-448b-8ec4-bac040a44990",
                    "hostname": "CLIENT1",
                    "id": "cd699c72-0f46-4cd9-938a-43faf035a44a",
                    "name": "CLIENT1",
                    "type": "winlogbeat",
                    "version": "7.10.2"
                },
                "ecs": {
                    "version": "1.5.0"
                },
                "event": {
                    "action": "File created (rule: FileCreate)",
                    "category": [
                        "file"
                    ],
                    "code": 11,
                    "created": "2022-09-27T12:27:28.382Z",
                    "kind": "event",
                    "module": "sysmon",
                    "provider": "Microsoft-Windows-Sysmon",
                    "type": [
                        "creation"
                    ]
                },
                "file": {
                    "directory": "C:\\Users\\setup\\AppData\\Local\\Microsoft\\OneDrive\\19.043.0304.0013",
                    "extension": "dll",
                    "name": "api-ms-win-core-util-l1-1-0.dll",
                    "path": "C:\\Users\\setup\\AppData\\Local\\Microsoft\\OneDrive\\19.043.0304.0013\\api-ms-win-core-util-l1-1-0.dll"
                },
                "host": {
                    "name": "CLIENT1"
                },
                "log": {
                    "level": "information"
                },
                "message": "File created:\nRuleName: DLL\nUtcTime: 2022-09-27 12:24:57.838\nProcessGuid: {0e37ca90-eb99-6332-6600-000000000400}\nProcessId: 4452\nImage: C:\\Windows\\SysWOW64\\OneDriveSetup.exe\nTargetFilename: C:\\Users\\setup\\AppData\\Local\\Microsoft\\OneDrive\\19.043.0304.0013\\api-ms-win-core-util-l1-1-0.dll\nCreationUtcTime: 2022-09-27 12:24:57.838\nUser: CLIENT1\\setup",
                "process": {
                    "entity_id": "{0e37ca90-eb99-6332-6600-000000000400}",
                    "executable": "C:\\Windows\\SysWOW64\\OneDriveSetup.exe",
                    "name": "OneDriveSetup.exe",
                    "pid": 4452
                },
                "rule": {
                    "name": "DLL"
                },
                "winlog": {
                    "api": "wineventlog",
                    "channel": "Microsoft-Windows-Sysmon/Operational",
                    "computer_name": "CLIENT1",
                    "event_data": {
                        "CreationUtcTime": "2022-09-27 12:24:57.838",
                        "User": "CLIENT1\\setup"
                    },
                    "event_id": 11,
                    "opcode": "Info",
                    "process": {
                        "pid": 2080,
                        "thread": {
                            "id": 3584
                        }
                    },
                    "provider_guid": "{5770385f-c22a-43e0-bf4c-06f5698ffbd9}",
                    "provider_name": "Microsoft-Windows-Sysmon",
                    "record_id": 950,
                    "task": "File created (rule: FileCreate)",
                    "user": {
                        "domain": "NT AUTHORITY",
                        "identifier": "S-1-5-18",
                        "name": "SYSTEM",
                        "type": "User"
                    },
                    "version": 2
                }
            }
        },
        "name": "Rename Common File to DLL File",
        "timestamp": "2022-09-27T12:24:57.838+00:00",
        "authors": [
            "frack113"
        ],
        "level": "medium",
        "source": "sigma",
        "status": "experimental",
        "falsepositives": [
            "Application installation"
        ],
        "id": "bbfd974c-248e-4435-8de6-1e938c79c5c1",
        "logsource": {
            "category": "file_rename",
            "product": "windows"
        },
        "references": [
            "https://twitter.com/ffforward/status/1481672378639912960",
            "https://github.com/redcanaryco/atomic-red-team/blob/f339e7da7d05f6057fdfcdd3742bfcf365fee2a9/atomics/T1036/T1036.md#atomic-test-1---system-file-copied-to-unusual-location"
        ]
    },
    {
        "group": "Sigma",
        "kind": "individual",
        "document": {
            "kind": "jsonl",
            "data": {
                "@timestamp": "2022-09-27T12:24:57.838Z",
                "agent": {
                    "ephemeral_id": "f3e67ec5-847a-448b-8ec4-bac040a44990",
                    "hostname": "CLIENT1",
                    "id": "cd699c72-0f46-4cd9-938a-43faf035a44a",
                    "name": "CLIENT1",
                    "type": "winlogbeat",
                    "version": "7.10.2"
                },
                "ecs": {
                    "version": "1.5.0"
                },
                "event": {
                    "action": "File created (rule: FileCreate)",
                    "category": [
                        "file"
                    ],
                    "code": 11,
                    "created": "2022-09-27T12:27:28.383Z",
                    "kind": "event",
                    "module": "sysmon",
                    "provider": "Microsoft-Windows-Sysmon",
                    "type": [
                        "creation"
                    ]
                },
                "file": {
                    "directory": "C:\\Users\\setup\\AppData\\Local\\Microsoft\\OneDrive\\19.043.0304.0013",
                    "extension": "dll",
                    "name": "api-ms-win-crt-heap-l1-1-0.dll",
                    "path": "C:\\Users\\setup\\AppData\\Local\\Microsoft\\OneDrive\\19.043.0304.0013\\api-ms-win-crt-heap-l1-1-0.dll"
                },
                "host": {
                    "name": "CLIENT1"
                },
                "log": {
                    "level": "information"
                },
                "message": "File created:\nRuleName: DLL\nUtcTime: 2022-09-27 12:24:57.838\nProcessGuid: {0e37ca90-eb99-6332-6600-000000000400}\nProcessId: 4452\nImage: C:\\Windows\\SysWOW64\\OneDriveSetup.exe\nTargetFilename: C:\\Users\\setup\\AppData\\Local\\Microsoft\\OneDrive\\19.043.0304.0013\\api-ms-win-crt-heap-l1-1-0.dll\nCreationUtcTime: 2022-09-27 12:24:57.838\nUser: CLIENT1\\setup",
                "process": {
                    "entity_id": "{0e37ca90-eb99-6332-6600-000000000400}",
                    "executable": "C:\\Windows\\SysWOW64\\OneDriveSetup.exe",
                    "name": "OneDriveSetup.exe",
                    "pid": 4452
                },
                "rule": {
                    "name": "DLL"
                },
                "winlog": {
                    "api": "wineventlog",
                    "channel": "Microsoft-Windows-Sysmon/Operational",
                    "computer_name": "CLIENT1",
                    "event_data": {
                        "CreationUtcTime": "2022-09-27 12:24:57.838",
                        "User": "CLIENT1\\setup"
                    },
                    "event_id": 11,
                    "opcode": "Info",
                    "process": {
                        "pid": 2080,
                        "thread": {
                            "id": 3584
                        }
                    },
                    "provider_guid": "{5770385f-c22a-43e0-bf4c-06f5698ffbd9}",
                    "provider_name": "Microsoft-Windows-Sysmon",
                    "record_id": 955,
                    "task": "File created (rule: FileCreate)",
                    "user": {
                        "domain": "NT AUTHORITY",
                        "identifier": "S-1-5-18",
                        "name": "SYSTEM",
                        "type": "User"
                    },
                    "version": 2
                }
            }
        },
        "name": "Rename Common File to DLL File",
        "timestamp": "2022-09-27T12:24:57.838+00:00",
        "authors": [
            "frack113"
        ],
        "level": "medium",
        "source": "sigma",
        "status": "experimental",
        "falsepositives": [
            "Application installation"
        ],
        "id": "bbfd974c-248e-4435-8de6-1e938c79c5c1",
        "logsource": {
            "category": "file_rename",
            "product": "windows"
        },
        "references": [
            "https://twitter.com/ffforward/status/1481672378639912960",
            "https://github.com/redcanaryco/atomic-red-team/blob/f339e7da7d05f6057fdfcdd3742bfcf365fee2a9/atomics/T1036/T1036.md#atomic-test-1---system-file-copied-to-unusual-location"
        ]
    },
    {
        "group": "Sigma",
        "kind": "individual",
        "document": {
            "kind": "jsonl",
            "data": {
                "@timestamp": "2022-09-27T12:24:57.838Z",
                "agent": {
                    "ephemeral_id": "f3e67ec5-847a-448b-8ec4-bac040a44990",
                    "hostname": "CLIENT1",
                    "id": "cd699c72-0f46-4cd9-938a-43faf035a44a",
                    "name": "CLIENT1",
                    "type": "winlogbeat",
                    "version": "7.10.2"
                },
                "ecs": {
                    "version": "1.5.0"
                },
                "event": {
                    "action": "File created (rule: FileCreate)",
                    "category": [
                        "file"
                    ],
                    "code": 11,
                    "created": "2022-09-27T12:27:28.383Z",
                    "kind": "event",
                    "module": "sysmon",
                    "provider": "Microsoft-Windows-Sysmon",
                    "type": [
                        "creation"
                    ]
                },
                "file": {
                    "directory": "C:\\Users\\setup\\AppData\\Local\\Microsoft\\OneDrive\\19.043.0304.0013",
                    "extension": "dll",
                    "name": "api-ms-win-crt-math-l1-1-0.dll",
                    "path": "C:\\Users\\setup\\AppData\\Local\\Microsoft\\OneDrive\\19.043.0304.0013\\api-ms-win-crt-math-l1-1-0.dll"
                },
                "host": {
                    "name": "CLIENT1"
                },
                "log": {
                    "level": "information"
                },
                "message": "File created:\nRuleName: DLL\nUtcTime: 2022-09-27 12:24:57.838\nProcessGuid: {0e37ca90-eb99-6332-6600-000000000400}\nProcessId: 4452\nImage: C:\\Windows\\SysWOW64\\OneDriveSetup.exe\nTargetFilename: C:\\Users\\setup\\AppData\\Local\\Microsoft\\OneDrive\\19.043.0304.0013\\api-ms-win-crt-math-l1-1-0.dll\nCreationUtcTime: 2022-09-27 12:24:57.838\nUser: CLIENT1\\setup",
                "process": {
                    "entity_id": "{0e37ca90-eb99-6332-6600-000000000400}",
                    "executable": "C:\\Windows\\SysWOW64\\OneDriveSetup.exe",
                    "name": "OneDriveSetup.exe",
                    "pid": 4452
                },
                "rule": {
                    "name": "DLL"
                },
                "winlog": {
                    "api": "wineventlog",
                    "channel": "Microsoft-Windows-Sysmon/Operational",
                    "computer_name": "CLIENT1",
                    "event_data": {
                        "CreationUtcTime": "2022-09-27 12:24:57.838",
                        "User": "CLIENT1\\setup"
                    },
                    "event_id": 11,
                    "opcode": "Info",
                    "process": {
                        "pid": 2080,
                        "thread": {
                            "id": 3584
                        }
                    },
                    "provider_guid": "{5770385f-c22a-43e0-bf4c-06f5698ffbd9}",
                    "provider_name": "Microsoft-Windows-Sysmon",
                    "record_id": 957,
                    "task": "File created (rule: FileCreate)",
                    "user": {
                        "domain": "NT AUTHORITY",
                        "identifier": "S-1-5-18",
                        "name": "SYSTEM",
                        "type": "User"
                    },
                    "version": 2
                }
            }
        },
        "name": "Rename Common File to DLL File",
        "timestamp": "2022-09-27T12:24:57.838+00:00",
        "authors": [
            "frack113"
        ],
        "level": "medium",
        "source": "sigma",
        "status": "experimental",
        "falsepositives": [
            "Application installation"
        ],
        "id": "bbfd974c-248e-4435-8de6-1e938c79c5c1",
        "logsource": {
            "category": "file_rename",
            "product": "windows"
        },
        "references": [
            "https://twitter.com/ffforward/status/1481672378639912960",
            "https://github.com/redcanaryco/atomic-red-team/blob/f339e7da7d05f6057fdfcdd3742bfcf365fee2a9/atomics/T1036/T1036.md#atomic-test-1---system-file-copied-to-unusual-location"
        ]
    },
    {
        "group": "Sigma",
        "kind": "individual",
        "document": {
            "kind": "jsonl",
            "data": {
                "@timestamp": "2022-09-27T12:24:57.838Z",
                "agent": {
                    "ephemeral_id": "f3e67ec5-847a-448b-8ec4-bac040a44990",
                    "hostname": "CLIENT1",
                    "id": "cd699c72-0f46-4cd9-938a-43faf035a44a",
                    "name": "CLIENT1",
                    "type": "winlogbeat",
                    "version": "7.10.2"
                },
                "ecs": {
                    "version": "1.5.0"
                },
                "event": {
                    "action": "File created (rule: FileCreate)",
                    "category": [
                        "file"
                    ],
                    "code": 11,
                    "created": "2022-09-27T12:27:28.383Z",
                    "kind": "event",
                    "module": "sysmon",
                    "provider": "Microsoft-Windows-Sysmon",
                    "type": [
                        "creation"
                    ]
                },
                "file": {
                    "directory": "C:\\Users\\setup\\AppData\\Local\\Microsoft\\OneDrive\\19.043.0304.0013",
                    "extension": "dll",
                    "name": "api-ms-win-crt-multibyte-l1-1-0.dll",
                    "path": "C:\\Users\\setup\\AppData\\Local\\Microsoft\\OneDrive\\19.043.0304.0013\\api-ms-win-crt-multibyte-l1-1-0.dll"
                },
                "host": {
                    "name": "CLIENT1"
                },
                "log": {
                    "level": "information"
                },
                "message": "File created:\nRuleName: DLL\nUtcTime: 2022-09-27 12:24:57.838\nProcessGuid: {0e37ca90-eb99-6332-6600-000000000400}\nProcessId: 4452\nImage: C:\\Windows\\SysWOW64\\OneDriveSetup.exe\nTargetFilename: C:\\Users\\setup\\AppData\\Local\\Microsoft\\OneDrive\\19.043.0304.0013\\api-ms-win-crt-multibyte-l1-1-0.dll\nCreationUtcTime: 2022-09-27 12:24:57.838\nUser: CLIENT1\\setup",
                "process": {
                    "entity_id": "{0e37ca90-eb99-6332-6600-000000000400}",
                    "executable": "C:\\Windows\\SysWOW64\\OneDriveSetup.exe",
                    "name": "OneDriveSetup.exe",
                    "pid": 4452
                },
                "rule": {
                    "name": "DLL"
                },
                "winlog": {
                    "api": "wineventlog",
                    "channel": "Microsoft-Windows-Sysmon/Operational",
                    "computer_name": "CLIENT1",
                    "event_data": {
                        "CreationUtcTime": "2022-09-27 12:24:57.838",
                        "User": "CLIENT1\\setup"
                    },
                    "event_id": 11,
                    "opcode": "Info",
                    "process": {
                        "pid": 2080,
                        "thread": {
                            "id": 3584
                        }
                    },
                    "provider_guid": "{5770385f-c22a-43e0-bf4c-06f5698ffbd9}",
                    "provider_name": "Microsoft-Windows-Sysmon",
                    "record_id": 958,
                    "task": "File created (rule: FileCreate)",
                    "user": {
                        "domain": "NT AUTHORITY",
                        "identifier": "S-1-5-18",
                        "name": "SYSTEM",
                        "type": "User"
                    },
                    "version": 2
                }
            }
        },
        "name": "Rename Common File to DLL File",
        "timestamp": "2022-09-27T12:24:57.838+00:00",
        "authors": [
            "frack113"
        ],
        "level": "medium",
        "source": "sigma",
        "status": "experimental",
        "falsepositives": [
            "Application installation"
        ],
        "id": "bbfd974c-248e-4435-8de6-1e938c79c5c1",
        "logsource": {
            "category": "file_rename",
            "product": "windows"
        },
        "references": [
            "https://twitter.com/ffforward/status/1481672378639912960",
            "https://github.com/redcanaryco/atomic-red-team/blob/f339e7da7d05f6057fdfcdd3742bfcf365fee2a9/atomics/T1036/T1036.md#atomic-test-1---system-file-copied-to-unusual-location"
        ]
    },
    {
        "group": "Sigma",
        "kind": "individual",
        "document": {
            "kind": "jsonl",
            "data": {
                "@timestamp": "2022-09-27T12:24:57.838Z",
                "agent": {
                    "ephemeral_id": "f3e67ec5-847a-448b-8ec4-bac040a44990",
                    "hostname": "CLIENT1",
                    "id": "cd699c72-0f46-4cd9-938a-43faf035a44a",
                    "name": "CLIENT1",
                    "type": "winlogbeat",
                    "version": "7.10.2"
                },
                "ecs": {
                    "version": "1.5.0"
                },
                "event": {
                    "action": "File created (rule: FileCreate)",
                    "category": [
                        "file"
                    ],
                    "code": 11,
                    "created": "2022-09-27T12:27:28.383Z",
                    "kind": "event",
                    "module": "sysmon",
                    "provider": "Microsoft-Windows-Sysmon",
                    "type": [
                        "creation"
                    ]
                },
                "file": {
                    "directory": "C:\\Users\\setup\\AppData\\Local\\Microsoft\\OneDrive\\19.043.0304.0013",
                    "extension": "dll",
                    "name": "api-ms-win-crt-process-l1-1-0.dll",
                    "path": "C:\\Users\\setup\\AppData\\Local\\Microsoft\\OneDrive\\19.043.0304.0013\\api-ms-win-crt-process-l1-1-0.dll"
                },
                "host": {
                    "name": "CLIENT1"
                },
                "log": {
                    "level": "information"
                },
                "message": "File created:\nRuleName: DLL\nUtcTime: 2022-09-27 12:24:57.838\nProcessGuid: {0e37ca90-eb99-6332-6600-000000000400}\nProcessId: 4452\nImage: C:\\Windows\\SysWOW64\\OneDriveSetup.exe\nTargetFilename: C:\\Users\\setup\\AppData\\Local\\Microsoft\\OneDrive\\19.043.0304.0013\\api-ms-win-crt-process-l1-1-0.dll\nCreationUtcTime: 2022-09-27 12:24:57.838\nUser: CLIENT1\\setup",
                "process": {
                    "entity_id": "{0e37ca90-eb99-6332-6600-000000000400}",
                    "executable": "C:\\Windows\\SysWOW64\\OneDriveSetup.exe",
                    "name": "OneDriveSetup.exe",
                    "pid": 4452
                },
                "rule": {
                    "name": "DLL"
                },
                "winlog": {
                    "api": "wineventlog",
                    "channel": "Microsoft-Windows-Sysmon/Operational",
                    "computer_name": "CLIENT1",
                    "event_data": {
                        "CreationUtcTime": "2022-09-27 12:24:57.838",
                        "User": "CLIENT1\\setup"
                    },
                    "event_id": 11,
                    "opcode": "Info",
                    "process": {
                        "pid": 2080,
                        "thread": {
                            "id": 3584
                        }
                    },
                    "provider_guid": "{5770385f-c22a-43e0-bf4c-06f5698ffbd9}",
                    "provider_name": "Microsoft-Windows-Sysmon",
                    "record_id": 960,
                    "task": "File created (rule: FileCreate)",
                    "user": {
                        "domain": "NT AUTHORITY",
                        "identifier": "S-1-5-18",
                        "name": "SYSTEM",
                        "type": "User"
                    },
                    "version": 2
                }
            }
        },
        "name": "Rename Common File to DLL File",
        "timestamp": "2022-09-27T12:24:57.838+00:00",
        "authors": [
            "frack113"
        ],
        "level": "medium",
        "source": "sigma",
        "status": "experimental",
        "falsepositives": [
            "Application installation"
        ],
        "id": "bbfd974c-248e-4435-8de6-1e938c79c5c1",
        "logsource": {
            "category": "file_rename",
            "product": "windows"
        },
        "references": [
            "https://twitter.com/ffforward/status/1481672378639912960",
            "https://github.com/redcanaryco/atomic-red-team/blob/f339e7da7d05f6057fdfcdd3742bfcf365fee2a9/atomics/T1036/T1036.md#atomic-test-1---system-file-copied-to-unusual-location"
        ]
    },
    {
        "group": "Sigma",
        "kind": "individual",
        "document": {
            "kind": "jsonl",
            "data": {
                "@timestamp": "2022-09-27T12:24:57.838Z",
                "agent": {
                    "ephemeral_id": "f3e67ec5-847a-448b-8ec4-bac040a44990",
                    "hostname": "CLIENT1",
                    "id": "cd699c72-0f46-4cd9-938a-43faf035a44a",
                    "name": "CLIENT1",
                    "type": "winlogbeat",
                    "version": "7.10.2"
                },
                "ecs": {
                    "version": "1.5.0"
                },
                "event": {
                    "action": "File created (rule: FileCreate)",
                    "category": [
                        "file"
                    ],
                    "code": 11,
                    "created": "2022-09-27T12:27:28.382Z",
                    "kind": "event",
                    "module": "sysmon",
                    "provider": "Microsoft-Windows-Sysmon",
                    "type": [
                        "creation"
                    ]
                },
                "file": {
                    "directory": "C:\\Users\\setup\\AppData\\Local\\Microsoft\\OneDrive\\19.043.0304.0013",
                    "extension": "dll",
                    "name": "api-ms-win-crt-conio-l1-1-0.dll",
                    "path": "C:\\Users\\setup\\AppData\\Local\\Microsoft\\OneDrive\\19.043.0304.0013\\api-ms-win-crt-conio-l1-1-0.dll"
                },
                "host": {
                    "name": "CLIENT1"
                },
                "log": {
                    "level": "information"
                },
                "message": "File created:\nRuleName: DLL\nUtcTime: 2022-09-27 12:24:57.838\nProcessGuid: {0e37ca90-eb99-6332-6600-000000000400}\nProcessId: 4452\nImage: C:\\Windows\\SysWOW64\\OneDriveSetup.exe\nTargetFilename: C:\\Users\\setup\\AppData\\Local\\Microsoft\\OneDrive\\19.043.0304.0013\\api-ms-win-crt-conio-l1-1-0.dll\nCreationUtcTime: 2022-09-27 12:24:57.838\nUser: CLIENT1\\setup",
                "process": {
                    "entity_id": "{0e37ca90-eb99-6332-6600-000000000400}",
                    "executable": "C:\\Windows\\SysWOW64\\OneDriveSetup.exe",
                    "name": "OneDriveSetup.exe",
                    "pid": 4452
                },
                "rule": {
                    "name": "DLL"
                },
                "winlog": {
                    "api": "wineventlog",
                    "channel": "Microsoft-Windows-Sysmon/Operational",
                    "computer_name": "CLIENT1",
                    "event_data": {
                        "CreationUtcTime": "2022-09-27 12:24:57.838",
                        "User": "CLIENT1\\setup"
                    },
                    "event_id": 11,
                    "opcode": "Info",
                    "process": {
                        "pid": 2080,
                        "thread": {
                            "id": 3584
                        }
                    },
                    "provider_guid": "{5770385f-c22a-43e0-bf4c-06f5698ffbd9}",
                    "provider_name": "Microsoft-Windows-Sysmon",
                    "record_id": 951,
                    "task": "File created (rule: FileCreate)",
                    "user": {
                        "domain": "NT AUTHORITY",
                        "identifier": "S-1-5-18",
                        "name": "SYSTEM",
                        "type": "User"
                    },
                    "version": 2
                }
            }
        },
        "name": "Rename Common File to DLL File",
        "timestamp": "2022-09-27T12:24:57.838+00:00",
        "authors": [
            "frack113"
        ],
        "level": "medium",
        "source": "sigma",
        "status": "experimental",
        "falsepositives": [
            "Application installation"
        ],
        "id": "bbfd974c-248e-4435-8de6-1e938c79c5c1",
        "logsource": {
            "category": "file_rename",
            "product": "windows"
        },
        "references": [
            "https://twitter.com/ffforward/status/1481672378639912960",
            "https://github.com/redcanaryco/atomic-red-team/blob/f339e7da7d05f6057fdfcdd3742bfcf365fee2a9/atomics/T1036/T1036.md#atomic-test-1---system-file-copied-to-unusual-location"
        ]
    },
    {
        "group": "Sigma",
        "kind": "individual",
        "document": {
            "kind": "jsonl",
            "data": {
                "@timestamp": "2022-09-27T12:24:57.838Z",
                "agent": {
                    "ephemeral_id": "f3e67ec5-847a-448b-8ec4-bac040a44990",
                    "hostname": "CLIENT1",
                    "id": "cd699c72-0f46-4cd9-938a-43faf035a44a",
                    "name": "CLIENT1",
                    "type": "winlogbeat",
                    "version": "7.10.2"
                },
                "ecs": {
                    "version": "1.5.0"
                },
                "event": {
                    "action": "File created (rule: FileCreate)",
                    "category": [
                        "file"
                    ],
                    "code": 11,
                    "created": "2022-09-27T12:27:28.382Z",
                    "kind": "event",
                    "module": "sysmon",
                    "provider": "Microsoft-Windows-Sysmon",
                    "type": [
                        "creation"
                    ]
                },
                "file": {
                    "directory": "C:\\Users\\setup\\AppData\\Local\\Microsoft\\OneDrive\\19.043.0304.0013",
                    "extension": "dll",
                    "name": "api-ms-win-crt-convert-l1-1-0.dll",
                    "path": "C:\\Users\\setup\\AppData\\Local\\Microsoft\\OneDrive\\19.043.0304.0013\\api-ms-win-crt-convert-l1-1-0.dll"
                },
                "host": {
                    "name": "CLIENT1"
                },
                "log": {
                    "level": "information"
                },
                "message": "File created:\nRuleName: DLL\nUtcTime: 2022-09-27 12:24:57.838\nProcessGuid: {0e37ca90-eb99-6332-6600-000000000400}\nProcessId: 4452\nImage: C:\\Windows\\SysWOW64\\OneDriveSetup.exe\nTargetFilename: C:\\Users\\setup\\AppData\\Local\\Microsoft\\OneDrive\\19.043.0304.0013\\api-ms-win-crt-convert-l1-1-0.dll\nCreationUtcTime: 2022-09-27 12:24:57.838\nUser: CLIENT1\\setup",
                "process": {
                    "entity_id": "{0e37ca90-eb99-6332-6600-000000000400}",
                    "executable": "C:\\Windows\\SysWOW64\\OneDriveSetup.exe",
                    "name": "OneDriveSetup.exe",
                    "pid": 4452
                },
                "rule": {
                    "name": "DLL"
                },
                "winlog": {
                    "api": "wineventlog",
                    "channel": "Microsoft-Windows-Sysmon/Operational",
                    "computer_name": "CLIENT1",
                    "event_data": {
                        "CreationUtcTime": "2022-09-27 12:24:57.838",
                        "User": "CLIENT1\\setup"
                    },
                    "event_id": 11,
                    "opcode": "Info",
                    "process": {
                        "pid": 2080,
                        "thread": {
                            "id": 3584
                        }
                    },
                    "provider_guid": "{5770385f-c22a-43e0-bf4c-06f5698ffbd9}",
                    "provider_name": "Microsoft-Windows-Sysmon",
                    "record_id": 952,
                    "task": "File created (rule: FileCreate)",
                    "user": {
                        "domain": "NT AUTHORITY",
                        "identifier": "S-1-5-18",
                        "name": "SYSTEM",
                        "type": "User"
                    },
                    "version": 2
                }
            }
        },
        "name": "Rename Common File to DLL File",
        "timestamp": "2022-09-27T12:24:57.838+00:00",
        "authors": [
            "frack113"
        ],
        "level": "medium",
        "source": "sigma",
        "status": "experimental",
        "falsepositives": [
            "Application installation"
        ],
        "id": "bbfd974c-248e-4435-8de6-1e938c79c5c1",
        "logsource": {
            "category": "file_rename",
            "product": "windows"
        },
        "references": [
            "https://twitter.com/ffforward/status/1481672378639912960",
            "https://github.com/redcanaryco/atomic-red-team/blob/f339e7da7d05f6057fdfcdd3742bfcf365fee2a9/atomics/T1036/T1036.md#atomic-test-1---system-file-copied-to-unusual-location"
        ]
    },
    {
        "group": "Sigma",
        "kind": "individual",
        "document": {
            "kind": "jsonl",
            "data": {
                "@timestamp": "2022-09-27T12:24:57.838Z",
                "agent": {
                    "ephemeral_id": "f3e67ec5-847a-448b-8ec4-bac040a44990",
                    "hostname": "CLIENT1",
                    "id": "cd699c72-0f46-4cd9-938a-43faf035a44a",
                    "name": "CLIENT1",
                    "type": "winlogbeat",
                    "version": "7.10.2"
                },
                "ecs": {
                    "version": "1.5.0"
                },
                "event": {
                    "action": "File created (rule: FileCreate)",
                    "category": [
                        "file"
                    ],
                    "code": 11,
                    "created": "2022-09-27T12:27:28.383Z",
                    "kind": "event",
                    "module": "sysmon",
                    "provider": "Microsoft-Windows-Sysmon",
                    "type": [
                        "creation"
                    ]
                },
                "file": {
                    "directory": "C:\\Users\\setup\\AppData\\Local\\Microsoft\\OneDrive\\19.043.0304.0013",
                    "extension": "dll",
                    "name": "api-ms-win-crt-filesystem-l1-1-0.dll",
                    "path": "C:\\Users\\setup\\AppData\\Local\\Microsoft\\OneDrive\\19.043.0304.0013\\api-ms-win-crt-filesystem-l1-1-0.dll"
                },
                "host": {
                    "name": "CLIENT1"
                },
                "log": {
                    "level": "information"
                },
                "message": "File created:\nRuleName: DLL\nUtcTime: 2022-09-27 12:24:57.838\nProcessGuid: {0e37ca90-eb99-6332-6600-000000000400}\nProcessId: 4452\nImage: C:\\Windows\\SysWOW64\\OneDriveSetup.exe\nTargetFilename: C:\\Users\\setup\\AppData\\Local\\Microsoft\\OneDrive\\19.043.0304.0013\\api-ms-win-crt-filesystem-l1-1-0.dll\nCreationUtcTime: 2022-09-27 12:24:57.838\nUser: CLIENT1\\setup",
                "process": {
                    "entity_id": "{0e37ca90-eb99-6332-6600-000000000400}",
                    "executable": "C:\\Windows\\SysWOW64\\OneDriveSetup.exe",
                    "name": "OneDriveSetup.exe",
                    "pid": 4452
                },
                "rule": {
                    "name": "DLL"
                },
                "winlog": {
                    "api": "wineventlog",
                    "channel": "Microsoft-Windows-Sysmon/Operational",
                    "computer_name": "CLIENT1",
                    "event_data": {
                        "CreationUtcTime": "2022-09-27 12:24:57.838",
                        "User": "CLIENT1\\setup"
                    },
                    "event_id": 11,
                    "opcode": "Info",
                    "process": {
                        "pid": 2080,
                        "thread": {
                            "id": 3584
                        }
                    },
                    "provider_guid": "{5770385f-c22a-43e0-bf4c-06f5698ffbd9}",
                    "provider_name": "Microsoft-Windows-Sysmon",
                    "record_id": 954,
                    "task": "File created (rule: FileCreate)",
                    "user": {
                        "domain": "NT AUTHORITY",
                        "identifier": "S-1-5-18",
                        "name": "SYSTEM",
                        "type": "User"
                    },
                    "version": 2
                }
            }
        },
        "name": "Rename Common File to DLL File",
        "timestamp": "2022-09-27T12:24:57.838+00:00",
        "authors": [
            "frack113"
        ],
        "level": "medium",
        "source": "sigma",
        "status": "experimental",
        "falsepositives": [
            "Application installation"
        ],
        "id": "bbfd974c-248e-4435-8de6-1e938c79c5c1",
        "logsource": {
            "category": "file_rename",
            "product": "windows"
        },
        "references": [
            "https://twitter.com/ffforward/status/1481672378639912960",
            "https://github.com/redcanaryco/atomic-red-team/blob/f339e7da7d05f6057fdfcdd3742bfcf365fee2a9/atomics/T1036/T1036.md#atomic-test-1---system-file-copied-to-unusual-location"
        ]
    },
