    {
        "group": "Sigma",
        "kind": "individual",
        "document": {
            "kind": "jsonl",
            "data": {
                "@timestamp": "2022-09-27T12:26:19.614Z",
                "agent": {
                    "ephemeral_id": "f3e67ec5-847a-448b-8ec4-bac040a44990",
                    "hostname": "CLIENT1",
                    "id": "cd699c72-0f46-4cd9-938a-43faf035a44a",
                    "name": "CLIENT1",
                    "type": "winlogbeat",
                    "version": "7.10.2"
                },
                "ecs": {
                    "version": "1.5.0"
                },
                "event": {
                    "action": "File created (rule: FileCreate)",
                    "category": [
                        "file"
                    ],
                    "code": 11,
                    "created": "2022-09-27T12:27:28.923Z",
                    "kind": "event",
                    "module": "sysmon",
                    "provider": "Microsoft-Windows-Sysmon",
                    "type": [
                        "creation"
                    ]
                },
                "file": {
                    "directory": "C:\\Users\\client1\\AppData\\Local\\Microsoft\\OneDrive\\19.043.0304.0013",
                    "extension": "dll",
                    "name": "api-ms-win-core-libraryloader-l1-1-0.dll",
                    "path": "C:\\Users\\client1\\AppData\\Local\\Microsoft\\OneDrive\\19.043.0304.0013\\api-ms-win-core-libraryloader-l1-1-0.dll"
                },
                "host": {
                    "name": "CLIENT1.breach.local"
                },
                "log": {
                    "level": "information"
                },
                "message": "File created:\nRuleName: DLL\nUtcTime: 2022-09-27 12:26:19.614\nProcessGuid: {0e37ca90-ebe9-6332-9400-000000000500}\nProcessId: 6068\nImage: C:\\Windows\\SysWOW64\\OneDriveSetup.exe\nTargetFilename: C:\\Users\\client1\\AppData\\Local\\Microsoft\\OneDrive\\19.043.0304.0013\\api-ms-win-core-libraryloader-l1-1-0.dll\nCreationUtcTime: 2022-09-27 12:26:19.614\nUser: BREACH\\client1",
                "process": {
                    "entity_id": "{0e37ca90-ebe9-6332-9400-000000000500}",
                    "executable": "C:\\Windows\\SysWOW64\\OneDriveSetup.exe",
                    "name": "OneDriveSetup.exe",
                    "pid": 6068
                },
                "rule": {
                    "name": "DLL"
                },
                "winlog": {
                    "api": "wineventlog",
                    "channel": "Microsoft-Windows-Sysmon/Operational",
                    "computer_name": "CLIENT1.breach.local",
                    "event_data": {
                        "CreationUtcTime": "2022-09-27 12:26:19.614",
                        "User": "BREACH\\client1"
                    },
                    "event_id": 11,
                    "opcode": "Info",
                    "process": {
                        "pid": 2076,
                        "thread": {
                            "id": 2556
                        }
                    },
                    "provider_guid": "{5770385f-c22a-43e0-bf4c-06f5698ffbd9}",
                    "provider_name": "Microsoft-Windows-Sysmon",
                    "record_id": 1449,
                    "task": "File created (rule: FileCreate)",
                    "user": {
                        "domain": "NT AUTHORITY",
                        "identifier": "S-1-5-18",
                        "name": "SYSTEM",
                        "type": "User"
                    },
                    "version": 2
                }
            }
        },
        "name": "Rename Common File to DLL File",
        "timestamp": "2022-09-27T12:26:19.614+00:00",
        "authors": [
            "frack113"
        ],
        "level": "medium",
        "source": "sigma",
        "status": "experimental",
        "falsepositives": [
            "Application installation"
        ],
        "id": "bbfd974c-248e-4435-8de6-1e938c79c5c1",
        "logsource": {
            "category": "file_rename",
            "product": "windows"
        },
        "references": [
            "https://twitter.com/ffforward/status/1481672378639912960",
            "https://github.com/redcanaryco/atomic-red-team/blob/f339e7da7d05f6057fdfcdd3742bfcf365fee2a9/atomics/T1036/T1036.md#atomic-test-1---system-file-copied-to-unusual-location"
        ]
    },
    {
        "group": "Sigma",
        "kind": "individual",
        "document": {
            "kind": "jsonl",
            "data": {
                "@timestamp": "2022-09-27T12:26:19.632Z",
                "agent": {
                    "ephemeral_id": "f3e67ec5-847a-448b-8ec4-bac040a44990",
                    "hostname": "CLIENT1",
                    "id": "cd699c72-0f46-4cd9-938a-43faf035a44a",
                    "name": "CLIENT1",
                    "type": "winlogbeat",
                    "version": "7.10.2"
                },
                "ecs": {
                    "version": "1.5.0"
                },
                "event": {
                    "action": "File created (rule: FileCreate)",
                    "category": [
                        "file"
                    ],
                    "code": 11,
                    "created": "2022-09-27T12:27:28.923Z",
                    "kind": "event",
                    "module": "sysmon",
                    "provider": "Microsoft-Windows-Sysmon",
                    "type": [
                        "creation"
                    ]
                },
                "file": {
                    "directory": "C:\\Users\\client1\\AppData\\Local\\Microsoft\\OneDrive\\19.043.0304.0013",
                    "extension": "dll",
                    "name": "api-ms-win-core-localization-l1-2-0.dll",
                    "path": "C:\\Users\\client1\\AppData\\Local\\Microsoft\\OneDrive\\19.043.0304.0013\\api-ms-win-core-localization-l1-2-0.dll"
                },
                "host": {
                    "name": "CLIENT1.breach.local"
                },
                "log": {
                    "level": "information"
                },
                "message": "File created:\nRuleName: DLL\nUtcTime: 2022-09-27 12:26:19.632\nProcessGuid: {0e37ca90-ebe9-6332-9400-000000000500}\nProcessId: 6068\nImage: C:\\Windows\\SysWOW64\\OneDriveSetup.exe\nTargetFilename: C:\\Users\\client1\\AppData\\Local\\Microsoft\\OneDrive\\19.043.0304.0013\\api-ms-win-core-localization-l1-2-0.dll\nCreationUtcTime: 2022-09-27 12:26:19.632\nUser: BREACH\\client1",
                "process": {
                    "entity_id": "{0e37ca90-ebe9-6332-9400-000000000500}",
                    "executable": "C:\\Windows\\SysWOW64\\OneDriveSetup.exe",
                    "name": "OneDriveSetup.exe",
                    "pid": 6068
                },
                "rule": {
                    "name": "DLL"
                },
                "winlog": {
                    "api": "wineventlog",
                    "channel": "Microsoft-Windows-Sysmon/Operational",
                    "computer_name": "CLIENT1.breach.local",
                    "event_data": {
                        "CreationUtcTime": "2022-09-27 12:26:19.632",
                        "User": "BREACH\\client1"
                    },
                    "event_id": 11,
                    "opcode": "Info",
                    "process": {
                        "pid": 2076,
                        "thread": {
                            "id": 2556
                        }
                    },
                    "provider_guid": "{5770385f-c22a-43e0-bf4c-06f5698ffbd9}",
                    "provider_name": "Microsoft-Windows-Sysmon",
                    "record_id": 1450,
                    "task": "File created (rule: FileCreate)",
                    "user": {
                        "domain": "NT AUTHORITY",
                        "identifier": "S-1-5-18",
                        "name": "SYSTEM",
                        "type": "User"
                    },
                    "version": 2
                }
            }
        },
        "name": "Rename Common File to DLL File",
        "timestamp": "2022-09-27T12:26:19.632+00:00",
        "authors": [
            "frack113"
        ],
        "level": "medium",
        "source": "sigma",
        "status": "experimental",
        "falsepositives": [
            "Application installation"
        ],
        "id": "bbfd974c-248e-4435-8de6-1e938c79c5c1",
        "logsource": {
            "category": "file_rename",
            "product": "windows"
        },
        "references": [
            "https://twitter.com/ffforward/status/1481672378639912960",
            "https://github.com/redcanaryco/atomic-red-team/blob/f339e7da7d05f6057fdfcdd3742bfcf365fee2a9/atomics/T1036/T1036.md#atomic-test-1---system-file-copied-to-unusual-location"
        ]
    },
    {
        "group": "Sigma",
        "kind": "individual",
        "document": {
            "kind": "jsonl",
            "data": {
                "@timestamp": "2022-09-27T12:26:19.667Z",
                "agent": {
                    "ephemeral_id": "f3e67ec5-847a-448b-8ec4-bac040a44990",
                    "hostname": "CLIENT1",
                    "id": "cd699c72-0f46-4cd9-938a-43faf035a44a",
                    "name": "CLIENT1",
                    "type": "winlogbeat",
                    "version": "7.10.2"
                },
                "ecs": {
                    "version": "1.5.0"
                },
                "event": {
                    "action": "File created (rule: FileCreate)",
                    "category": [
                        "file"
                    ],
                    "code": 11,
                    "created": "2022-09-27T12:27:28.923Z",
                    "kind": "event",
                    "module": "sysmon",
                    "provider": "Microsoft-Windows-Sysmon",
                    "type": [
                        "creation"
                    ]
                },
                "file": {
                    "directory": "C:\\Users\\client1\\AppData\\Local\\Microsoft\\OneDrive\\19.043.0304.0013",
                    "extension": "dll",
                    "name": "api-ms-win-core-memory-l1-1-0.dll",
                    "path": "C:\\Users\\client1\\AppData\\Local\\Microsoft\\OneDrive\\19.043.0304.0013\\api-ms-win-core-memory-l1-1-0.dll"
                },
                "host": {
                    "name": "CLIENT1.breach.local"
                },
                "log": {
                    "level": "information"
                },
                "message": "File created:\nRuleName: DLL\nUtcTime: 2022-09-27 12:26:19.667\nProcessGuid: {0e37ca90-ebe9-6332-9400-000000000500}\nProcessId: 6068\nImage: C:\\Windows\\SysWOW64\\OneDriveSetup.exe\nTargetFilename: C:\\Users\\client1\\AppData\\Local\\Microsoft\\OneDrive\\19.043.0304.0013\\api-ms-win-core-memory-l1-1-0.dll\nCreationUtcTime: 2022-09-27 12:26:19.667\nUser: BREACH\\client1",
                "process": {
                    "entity_id": "{0e37ca90-ebe9-6332-9400-000000000500}",
                    "executable": "C:\\Windows\\SysWOW64\\OneDriveSetup.exe",
                    "name": "OneDriveSetup.exe",
                    "pid": 6068
                },
                "rule": {
                    "name": "DLL"
                },
                "winlog": {
                    "api": "wineventlog",
                    "channel": "Microsoft-Windows-Sysmon/Operational",
                    "computer_name": "CLIENT1.breach.local",
                    "event_data": {
                        "CreationUtcTime": "2022-09-27 12:26:19.667",
                        "User": "BREACH\\client1"
                    },
                    "event_id": 11,
                    "opcode": "Info",
                    "process": {
                        "pid": 2076,
                        "thread": {
                            "id": 2556
                        }
                    },
                    "provider_guid": "{5770385f-c22a-43e0-bf4c-06f5698ffbd9}",
                    "provider_name": "Microsoft-Windows-Sysmon",
                    "record_id": 1451,
                    "task": "File created (rule: FileCreate)",
                    "user": {
                        "domain": "NT AUTHORITY",
                        "identifier": "S-1-5-18",
                        "name": "SYSTEM",
                        "type": "User"
                    },
                    "version": 2
                }
            }
        },
        "name": "Rename Common File to DLL File",
        "timestamp": "2022-09-27T12:26:19.667+00:00",
        "authors": [
            "frack113"
        ],
        "level": "medium",
        "source": "sigma",
        "status": "experimental",
        "falsepositives": [
            "Application installation"
        ],
        "id": "bbfd974c-248e-4435-8de6-1e938c79c5c1",
        "logsource": {
            "category": "file_rename",
            "product": "windows"
        },
        "references": [
            "https://twitter.com/ffforward/status/1481672378639912960",
            "https://github.com/redcanaryco/atomic-red-team/blob/f339e7da7d05f6057fdfcdd3742bfcf365fee2a9/atomics/T1036/T1036.md#atomic-test-1---system-file-copied-to-unusual-location"
        ]
    },
    {
        "group": "Sigma",
        "kind": "individual",
        "document": {
            "kind": "jsonl",
            "data": {
                "@timestamp": "2022-09-27T12:26:19.682Z",
                "agent": {
                    "ephemeral_id": "f3e67ec5-847a-448b-8ec4-bac040a44990",
                    "hostname": "CLIENT1",
                    "id": "cd699c72-0f46-4cd9-938a-43faf035a44a",
                    "name": "CLIENT1",
                    "type": "winlogbeat",
                    "version": "7.10.2"
                },
                "ecs": {
                    "version": "1.5.0"
                },
                "event": {
                    "action": "File created (rule: FileCreate)",
                    "category": [
                        "file"
                    ],
                    "code": 11,
                    "created": "2022-09-27T12:27:28.923Z",
                    "kind": "event",
                    "module": "sysmon",
                    "provider": "Microsoft-Windows-Sysmon",
                    "type": [
                        "creation"
                    ]
                },
                "file": {
                    "directory": "C:\\Users\\client1\\AppData\\Local\\Microsoft\\OneDrive\\19.043.0304.0013",
                    "extension": "dll",
                    "name": "api-ms-win-core-namedpipe-l1-1-0.dll",
                    "path": "C:\\Users\\client1\\AppData\\Local\\Microsoft\\OneDrive\\19.043.0304.0013\\api-ms-win-core-namedpipe-l1-1-0.dll"
                },
                "host": {
                    "name": "CLIENT1.breach.local"
                },
                "log": {
                    "level": "information"
                },
                "message": "File created:\nRuleName: DLL\nUtcTime: 2022-09-27 12:26:19.682\nProcessGuid: {0e37ca90-ebe9-6332-9400-000000000500}\nProcessId: 6068\nImage: C:\\Windows\\SysWOW64\\OneDriveSetup.exe\nTargetFilename: C:\\Users\\client1\\AppData\\Local\\Microsoft\\OneDrive\\19.043.0304.0013\\api-ms-win-core-namedpipe-l1-1-0.dll\nCreationUtcTime: 2022-09-27 12:26:19.682\nUser: BREACH\\client1",
                "process": {
                    "entity_id": "{0e37ca90-ebe9-6332-9400-000000000500}",
                    "executable": "C:\\Windows\\SysWOW64\\OneDriveSetup.exe",
                    "name": "OneDriveSetup.exe",
                    "pid": 6068
                },
                "rule": {
                    "name": "DLL"
                },
                "winlog": {
                    "api": "wineventlog",
                    "channel": "Microsoft-Windows-Sysmon/Operational",
                    "computer_name": "CLIENT1.breach.local",
                    "event_data": {
                        "CreationUtcTime": "2022-09-27 12:26:19.682",
                        "User": "BREACH\\client1"
                    },
                    "event_id": 11,
                    "opcode": "Info",
                    "process": {
                        "pid": 2076,
                        "thread": {
                            "id": 2556
                        }
                    },
                    "provider_guid": "{5770385f-c22a-43e0-bf4c-06f5698ffbd9}",
                    "provider_name": "Microsoft-Windows-Sysmon",
                    "record_id": 1452,
                    "task": "File created (rule: FileCreate)",
                    "user": {
                        "domain": "NT AUTHORITY",
                        "identifier": "S-1-5-18",
                        "name": "SYSTEM",
                        "type": "User"
                    },
                    "version": 2
                }
            }
        },
        "name": "Rename Common File to DLL File",
        "timestamp": "2022-09-27T12:26:19.682+00:00",
        "authors": [
            "frack113"
        ],
        "level": "medium",
        "source": "sigma",
        "status": "experimental",
        "falsepositives": [
            "Application installation"
        ],
        "id": "bbfd974c-248e-4435-8de6-1e938c79c5c1",
        "logsource": {
            "category": "file_rename",
            "product": "windows"
        },
        "references": [
            "https://twitter.com/ffforward/status/1481672378639912960",
            "https://github.com/redcanaryco/atomic-red-team/blob/f339e7da7d05f6057fdfcdd3742bfcf365fee2a9/atomics/T1036/T1036.md#atomic-test-1---system-file-copied-to-unusual-location"
        ]
    },
    {
        "group": "Sigma",
        "kind": "individual",
        "document": {
            "kind": "jsonl",
            "data": {
                "@timestamp": "2022-09-27T12:26:19.698Z",
                "agent": {
                    "ephemeral_id": "f3e67ec5-847a-448b-8ec4-bac040a44990",
                    "hostname": "CLIENT1",
                    "id": "cd699c72-0f46-4cd9-938a-43faf035a44a",
                    "name": "CLIENT1",
                    "type": "winlogbeat",
                    "version": "7.10.2"
                },
                "ecs": {
                    "version": "1.5.0"
                },
                "event": {
                    "action": "File created (rule: FileCreate)",
                    "category": [
                        "file"
                    ],
                    "code": 11,
                    "created": "2022-09-27T12:27:28.923Z",
                    "kind": "event",
                    "module": "sysmon",
                    "provider": "Microsoft-Windows-Sysmon",
                    "type": [
                        "creation"
                    ]
                },
                "file": {
                    "directory": "C:\\Users\\client1\\AppData\\Local\\Microsoft\\OneDrive\\19.043.0304.0013",
                    "extension": "dll",
                    "name": "api-ms-win-core-processenvironment-l1-1-0.dll",
                    "path": "C:\\Users\\client1\\AppData\\Local\\Microsoft\\OneDrive\\19.043.0304.0013\\api-ms-win-core-processenvironment-l1-1-0.dll"
                },
                "host": {
                    "name": "CLIENT1.breach.local"
                },
                "log": {
                    "level": "information"
                },
                "message": "File created:\nRuleName: DLL\nUtcTime: 2022-09-27 12:26:19.698\nProcessGuid: {0e37ca90-ebe9-6332-9400-000000000500}\nProcessId: 6068\nImage: C:\\Windows\\SysWOW64\\OneDriveSetup.exe\nTargetFilename: C:\\Users\\client1\\AppData\\Local\\Microsoft\\OneDrive\\19.043.0304.0013\\api-ms-win-core-processenvironment-l1-1-0.dll\nCreationUtcTime: 2022-09-27 12:26:19.698\nUser: BREACH\\client1",
                "process": {
                    "entity_id": "{0e37ca90-ebe9-6332-9400-000000000500}",
                    "executable": "C:\\Windows\\SysWOW64\\OneDriveSetup.exe",
                    "name": "OneDriveSetup.exe",
                    "pid": 6068
                },
                "rule": {
                    "name": "DLL"
                },
                "winlog": {
                    "api": "wineventlog",
                    "channel": "Microsoft-Windows-Sysmon/Operational",
                    "computer_name": "CLIENT1.breach.local",
                    "event_data": {
                        "CreationUtcTime": "2022-09-27 12:26:19.698",
                        "User": "BREACH\\client1"
                    },
                    "event_id": 11,
                    "opcode": "Info",
                    "process": {
                        "pid": 2076,
                        "thread": {
                            "id": 2556
                        }
                    },
                    "provider_guid": "{5770385f-c22a-43e0-bf4c-06f5698ffbd9}",
                    "provider_name": "Microsoft-Windows-Sysmon",
                    "record_id": 1453,
                    "task": "File created (rule: FileCreate)",
                    "user": {
                        "domain": "NT AUTHORITY",
                        "identifier": "S-1-5-18",
                        "name": "SYSTEM",
                        "type": "User"
                    },
                    "version": 2
                }
            }
        },
        "name": "Rename Common File to DLL File",
        "timestamp": "2022-09-27T12:26:19.698+00:00",
        "authors": [
            "frack113"
        ],
        "level": "medium",
        "source": "sigma",
        "status": "experimental",
        "falsepositives": [
            "Application installation"
        ],
        "id": "bbfd974c-248e-4435-8de6-1e938c79c5c1",
        "logsource": {
            "category": "file_rename",
            "product": "windows"
        },
        "references": [
            "https://twitter.com/ffforward/status/1481672378639912960",
            "https://github.com/redcanaryco/atomic-red-team/blob/f339e7da7d05f6057fdfcdd3742bfcf365fee2a9/atomics/T1036/T1036.md#atomic-test-1---system-file-copied-to-unusual-location"
        ]
    },
    {
        "group": "Sigma",
        "kind": "individual",
        "document": {
            "kind": "jsonl",
            "data": {
                "@timestamp": "2022-09-27T12:26:19.698Z",
                "agent": {
                    "ephemeral_id": "f3e67ec5-847a-448b-8ec4-bac040a44990",
                    "hostname": "CLIENT1",
                    "id": "cd699c72-0f46-4cd9-938a-43faf035a44a",
                    "name": "CLIENT1",
                    "type": "winlogbeat",
                    "version": "7.10.2"
                },
                "ecs": {
                    "version": "1.5.0"
                },
                "event": {
                    "action": "File created (rule: FileCreate)",
                    "category": [
                        "file"
                    ],
                    "code": 11,
                    "created": "2022-09-27T12:27:28.923Z",
                    "kind": "event",
                    "module": "sysmon",
                    "provider": "Microsoft-Windows-Sysmon",
                    "type": [
                        "creation"
                    ]
                },
                "file": {
                    "directory": "C:\\Users\\client1\\AppData\\Local\\Microsoft\\OneDrive\\19.043.0304.0013",
                    "extension": "dll",
                    "name": "api-ms-win-core-processthreads-l1-1-1.dll",
                    "path": "C:\\Users\\client1\\AppData\\Local\\Microsoft\\OneDrive\\19.043.0304.0013\\api-ms-win-core-processthreads-l1-1-1.dll"
                },
                "host": {
                    "name": "CLIENT1.breach.local"
                },
                "log": {
                    "level": "information"
                },
                "message": "File created:\nRuleName: DLL\nUtcTime: 2022-09-27 12:26:19.698\nProcessGuid: {0e37ca90-ebe9-6332-9400-000000000500}\nProcessId: 6068\nImage: C:\\Windows\\SysWOW64\\OneDriveSetup.exe\nTargetFilename: C:\\Users\\client1\\AppData\\Local\\Microsoft\\OneDrive\\19.043.0304.0013\\api-ms-win-core-processthreads-l1-1-1.dll\nCreationUtcTime: 2022-09-27 12:26:19.698\nUser: BREACH\\client1",
                "process": {
                    "entity_id": "{0e37ca90-ebe9-6332-9400-000000000500}",
                    "executable": "C:\\Windows\\SysWOW64\\OneDriveSetup.exe",
                    "name": "OneDriveSetup.exe",
                    "pid": 6068
                },
                "rule": {
                    "name": "DLL"
                },
                "winlog": {
                    "api": "wineventlog",
                    "channel": "Microsoft-Windows-Sysmon/Operational",
                    "computer_name": "CLIENT1.breach.local",
                    "event_data": {
                        "CreationUtcTime": "2022-09-27 12:26:19.698",
                        "User": "BREACH\\client1"
                    },
                    "event_id": 11,
                    "opcode": "Info",
                    "process": {
                        "pid": 2076,
                        "thread": {
                            "id": 2556
                        }
                    },
                    "provider_guid": "{5770385f-c22a-43e0-bf4c-06f5698ffbd9}",
                    "provider_name": "Microsoft-Windows-Sysmon",
                    "record_id": 1455,
                    "task": "File created (rule: FileCreate)",
                    "user": {
                        "domain": "NT AUTHORITY",
                        "identifier": "S-1-5-18",
                        "name": "SYSTEM",
                        "type": "User"
                    },
                    "version": 2
                }
            }
        },
        "name": "Rename Common File to DLL File",
        "timestamp": "2022-09-27T12:26:19.698+00:00",
        "authors": [
            "frack113"
        ],
        "level": "medium",
        "source": "sigma",
        "status": "experimental",
        "falsepositives": [
            "Application installation"
        ],
        "id": "bbfd974c-248e-4435-8de6-1e938c79c5c1",
        "logsource": {
            "category": "file_rename",
            "product": "windows"
        },
        "references": [
            "https://twitter.com/ffforward/status/1481672378639912960",
            "https://github.com/redcanaryco/atomic-red-team/blob/f339e7da7d05f6057fdfcdd3742bfcf365fee2a9/atomics/T1036/T1036.md#atomic-test-1---system-file-copied-to-unusual-location"
        ]
    },
    {
        "group": "Sigma",
        "kind": "individual",
        "document": {
            "kind": "jsonl",
            "data": {
                "@timestamp": "2022-09-27T12:26:19.698Z",
                "agent": {
                    "ephemeral_id": "f3e67ec5-847a-448b-8ec4-bac040a44990",
                    "hostname": "CLIENT1",
                    "id": "cd699c72-0f46-4cd9-938a-43faf035a44a",
                    "name": "CLIENT1",
                    "type": "winlogbeat",
                    "version": "7.10.2"
                },
                "ecs": {
                    "version": "1.5.0"
                },
                "event": {
                    "action": "File created (rule: FileCreate)",
                    "category": [
                        "file"
                    ],
                    "code": 11,
                    "created": "2022-09-27T12:27:28.923Z",
                    "kind": "event",
                    "module": "sysmon",
                    "provider": "Microsoft-Windows-Sysmon",
                    "type": [
                        "creation"
                    ]
                },
                "file": {
                    "directory": "C:\\Users\\client1\\AppData\\Local\\Microsoft\\OneDrive\\19.043.0304.0013",
                    "extension": "dll",
                    "name": "api-ms-win-core-processthreads-l1-1-0.dll",
                    "path": "C:\\Users\\client1\\AppData\\Local\\Microsoft\\OneDrive\\19.043.0304.0013\\api-ms-win-core-processthreads-l1-1-0.dll"
                },
                "host": {
                    "name": "CLIENT1.breach.local"
                },
                "log": {
                    "level": "information"
                },
                "message": "File created:\nRuleName: DLL\nUtcTime: 2022-09-27 12:26:19.698\nProcessGuid: {0e37ca90-ebe9-6332-9400-000000000500}\nProcessId: 6068\nImage: C:\\Windows\\SysWOW64\\OneDriveSetup.exe\nTargetFilename: C:\\Users\\client1\\AppData\\Local\\Microsoft\\OneDrive\\19.043.0304.0013\\api-ms-win-core-processthreads-l1-1-0.dll\nCreationUtcTime: 2022-09-27 12:26:19.698\nUser: BREACH\\client1",
                "process": {
                    "entity_id": "{0e37ca90-ebe9-6332-9400-000000000500}",
                    "executable": "C:\\Windows\\SysWOW64\\OneDriveSetup.exe",
                    "name": "OneDriveSetup.exe",
                    "pid": 6068
                },
                "rule": {
                    "name": "DLL"
                },
                "winlog": {
                    "api": "wineventlog",
                    "channel": "Microsoft-Windows-Sysmon/Operational",
                    "computer_name": "CLIENT1.breach.local",
                    "event_data": {
                        "CreationUtcTime": "2022-09-27 12:26:19.698",
                        "User": "BREACH\\client1"
                    },
                    "event_id": 11,
                    "opcode": "Info",
                    "process": {
                        "pid": 2076,
                        "thread": {
                            "id": 2556
                        }
                    },
                    "provider_guid": "{5770385f-c22a-43e0-bf4c-06f5698ffbd9}",
                    "provider_name": "Microsoft-Windows-Sysmon",
                    "record_id": 1454,
                    "task": "File created (rule: FileCreate)",
                    "user": {
                        "domain": "NT AUTHORITY",
                        "identifier": "S-1-5-18",
                        "name": "SYSTEM",
                        "type": "User"
                    },
                    "version": 2
                }
            }
        },
        "name": "Rename Common File to DLL File",
        "timestamp": "2022-09-27T12:26:19.698+00:00",
        "authors": [
            "frack113"
        ],
        "level": "medium",
        "source": "sigma",
        "status": "experimental",
        "falsepositives": [
            "Application installation"
        ],
        "id": "bbfd974c-248e-4435-8de6-1e938c79c5c1",
        "logsource": {
            "category": "file_rename",
            "product": "windows"
        },
        "references": [
            "https://twitter.com/ffforward/status/1481672378639912960",
            "https://github.com/redcanaryco/atomic-red-team/blob/f339e7da7d05f6057fdfcdd3742bfcf365fee2a9/atomics/T1036/T1036.md#atomic-test-1---system-file-copied-to-unusual-location"
        ]
    },
    {
        "group": "Sigma",
        "kind": "individual",
        "document": {
            "kind": "jsonl",
            "data": {
                "@timestamp": "2022-09-27T12:26:19.714Z",
                "agent": {
                    "ephemeral_id": "f3e67ec5-847a-448b-8ec4-bac040a44990",
                    "hostname": "CLIENT1",
                    "id": "cd699c72-0f46-4cd9-938a-43faf035a44a",
                    "name": "CLIENT1",
                    "type": "winlogbeat",
                    "version": "7.10.2"
                },
                "ecs": {
                    "version": "1.5.0"
                },
                "event": {
                    "action": "File created (rule: FileCreate)",
                    "category": [
                        "file"
                    ],
                    "code": 11,
                    "created": "2022-09-27T12:27:28.923Z",
                    "kind": "event",
                    "module": "sysmon",
                    "provider": "Microsoft-Windows-Sysmon",
                    "type": [
                        "creation"
                    ]
                },
                "file": {
                    "directory": "C:\\Users\\client1\\AppData\\Local\\Microsoft\\OneDrive\\19.043.0304.0013",
                    "extension": "dll",
                    "name": "api-ms-win-core-profile-l1-1-0.dll",
                    "path": "C:\\Users\\client1\\AppData\\Local\\Microsoft\\OneDrive\\19.043.0304.0013\\api-ms-win-core-profile-l1-1-0.dll"
                },
                "host": {
                    "name": "CLIENT1.breach.local"
                },
                "log": {
                    "level": "information"
                },
                "message": "File created:\nRuleName: DLL\nUtcTime: 2022-09-27 12:26:19.714\nProcessGuid: {0e37ca90-ebe9-6332-9400-000000000500}\nProcessId: 6068\nImage: C:\\Windows\\SysWOW64\\OneDriveSetup.exe\nTargetFilename: C:\\Users\\client1\\AppData\\Local\\Microsoft\\OneDrive\\19.043.0304.0013\\api-ms-win-core-profile-l1-1-0.dll\nCreationUtcTime: 2022-09-27 12:26:19.714\nUser: BREACH\\client1",
                "process": {
                    "entity_id": "{0e37ca90-ebe9-6332-9400-000000000500}",
                    "executable": "C:\\Windows\\SysWOW64\\OneDriveSetup.exe",
                    "name": "OneDriveSetup.exe",
                    "pid": 6068
                },
                "rule": {
                    "name": "DLL"
                },
                "winlog": {
                    "api": "wineventlog",
                    "channel": "Microsoft-Windows-Sysmon/Operational",
                    "computer_name": "CLIENT1.breach.local",
                    "event_data": {
                        "CreationUtcTime": "2022-09-27 12:26:19.714",
                        "User": "BREACH\\client1"
                    },
                    "event_id": 11,
                    "opcode": "Info",
                    "process": {
                        "pid": 2076,
                        "thread": {
                            "id": 2556
                        }
                    },
                    "provider_guid": "{5770385f-c22a-43e0-bf4c-06f5698ffbd9}",
                    "provider_name": "Microsoft-Windows-Sysmon",
                    "record_id": 1456,
                    "task": "File created (rule: FileCreate)",
                    "user": {
                        "domain": "NT AUTHORITY",
                        "identifier": "S-1-5-18",
                        "name": "SYSTEM",
                        "type": "User"
                    },
                    "version": 2
                }
            }
        },
        "name": "Rename Common File to DLL File",
        "timestamp": "2022-09-27T12:26:19.714+00:00",
        "authors": [
            "frack113"
        ],
        "level": "medium",
        "source": "sigma",
        "status": "experimental",
        "falsepositives": [
            "Application installation"
        ],
        "id": "bbfd974c-248e-4435-8de6-1e938c79c5c1",
        "logsource": {
            "category": "file_rename",
            "product": "windows"
        },
        "references": [
            "https://twitter.com/ffforward/status/1481672378639912960",
            "https://github.com/redcanaryco/atomic-red-team/blob/f339e7da7d05f6057fdfcdd3742bfcf365fee2a9/atomics/T1036/T1036.md#atomic-test-1---system-file-copied-to-unusual-location"
        ]
    },
    {
        "group": "Sigma",
        "kind": "individual",
        "document": {
            "kind": "jsonl",
            "data": {
                "@timestamp": "2022-09-27T12:26:19.714Z",
                "agent": {
                    "ephemeral_id": "f3e67ec5-847a-448b-8ec4-bac040a44990",
                    "hostname": "CLIENT1",
                    "id": "cd699c72-0f46-4cd9-938a-43faf035a44a",
                    "name": "CLIENT1",
                    "type": "winlogbeat",
                    "version": "7.10.2"
                },
                "ecs": {
                    "version": "1.5.0"
                },
                "event": {
                    "action": "File created (rule: FileCreate)",
                    "category": [
                        "file"
                    ],
                    "code": 11,
                    "created": "2022-09-27T12:27:28.923Z",
                    "kind": "event",
                    "module": "sysmon",
                    "provider": "Microsoft-Windows-Sysmon",
                    "type": [
                        "creation"
                    ]
                },
                "file": {
                    "directory": "C:\\Users\\client1\\AppData\\Local\\Microsoft\\OneDrive\\19.043.0304.0013",
                    "extension": "dll",
                    "name": "api-ms-win-core-rtlsupport-l1-1-0.dll",
                    "path": "C:\\Users\\client1\\AppData\\Local\\Microsoft\\OneDrive\\19.043.0304.0013\\api-ms-win-core-rtlsupport-l1-1-0.dll"
                },
                "host": {
                    "name": "CLIENT1.breach.local"
                },
                "log": {
                    "level": "information"
                },
                "message": "File created:\nRuleName: DLL\nUtcTime: 2022-09-27 12:26:19.714\nProcessGuid: {0e37ca90-ebe9-6332-9400-000000000500}\nProcessId: 6068\nImage: C:\\Windows\\SysWOW64\\OneDriveSetup.exe\nTargetFilename: C:\\Users\\client1\\AppData\\Local\\Microsoft\\OneDrive\\19.043.0304.0013\\api-ms-win-core-rtlsupport-l1-1-0.dll\nCreationUtcTime: 2022-09-27 12:26:19.714\nUser: BREACH\\client1",
                "process": {
                    "entity_id": "{0e37ca90-ebe9-6332-9400-000000000500}",
                    "executable": "C:\\Windows\\SysWOW64\\OneDriveSetup.exe",
                    "name": "OneDriveSetup.exe",
                    "pid": 6068
                },
                "rule": {
                    "name": "DLL"
                },
                "winlog": {
                    "api": "wineventlog",
                    "channel": "Microsoft-Windows-Sysmon/Operational",
                    "computer_name": "CLIENT1.breach.local",
                    "event_data": {
                        "CreationUtcTime": "2022-09-27 12:26:19.714",
                        "User": "BREACH\\client1"
                    },
                    "event_id": 11,
                    "opcode": "Info",
                    "process": {
                        "pid": 2076,
                        "thread": {
                            "id": 2556
                        }
                    },
                    "provider_guid": "{5770385f-c22a-43e0-bf4c-06f5698ffbd9}",
                    "provider_name": "Microsoft-Windows-Sysmon",
                    "record_id": 1457,
                    "task": "File created (rule: FileCreate)",
                    "user": {
                        "domain": "NT AUTHORITY",
                        "identifier": "S-1-5-18",
                        "name": "SYSTEM",
                        "type": "User"
                    },
                    "version": 2
                }
            }
        },
        "name": "Rename Common File to DLL File",
        "timestamp": "2022-09-27T12:26:19.714+00:00",
        "authors": [
            "frack113"
        ],
        "level": "medium",
        "source": "sigma",
        "status": "experimental",
        "falsepositives": [
            "Application installation"
        ],
        "id": "bbfd974c-248e-4435-8de6-1e938c79c5c1",
        "logsource": {
            "category": "file_rename",
            "product": "windows"
        },
        "references": [
            "https://twitter.com/ffforward/status/1481672378639912960",
            "https://github.com/redcanaryco/atomic-red-team/blob/f339e7da7d05f6057fdfcdd3742bfcf365fee2a9/atomics/T1036/T1036.md#atomic-test-1---system-file-copied-to-unusual-location"
        ]
    },
    {
        "group": "Sigma",
        "kind": "individual",
        "document": {
            "kind": "jsonl",
            "data": {
                "@timestamp": "2022-09-27T12:26:19.733Z",
                "agent": {
                    "ephemeral_id": "f3e67ec5-847a-448b-8ec4-bac040a44990",
                    "hostname": "CLIENT1",
                    "id": "cd699c72-0f46-4cd9-938a-43faf035a44a",
                    "name": "CLIENT1",
                    "type": "winlogbeat",
                    "version": "7.10.2"
                },
                "ecs": {
                    "version": "1.5.0"
                },
                "event": {
                    "action": "File created (rule: FileCreate)",
                    "category": [
                        "file"
                    ],
                    "code": 11,
                    "created": "2022-09-27T12:27:28.923Z",
                    "kind": "event",
                    "module": "sysmon",
                    "provider": "Microsoft-Windows-Sysmon",
                    "type": [
                        "creation"
                    ]
                },
                "file": {
                    "directory": "C:\\Users\\client1\\AppData\\Local\\Microsoft\\OneDrive\\19.043.0304.0013",
                    "extension": "dll",
                    "name": "api-ms-win-core-string-l1-1-0.dll",
                    "path": "C:\\Users\\client1\\AppData\\Local\\Microsoft\\OneDrive\\19.043.0304.0013\\api-ms-win-core-string-l1-1-0.dll"
                },
                "host": {
                    "name": "CLIENT1.breach.local"
                },
                "log": {
                    "level": "information"
                },
                "message": "File created:\nRuleName: DLL\nUtcTime: 2022-09-27 12:26:19.733\nProcessGuid: {0e37ca90-ebe9-6332-9400-000000000500}\nProcessId: 6068\nImage: C:\\Windows\\SysWOW64\\OneDriveSetup.exe\nTargetFilename: C:\\Users\\client1\\AppData\\Local\\Microsoft\\OneDrive\\19.043.0304.0013\\api-ms-win-core-string-l1-1-0.dll\nCreationUtcTime: 2022-09-27 12:26:19.733\nUser: BREACH\\client1",
                "process": {
                    "entity_id": "{0e37ca90-ebe9-6332-9400-000000000500}",
                    "executable": "C:\\Windows\\SysWOW64\\OneDriveSetup.exe",
                    "name": "OneDriveSetup.exe",
                    "pid": 6068
                },
                "rule": {
                    "name": "DLL"
                },
                "winlog": {
                    "api": "wineventlog",
                    "channel": "Microsoft-Windows-Sysmon/Operational",
                    "computer_name": "CLIENT1.breach.local",
                    "event_data": {
                        "CreationUtcTime": "2022-09-27 12:26:19.733",
                        "User": "BREACH\\client1"
                    },
                    "event_id": 11,
                    "opcode": "Info",
                    "process": {
                        "pid": 2076,
                        "thread": {
                            "id": 2556
                        }
                    },
                    "provider_guid": "{5770385f-c22a-43e0-bf4c-06f5698ffbd9}",
                    "provider_name": "Microsoft-Windows-Sysmon",
                    "record_id": 1458,
                    "task": "File created (rule: FileCreate)",
                    "user": {
                        "domain": "NT AUTHORITY",
                        "identifier": "S-1-5-18",
                        "name": "SYSTEM",
                        "type": "User"
                    },
                    "version": 2
                }
            }
        },
        "name": "Rename Common File to DLL File",
        "timestamp": "2022-09-27T12:26:19.733+00:00",
        "authors": [
            "frack113"
        ],
        "level": "medium",
        "source": "sigma",
        "status": "experimental",
        "falsepositives": [
            "Application installation"
        ],
        "id": "bbfd974c-248e-4435-8de6-1e938c79c5c1",
        "logsource": {
            "category": "file_rename",
            "product": "windows"
        },
        "references": [
            "https://twitter.com/ffforward/status/1481672378639912960",
            "https://github.com/redcanaryco/atomic-red-team/blob/f339e7da7d05f6057fdfcdd3742bfcf365fee2a9/atomics/T1036/T1036.md#atomic-test-1---system-file-copied-to-unusual-location"
        ]
    },
    {
        "group": "Sigma",
        "kind": "individual",
        "document": {
            "kind": "jsonl",
            "data": {
                "@timestamp": "2022-09-27T12:26:19.751Z",
                "agent": {
                    "ephemeral_id": "f3e67ec5-847a-448b-8ec4-bac040a44990",
                    "hostname": "CLIENT1",
                    "id": "cd699c72-0f46-4cd9-938a-43faf035a44a",
                    "name": "CLIENT1",
                    "type": "winlogbeat",
                    "version": "7.10.2"
                },
                "ecs": {
                    "version": "1.5.0"
                },
                "event": {
                    "action": "File created (rule: FileCreate)",
                    "category": [
                        "file"
                    ],
                    "code": 11,
                    "created": "2022-09-27T12:27:28.923Z",
                    "kind": "event",
                    "module": "sysmon",
                    "provider": "Microsoft-Windows-Sysmon",
                    "type": [
                        "creation"
                    ]
                },
                "file": {
                    "directory": "C:\\Users\\client1\\AppData\\Local\\Microsoft\\OneDrive\\19.043.0304.0013",
                    "extension": "dll",
                    "name": "api-ms-win-core-synch-l1-1-0.dll",
                    "path": "C:\\Users\\client1\\AppData\\Local\\Microsoft\\OneDrive\\19.043.0304.0013\\api-ms-win-core-synch-l1-1-0.dll"
                },
                "host": {
                    "name": "CLIENT1.breach.local"
                },
                "log": {
                    "level": "information"
                },
                "message": "File created:\nRuleName: DLL\nUtcTime: 2022-09-27 12:26:19.751\nProcessGuid: {0e37ca90-ebe9-6332-9400-000000000500}\nProcessId: 6068\nImage: C:\\Windows\\SysWOW64\\OneDriveSetup.exe\nTargetFilename: C:\\Users\\client1\\AppData\\Local\\Microsoft\\OneDrive\\19.043.0304.0013\\api-ms-win-core-synch-l1-1-0.dll\nCreationUtcTime: 2022-09-27 12:26:19.751\nUser: BREACH\\client1",
                "process": {
                    "entity_id": "{0e37ca90-ebe9-6332-9400-000000000500}",
                    "executable": "C:\\Windows\\SysWOW64\\OneDriveSetup.exe",
                    "name": "OneDriveSetup.exe",
                    "pid": 6068
                },
                "rule": {
                    "name": "DLL"
                },
                "winlog": {
                    "api": "wineventlog",
                    "channel": "Microsoft-Windows-Sysmon/Operational",
                    "computer_name": "CLIENT1.breach.local",
                    "event_data": {
                        "CreationUtcTime": "2022-09-27 12:26:19.751",
                        "User": "BREACH\\client1"
                    },
                    "event_id": 11,
                    "opcode": "Info",
                    "process": {
                        "pid": 2076,
                        "thread": {
                            "id": 2556
                        }
                    },
                    "provider_guid": "{5770385f-c22a-43e0-bf4c-06f5698ffbd9}",
                    "provider_name": "Microsoft-Windows-Sysmon",
                    "record_id": 1459,
                    "task": "File created (rule: FileCreate)",
                    "user": {
                        "domain": "NT AUTHORITY",
                        "identifier": "S-1-5-18",
                        "name": "SYSTEM",
                        "type": "User"
                    },
                    "version": 2
                }
            }
        },
        "name": "Rename Common File to DLL File",
        "timestamp": "2022-09-27T12:26:19.751+00:00",
        "authors": [
            "frack113"
        ],
        "level": "medium",
        "source": "sigma",
        "status": "experimental",
        "falsepositives": [
            "Application installation"
        ],
        "id": "bbfd974c-248e-4435-8de6-1e938c79c5c1",
        "logsource": {
            "category": "file_rename",
            "product": "windows"
        },
        "references": [
            "https://twitter.com/ffforward/status/1481672378639912960",
            "https://github.com/redcanaryco/atomic-red-team/blob/f339e7da7d05f6057fdfcdd3742bfcf365fee2a9/atomics/T1036/T1036.md#atomic-test-1---system-file-copied-to-unusual-location"
        ]
    },
