    {
        "group": "Sigma",
        "kind": "individual",
        "document": {
            "kind": "jsonl",
            "data": {
                "@timestamp": "2022-09-27T12:27:07.989Z",
                "agent": {
                    "ephemeral_id": "f3e67ec5-847a-448b-8ec4-bac040a44990",
                    "hostname": "CLIENT1",
                    "id": "cd699c72-0f46-4cd9-938a-43faf035a44a",
                    "name": "CLIENT1",
                    "type": "winlogbeat",
                    "version": "7.10.2"
                },
                "ecs": {
                    "version": "1.5.0"
                },
                "event": {
                    "action": "File created (rule: FileCreate)",
                    "category": [
                        "file"
                    ],
                    "code": 11,
                    "created": "2022-09-27T12:27:29.120Z",
                    "kind": "event",
                    "module": "sysmon",
                    "provider": "Microsoft-Windows-Sysmon",
                    "type": [
                        "creation"
                    ]
                },
                "file": {
                    "directory": "C:\\Users\\client1\\AppData\\Local\\Temp\\tmpr1yplshc\\extensions\\{73a6fe31-595d-460b-a920-fcc0f8843232}\\chrome",
                    "extension": "jar",
                    "name": "noscript.jar",
                    "path": "C:\\Users\\client1\\AppData\\Local\\Temp\\tmpr1yplshc\\extensions\\{73a6fe31-595d-460b-a920-fcc0f8843232}\\chrome\\noscript.jar"
                },
                "host": {
                    "name": "CLIENT1.breach.local"
                },
                "log": {
                    "level": "information"
                },
                "message": "File created:\nRuleName: -\nUtcTime: 2022-09-27 12:27:07.989\nProcessGuid: {0e37ca90-ebe4-6332-8800-000000000500}\nProcessId: 5840\nImage: C:\\Python37\\python.exe\nTargetFilename: C:\\Users\\client1\\AppData\\Local\\Temp\\tmpr1yplshc\\extensions\\{73a6fe31-595d-460b-a920-fcc0f8843232}\\chrome\\noscript.jar\nCreationUtcTime: 2022-09-27 12:27:07.989\nUser: BREACH\\client1",
                "process": {
                    "entity_id": "{0e37ca90-ebe4-6332-8800-000000000500}",
                    "executable": "C:\\Python37\\python.exe",
                    "name": "python.exe",
                    "pid": 5840
                },
                "winlog": {
                    "api": "wineventlog",
                    "channel": "Microsoft-Windows-Sysmon/Operational",
                    "computer_name": "CLIENT1.breach.local",
                    "event_data": {
                        "CreationUtcTime": "2022-09-27 12:27:07.989",
                        "RuleName": "-",
                        "User": "BREACH\\client1"
                    },
                    "event_id": 11,
                    "opcode": "Info",
                    "process": {
                        "pid": 2076,
                        "thread": {
                            "id": 2556
                        }
                    },
                    "provider_guid": "{5770385f-c22a-43e0-bf4c-06f5698ffbd9}",
                    "provider_name": "Microsoft-Windows-Sysmon",
                    "record_id": 1709,
                    "task": "File created (rule: FileCreate)",
                    "user": {
                        "domain": "NT AUTHORITY",
                        "identifier": "S-1-5-18",
                        "name": "SYSTEM",
                        "type": "User"
                    },
                    "version": 2
                }
            }
        },
        "name": "Suspicious Driver Load from Temp",
        "timestamp": "2022-09-27T12:27:07.989+00:00",
        "authors": [
            "Florian Roth"
        ],
        "level": "high",
        "source": "sigma",
        "status": "experimental",
        "falsepositives": [
            "There is a relevant set of false positives depending on applications in the environment"
        ],
        "id": "2c4523d5-d481-4ed0-8ec3-7fbf0cb41a75",
        "logsource": {
            "category": "driver_load",
            "product": "windows"
        },
        "tags": [
            "attack.persistence",
            "attack.privilege_escalation",
            "attack.t1543.003"
        ]
    },
    {
        "group": "Sigma",
        "kind": "individual",
        "document": {
            "kind": "jsonl",
            "data": {
                "@timestamp": "2022-09-27T12:27:11.132Z",
                "agent": {
                    "ephemeral_id": "f3e67ec5-847a-448b-8ec4-bac040a44990",
                    "hostname": "CLIENT1",
                    "id": "cd699c72-0f46-4cd9-938a-43faf035a44a",
                    "name": "CLIENT1",
                    "type": "winlogbeat",
                    "version": "7.10.2"
                },
                "ecs": {
                    "version": "1.5.0"
                },
                "event": {
                    "action": "File created (rule: FileCreate)",
                    "category": [
                        "file"
                    ],
                    "code": 11,
                    "created": "2022-09-27T12:27:29.120Z",
                    "kind": "event",
                    "module": "sysmon",
                    "provider": "Microsoft-Windows-Sysmon",
                    "type": [
                        "creation"
                    ]
                },
                "file": {
                    "directory": "C:\\Users\\client1\\AppData\\Local\\Temp\\rust_mozprofilevZKbUF\\extensions\\{73a6fe31-595d-460b-a920-fcc0f8843232}\\chrome",
                    "extension": "jar",
                    "name": "noscript.jar",
                    "path": "C:\\Users\\client1\\AppData\\Local\\Temp\\rust_mozprofilevZKbUF\\extensions\\{73a6fe31-595d-460b-a920-fcc0f8843232}\\chrome\\noscript.jar"
                },
                "host": {
                    "name": "CLIENT1.breach.local"
                },
                "log": {
                    "level": "information"
                },
                "message": "File created:\nRuleName: -\nUtcTime: 2022-09-27 12:27:11.132\nProcessGuid: {0e37ca90-ec1c-6332-bf00-000000000500}\nProcessId: 6716\nImage: C:\\Python37\\geckodriver.exe\nTargetFilename: C:\\Users\\client1\\AppData\\Local\\Temp\\rust_mozprofilevZKbUF\\extensions\\{73a6fe31-595d-460b-a920-fcc0f8843232}\\chrome\\noscript.jar\nCreationUtcTime: 2022-09-27 12:27:11.132\nUser: BREACH\\client1",
                "process": {
                    "entity_id": "{0e37ca90-ec1c-6332-bf00-000000000500}",
                    "executable": "C:\\Python37\\geckodriver.exe",
                    "name": "geckodriver.exe",
                    "pid": 6716
                },
                "winlog": {
                    "api": "wineventlog",
                    "channel": "Microsoft-Windows-Sysmon/Operational",
                    "computer_name": "CLIENT1.breach.local",
                    "event_data": {
                        "CreationUtcTime": "2022-09-27 12:27:11.132",
                        "RuleName": "-",
                        "User": "BREACH\\client1"
                    },
                    "event_id": 11,
                    "opcode": "Info",
                    "process": {
                        "pid": 2076,
                        "thread": {
                            "id": 2556
                        }
                    },
                    "provider_guid": "{5770385f-c22a-43e0-bf4c-06f5698ffbd9}",
                    "provider_name": "Microsoft-Windows-Sysmon",
                    "record_id": 1712,
                    "task": "File created (rule: FileCreate)",
                    "user": {
                        "domain": "NT AUTHORITY",
                        "identifier": "S-1-5-18",
                        "name": "SYSTEM",
                        "type": "User"
                    },
                    "version": 2
                }
            }
        },
        "name": "Suspicious Driver Load from Temp",
        "timestamp": "2022-09-27T12:27:11.132+00:00",
        "authors": [
            "Florian Roth"
        ],
        "level": "high",
        "source": "sigma",
        "status": "experimental",
        "falsepositives": [
            "There is a relevant set of false positives depending on applications in the environment"
        ],
        "id": "2c4523d5-d481-4ed0-8ec3-7fbf0cb41a75",
        "logsource": {
            "category": "driver_load",
            "product": "windows"
        },
        "tags": [
            "attack.persistence",
            "attack.privilege_escalation",
            "attack.t1543.003"
        ]
    },
    {
        "group": "Sigma",
        "kind": "individual",
        "document": {
            "kind": "jsonl",
            "data": {
                "@timestamp": "2022-09-27T12:28:31.355Z",
                "agent": {
                    "ephemeral_id": "f3e67ec5-847a-448b-8ec4-bac040a44990",
                    "hostname": "CLIENT1",
                    "id": "cd699c72-0f46-4cd9-938a-43faf035a44a",
                    "name": "CLIENT1",
                    "type": "winlogbeat",
                    "version": "7.10.2"
                },
                "ecs": {
                    "version": "1.5.0"
                },
                "event": {
                    "action": "File created (rule: FileCreate)",
                    "category": [
                        "file"
                    ],
                    "code": 11,
                    "created": "2022-09-27T12:28:32.619Z",
                    "kind": "event",
                    "module": "sysmon",
                    "provider": "Microsoft-Windows-Sysmon",
                    "type": [
                        "creation"
                    ]
                },
                "file": {
                    "directory": "C:\\Users\\client1\\AppData\\Local\\Temp\\tmp_o1cvplz.noscript.xpi\\chrome",
                    "extension": "jar",
                    "name": "noscript.jar",
                    "path": "C:\\Users\\client1\\AppData\\Local\\Temp\\tmp_o1cvplz.noscript.xpi\\chrome\\noscript.jar"
                },
                "host": {
                    "name": "CLIENT1.breach.local"
                },
                "log": {
                    "level": "information"
                },
                "message": "File created:\nRuleName: -\nUtcTime: 2022-09-27 12:28:31.355\nProcessGuid: {0e37ca90-ebe4-6332-8800-000000000500}\nProcessId: 5840\nImage: C:\\Python37\\python.exe\nTargetFilename: C:\\Users\\client1\\AppData\\Local\\Temp\\tmp_o1cvplz.noscript.xpi\\chrome\\noscript.jar\nCreationUtcTime: 2022-09-27 12:28:31.355\nUser: BREACH\\client1",
                "process": {
                    "entity_id": "{0e37ca90-ebe4-6332-8800-000000000500}",
                    "executable": "C:\\Python37\\python.exe",
                    "name": "python.exe",
                    "pid": 5840
                },
                "winlog": {
                    "api": "wineventlog",
                    "channel": "Microsoft-Windows-Sysmon/Operational",
                    "computer_name": "CLIENT1.breach.local",
                    "event_data": {
                        "CreationUtcTime": "2022-09-27 12:28:31.355",
                        "RuleName": "-",
                        "User": "BREACH\\client1"
                    },
                    "event_id": 11,
                    "opcode": "Info",
                    "process": {
                        "pid": 2076,
                        "thread": {
                            "id": 2556
                        }
                    },
                    "provider_guid": "{5770385f-c22a-43e0-bf4c-06f5698ffbd9}",
                    "provider_name": "Microsoft-Windows-Sysmon",
                    "record_id": 1752,
                    "task": "File created (rule: FileCreate)",
                    "user": {
                        "domain": "NT AUTHORITY",
                        "identifier": "S-1-5-18",
                        "name": "SYSTEM",
                        "type": "User"
                    },
                    "version": 2
                }
            }
        },
        "name": "Suspicious Driver Load from Temp",
        "timestamp": "2022-09-27T12:28:31.355+00:00",
        "authors": [
            "Florian Roth"
        ],
        "level": "high",
        "source": "sigma",
        "status": "experimental",
        "falsepositives": [
            "There is a relevant set of false positives depending on applications in the environment"
        ],
        "id": "2c4523d5-d481-4ed0-8ec3-7fbf0cb41a75",
        "logsource": {
            "category": "driver_load",
            "product": "windows"
        },
        "tags": [
            "attack.persistence",
            "attack.privilege_escalation",
            "attack.t1543.003"
        ]
    },
    {
        "group": "Sigma",
        "kind": "individual",
        "document": {
            "kind": "jsonl",
            "data": {
                "@timestamp": "2022-09-27T12:28:31.368Z",
                "agent": {
                    "ephemeral_id": "f3e67ec5-847a-448b-8ec4-bac040a44990",
                    "hostname": "CLIENT1",
                    "id": "cd699c72-0f46-4cd9-938a-43faf035a44a",
                    "name": "CLIENT1",
                    "type": "winlogbeat",
                    "version": "7.10.2"
                },
                "ecs": {
                    "version": "1.5.0"
                },
                "event": {
                    "action": "File created (rule: FileCreate)",
                    "category": [
                        "file"
                    ],
                    "code": 11,
                    "created": "2022-09-27T12:28:32.619Z",
                    "kind": "event",
                    "module": "sysmon",
                    "provider": "Microsoft-Windows-Sysmon",
                    "type": [
                        "creation"
                    ]
                },
                "file": {
                    "directory": "C:\\Users\\client1\\AppData\\Local\\Temp\\tmptgf40ues\\extensions\\{73a6fe31-595d-460b-a920-fcc0f8843232}\\chrome",
                    "extension": "jar",
                    "name": "noscript.jar",
                    "path": "C:\\Users\\client1\\AppData\\Local\\Temp\\tmptgf40ues\\extensions\\{73a6fe31-595d-460b-a920-fcc0f8843232}\\chrome\\noscript.jar"
                },
                "host": {
                    "name": "CLIENT1.breach.local"
                },
                "log": {
                    "level": "information"
                },
                "message": "File created:\nRuleName: -\nUtcTime: 2022-09-27 12:28:31.368\nProcessGuid: {0e37ca90-ebe4-6332-8800-000000000500}\nProcessId: 5840\nImage: C:\\Python37\\python.exe\nTargetFilename: C:\\Users\\client1\\AppData\\Local\\Temp\\tmptgf40ues\\extensions\\{73a6fe31-595d-460b-a920-fcc0f8843232}\\chrome\\noscript.jar\nCreationUtcTime: 2022-09-27 12:28:31.368\nUser: BREACH\\client1",
                "process": {
                    "entity_id": "{0e37ca90-ebe4-6332-8800-000000000500}",
                    "executable": "C:\\Python37\\python.exe",
                    "name": "python.exe",
                    "pid": 5840
                },
                "winlog": {
                    "api": "wineventlog",
                    "channel": "Microsoft-Windows-Sysmon/Operational",
                    "computer_name": "CLIENT1.breach.local",
                    "event_data": {
                        "CreationUtcTime": "2022-09-27 12:28:31.368",
                        "RuleName": "-",
                        "User": "BREACH\\client1"
                    },
                    "event_id": 11,
                    "opcode": "Info",
                    "process": {
                        "pid": 2076,
                        "thread": {
                            "id": 2556
                        }
                    },
                    "provider_guid": "{5770385f-c22a-43e0-bf4c-06f5698ffbd9}",
                    "provider_name": "Microsoft-Windows-Sysmon",
                    "record_id": 1753,
                    "task": "File created (rule: FileCreate)",
                    "user": {
                        "domain": "NT AUTHORITY",
                        "identifier": "S-1-5-18",
                        "name": "SYSTEM",
                        "type": "User"
                    },
                    "version": 2
                }
            }
        },
        "name": "Suspicious Driver Load from Temp",
        "timestamp": "2022-09-27T12:28:31.368+00:00",
        "authors": [
            "Florian Roth"
        ],
        "level": "high",
        "source": "sigma",
        "status": "experimental",
        "falsepositives": [
            "There is a relevant set of false positives depending on applications in the environment"
        ],
        "id": "2c4523d5-d481-4ed0-8ec3-7fbf0cb41a75",
        "logsource": {
            "category": "driver_load",
            "product": "windows"
        },
        "tags": [
            "attack.persistence",
            "attack.privilege_escalation",
            "attack.t1543.003"
        ]
    },
    {
        "group": "Sigma",
        "kind": "individual",
        "document": {
            "kind": "jsonl",
            "data": {
                "@timestamp": "2022-09-27T12:28:34.514Z",
                "agent": {
                    "ephemeral_id": "f3e67ec5-847a-448b-8ec4-bac040a44990",
                    "hostname": "CLIENT1",
                    "id": "cd699c72-0f46-4cd9-938a-43faf035a44a",
                    "name": "CLIENT1",
                    "type": "winlogbeat",
                    "version": "7.10.2"
                },
                "ecs": {
                    "version": "1.5.0"
                },
                "event": {
                    "action": "File created (rule: FileCreate)",
                    "category": [
                        "file"
                    ],
                    "code": 11,
                    "created": "2022-09-27T12:28:36.211Z",
                    "kind": "event",
                    "module": "sysmon",
                    "provider": "Microsoft-Windows-Sysmon",
                    "type": [
                        "creation"
                    ]
                },
                "file": {
                    "directory": "C:\\Users\\client1\\AppData\\Local\\Temp\\rust_mozprofileGNgv4l\\extensions\\{73a6fe31-595d-460b-a920-fcc0f8843232}\\chrome",
                    "extension": "jar",
                    "name": "noscript.jar",
                    "path": "C:\\Users\\client1\\AppData\\Local\\Temp\\rust_mozprofileGNgv4l\\extensions\\{73a6fe31-595d-460b-a920-fcc0f8843232}\\chrome\\noscript.jar"
                },
                "host": {
                    "name": "CLIENT1.breach.local"
                },
                "log": {
                    "level": "information"
                },
                "message": "File created:\nRuleName: -\nUtcTime: 2022-09-27 12:28:34.514\nProcessGuid: {0e37ca90-ec6f-6332-d800-000000000500}\nProcessId: 6416\nImage: C:\\Python37\\geckodriver.exe\nTargetFilename: C:\\Users\\client1\\AppData\\Local\\Temp\\rust_mozprofileGNgv4l\\extensions\\{73a6fe31-595d-460b-a920-fcc0f8843232}\\chrome\\noscript.jar\nCreationUtcTime: 2022-09-27 12:28:34.514\nUser: BREACH\\client1",
                "process": {
                    "entity_id": "{0e37ca90-ec6f-6332-d800-000000000500}",
                    "executable": "C:\\Python37\\geckodriver.exe",
                    "name": "geckodriver.exe",
                    "pid": 6416
                },
                "winlog": {
                    "api": "wineventlog",
                    "channel": "Microsoft-Windows-Sysmon/Operational",
                    "computer_name": "CLIENT1.breach.local",
                    "event_data": {
                        "CreationUtcTime": "2022-09-27 12:28:34.514",
                        "RuleName": "-",
                        "User": "BREACH\\client1"
                    },
                    "event_id": 11,
                    "opcode": "Info",
                    "process": {
                        "pid": 2076,
                        "thread": {
                            "id": 2556
                        }
                    },
                    "provider_guid": "{5770385f-c22a-43e0-bf4c-06f5698ffbd9}",
                    "provider_name": "Microsoft-Windows-Sysmon",
                    "record_id": 1755,
                    "task": "File created (rule: FileCreate)",
                    "user": {
                        "domain": "NT AUTHORITY",
                        "identifier": "S-1-5-18",
                        "name": "SYSTEM",
                        "type": "User"
                    },
                    "version": 2
                }
            }
        },
        "name": "Suspicious Driver Load from Temp",
        "timestamp": "2022-09-27T12:28:34.514+00:00",
        "authors": [
            "Florian Roth"
        ],
        "level": "high",
        "source": "sigma",
        "status": "experimental",
        "falsepositives": [
            "There is a relevant set of false positives depending on applications in the environment"
        ],
        "id": "2c4523d5-d481-4ed0-8ec3-7fbf0cb41a75",
        "logsource": {
            "category": "driver_load",
            "product": "windows"
        },
        "tags": [
            "attack.persistence",
            "attack.privilege_escalation",
            "attack.t1543.003"
        ]
    },
    {
        "group": "Sigma",
        "kind": "individual",
        "document": {
            "kind": "jsonl",
            "data": {
                "@timestamp": "2022-09-27T12:28:43.078Z",
                "agent": {
                    "ephemeral_id": "f3e67ec5-847a-448b-8ec4-bac040a44990",
                    "hostname": "CLIENT1",
                    "id": "cd699c72-0f46-4cd9-938a-43faf035a44a",
                    "name": "CLIENT1",
                    "type": "winlogbeat",
                    "version": "7.10.2"
                },
                "ecs": {
                    "version": "1.5.0"
                },
                "event": {
                    "action": "File created (rule: FileCreate)",
                    "category": [
                        "file"
                    ],
                    "code": 11,
                    "created": "2022-09-27T12:28:44.226Z",
                    "kind": "event",
                    "module": "sysmon",
                    "provider": "Microsoft-Windows-Sysmon",
                    "type": [
                        "creation"
                    ]
                },
                "file": {
                    "directory": "C:\\Users\\client1\\AppData\\Local\\Temp\\tmp0sbsqchs.noscript.xpi\\chrome",
                    "extension": "jar",
                    "name": "noscript.jar",
                    "path": "C:\\Users\\client1\\AppData\\Local\\Temp\\tmp0sbsqchs.noscript.xpi\\chrome\\noscript.jar"
                },
                "host": {
                    "name": "CLIENT1.breach.local"
                },
                "log": {
                    "level": "information"
                },
                "message": "File created:\nRuleName: -\nUtcTime: 2022-09-27 12:28:43.078\nProcessGuid: {0e37ca90-ebe4-6332-8800-000000000500}\nProcessId: 5840\nImage: C:\\Python37\\python.exe\nTargetFilename: C:\\Users\\client1\\AppData\\Local\\Temp\\tmp0sbsqchs.noscript.xpi\\chrome\\noscript.jar\nCreationUtcTime: 2022-09-27 12:28:43.078\nUser: BREACH\\client1",
                "process": {
                    "entity_id": "{0e37ca90-ebe4-6332-8800-000000000500}",
                    "executable": "C:\\Python37\\python.exe",
                    "name": "python.exe",
                    "pid": 5840
                },
                "winlog": {
                    "api": "wineventlog",
                    "channel": "Microsoft-Windows-Sysmon/Operational",
                    "computer_name": "CLIENT1.breach.local",
                    "event_data": {
                        "CreationUtcTime": "2022-09-27 12:28:43.078",
                        "RuleName": "-",
                        "User": "BREACH\\client1"
                    },
                    "event_id": 11,
                    "opcode": "Info",
                    "process": {
                        "pid": 2076,
                        "thread": {
                            "id": 2556
                        }
                    },
                    "provider_guid": "{5770385f-c22a-43e0-bf4c-06f5698ffbd9}",
                    "provider_name": "Microsoft-Windows-Sysmon",
                    "record_id": 1767,
                    "task": "File created (rule: FileCreate)",
                    "user": {
                        "domain": "NT AUTHORITY",
                        "identifier": "S-1-5-18",
                        "name": "SYSTEM",
                        "type": "User"
                    },
                    "version": 2
                }
            }
        },
        "name": "Suspicious Driver Load from Temp",
        "timestamp": "2022-09-27T12:28:43.078+00:00",
        "authors": [
            "Florian Roth"
        ],
        "level": "high",
        "source": "sigma",
        "status": "experimental",
        "falsepositives": [
            "There is a relevant set of false positives depending on applications in the environment"
        ],
        "id": "2c4523d5-d481-4ed0-8ec3-7fbf0cb41a75",
        "logsource": {
            "category": "driver_load",
            "product": "windows"
        },
        "tags": [
            "attack.persistence",
            "attack.privilege_escalation",
            "attack.t1543.003"
        ]
    },
    {
        "group": "Sigma",
        "kind": "individual",
        "document": {
            "kind": "jsonl",
            "data": {
                "@timestamp": "2022-09-27T12:28:43.078Z",
                "agent": {
                    "ephemeral_id": "f3e67ec5-847a-448b-8ec4-bac040a44990",
                    "hostname": "CLIENT1",
                    "id": "cd699c72-0f46-4cd9-938a-43faf035a44a",
                    "name": "CLIENT1",
                    "type": "winlogbeat",
                    "version": "7.10.2"
                },
                "ecs": {
                    "version": "1.5.0"
                },
                "event": {
                    "action": "File created (rule: FileCreate)",
                    "category": [
                        "file"
                    ],
                    "code": 11,
                    "created": "2022-09-27T12:28:44.227Z",
                    "kind": "event",
                    "module": "sysmon",
                    "provider": "Microsoft-Windows-Sysmon",
                    "type": [
                        "creation"
                    ]
                },
                "file": {
                    "directory": "C:\\Users\\client1\\AppData\\Local\\Temp\\tmprhk_0ar9\\extensions\\{73a6fe31-595d-460b-a920-fcc0f8843232}\\chrome",
                    "extension": "jar",
                    "name": "noscript.jar",
                    "path": "C:\\Users\\client1\\AppData\\Local\\Temp\\tmprhk_0ar9\\extensions\\{73a6fe31-595d-460b-a920-fcc0f8843232}\\chrome\\noscript.jar"
                },
                "host": {
                    "name": "CLIENT1.breach.local"
                },
                "log": {
                    "level": "information"
                },
                "message": "File created:\nRuleName: -\nUtcTime: 2022-09-27 12:28:43.078\nProcessGuid: {0e37ca90-ebe4-6332-8800-000000000500}\nProcessId: 5840\nImage: C:\\Python37\\python.exe\nTargetFilename: C:\\Users\\client1\\AppData\\Local\\Temp\\tmprhk_0ar9\\extensions\\{73a6fe31-595d-460b-a920-fcc0f8843232}\\chrome\\noscript.jar\nCreationUtcTime: 2022-09-27 12:28:43.078\nUser: BREACH\\client1",
                "process": {
                    "entity_id": "{0e37ca90-ebe4-6332-8800-000000000500}",
                    "executable": "C:\\Python37\\python.exe",
                    "name": "python.exe",
                    "pid": 5840
                },
                "winlog": {
                    "api": "wineventlog",
                    "channel": "Microsoft-Windows-Sysmon/Operational",
                    "computer_name": "CLIENT1.breach.local",
                    "event_data": {
                        "CreationUtcTime": "2022-09-27 12:28:43.078",
                        "RuleName": "-",
                        "User": "BREACH\\client1"
                    },
                    "event_id": 11,
                    "opcode": "Info",
                    "process": {
                        "pid": 2076,
                        "thread": {
                            "id": 2556
                        }
                    },
                    "provider_guid": "{5770385f-c22a-43e0-bf4c-06f5698ffbd9}",
                    "provider_name": "Microsoft-Windows-Sysmon",
                    "record_id": 1768,
                    "task": "File created (rule: FileCreate)",
                    "user": {
                        "domain": "NT AUTHORITY",
                        "identifier": "S-1-5-18",
                        "name": "SYSTEM",
                        "type": "User"
                    },
                    "version": 2
                }
            }
        },
        "name": "Suspicious Driver Load from Temp",
        "timestamp": "2022-09-27T12:28:43.078+00:00",
        "authors": [
            "Florian Roth"
        ],
        "level": "high",
        "source": "sigma",
        "status": "experimental",
        "falsepositives": [
            "There is a relevant set of false positives depending on applications in the environment"
        ],
        "id": "2c4523d5-d481-4ed0-8ec3-7fbf0cb41a75",
        "logsource": {
            "category": "driver_load",
            "product": "windows"
        },
        "tags": [
            "attack.persistence",
            "attack.privilege_escalation",
            "attack.t1543.003"
        ]
    },
    {
        "group": "Sigma",
        "kind": "individual",
        "document": {
            "kind": "jsonl",
            "data": {
                "@timestamp": "2022-09-27T12:28:46.277Z",
                "agent": {
                    "ephemeral_id": "f3e67ec5-847a-448b-8ec4-bac040a44990",
                    "hostname": "CLIENT1",
                    "id": "cd699c72-0f46-4cd9-938a-43faf035a44a",
                    "name": "CLIENT1",
                    "type": "winlogbeat",
                    "version": "7.10.2"
                },
                "ecs": {
                    "version": "1.5.0"
                },
                "event": {
                    "action": "File created (rule: FileCreate)",
                    "category": [
                        "file"
                    ],
                    "code": 11,
                    "created": "2022-09-27T12:28:48.285Z",
                    "kind": "event",
                    "module": "sysmon",
                    "provider": "Microsoft-Windows-Sysmon",
                    "type": [
                        "creation"
                    ]
                },
                "file": {
                    "directory": "C:\\Users\\client1\\AppData\\Local\\Temp\\rust_mozprofilewktQGn\\extensions\\{73a6fe31-595d-460b-a920-fcc0f8843232}\\chrome",
                    "extension": "jar",
                    "name": "noscript.jar",
                    "path": "C:\\Users\\client1\\AppData\\Local\\Temp\\rust_mozprofilewktQGn\\extensions\\{73a6fe31-595d-460b-a920-fcc0f8843232}\\chrome\\noscript.jar"
                },
                "host": {
                    "name": "CLIENT1.breach.local"
                },
                "log": {
                    "level": "information"
                },
                "message": "File created:\nRuleName: -\nUtcTime: 2022-09-27 12:28:46.277\nProcessGuid: {0e37ca90-ec7b-6332-e000-000000000500}\nProcessId: 2648\nImage: C:\\Python37\\geckodriver.exe\nTargetFilename: C:\\Users\\client1\\AppData\\Local\\Temp\\rust_mozprofilewktQGn\\extensions\\{73a6fe31-595d-460b-a920-fcc0f8843232}\\chrome\\noscript.jar\nCreationUtcTime: 2022-09-27 12:28:46.277\nUser: BREACH\\client1",
                "process": {
                    "entity_id": "{0e37ca90-ec7b-6332-e000-000000000500}",
                    "executable": "C:\\Python37\\geckodriver.exe",
                    "name": "geckodriver.exe",
                    "pid": 2648
                },
                "winlog": {
                    "api": "wineventlog",
                    "channel": "Microsoft-Windows-Sysmon/Operational",
                    "computer_name": "CLIENT1.breach.local",
                    "event_data": {
                        "CreationUtcTime": "2022-09-27 12:28:46.277",
                        "RuleName": "-",
                        "User": "BREACH\\client1"
                    },
                    "event_id": 11,
                    "opcode": "Info",
                    "process": {
                        "pid": 2076,
                        "thread": {
                            "id": 2556
                        }
                    },
                    "provider_guid": "{5770385f-c22a-43e0-bf4c-06f5698ffbd9}",
                    "provider_name": "Microsoft-Windows-Sysmon",
                    "record_id": 1770,
                    "task": "File created (rule: FileCreate)",
                    "user": {
                        "domain": "NT AUTHORITY",
                        "identifier": "S-1-5-18",
                        "name": "SYSTEM",
                        "type": "User"
                    },
                    "version": 2
                }
            }
        },
        "name": "Suspicious Driver Load from Temp",
        "timestamp": "2022-09-27T12:28:46.277+00:00",
        "authors": [
            "Florian Roth"
        ],
        "level": "high",
        "source": "sigma",
        "status": "experimental",
        "falsepositives": [
            "There is a relevant set of false positives depending on applications in the environment"
        ],
        "id": "2c4523d5-d481-4ed0-8ec3-7fbf0cb41a75",
        "logsource": {
            "category": "driver_load",
            "product": "windows"
        },
        "tags": [
            "attack.persistence",
            "attack.privilege_escalation",
            "attack.t1543.003"
        ]
    },
    {
        "group": "Sigma",
        "kind": "individual",
        "document": {
            "kind": "jsonl",
            "data": {
                "@timestamp": "2022-09-27T12:28:51.073Z",
                "agent": {
                    "ephemeral_id": "f3e67ec5-847a-448b-8ec4-bac040a44990",
                    "hostname": "CLIENT1",
                    "id": "cd699c72-0f46-4cd9-938a-43faf035a44a",
                    "name": "CLIENT1",
                    "type": "winlogbeat",
                    "version": "7.10.2"
                },
                "ecs": {
                    "version": "1.5.0"
                },
                "event": {
                    "action": "File created (rule: FileCreate)",
                    "category": [
                        "file"
                    ],
                    "code": 11,
                    "created": "2022-09-27T12:28:52.298Z",
                    "kind": "event",
                    "module": "sysmon",
                    "provider": "Microsoft-Windows-Sysmon",
                    "type": [
                        "creation"
                    ]
                },
                "file": {
                    "directory": "C:\\Users\\client1\\AppData\\Local\\Temp\\tmptk9pxp7x.noscript.xpi\\chrome",
                    "extension": "jar",
                    "name": "noscript.jar",
                    "path": "C:\\Users\\client1\\AppData\\Local\\Temp\\tmptk9pxp7x.noscript.xpi\\chrome\\noscript.jar"
                },
                "host": {
                    "name": "CLIENT1.breach.local"
                },
                "log": {
                    "level": "information"
                },
                "message": "File created:\nRuleName: -\nUtcTime: 2022-09-27 12:28:51.073\nProcessGuid: {0e37ca90-ebe4-6332-8800-000000000500}\nProcessId: 5840\nImage: C:\\Python37\\python.exe\nTargetFilename: C:\\Users\\client1\\AppData\\Local\\Temp\\tmptk9pxp7x.noscript.xpi\\chrome\\noscript.jar\nCreationUtcTime: 2022-09-27 12:28:51.073\nUser: BREACH\\client1",
                "process": {
                    "entity_id": "{0e37ca90-ebe4-6332-8800-000000000500}",
                    "executable": "C:\\Python37\\python.exe",
                    "name": "python.exe",
                    "pid": 5840
                },
                "winlog": {
                    "api": "wineventlog",
                    "channel": "Microsoft-Windows-Sysmon/Operational",
                    "computer_name": "CLIENT1.breach.local",
                    "event_data": {
                        "CreationUtcTime": "2022-09-27 12:28:51.073",
                        "RuleName": "-",
                        "User": "BREACH\\client1"
                    },
                    "event_id": 11,
                    "opcode": "Info",
                    "process": {
                        "pid": 2076,
                        "thread": {
                            "id": 2556
                        }
                    },
                    "provider_guid": "{5770385f-c22a-43e0-bf4c-06f5698ffbd9}",
                    "provider_name": "Microsoft-Windows-Sysmon",
                    "record_id": 1781,
                    "task": "File created (rule: FileCreate)",
                    "user": {
                        "domain": "NT AUTHORITY",
                        "identifier": "S-1-5-18",
                        "name": "SYSTEM",
                        "type": "User"
                    },
                    "version": 2
                }
            }
        },
        "name": "Suspicious Driver Load from Temp",
        "timestamp": "2022-09-27T12:28:51.073+00:00",
        "authors": [
            "Florian Roth"
        ],
        "level": "high",
        "source": "sigma",
        "status": "experimental",
        "falsepositives": [
            "There is a relevant set of false positives depending on applications in the environment"
        ],
        "id": "2c4523d5-d481-4ed0-8ec3-7fbf0cb41a75",
        "logsource": {
            "category": "driver_load",
            "product": "windows"
        },
        "tags": [
            "attack.persistence",
            "attack.privilege_escalation",
            "attack.t1543.003"
        ]
    },
    {
        "group": "Sigma",
        "kind": "individual",
        "document": {
            "kind": "jsonl",
            "data": {
                "@timestamp": "2022-09-27T12:28:51.089Z",
                "agent": {
                    "ephemeral_id": "f3e67ec5-847a-448b-8ec4-bac040a44990",
                    "hostname": "CLIENT1",
                    "id": "cd699c72-0f46-4cd9-938a-43faf035a44a",
                    "name": "CLIENT1",
                    "type": "winlogbeat",
                    "version": "7.10.2"
                },
                "ecs": {
                    "version": "1.5.0"
                },
                "event": {
                    "action": "File created (rule: FileCreate)",
                    "category": [
                        "file"
                    ],
                    "code": 11,
                    "created": "2022-09-27T12:28:52.298Z",
                    "kind": "event",
                    "module": "sysmon",
                    "provider": "Microsoft-Windows-Sysmon",
                    "type": [
                        "creation"
                    ]
                },
                "file": {
                    "directory": "C:\\Users\\client1\\AppData\\Local\\Temp\\tmpta2qjk2f\\extensions\\{73a6fe31-595d-460b-a920-fcc0f8843232}\\chrome",
                    "extension": "jar",
                    "name": "noscript.jar",
                    "path": "C:\\Users\\client1\\AppData\\Local\\Temp\\tmpta2qjk2f\\extensions\\{73a6fe31-595d-460b-a920-fcc0f8843232}\\chrome\\noscript.jar"
                },
                "host": {
                    "name": "CLIENT1.breach.local"
                },
                "log": {
                    "level": "information"
                },
                "message": "File created:\nRuleName: -\nUtcTime: 2022-09-27 12:28:51.089\nProcessGuid: {0e37ca90-ebe4-6332-8800-000000000500}\nProcessId: 5840\nImage: C:\\Python37\\python.exe\nTargetFilename: C:\\Users\\client1\\AppData\\Local\\Temp\\tmpta2qjk2f\\extensions\\{73a6fe31-595d-460b-a920-fcc0f8843232}\\chrome\\noscript.jar\nCreationUtcTime: 2022-09-27 12:28:51.089\nUser: BREACH\\client1",
                "process": {
                    "entity_id": "{0e37ca90-ebe4-6332-8800-000000000500}",
                    "executable": "C:\\Python37\\python.exe",
                    "name": "python.exe",
                    "pid": 5840
                },
                "winlog": {
                    "api": "wineventlog",
                    "channel": "Microsoft-Windows-Sysmon/Operational",
                    "computer_name": "CLIENT1.breach.local",
                    "event_data": {
                        "CreationUtcTime": "2022-09-27 12:28:51.089",
                        "RuleName": "-",
                        "User": "BREACH\\client1"
                    },
                    "event_id": 11,
                    "opcode": "Info",
                    "process": {
                        "pid": 2076,
                        "thread": {
                            "id": 2556
                        }
                    },
                    "provider_guid": "{5770385f-c22a-43e0-bf4c-06f5698ffbd9}",
                    "provider_name": "Microsoft-Windows-Sysmon",
                    "record_id": 1782,
                    "task": "File created (rule: FileCreate)",
                    "user": {
                        "domain": "NT AUTHORITY",
                        "identifier": "S-1-5-18",
                        "name": "SYSTEM",
                        "type": "User"
                    },
                    "version": 2
                }
            }
        },
        "name": "Suspicious Driver Load from Temp",
        "timestamp": "2022-09-27T12:28:51.089+00:00",
        "authors": [
            "Florian Roth"
        ],
        "level": "high",
        "source": "sigma",
        "status": "experimental",
        "falsepositives": [
            "There is a relevant set of false positives depending on applications in the environment"
        ],
        "id": "2c4523d5-d481-4ed0-8ec3-7fbf0cb41a75",
        "logsource": {
            "category": "driver_load",
            "product": "windows"
        },
        "tags": [
            "attack.persistence",
            "attack.privilege_escalation",
            "attack.t1543.003"
        ]
    },
    {
        "group": "Sigma",
        "kind": "individual",
        "document": {
            "kind": "jsonl",
            "data": {
                "@timestamp": "2022-09-27T12:28:54.221Z",
                "agent": {
                    "ephemeral_id": "f3e67ec5-847a-448b-8ec4-bac040a44990",
                    "hostname": "CLIENT1",
                    "id": "cd699c72-0f46-4cd9-938a-43faf035a44a",
                    "name": "CLIENT1",
                    "type": "winlogbeat",
                    "version": "7.10.2"
                },
                "ecs": {
                    "version": "1.5.0"
                },
                "event": {
                    "action": "File created (rule: FileCreate)",
                    "category": [
                        "file"
                    ],
                    "code": 11,
                    "created": "2022-09-27T12:28:55.390Z",
                    "kind": "event",
                    "module": "sysmon",
                    "provider": "Microsoft-Windows-Sysmon",
                    "type": [
                        "creation"
                    ]
                },
                "file": {
                    "directory": "C:\\Users\\client1\\AppData\\Local\\Temp\\rust_mozprofile3m1PGV\\extensions\\{73a6fe31-595d-460b-a920-fcc0f8843232}\\chrome",
                    "extension": "jar",
                    "name": "noscript.jar",
                    "path": "C:\\Users\\client1\\AppData\\Local\\Temp\\rust_mozprofile3m1PGV\\extensions\\{73a6fe31-595d-460b-a920-fcc0f8843232}\\chrome\\noscript.jar"
                },
                "host": {
                    "name": "CLIENT1.breach.local"
                },
                "log": {
                    "level": "information"
                },
                "message": "File created:\nRuleName: -\nUtcTime: 2022-09-27 12:28:54.221\nProcessGuid: {0e37ca90-ec83-6332-e800-000000000500}\nProcessId: 6044\nImage: C:\\Python37\\geckodriver.exe\nTargetFilename: C:\\Users\\client1\\AppData\\Local\\Temp\\rust_mozprofile3m1PGV\\extensions\\{73a6fe31-595d-460b-a920-fcc0f8843232}\\chrome\\noscript.jar\nCreationUtcTime: 2022-09-27 12:28:54.221\nUser: BREACH\\client1",
                "process": {
                    "entity_id": "{0e37ca90-ec83-6332-e800-000000000500}",
                    "executable": "C:\\Python37\\geckodriver.exe",
                    "name": "geckodriver.exe",
                    "pid": 6044
                },
                "winlog": {
                    "api": "wineventlog",
                    "channel": "Microsoft-Windows-Sysmon/Operational",
                    "computer_name": "CLIENT1.breach.local",
                    "event_data": {
                        "CreationUtcTime": "2022-09-27 12:28:54.221",
                        "RuleName": "-",
                        "User": "BREACH\\client1"
                    },
                    "event_id": 11,
                    "opcode": "Info",
                    "process": {
                        "pid": 2076,
                        "thread": {
                            "id": 2556
                        }
                    },
                    "provider_guid": "{5770385f-c22a-43e0-bf4c-06f5698ffbd9}",
                    "provider_name": "Microsoft-Windows-Sysmon",
                    "record_id": 1784,
                    "task": "File created (rule: FileCreate)",
                    "user": {
                        "domain": "NT AUTHORITY",
                        "identifier": "S-1-5-18",
                        "name": "SYSTEM",
                        "type": "User"
                    },
                    "version": 2
                }
            }
        },
        "name": "Suspicious Driver Load from Temp",
        "timestamp": "2022-09-27T12:28:54.221+00:00",
        "authors": [
            "Florian Roth"
        ],
        "level": "high",
        "source": "sigma",
        "status": "experimental",
        "falsepositives": [
            "There is a relevant set of false positives depending on applications in the environment"
        ],
        "id": "2c4523d5-d481-4ed0-8ec3-7fbf0cb41a75",
        "logsource": {
            "category": "driver_load",
            "product": "windows"
        },
        "tags": [
            "attack.persistence",
            "attack.privilege_escalation",
            "attack.t1543.003"
        ]
    },
