    {
        "group": "Sigma",
        "kind": "individual",
        "document": {
            "kind": "jsonl",
            "data": {
                "@timestamp": "2022-09-27T14:25:49.998Z",
                "agent": {
                    "ephemeral_id": "f3e67ec5-847a-448b-8ec4-bac040a44990",
                    "hostname": "CLIENT1",
                    "id": "cd699c72-0f46-4cd9-938a-43faf035a44a",
                    "name": "CLIENT1",
                    "type": "winlogbeat",
                    "version": "7.10.2"
                },
                "ecs": {
                    "version": "1.5.0"
                },
                "event": {
                    "action": "File created (rule: FileCreate)",
                    "category": [
                        "file"
                    ],
                    "code": 11,
                    "created": "2022-09-27T14:25:51.448Z",
                    "kind": "event",
                    "module": "sysmon",
                    "provider": "Microsoft-Windows-Sysmon",
                    "type": [
                        "creation"
                    ]
                },
                "file": {
                    "directory": "C:\\Windows\\assembly\\NativeImages_v4.0.30319_32\\Temp\\1a80-0",
                    "extension": "dll",
                    "name": "Microsoft.PowerShell.Workflow.ServiceCore.dll",
                    "path": "C:\\Windows\\assembly\\NativeImages_v4.0.30319_32\\Temp\\1a80-0\\Microsoft.PowerShell.Workflow.ServiceCore.dll"
                },
                "host": {
                    "name": "CLIENT1.breach.local"
                },
                "log": {
                    "level": "information"
                },
                "message": "File created:\nRuleName: DLL\nUtcTime: 2022-09-27 14:25:49.998\nProcessGuid: {0e37ca90-07ec-6333-4e04-000000000500}\nProcessId: 6784\nImage: C:\\Windows\\Microsoft.NET\\Framework\\v4.0.30319\\mscorsvw.exe\nTargetFilename: C:\\Windows\\assembly\\NativeImages_v4.0.30319_32\\Temp\\1a80-0\\Microsoft.PowerShell.Workflow.ServiceCore.dll\nCreationUtcTime: 2022-09-27 14:25:49.998\nUser: NT AUTHORITY\\SYSTEM",
                "process": {
                    "entity_id": "{0e37ca90-07ec-6333-4e04-000000000500}",
                    "executable": "C:\\Windows\\Microsoft.NET\\Framework\\v4.0.30319\\mscorsvw.exe",
                    "name": "mscorsvw.exe",
                    "pid": 6784
                },
                "rule": {
                    "name": "DLL"
                },
                "winlog": {
                    "api": "wineventlog",
                    "channel": "Microsoft-Windows-Sysmon/Operational",
                    "computer_name": "CLIENT1.breach.local",
                    "event_data": {
                        "CreationUtcTime": "2022-09-27 14:25:49.998",
                        "User": "NT AUTHORITY\\SYSTEM"
                    },
                    "event_id": 11,
                    "opcode": "Info",
                    "process": {
                        "pid": 2076,
                        "thread": {
                            "id": 2556
                        }
                    },
                    "provider_guid": "{5770385f-c22a-43e0-bf4c-06f5698ffbd9}",
                    "provider_name": "Microsoft-Windows-Sysmon",
                    "record_id": 4712,
                    "task": "File created (rule: FileCreate)",
                    "user": {
                        "domain": "NT AUTHORITY",
                        "identifier": "S-1-5-18",
                        "name": "SYSTEM",
                        "type": "User"
                    },
                    "version": 2
                }
            }
        },
        "name": "Suspicious Driver Load from Temp",
        "timestamp": "2022-09-27T14:25:49.998+00:00",
        "authors": [
            "Florian Roth"
        ],
        "level": "high",
        "source": "sigma",
        "status": "experimental",
        "falsepositives": [
            "There is a relevant set of false positives depending on applications in the environment"
        ],
        "id": "2c4523d5-d481-4ed0-8ec3-7fbf0cb41a75",
        "logsource": {
            "category": "driver_load",
            "product": "windows"
        },
        "tags": [
            "attack.persistence",
            "attack.privilege_escalation",
            "attack.t1543.003"
        ]
    },
    {
        "group": "Sigma",
        "kind": "individual",
        "document": {
            "kind": "jsonl",
            "data": {
                "@timestamp": "2022-09-27T14:25:50.342Z",
                "agent": {
                    "ephemeral_id": "f3e67ec5-847a-448b-8ec4-bac040a44990",
                    "hostname": "CLIENT1",
                    "id": "cd699c72-0f46-4cd9-938a-43faf035a44a",
                    "name": "CLIENT1",
                    "type": "winlogbeat",
                    "version": "7.10.2"
                },
                "ecs": {
                    "version": "1.5.0"
                },
                "event": {
                    "action": "File created (rule: FileCreate)",
                    "category": [
                        "file"
                    ],
                    "code": 11,
                    "created": "2022-09-27T14:25:51.448Z",
                    "kind": "event",
                    "module": "sysmon",
                    "provider": "Microsoft-Windows-Sysmon",
                    "type": [
                        "creation"
                    ]
                },
                "file": {
                    "directory": "C:\\Windows\\assembly\\NativeImages_v4.0.30319_32\\Temp\\1904-0",
                    "extension": "dll",
                    "name": "Microsoft.Security.ApplicationId.PolicyManagement.Cmdlets.dll",
                    "path": "C:\\Windows\\assembly\\NativeImages_v4.0.30319_32\\Temp\\1904-0\\Microsoft.Security.ApplicationId.PolicyManagement.Cmdlets.dll"
                },
                "host": {
                    "name": "CLIENT1.breach.local"
                },
                "log": {
                    "level": "information"
                },
                "message": "File created:\nRuleName: DLL\nUtcTime: 2022-09-27 14:25:50.342\nProcessGuid: {0e37ca90-07ee-6333-5004-000000000500}\nProcessId: 6404\nImage: C:\\Windows\\Microsoft.NET\\Framework\\v4.0.30319\\mscorsvw.exe\nTargetFilename: C:\\Windows\\assembly\\NativeImages_v4.0.30319_32\\Temp\\1904-0\\Microsoft.Security.ApplicationId.PolicyManagement.Cmdlets.dll\nCreationUtcTime: 2022-09-27 14:25:50.342\nUser: NT AUTHORITY\\SYSTEM",
                "process": {
                    "entity_id": "{0e37ca90-07ee-6333-5004-000000000500}",
                    "executable": "C:\\Windows\\Microsoft.NET\\Framework\\v4.0.30319\\mscorsvw.exe",
                    "name": "mscorsvw.exe",
                    "pid": 6404
                },
                "rule": {
                    "name": "DLL"
                },
                "winlog": {
                    "api": "wineventlog",
                    "channel": "Microsoft-Windows-Sysmon/Operational",
                    "computer_name": "CLIENT1.breach.local",
                    "event_data": {
                        "CreationUtcTime": "2022-09-27 14:25:50.342",
                        "User": "NT AUTHORITY\\SYSTEM"
                    },
                    "event_id": 11,
                    "opcode": "Info",
                    "process": {
                        "pid": 2076,
                        "thread": {
                            "id": 2556
                        }
                    },
                    "provider_guid": "{5770385f-c22a-43e0-bf4c-06f5698ffbd9}",
                    "provider_name": "Microsoft-Windows-Sysmon",
                    "record_id": 4713,
                    "task": "File created (rule: FileCreate)",
                    "user": {
                        "domain": "NT AUTHORITY",
                        "identifier": "S-1-5-18",
                        "name": "SYSTEM",
                        "type": "User"
                    },
                    "version": 2
                }
            }
        },
        "name": "Suspicious Driver Load from Temp",
        "timestamp": "2022-09-27T14:25:50.342+00:00",
        "authors": [
            "Florian Roth"
        ],
        "level": "high",
        "source": "sigma",
        "status": "experimental",
        "falsepositives": [
            "There is a relevant set of false positives depending on applications in the environment"
        ],
        "id": "2c4523d5-d481-4ed0-8ec3-7fbf0cb41a75",
        "logsource": {
            "category": "driver_load",
            "product": "windows"
        },
        "tags": [
            "attack.persistence",
            "attack.privilege_escalation",
            "attack.t1543.003"
        ]
    },
    {
        "group": "Sigma",
        "kind": "individual",
        "document": {
            "kind": "jsonl",
            "data": {
                "@timestamp": "2022-09-27T14:25:50.482Z",
                "agent": {
                    "ephemeral_id": "f3e67ec5-847a-448b-8ec4-bac040a44990",
                    "hostname": "CLIENT1",
                    "id": "cd699c72-0f46-4cd9-938a-43faf035a44a",
                    "name": "CLIENT1",
                    "type": "winlogbeat",
                    "version": "7.10.2"
                },
                "ecs": {
                    "version": "1.5.0"
                },
                "event": {
                    "action": "File created (rule: FileCreate)",
                    "category": [
                        "file"
                    ],
                    "code": 11,
                    "created": "2022-09-27T14:25:51.448Z",
                    "kind": "event",
                    "module": "sysmon",
                    "provider": "Microsoft-Windows-Sysmon",
                    "type": [
                        "creation"
                    ]
                },
                "file": {
                    "directory": "C:\\Windows\\assembly\\NativeImages_v4.0.30319_32\\Temp\\e20-0",
                    "extension": "dll",
                    "name": "Microsoft.Security.ApplicationId.PolicyManagement.PolicyEngineApi.Interop.dll",
                    "path": "C:\\Windows\\assembly\\NativeImages_v4.0.30319_32\\Temp\\e20-0\\Microsoft.Security.ApplicationId.PolicyManagement.PolicyEngineApi.Interop.dll"
                },
                "host": {
                    "name": "CLIENT1.breach.local"
                },
                "log": {
                    "level": "information"
                },
                "message": "File created:\nRuleName: DLL\nUtcTime: 2022-09-27 14:25:50.482\nProcessGuid: {0e37ca90-07ee-6333-5204-000000000500}\nProcessId: 3616\nImage: C:\\Windows\\Microsoft.NET\\Framework\\v4.0.30319\\mscorsvw.exe\nTargetFilename: C:\\Windows\\assembly\\NativeImages_v4.0.30319_32\\Temp\\e20-0\\Microsoft.Security.ApplicationId.PolicyManagement.PolicyEngineApi.Interop.dll\nCreationUtcTime: 2022-09-27 14:25:50.482\nUser: NT AUTHORITY\\SYSTEM",
                "process": {
                    "entity_id": "{0e37ca90-07ee-6333-5204-000000000500}",
                    "executable": "C:\\Windows\\Microsoft.NET\\Framework\\v4.0.30319\\mscorsvw.exe",
                    "name": "mscorsvw.exe",
                    "pid": 3616
                },
                "rule": {
                    "name": "DLL"
                },
                "winlog": {
                    "api": "wineventlog",
                    "channel": "Microsoft-Windows-Sysmon/Operational",
                    "computer_name": "CLIENT1.breach.local",
                    "event_data": {
                        "CreationUtcTime": "2022-09-27 14:25:50.482",
                        "User": "NT AUTHORITY\\SYSTEM"
                    },
                    "event_id": 11,
                    "opcode": "Info",
                    "process": {
                        "pid": 2076,
                        "thread": {
                            "id": 2556
                        }
                    },
                    "provider_guid": "{5770385f-c22a-43e0-bf4c-06f5698ffbd9}",
                    "provider_name": "Microsoft-Windows-Sysmon",
                    "record_id": 4714,
                    "task": "File created (rule: FileCreate)",
                    "user": {
                        "domain": "NT AUTHORITY",
                        "identifier": "S-1-5-18",
                        "name": "SYSTEM",
                        "type": "User"
                    },
                    "version": 2
                }
            }
        },
        "name": "Suspicious Driver Load from Temp",
        "timestamp": "2022-09-27T14:25:50.482+00:00",
        "authors": [
            "Florian Roth"
        ],
        "level": "high",
        "source": "sigma",
        "status": "experimental",
        "falsepositives": [
            "There is a relevant set of false positives depending on applications in the environment"
        ],
        "id": "2c4523d5-d481-4ed0-8ec3-7fbf0cb41a75",
        "logsource": {
            "category": "driver_load",
            "product": "windows"
        },
        "tags": [
            "attack.persistence",
            "attack.privilege_escalation",
            "attack.t1543.003"
        ]
    },
    {
        "group": "Sigma",
        "kind": "individual",
        "document": {
            "kind": "jsonl",
            "data": {
                "@timestamp": "2022-09-27T14:25:50.778Z",
                "agent": {
                    "ephemeral_id": "f3e67ec5-847a-448b-8ec4-bac040a44990",
                    "hostname": "CLIENT1",
                    "id": "cd699c72-0f46-4cd9-938a-43faf035a44a",
                    "name": "CLIENT1",
                    "type": "winlogbeat",
                    "version": "7.10.2"
                },
                "ecs": {
                    "version": "1.5.0"
                },
                "event": {
                    "action": "File created (rule: FileCreate)",
                    "category": [
                        "file"
                    ],
                    "code": 11,
                    "created": "2022-09-27T14:25:51.448Z",
                    "kind": "event",
                    "module": "sysmon",
                    "provider": "Microsoft-Windows-Sysmon",
                    "type": [
                        "creation"
                    ]
                },
                "file": {
                    "directory": "C:\\Windows\\assembly\\NativeImages_v4.0.30319_32\\Temp\\105c-0",
                    "extension": "dll",
                    "name": "Microsoft.Security.ApplicationId.PolicyManagement.PolicyManager.dll",
                    "path": "C:\\Windows\\assembly\\NativeImages_v4.0.30319_32\\Temp\\105c-0\\Microsoft.Security.ApplicationId.PolicyManagement.PolicyManager.dll"
                },
                "host": {
                    "name": "CLIENT1.breach.local"
                },
                "log": {
                    "level": "information"
                },
                "message": "File created:\nRuleName: DLL\nUtcTime: 2022-09-27 14:25:50.778\nProcessGuid: {0e37ca90-07ee-6333-5404-000000000500}\nProcessId: 4188\nImage: C:\\Windows\\Microsoft.NET\\Framework\\v4.0.30319\\mscorsvw.exe\nTargetFilename: C:\\Windows\\assembly\\NativeImages_v4.0.30319_32\\Temp\\105c-0\\Microsoft.Security.ApplicationId.PolicyManagement.PolicyManager.dll\nCreationUtcTime: 2022-09-27 14:25:50.778\nUser: NT AUTHORITY\\SYSTEM",
                "process": {
                    "entity_id": "{0e37ca90-07ee-6333-5404-000000000500}",
                    "executable": "C:\\Windows\\Microsoft.NET\\Framework\\v4.0.30319\\mscorsvw.exe",
                    "name": "mscorsvw.exe",
                    "pid": 4188
                },
                "rule": {
                    "name": "DLL"
                },
                "winlog": {
                    "api": "wineventlog",
                    "channel": "Microsoft-Windows-Sysmon/Operational",
                    "computer_name": "CLIENT1.breach.local",
                    "event_data": {
                        "CreationUtcTime": "2022-09-27 14:25:50.778",
                        "User": "NT AUTHORITY\\SYSTEM"
                    },
                    "event_id": 11,
                    "opcode": "Info",
                    "process": {
                        "pid": 2076,
                        "thread": {
                            "id": 2556
                        }
                    },
                    "provider_guid": "{5770385f-c22a-43e0-bf4c-06f5698ffbd9}",
                    "provider_name": "Microsoft-Windows-Sysmon",
                    "record_id": 4716,
                    "task": "File created (rule: FileCreate)",
                    "user": {
                        "domain": "NT AUTHORITY",
                        "identifier": "S-1-5-18",
                        "name": "SYSTEM",
                        "type": "User"
                    },
                    "version": 2
                }
            }
        },
        "name": "Suspicious Driver Load from Temp",
        "timestamp": "2022-09-27T14:25:50.778+00:00",
        "authors": [
            "Florian Roth"
        ],
        "level": "high",
        "source": "sigma",
        "status": "experimental",
        "falsepositives": [
            "There is a relevant set of false positives depending on applications in the environment"
        ],
        "id": "2c4523d5-d481-4ed0-8ec3-7fbf0cb41a75",
        "logsource": {
            "category": "driver_load",
            "product": "windows"
        },
        "tags": [
            "attack.persistence",
            "attack.privilege_escalation",
            "attack.t1543.003"
        ]
    },
    {
        "group": "Sigma",
        "kind": "individual",
        "document": {
            "kind": "jsonl",
            "data": {
                "@timestamp": "2022-09-27T14:25:50.956Z",
                "agent": {
                    "ephemeral_id": "f3e67ec5-847a-448b-8ec4-bac040a44990",
                    "hostname": "CLIENT1",
                    "id": "cd699c72-0f46-4cd9-938a-43faf035a44a",
                    "name": "CLIENT1",
                    "type": "winlogbeat",
                    "version": "7.10.2"
                },
                "ecs": {
                    "version": "1.5.0"
                },
                "event": {
                    "action": "File created (rule: FileCreate)",
                    "category": [
                        "file"
                    ],
                    "code": 11,
                    "created": "2022-09-27T14:25:51.448Z",
                    "kind": "event",
                    "module": "sysmon",
                    "provider": "Microsoft-Windows-Sysmon",
                    "type": [
                        "creation"
                    ]
                },
                "file": {
                    "directory": "C:\\Windows\\assembly\\NativeImages_v4.0.30319_32\\Temp\\18d8-0",
                    "extension": "dll",
                    "name": "Microsoft.Security.ApplicationId.PolicyManagement.XmlHelper.dll",
                    "path": "C:\\Windows\\assembly\\NativeImages_v4.0.30319_32\\Temp\\18d8-0\\Microsoft.Security.ApplicationId.PolicyManagement.XmlHelper.dll"
                },
                "host": {
                    "name": "CLIENT1.breach.local"
                },
                "log": {
                    "level": "information"
                },
                "message": "File created:\nRuleName: DLL\nUtcTime: 2022-09-27 14:25:50.956\nProcessGuid: {0e37ca90-07ee-6333-5604-000000000500}\nProcessId: 6360\nImage: C:\\Windows\\Microsoft.NET\\Framework\\v4.0.30319\\mscorsvw.exe\nTargetFilename: C:\\Windows\\assembly\\NativeImages_v4.0.30319_32\\Temp\\18d8-0\\Microsoft.Security.ApplicationId.PolicyManagement.XmlHelper.dll\nCreationUtcTime: 2022-09-27 14:25:50.956\nUser: NT AUTHORITY\\SYSTEM",
                "process": {
                    "entity_id": "{0e37ca90-07ee-6333-5604-000000000500}",
                    "executable": "C:\\Windows\\Microsoft.NET\\Framework\\v4.0.30319\\mscorsvw.exe",
                    "name": "mscorsvw.exe",
                    "pid": 6360
                },
                "rule": {
                    "name": "DLL"
                },
                "winlog": {
                    "api": "wineventlog",
                    "channel": "Microsoft-Windows-Sysmon/Operational",
                    "computer_name": "CLIENT1.breach.local",
                    "event_data": {
                        "CreationUtcTime": "2022-09-27 14:25:50.956",
                        "User": "NT AUTHORITY\\SYSTEM"
                    },
                    "event_id": 11,
                    "opcode": "Info",
                    "process": {
                        "pid": 2076,
                        "thread": {
                            "id": 2556
                        }
                    },
                    "provider_guid": "{5770385f-c22a-43e0-bf4c-06f5698ffbd9}",
                    "provider_name": "Microsoft-Windows-Sysmon",
                    "record_id": 4717,
                    "task": "File created (rule: FileCreate)",
                    "user": {
                        "domain": "NT AUTHORITY",
                        "identifier": "S-1-5-18",
                        "name": "SYSTEM",
                        "type": "User"
                    },
                    "version": 2
                }
            }
        },
        "name": "Suspicious Driver Load from Temp",
        "timestamp": "2022-09-27T14:25:50.956+00:00",
        "authors": [
            "Florian Roth"
        ],
        "level": "high",
        "source": "sigma",
        "status": "experimental",
        "falsepositives": [
            "There is a relevant set of false positives depending on applications in the environment"
        ],
        "id": "2c4523d5-d481-4ed0-8ec3-7fbf0cb41a75",
        "logsource": {
            "category": "driver_load",
            "product": "windows"
        },
        "tags": [
            "attack.persistence",
            "attack.privilege_escalation",
            "attack.t1543.003"
        ]
    },
    {
        "group": "Sigma",
        "kind": "individual",
        "document": {
            "kind": "jsonl",
            "data": {
                "@timestamp": "2022-09-27T14:25:51.219Z",
                "agent": {
                    "ephemeral_id": "f3e67ec5-847a-448b-8ec4-bac040a44990",
                    "hostname": "CLIENT1",
                    "id": "cd699c72-0f46-4cd9-938a-43faf035a44a",
                    "name": "CLIENT1",
                    "type": "winlogbeat",
                    "version": "7.10.2"
                },
                "ecs": {
                    "version": "1.5.0"
                },
                "event": {
                    "action": "File created (rule: FileCreate)",
                    "category": [
                        "file"
                    ],
                    "code": 11,
                    "created": "2022-09-27T14:25:52.462Z",
                    "kind": "event",
                    "module": "sysmon",
                    "provider": "Microsoft-Windows-Sysmon",
                    "type": [
                        "creation"
                    ]
                },
                "file": {
                    "directory": "C:\\Windows\\assembly\\NativeImages_v4.0.30319_32\\Temp\\14b0-0",
                    "extension": "dll",
                    "name": "Microsoft.Security.ApplicationId.Wizards.AutomaticRuleGenerationWizard.dll",
                    "path": "C:\\Windows\\assembly\\NativeImages_v4.0.30319_32\\Temp\\14b0-0\\Microsoft.Security.ApplicationId.Wizards.AutomaticRuleGenerationWizard.dll"
                },
                "host": {
                    "name": "CLIENT1.breach.local"
                },
                "log": {
                    "level": "information"
                },
                "message": "File created:\nRuleName: DLL\nUtcTime: 2022-09-27 14:25:51.219\nProcessGuid: {0e37ca90-07ef-6333-5804-000000000500}\nProcessId: 5296\nImage: C:\\Windows\\Microsoft.NET\\Framework\\v4.0.30319\\mscorsvw.exe\nTargetFilename: C:\\Windows\\assembly\\NativeImages_v4.0.30319_32\\Temp\\14b0-0\\Microsoft.Security.ApplicationId.Wizards.AutomaticRuleGenerationWizard.dll\nCreationUtcTime: 2022-09-27 14:25:51.219\nUser: NT AUTHORITY\\SYSTEM",
                "process": {
                    "entity_id": "{0e37ca90-07ef-6333-5804-000000000500}",
                    "executable": "C:\\Windows\\Microsoft.NET\\Framework\\v4.0.30319\\mscorsvw.exe",
                    "name": "mscorsvw.exe",
                    "pid": 5296
                },
                "rule": {
                    "name": "DLL"
                },
                "winlog": {
                    "api": "wineventlog",
                    "channel": "Microsoft-Windows-Sysmon/Operational",
                    "computer_name": "CLIENT1.breach.local",
                    "event_data": {
                        "CreationUtcTime": "2022-09-27 14:25:51.219",
                        "User": "NT AUTHORITY\\SYSTEM"
                    },
                    "event_id": 11,
                    "opcode": "Info",
                    "process": {
                        "pid": 2076,
                        "thread": {
                            "id": 2556
                        }
                    },
                    "provider_guid": "{5770385f-c22a-43e0-bf4c-06f5698ffbd9}",
                    "provider_name": "Microsoft-Windows-Sysmon",
                    "record_id": 4718,
                    "task": "File created (rule: FileCreate)",
                    "user": {
                        "domain": "NT AUTHORITY",
                        "identifier": "S-1-5-18",
                        "name": "SYSTEM",
                        "type": "User"
                    },
                    "version": 2
                }
            }
        },
        "name": "Suspicious Driver Load from Temp",
        "timestamp": "2022-09-27T14:25:51.219+00:00",
        "authors": [
            "Florian Roth"
        ],
        "level": "high",
        "source": "sigma",
        "status": "experimental",
        "falsepositives": [
            "There is a relevant set of false positives depending on applications in the environment"
        ],
        "id": "2c4523d5-d481-4ed0-8ec3-7fbf0cb41a75",
        "logsource": {
            "category": "driver_load",
            "product": "windows"
        },
        "tags": [
            "attack.persistence",
            "attack.privilege_escalation",
            "attack.t1543.003"
        ]
    },
    {
        "group": "Sigma",
        "kind": "individual",
        "document": {
            "kind": "jsonl",
            "data": {
                "@timestamp": "2022-09-27T14:25:51.377Z",
                "agent": {
                    "ephemeral_id": "f3e67ec5-847a-448b-8ec4-bac040a44990",
                    "hostname": "CLIENT1",
                    "id": "cd699c72-0f46-4cd9-938a-43faf035a44a",
                    "name": "CLIENT1",
                    "type": "winlogbeat",
                    "version": "7.10.2"
                },
                "ecs": {
                    "version": "1.5.0"
                },
                "event": {
                    "action": "File created (rule: FileCreate)",
                    "category": [
                        "file"
                    ],
                    "code": 11,
                    "created": "2022-09-27T14:25:52.462Z",
                    "kind": "event",
                    "module": "sysmon",
                    "provider": "Microsoft-Windows-Sysmon",
                    "type": [
                        "creation"
                    ]
                },
                "file": {
                    "directory": "C:\\Windows\\assembly\\NativeImages_v4.0.30319_32\\Temp\\1760-0",
                    "extension": "dll",
                    "name": "Microsoft.Windows.Diagnosis.Commands.GetDiagInput.dll",
                    "path": "C:\\Windows\\assembly\\NativeImages_v4.0.30319_32\\Temp\\1760-0\\Microsoft.Windows.Diagnosis.Commands.GetDiagInput.dll"
                },
                "host": {
                    "name": "CLIENT1.breach.local"
                },
                "log": {
                    "level": "information"
                },
                "message": "File created:\nRuleName: DLL\nUtcTime: 2022-09-27 14:25:51.377\nProcessGuid: {0e37ca90-07ef-6333-5a04-000000000500}\nProcessId: 5984\nImage: C:\\Windows\\Microsoft.NET\\Framework\\v4.0.30319\\mscorsvw.exe\nTargetFilename: C:\\Windows\\assembly\\NativeImages_v4.0.30319_32\\Temp\\1760-0\\Microsoft.Windows.Diagnosis.Commands.GetDiagInput.dll\nCreationUtcTime: 2022-09-27 14:25:51.377\nUser: NT AUTHORITY\\SYSTEM",
                "process": {
                    "entity_id": "{0e37ca90-07ef-6333-5a04-000000000500}",
                    "executable": "C:\\Windows\\Microsoft.NET\\Framework\\v4.0.30319\\mscorsvw.exe",
                    "name": "mscorsvw.exe",
                    "pid": 5984
                },
                "rule": {
                    "name": "DLL"
                },
                "winlog": {
                    "api": "wineventlog",
                    "channel": "Microsoft-Windows-Sysmon/Operational",
                    "computer_name": "CLIENT1.breach.local",
                    "event_data": {
                        "CreationUtcTime": "2022-09-27 14:25:51.377",
                        "User": "NT AUTHORITY\\SYSTEM"
                    },
                    "event_id": 11,
                    "opcode": "Info",
                    "process": {
                        "pid": 2076,
                        "thread": {
                            "id": 2556
                        }
                    },
                    "provider_guid": "{5770385f-c22a-43e0-bf4c-06f5698ffbd9}",
                    "provider_name": "Microsoft-Windows-Sysmon",
                    "record_id": 4719,
                    "task": "File created (rule: FileCreate)",
                    "user": {
                        "domain": "NT AUTHORITY",
                        "identifier": "S-1-5-18",
                        "name": "SYSTEM",
                        "type": "User"
                    },
                    "version": 2
                }
            }
        },
        "name": "Suspicious Driver Load from Temp",
        "timestamp": "2022-09-27T14:25:51.377+00:00",
        "authors": [
            "Florian Roth"
        ],
        "level": "high",
        "source": "sigma",
        "status": "experimental",
        "falsepositives": [
            "There is a relevant set of false positives depending on applications in the environment"
        ],
        "id": "2c4523d5-d481-4ed0-8ec3-7fbf0cb41a75",
        "logsource": {
            "category": "driver_load",
            "product": "windows"
        },
        "tags": [
            "attack.persistence",
            "attack.privilege_escalation",
            "attack.t1543.003"
        ]
    },
    {
        "group": "Sigma",
        "kind": "individual",
        "document": {
            "kind": "jsonl",
            "data": {
                "@timestamp": "2022-09-27T14:25:51.559Z",
                "agent": {
                    "ephemeral_id": "f3e67ec5-847a-448b-8ec4-bac040a44990",
                    "hostname": "CLIENT1",
                    "id": "cd699c72-0f46-4cd9-938a-43faf035a44a",
                    "name": "CLIENT1",
                    "type": "winlogbeat",
                    "version": "7.10.2"
                },
                "ecs": {
                    "version": "1.5.0"
                },
                "event": {
                    "action": "File created (rule: FileCreate)",
                    "category": [
                        "file"
                    ],
                    "code": 11,
                    "created": "2022-09-27T14:25:52.462Z",
                    "kind": "event",
                    "module": "sysmon",
                    "provider": "Microsoft-Windows-Sysmon",
                    "type": [
                        "creation"
                    ]
                },
                "file": {
                    "directory": "C:\\Windows\\assembly\\NativeImages_v4.0.30319_32\\Temp\\bc8-0",
                    "extension": "dll",
                    "name": "Microsoft.Windows.Diagnosis.Commands.UpdateDiagReport.dll",
                    "path": "C:\\Windows\\assembly\\NativeImages_v4.0.30319_32\\Temp\\bc8-0\\Microsoft.Windows.Diagnosis.Commands.UpdateDiagReport.dll"
                },
                "host": {
                    "name": "CLIENT1.breach.local"
                },
                "log": {
                    "level": "information"
                },
                "message": "File created:\nRuleName: DLL\nUtcTime: 2022-09-27 14:25:51.559\nProcessGuid: {0e37ca90-07ef-6333-5c04-000000000500}\nProcessId: 3016\nImage: C:\\Windows\\Microsoft.NET\\Framework\\v4.0.30319\\mscorsvw.exe\nTargetFilename: C:\\Windows\\assembly\\NativeImages_v4.0.30319_32\\Temp\\bc8-0\\Microsoft.Windows.Diagnosis.Commands.UpdateDiagReport.dll\nCreationUtcTime: 2022-09-27 14:25:51.559\nUser: NT AUTHORITY\\SYSTEM",
                "process": {
                    "entity_id": "{0e37ca90-07ef-6333-5c04-000000000500}",
                    "executable": "C:\\Windows\\Microsoft.NET\\Framework\\v4.0.30319\\mscorsvw.exe",
                    "name": "mscorsvw.exe",
                    "pid": 3016
                },
                "rule": {
                    "name": "DLL"
                },
                "winlog": {
                    "api": "wineventlog",
                    "channel": "Microsoft-Windows-Sysmon/Operational",
                    "computer_name": "CLIENT1.breach.local",
                    "event_data": {
                        "CreationUtcTime": "2022-09-27 14:25:51.559",
                        "User": "NT AUTHORITY\\SYSTEM"
                    },
                    "event_id": 11,
                    "opcode": "Info",
                    "process": {
                        "pid": 2076,
                        "thread": {
                            "id": 2556
                        }
                    },
                    "provider_guid": "{5770385f-c22a-43e0-bf4c-06f5698ffbd9}",
                    "provider_name": "Microsoft-Windows-Sysmon",
                    "record_id": 4720,
                    "task": "File created (rule: FileCreate)",
                    "user": {
                        "domain": "NT AUTHORITY",
                        "identifier": "S-1-5-18",
                        "name": "SYSTEM",
                        "type": "User"
                    },
                    "version": 2
                }
            }
        },
        "name": "Suspicious Driver Load from Temp",
        "timestamp": "2022-09-27T14:25:51.559+00:00",
        "authors": [
            "Florian Roth"
        ],
        "level": "high",
        "source": "sigma",
        "status": "experimental",
        "falsepositives": [
            "There is a relevant set of false positives depending on applications in the environment"
        ],
        "id": "2c4523d5-d481-4ed0-8ec3-7fbf0cb41a75",
        "logsource": {
            "category": "driver_load",
            "product": "windows"
        },
        "tags": [
            "attack.persistence",
            "attack.privilege_escalation",
            "attack.t1543.003"
        ]
    },
    {
        "group": "Sigma",
        "kind": "individual",
        "document": {
            "kind": "jsonl",
            "data": {
                "@timestamp": "2022-09-27T14:25:51.718Z",
                "agent": {
                    "ephemeral_id": "f3e67ec5-847a-448b-8ec4-bac040a44990",
                    "hostname": "CLIENT1",
                    "id": "cd699c72-0f46-4cd9-938a-43faf035a44a",
                    "name": "CLIENT1",
                    "type": "winlogbeat",
                    "version": "7.10.2"
                },
                "ecs": {
                    "version": "1.5.0"
                },
                "event": {
                    "action": "File created (rule: FileCreate)",
                    "category": [
                        "file"
                    ],
                    "code": 11,
                    "created": "2022-09-27T14:25:52.462Z",
                    "kind": "event",
                    "module": "sysmon",
                    "provider": "Microsoft-Windows-Sysmon",
                    "type": [
                        "creation"
                    ]
                },
                "file": {
                    "directory": "C:\\Windows\\assembly\\NativeImages_v4.0.30319_32\\Temp\\1850-0",
                    "extension": "dll",
                    "name": "Microsoft.Windows.Diagnosis.Commands.UpdateDiagRootcause.dll",
                    "path": "C:\\Windows\\assembly\\NativeImages_v4.0.30319_32\\Temp\\1850-0\\Microsoft.Windows.Diagnosis.Commands.UpdateDiagRootcause.dll"
                },
                "host": {
                    "name": "CLIENT1.breach.local"
                },
                "log": {
                    "level": "information"
                },
                "message": "File created:\nRuleName: DLL\nUtcTime: 2022-09-27 14:25:51.718\nProcessGuid: {0e37ca90-07ef-6333-5e04-000000000500}\nProcessId: 6224\nImage: C:\\Windows\\Microsoft.NET\\Framework\\v4.0.30319\\mscorsvw.exe\nTargetFilename: C:\\Windows\\assembly\\NativeImages_v4.0.30319_32\\Temp\\1850-0\\Microsoft.Windows.Diagnosis.Commands.UpdateDiagRootcause.dll\nCreationUtcTime: 2022-09-27 14:25:51.718\nUser: NT AUTHORITY\\SYSTEM",
                "process": {
                    "entity_id": "{0e37ca90-07ef-6333-5e04-000000000500}",
                    "executable": "C:\\Windows\\Microsoft.NET\\Framework\\v4.0.30319\\mscorsvw.exe",
                    "name": "mscorsvw.exe",
                    "pid": 6224
                },
                "rule": {
                    "name": "DLL"
                },
                "winlog": {
                    "api": "wineventlog",
                    "channel": "Microsoft-Windows-Sysmon/Operational",
                    "computer_name": "CLIENT1.breach.local",
                    "event_data": {
                        "CreationUtcTime": "2022-09-27 14:25:51.718",
                        "User": "NT AUTHORITY\\SYSTEM"
                    },
                    "event_id": 11,
                    "opcode": "Info",
                    "process": {
                        "pid": 2076,
                        "thread": {
                            "id": 2556
                        }
                    },
                    "provider_guid": "{5770385f-c22a-43e0-bf4c-06f5698ffbd9}",
                    "provider_name": "Microsoft-Windows-Sysmon",
                    "record_id": 4721,
                    "task": "File created (rule: FileCreate)",
                    "user": {
                        "domain": "NT AUTHORITY",
                        "identifier": "S-1-5-18",
                        "name": "SYSTEM",
                        "type": "User"
                    },
                    "version": 2
                }
            }
        },
        "name": "Suspicious Driver Load from Temp",
        "timestamp": "2022-09-27T14:25:51.718+00:00",
        "authors": [
            "Florian Roth"
        ],
        "level": "high",
        "source": "sigma",
        "status": "experimental",
        "falsepositives": [
            "There is a relevant set of false positives depending on applications in the environment"
        ],
        "id": "2c4523d5-d481-4ed0-8ec3-7fbf0cb41a75",
        "logsource": {
            "category": "driver_load",
            "product": "windows"
        },
        "tags": [
            "attack.persistence",
            "attack.privilege_escalation",
            "attack.t1543.003"
        ]
    },
    {
        "group": "Sigma",
        "kind": "individual",
        "document": {
            "kind": "jsonl",
            "data": {
                "@timestamp": "2022-09-27T14:25:51.887Z",
                "agent": {
                    "ephemeral_id": "f3e67ec5-847a-448b-8ec4-bac040a44990",
                    "hostname": "CLIENT1",
                    "id": "cd699c72-0f46-4cd9-938a-43faf035a44a",
                    "name": "CLIENT1",
                    "type": "winlogbeat",
                    "version": "7.10.2"
                },
                "ecs": {
                    "version": "1.5.0"
                },
                "event": {
                    "action": "File created (rule: FileCreate)",
                    "category": [
                        "file"
                    ],
                    "code": 11,
                    "created": "2022-09-27T14:25:52.462Z",
                    "kind": "event",
                    "module": "sysmon",
                    "provider": "Microsoft-Windows-Sysmon",
                    "type": [
                        "creation"
                    ]
                },
                "file": {
                    "directory": "C:\\Windows\\assembly\\NativeImages_v4.0.30319_32\\Temp\\169c-0",
                    "extension": "dll",
                    "name": "Microsoft.Windows.Diagnosis.Commands.WriteDiagProgress.dll",
                    "path": "C:\\Windows\\assembly\\NativeImages_v4.0.30319_32\\Temp\\169c-0\\Microsoft.Windows.Diagnosis.Commands.WriteDiagProgress.dll"
                },
                "host": {
                    "name": "CLIENT1.breach.local"
                },
                "log": {
                    "level": "information"
                },
                "message": "File created:\nRuleName: DLL\nUtcTime: 2022-09-27 14:25:51.887\nProcessGuid: {0e37ca90-07ef-6333-6004-000000000500}\nProcessId: 5788\nImage: C:\\Windows\\Microsoft.NET\\Framework\\v4.0.30319\\mscorsvw.exe\nTargetFilename: C:\\Windows\\assembly\\NativeImages_v4.0.30319_32\\Temp\\169c-0\\Microsoft.Windows.Diagnosis.Commands.WriteDiagProgress.dll\nCreationUtcTime: 2022-09-27 14:25:51.887\nUser: NT AUTHORITY\\SYSTEM",
                "process": {
                    "entity_id": "{0e37ca90-07ef-6333-6004-000000000500}",
                    "executable": "C:\\Windows\\Microsoft.NET\\Framework\\v4.0.30319\\mscorsvw.exe",
                    "name": "mscorsvw.exe",
                    "pid": 5788
                },
                "rule": {
                    "name": "DLL"
                },
                "winlog": {
                    "api": "wineventlog",
                    "channel": "Microsoft-Windows-Sysmon/Operational",
                    "computer_name": "CLIENT1.breach.local",
                    "event_data": {
                        "CreationUtcTime": "2022-09-27 14:25:51.887",
                        "User": "NT AUTHORITY\\SYSTEM"
                    },
                    "event_id": 11,
                    "opcode": "Info",
                    "process": {
                        "pid": 2076,
                        "thread": {
                            "id": 2556
                        }
                    },
                    "provider_guid": "{5770385f-c22a-43e0-bf4c-06f5698ffbd9}",
                    "provider_name": "Microsoft-Windows-Sysmon",
                    "record_id": 4722,
                    "task": "File created (rule: FileCreate)",
                    "user": {
                        "domain": "NT AUTHORITY",
                        "identifier": "S-1-5-18",
                        "name": "SYSTEM",
                        "type": "User"
                    },
                    "version": 2
                }
            }
        },
        "name": "Suspicious Driver Load from Temp",
        "timestamp": "2022-09-27T14:25:51.887+00:00",
        "authors": [
            "Florian Roth"
        ],
        "level": "high",
        "source": "sigma",
        "status": "experimental",
        "falsepositives": [
            "There is a relevant set of false positives depending on applications in the environment"
        ],
        "id": "2c4523d5-d481-4ed0-8ec3-7fbf0cb41a75",
        "logsource": {
            "category": "driver_load",
            "product": "windows"
        },
        "tags": [
            "attack.persistence",
            "attack.privilege_escalation",
            "attack.t1543.003"
        ]
    },
    {
        "group": "Sigma",
        "kind": "individual",
        "document": {
            "kind": "jsonl",
            "data": {
                "@timestamp": "2022-09-27T14:25:52.045Z",
                "agent": {
                    "ephemeral_id": "f3e67ec5-847a-448b-8ec4-bac040a44990",
                    "hostname": "CLIENT1",
                    "id": "cd699c72-0f46-4cd9-938a-43faf035a44a",
                    "name": "CLIENT1",
                    "type": "winlogbeat",
                    "version": "7.10.2"
                },
                "ecs": {
                    "version": "1.5.0"
                },
                "event": {
                    "action": "File created (rule: FileCreate)",
                    "category": [
                        "file"
                    ],
                    "code": 11,
                    "created": "2022-09-27T14:25:52.462Z",
                    "kind": "event",
                    "module": "sysmon",
                    "provider": "Microsoft-Windows-Sysmon",
                    "type": [
                        "creation"
                    ]
                },
                "file": {
                    "directory": "C:\\Windows\\assembly\\NativeImages_v4.0.30319_32\\Temp\\1884-0",
                    "extension": "dll",
                    "name": "Microsoft.Windows.Diagnosis.Commands.WriteDiagTelemetry.dll",
                    "path": "C:\\Windows\\assembly\\NativeImages_v4.0.30319_32\\Temp\\1884-0\\Microsoft.Windows.Diagnosis.Commands.WriteDiagTelemetry.dll"
                },
                "host": {
                    "name": "CLIENT1.breach.local"
                },
                "log": {
                    "level": "information"
                },
                "message": "File created:\nRuleName: DLL\nUtcTime: 2022-09-27 14:25:52.045\nProcessGuid: {0e37ca90-07ef-6333-6204-000000000500}\nProcessId: 6276\nImage: C:\\Windows\\Microsoft.NET\\Framework\\v4.0.30319\\mscorsvw.exe\nTargetFilename: C:\\Windows\\assembly\\NativeImages_v4.0.30319_32\\Temp\\1884-0\\Microsoft.Windows.Diagnosis.Commands.WriteDiagTelemetry.dll\nCreationUtcTime: 2022-09-27 14:25:52.045\nUser: NT AUTHORITY\\SYSTEM",
                "process": {
                    "entity_id": "{0e37ca90-07ef-6333-6204-000000000500}",
                    "executable": "C:\\Windows\\Microsoft.NET\\Framework\\v4.0.30319\\mscorsvw.exe",
                    "name": "mscorsvw.exe",
                    "pid": 6276
                },
                "rule": {
                    "name": "DLL"
                },
                "winlog": {
                    "api": "wineventlog",
                    "channel": "Microsoft-Windows-Sysmon/Operational",
                    "computer_name": "CLIENT1.breach.local",
                    "event_data": {
                        "CreationUtcTime": "2022-09-27 14:25:52.045",
                        "User": "NT AUTHORITY\\SYSTEM"
                    },
                    "event_id": 11,
                    "opcode": "Info",
                    "process": {
                        "pid": 2076,
                        "thread": {
                            "id": 2556
                        }
                    },
                    "provider_guid": "{5770385f-c22a-43e0-bf4c-06f5698ffbd9}",
                    "provider_name": "Microsoft-Windows-Sysmon",
                    "record_id": 4723,
                    "task": "File created (rule: FileCreate)",
                    "user": {
                        "domain": "NT AUTHORITY",
                        "identifier": "S-1-5-18",
                        "name": "SYSTEM",
                        "type": "User"
                    },
                    "version": 2
                }
            }
        },
        "name": "Suspicious Driver Load from Temp",
        "timestamp": "2022-09-27T14:25:52.045+00:00",
        "authors": [
            "Florian Roth"
        ],
        "level": "high",
        "source": "sigma",
        "status": "experimental",
        "falsepositives": [
            "There is a relevant set of false positives depending on applications in the environment"
        ],
        "id": "2c4523d5-d481-4ed0-8ec3-7fbf0cb41a75",
        "logsource": {
            "category": "driver_load",
            "product": "windows"
        },
        "tags": [
            "attack.persistence",
            "attack.privilege_escalation",
            "attack.t1543.003"
        ]
    },
