    {
        "group": "Sigma",
        "kind": "individual",
        "document": {
            "kind": "jsonl",
            "data": {
                "@timestamp": "2022-09-27T13:00:28.644Z",
                "agent": {
                    "ephemeral_id": "f3e67ec5-847a-448b-8ec4-bac040a44990",
                    "hostname": "CLIENT1",
                    "id": "cd699c72-0f46-4cd9-938a-43faf035a44a",
                    "name": "CLIENT1",
                    "type": "winlogbeat",
                    "version": "7.10.2"
                },
                "ecs": {
                    "version": "1.5.0"
                },
                "event": {
                    "action": "File created (rule: FileCreate)",
                    "category": [
                        "file"
                    ],
                    "code": 11,
                    "created": "2022-09-27T13:00:29.747Z",
                    "kind": "event",
                    "module": "sysmon",
                    "provider": "Microsoft-Windows-Sysmon",
                    "type": [
                        "creation"
                    ]
                },
                "file": {
                    "directory": "C:\\Users\\client1\\AppData\\Local\\Temp\\tmpdxryc1cq.noscript.xpi\\chrome",
                    "extension": "jar",
                    "name": "noscript.jar",
                    "path": "C:\\Users\\client1\\AppData\\Local\\Temp\\tmpdxryc1cq.noscript.xpi\\chrome\\noscript.jar"
                },
                "host": {
                    "name": "CLIENT1.breach.local"
                },
                "log": {
                    "level": "information"
                },
                "message": "File created:\nRuleName: -\nUtcTime: 2022-09-27 13:00:28.644\nProcessGuid: {0e37ca90-ebe4-6332-8800-000000000500}\nProcessId: 5840\nImage: C:\\Python37\\python.exe\nTargetFilename: C:\\Users\\client1\\AppData\\Local\\Temp\\tmpdxryc1cq.noscript.xpi\\chrome\\noscript.jar\nCreationUtcTime: 2022-09-27 13:00:28.644\nUser: BREACH\\client1",
                "process": {
                    "entity_id": "{0e37ca90-ebe4-6332-8800-000000000500}",
                    "executable": "C:\\Python37\\python.exe",
                    "name": "python.exe",
                    "pid": 5840
                },
                "winlog": {
                    "api": "wineventlog",
                    "channel": "Microsoft-Windows-Sysmon/Operational",
                    "computer_name": "CLIENT1.breach.local",
                    "event_data": {
                        "CreationUtcTime": "2022-09-27 13:00:28.644",
                        "RuleName": "-",
                        "User": "BREACH\\client1"
                    },
                    "event_id": 11,
                    "opcode": "Info",
                    "process": {
                        "pid": 2076,
                        "thread": {
                            "id": 2556
                        }
                    },
                    "provider_guid": "{5770385f-c22a-43e0-bf4c-06f5698ffbd9}",
                    "provider_name": "Microsoft-Windows-Sysmon",
                    "record_id": 3069,
                    "task": "File created (rule: FileCreate)",
                    "user": {
                        "domain": "NT AUTHORITY",
                        "identifier": "S-1-5-18",
                        "name": "SYSTEM",
                        "type": "User"
                    },
                    "version": 2
                }
            }
        },
        "name": "Suspicious Driver Load from Temp",
        "timestamp": "2022-09-27T13:00:28.644+00:00",
        "authors": [
            "Florian Roth"
        ],
        "level": "high",
        "source": "sigma",
        "status": "experimental",
        "falsepositives": [
            "There is a relevant set of false positives depending on applications in the environment"
        ],
        "id": "2c4523d5-d481-4ed0-8ec3-7fbf0cb41a75",
        "logsource": {
            "category": "driver_load",
            "product": "windows"
        },
        "tags": [
            "attack.persistence",
            "attack.privilege_escalation",
            "attack.t1543.003"
        ]
    },
    {
        "group": "Sigma",
        "kind": "individual",
        "document": {
            "kind": "jsonl",
            "data": {
                "@timestamp": "2022-09-27T13:00:28.660Z",
                "agent": {
                    "ephemeral_id": "f3e67ec5-847a-448b-8ec4-bac040a44990",
                    "hostname": "CLIENT1",
                    "id": "cd699c72-0f46-4cd9-938a-43faf035a44a",
                    "name": "CLIENT1",
                    "type": "winlogbeat",
                    "version": "7.10.2"
                },
                "ecs": {
                    "version": "1.5.0"
                },
                "event": {
                    "action": "File created (rule: FileCreate)",
                    "category": [
                        "file"
                    ],
                    "code": 11,
                    "created": "2022-09-27T13:00:29.747Z",
                    "kind": "event",
                    "module": "sysmon",
                    "provider": "Microsoft-Windows-Sysmon",
                    "type": [
                        "creation"
                    ]
                },
                "file": {
                    "directory": "C:\\Users\\client1\\AppData\\Local\\Temp\\tmp6t8erueg\\extensions\\{73a6fe31-595d-460b-a920-fcc0f8843232}\\chrome",
                    "extension": "jar",
                    "name": "noscript.jar",
                    "path": "C:\\Users\\client1\\AppData\\Local\\Temp\\tmp6t8erueg\\extensions\\{73a6fe31-595d-460b-a920-fcc0f8843232}\\chrome\\noscript.jar"
                },
                "host": {
                    "name": "CLIENT1.breach.local"
                },
                "log": {
                    "level": "information"
                },
                "message": "File created:\nRuleName: -\nUtcTime: 2022-09-27 13:00:28.660\nProcessGuid: {0e37ca90-ebe4-6332-8800-000000000500}\nProcessId: 5840\nImage: C:\\Python37\\python.exe\nTargetFilename: C:\\Users\\client1\\AppData\\Local\\Temp\\tmp6t8erueg\\extensions\\{73a6fe31-595d-460b-a920-fcc0f8843232}\\chrome\\noscript.jar\nCreationUtcTime: 2022-09-27 13:00:28.660\nUser: BREACH\\client1",
                "process": {
                    "entity_id": "{0e37ca90-ebe4-6332-8800-000000000500}",
                    "executable": "C:\\Python37\\python.exe",
                    "name": "python.exe",
                    "pid": 5840
                },
                "winlog": {
                    "api": "wineventlog",
                    "channel": "Microsoft-Windows-Sysmon/Operational",
                    "computer_name": "CLIENT1.breach.local",
                    "event_data": {
                        "CreationUtcTime": "2022-09-27 13:00:28.660",
                        "RuleName": "-",
                        "User": "BREACH\\client1"
                    },
                    "event_id": 11,
                    "opcode": "Info",
                    "process": {
                        "pid": 2076,
                        "thread": {
                            "id": 2556
                        }
                    },
                    "provider_guid": "{5770385f-c22a-43e0-bf4c-06f5698ffbd9}",
                    "provider_name": "Microsoft-Windows-Sysmon",
                    "record_id": 3070,
                    "task": "File created (rule: FileCreate)",
                    "user": {
                        "domain": "NT AUTHORITY",
                        "identifier": "S-1-5-18",
                        "name": "SYSTEM",
                        "type": "User"
                    },
                    "version": 2
                }
            }
        },
        "name": "Suspicious Driver Load from Temp",
        "timestamp": "2022-09-27T13:00:28.660+00:00",
        "authors": [
            "Florian Roth"
        ],
        "level": "high",
        "source": "sigma",
        "status": "experimental",
        "falsepositives": [
            "There is a relevant set of false positives depending on applications in the environment"
        ],
        "id": "2c4523d5-d481-4ed0-8ec3-7fbf0cb41a75",
        "logsource": {
            "category": "driver_load",
            "product": "windows"
        },
        "tags": [
            "attack.persistence",
            "attack.privilege_escalation",
            "attack.t1543.003"
        ]
    },
    {
        "group": "Sigma",
        "kind": "individual",
        "document": {
            "kind": "jsonl",
            "data": {
                "@timestamp": "2022-09-27T13:00:31.799Z",
                "agent": {
                    "ephemeral_id": "f3e67ec5-847a-448b-8ec4-bac040a44990",
                    "hostname": "CLIENT1",
                    "id": "cd699c72-0f46-4cd9-938a-43faf035a44a",
                    "name": "CLIENT1",
                    "type": "winlogbeat",
                    "version": "7.10.2"
                },
                "ecs": {
                    "version": "1.5.0"
                },
                "event": {
                    "action": "File created (rule: FileCreate)",
                    "category": [
                        "file"
                    ],
                    "code": 11,
                    "created": "2022-09-27T13:00:34.160Z",
                    "kind": "event",
                    "module": "sysmon",
                    "provider": "Microsoft-Windows-Sysmon",
                    "type": [
                        "creation"
                    ]
                },
                "file": {
                    "directory": "C:\\Users\\client1\\AppData\\Local\\Temp\\rust_mozprofileu403AT\\extensions\\{73a6fe31-595d-460b-a920-fcc0f8843232}\\chrome",
                    "extension": "jar",
                    "name": "noscript.jar",
                    "path": "C:\\Users\\client1\\AppData\\Local\\Temp\\rust_mozprofileu403AT\\extensions\\{73a6fe31-595d-460b-a920-fcc0f8843232}\\chrome\\noscript.jar"
                },
                "host": {
                    "name": "CLIENT1.breach.local"
                },
                "log": {
                    "level": "information"
                },
                "message": "File created:\nRuleName: -\nUtcTime: 2022-09-27 13:00:31.799\nProcessGuid: {0e37ca90-f3ec-6332-2903-000000000500}\nProcessId: 4652\nImage: C:\\Python37\\geckodriver.exe\nTargetFilename: C:\\Users\\client1\\AppData\\Local\\Temp\\rust_mozprofileu403AT\\extensions\\{73a6fe31-595d-460b-a920-fcc0f8843232}\\chrome\\noscript.jar\nCreationUtcTime: 2022-09-27 13:00:31.799\nUser: BREACH\\client1",
                "process": {
                    "entity_id": "{0e37ca90-f3ec-6332-2903-000000000500}",
                    "executable": "C:\\Python37\\geckodriver.exe",
                    "name": "geckodriver.exe",
                    "pid": 4652
                },
                "winlog": {
                    "api": "wineventlog",
                    "channel": "Microsoft-Windows-Sysmon/Operational",
                    "computer_name": "CLIENT1.breach.local",
                    "event_data": {
                        "CreationUtcTime": "2022-09-27 13:00:31.799",
                        "RuleName": "-",
                        "User": "BREACH\\client1"
                    },
                    "event_id": 11,
                    "opcode": "Info",
                    "process": {
                        "pid": 2076,
                        "thread": {
                            "id": 2556
                        }
                    },
                    "provider_guid": "{5770385f-c22a-43e0-bf4c-06f5698ffbd9}",
                    "provider_name": "Microsoft-Windows-Sysmon",
                    "record_id": 3073,
                    "task": "File created (rule: FileCreate)",
                    "user": {
                        "domain": "NT AUTHORITY",
                        "identifier": "S-1-5-18",
                        "name": "SYSTEM",
                        "type": "User"
                    },
                    "version": 2
                }
            }
        },
        "name": "Suspicious Driver Load from Temp",
        "timestamp": "2022-09-27T13:00:31.799+00:00",
        "authors": [
            "Florian Roth"
        ],
        "level": "high",
        "source": "sigma",
        "status": "experimental",
        "falsepositives": [
            "There is a relevant set of false positives depending on applications in the environment"
        ],
        "id": "2c4523d5-d481-4ed0-8ec3-7fbf0cb41a75",
        "logsource": {
            "category": "driver_load",
            "product": "windows"
        },
        "tags": [
            "attack.persistence",
            "attack.privilege_escalation",
            "attack.t1543.003"
        ]
    },
    {
        "group": "Sigma",
        "kind": "individual",
        "document": {
            "kind": "jsonl",
            "data": {
                "@timestamp": "2022-09-27T13:00:34.505Z",
                "agent": {
                    "ephemeral_id": "f3e67ec5-847a-448b-8ec4-bac040a44990",
                    "hostname": "CLIENT1",
                    "id": "cd699c72-0f46-4cd9-938a-43faf035a44a",
                    "name": "CLIENT1",
                    "type": "winlogbeat",
                    "version": "7.10.2"
                },
                "ecs": {
                    "version": "1.5.0"
                },
                "event": {
                    "action": "File created (rule: FileCreate)",
                    "category": [
                        "file"
                    ],
                    "code": 11,
                    "created": "2022-09-27T13:00:35.183Z",
                    "kind": "event",
                    "module": "sysmon",
                    "provider": "Microsoft-Windows-Sysmon",
                    "type": [
                        "creation"
                    ]
                },
                "file": {
                    "directory": "C:\\Users\\client1\\AppData\\Local\\Temp\\tmpoqml8pr0.noscript.xpi\\chrome",
                    "extension": "jar",
                    "name": "noscript.jar",
                    "path": "C:\\Users\\client1\\AppData\\Local\\Temp\\tmpoqml8pr0.noscript.xpi\\chrome\\noscript.jar"
                },
                "host": {
                    "name": "CLIENT1.breach.local"
                },
                "log": {
                    "level": "information"
                },
                "message": "File created:\nRuleName: -\nUtcTime: 2022-09-27 13:00:34.505\nProcessGuid: {0e37ca90-ebe4-6332-8800-000000000500}\nProcessId: 5840\nImage: C:\\Python37\\python.exe\nTargetFilename: C:\\Users\\client1\\AppData\\Local\\Temp\\tmpoqml8pr0.noscript.xpi\\chrome\\noscript.jar\nCreationUtcTime: 2022-09-27 13:00:34.505\nUser: BREACH\\client1",
                "process": {
                    "entity_id": "{0e37ca90-ebe4-6332-8800-000000000500}",
                    "executable": "C:\\Python37\\python.exe",
                    "name": "python.exe",
                    "pid": 5840
                },
                "winlog": {
                    "api": "wineventlog",
                    "channel": "Microsoft-Windows-Sysmon/Operational",
                    "computer_name": "CLIENT1.breach.local",
                    "event_data": {
                        "CreationUtcTime": "2022-09-27 13:00:34.505",
                        "RuleName": "-",
                        "User": "BREACH\\client1"
                    },
                    "event_id": 11,
                    "opcode": "Info",
                    "process": {
                        "pid": 2076,
                        "thread": {
                            "id": 2556
                        }
                    },
                    "provider_guid": "{5770385f-c22a-43e0-bf4c-06f5698ffbd9}",
                    "provider_name": "Microsoft-Windows-Sysmon",
                    "record_id": 3083,
                    "task": "File created (rule: FileCreate)",
                    "user": {
                        "domain": "NT AUTHORITY",
                        "identifier": "S-1-5-18",
                        "name": "SYSTEM",
                        "type": "User"
                    },
                    "version": 2
                }
            }
        },
        "name": "Suspicious Driver Load from Temp",
        "timestamp": "2022-09-27T13:00:34.505+00:00",
        "authors": [
            "Florian Roth"
        ],
        "level": "high",
        "source": "sigma",
        "status": "experimental",
        "falsepositives": [
            "There is a relevant set of false positives depending on applications in the environment"
        ],
        "id": "2c4523d5-d481-4ed0-8ec3-7fbf0cb41a75",
        "logsource": {
            "category": "driver_load",
            "product": "windows"
        },
        "tags": [
            "attack.persistence",
            "attack.privilege_escalation",
            "attack.t1543.003"
        ]
    },
    {
        "group": "Sigma",
        "kind": "individual",
        "document": {
            "kind": "jsonl",
            "data": {
                "@timestamp": "2022-09-27T13:00:34.505Z",
                "agent": {
                    "ephemeral_id": "f3e67ec5-847a-448b-8ec4-bac040a44990",
                    "hostname": "CLIENT1",
                    "id": "cd699c72-0f46-4cd9-938a-43faf035a44a",
                    "name": "CLIENT1",
                    "type": "winlogbeat",
                    "version": "7.10.2"
                },
                "ecs": {
                    "version": "1.5.0"
                },
                "event": {
                    "action": "File created (rule: FileCreate)",
                    "category": [
                        "file"
                    ],
                    "code": 11,
                    "created": "2022-09-27T13:00:35.183Z",
                    "kind": "event",
                    "module": "sysmon",
                    "provider": "Microsoft-Windows-Sysmon",
                    "type": [
                        "creation"
                    ]
                },
                "file": {
                    "directory": "C:\\Users\\client1\\AppData\\Local\\Temp\\tmpk52gqqka\\extensions\\{73a6fe31-595d-460b-a920-fcc0f8843232}\\chrome",
                    "extension": "jar",
                    "name": "noscript.jar",
                    "path": "C:\\Users\\client1\\AppData\\Local\\Temp\\tmpk52gqqka\\extensions\\{73a6fe31-595d-460b-a920-fcc0f8843232}\\chrome\\noscript.jar"
                },
                "host": {
                    "name": "CLIENT1.breach.local"
                },
                "log": {
                    "level": "information"
                },
                "message": "File created:\nRuleName: -\nUtcTime: 2022-09-27 13:00:34.505\nProcessGuid: {0e37ca90-ebe4-6332-8800-000000000500}\nProcessId: 5840\nImage: C:\\Python37\\python.exe\nTargetFilename: C:\\Users\\client1\\AppData\\Local\\Temp\\tmpk52gqqka\\extensions\\{73a6fe31-595d-460b-a920-fcc0f8843232}\\chrome\\noscript.jar\nCreationUtcTime: 2022-09-27 13:00:34.505\nUser: BREACH\\client1",
                "process": {
                    "entity_id": "{0e37ca90-ebe4-6332-8800-000000000500}",
                    "executable": "C:\\Python37\\python.exe",
                    "name": "python.exe",
                    "pid": 5840
                },
                "winlog": {
                    "api": "wineventlog",
                    "channel": "Microsoft-Windows-Sysmon/Operational",
                    "computer_name": "CLIENT1.breach.local",
                    "event_data": {
                        "CreationUtcTime": "2022-09-27 13:00:34.505",
                        "RuleName": "-",
                        "User": "BREACH\\client1"
                    },
                    "event_id": 11,
                    "opcode": "Info",
                    "process": {
                        "pid": 2076,
                        "thread": {
                            "id": 2556
                        }
                    },
                    "provider_guid": "{5770385f-c22a-43e0-bf4c-06f5698ffbd9}",
                    "provider_name": "Microsoft-Windows-Sysmon",
                    "record_id": 3084,
                    "task": "File created (rule: FileCreate)",
                    "user": {
                        "domain": "NT AUTHORITY",
                        "identifier": "S-1-5-18",
                        "name": "SYSTEM",
                        "type": "User"
                    },
                    "version": 2
                }
            }
        },
        "name": "Suspicious Driver Load from Temp",
        "timestamp": "2022-09-27T13:00:34.505+00:00",
        "authors": [
            "Florian Roth"
        ],
        "level": "high",
        "source": "sigma",
        "status": "experimental",
        "falsepositives": [
            "There is a relevant set of false positives depending on applications in the environment"
        ],
        "id": "2c4523d5-d481-4ed0-8ec3-7fbf0cb41a75",
        "logsource": {
            "category": "driver_load",
            "product": "windows"
        },
        "tags": [
            "attack.persistence",
            "attack.privilege_escalation",
            "attack.t1543.003"
        ]
    },
    {
        "group": "Sigma",
        "kind": "individual",
        "document": {
            "kind": "jsonl",
            "data": {
                "@timestamp": "2022-09-27T13:00:37.668Z",
                "agent": {
                    "ephemeral_id": "f3e67ec5-847a-448b-8ec4-bac040a44990",
                    "hostname": "CLIENT1",
                    "id": "cd699c72-0f46-4cd9-938a-43faf035a44a",
                    "name": "CLIENT1",
                    "type": "winlogbeat",
                    "version": "7.10.2"
                },
                "ecs": {
                    "version": "1.5.0"
                },
                "event": {
                    "action": "File created (rule: FileCreate)",
                    "category": [
                        "file"
                    ],
                    "code": 11,
                    "created": "2022-09-27T13:00:39.471Z",
                    "kind": "event",
                    "module": "sysmon",
                    "provider": "Microsoft-Windows-Sysmon",
                    "type": [
                        "creation"
                    ]
                },
                "file": {
                    "directory": "C:\\Users\\client1\\AppData\\Local\\Temp\\rust_mozprofilejAoQJA\\extensions\\{73a6fe31-595d-460b-a920-fcc0f8843232}\\chrome",
                    "extension": "jar",
                    "name": "noscript.jar",
                    "path": "C:\\Users\\client1\\AppData\\Local\\Temp\\rust_mozprofilejAoQJA\\extensions\\{73a6fe31-595d-460b-a920-fcc0f8843232}\\chrome\\noscript.jar"
                },
                "host": {
                    "name": "CLIENT1.breach.local"
                },
                "log": {
                    "level": "information"
                },
                "message": "File created:\nRuleName: -\nUtcTime: 2022-09-27 13:00:37.668\nProcessGuid: {0e37ca90-f3f2-6332-3103-000000000500}\nProcessId: 8\nImage: C:\\Python37\\geckodriver.exe\nTargetFilename: C:\\Users\\client1\\AppData\\Local\\Temp\\rust_mozprofilejAoQJA\\extensions\\{73a6fe31-595d-460b-a920-fcc0f8843232}\\chrome\\noscript.jar\nCreationUtcTime: 2022-09-27 13:00:37.668\nUser: BREACH\\client1",
                "process": {
                    "entity_id": "{0e37ca90-f3f2-6332-3103-000000000500}",
                    "executable": "C:\\Python37\\geckodriver.exe",
                    "name": "geckodriver.exe",
                    "pid": 8
                },
                "winlog": {
                    "api": "wineventlog",
                    "channel": "Microsoft-Windows-Sysmon/Operational",
                    "computer_name": "CLIENT1.breach.local",
                    "event_data": {
                        "CreationUtcTime": "2022-09-27 13:00:37.668",
                        "RuleName": "-",
                        "User": "BREACH\\client1"
                    },
                    "event_id": 11,
                    "opcode": "Info",
                    "process": {
                        "pid": 2076,
                        "thread": {
                            "id": 2556
                        }
                    },
                    "provider_guid": "{5770385f-c22a-43e0-bf4c-06f5698ffbd9}",
                    "provider_name": "Microsoft-Windows-Sysmon",
                    "record_id": 3086,
                    "task": "File created (rule: FileCreate)",
                    "user": {
                        "domain": "NT AUTHORITY",
                        "identifier": "S-1-5-18",
                        "name": "SYSTEM",
                        "type": "User"
                    },
                    "version": 2
                }
            }
        },
        "name": "Suspicious Driver Load from Temp",
        "timestamp": "2022-09-27T13:00:37.668+00:00",
        "authors": [
            "Florian Roth"
        ],
        "level": "high",
        "source": "sigma",
        "status": "experimental",
        "falsepositives": [
            "There is a relevant set of false positives depending on applications in the environment"
        ],
        "id": "2c4523d5-d481-4ed0-8ec3-7fbf0cb41a75",
        "logsource": {
            "category": "driver_load",
            "product": "windows"
        },
        "tags": [
            "attack.persistence",
            "attack.privilege_escalation",
            "attack.t1543.003"
        ]
    },
    {
        "group": "Sigma",
        "kind": "individual",
        "document": {
            "kind": "jsonl",
            "data": {
                "@timestamp": "2022-09-27T13:00:40.570Z",
                "agent": {
                    "ephemeral_id": "f3e67ec5-847a-448b-8ec4-bac040a44990",
                    "hostname": "CLIENT1",
                    "id": "cd699c72-0f46-4cd9-938a-43faf035a44a",
                    "name": "CLIENT1",
                    "type": "winlogbeat",
                    "version": "7.10.2"
                },
                "ecs": {
                    "version": "1.5.0"
                },
                "event": {
                    "action": "File created (rule: FileCreate)",
                    "category": [
                        "file"
                    ],
                    "code": 11,
                    "created": "2022-09-27T13:00:42.516Z",
                    "kind": "event",
                    "module": "sysmon",
                    "provider": "Microsoft-Windows-Sysmon",
                    "type": [
                        "creation"
                    ]
                },
                "file": {
                    "directory": "C:\\Users\\client1\\AppData\\Local\\Temp\\tmpq5wu04vz.noscript.xpi\\chrome",
                    "extension": "jar",
                    "name": "noscript.jar",
                    "path": "C:\\Users\\client1\\AppData\\Local\\Temp\\tmpq5wu04vz.noscript.xpi\\chrome\\noscript.jar"
                },
                "host": {
                    "name": "CLIENT1.breach.local"
                },
                "log": {
                    "level": "information"
                },
                "message": "File created:\nRuleName: -\nUtcTime: 2022-09-27 13:00:40.570\nProcessGuid: {0e37ca90-ebe4-6332-8800-000000000500}\nProcessId: 5840\nImage: C:\\Python37\\python.exe\nTargetFilename: C:\\Users\\client1\\AppData\\Local\\Temp\\tmpq5wu04vz.noscript.xpi\\chrome\\noscript.jar\nCreationUtcTime: 2022-09-27 13:00:40.570\nUser: BREACH\\client1",
                "process": {
                    "entity_id": "{0e37ca90-ebe4-6332-8800-000000000500}",
                    "executable": "C:\\Python37\\python.exe",
                    "name": "python.exe",
                    "pid": 5840
                },
                "winlog": {
                    "api": "wineventlog",
                    "channel": "Microsoft-Windows-Sysmon/Operational",
                    "computer_name": "CLIENT1.breach.local",
                    "event_data": {
                        "CreationUtcTime": "2022-09-27 13:00:40.570",
                        "RuleName": "-",
                        "User": "BREACH\\client1"
                    },
                    "event_id": 11,
                    "opcode": "Info",
                    "process": {
                        "pid": 2076,
                        "thread": {
                            "id": 2556
                        }
                    },
                    "provider_guid": "{5770385f-c22a-43e0-bf4c-06f5698ffbd9}",
                    "provider_name": "Microsoft-Windows-Sysmon",
                    "record_id": 3095,
                    "task": "File created (rule: FileCreate)",
                    "user": {
                        "domain": "NT AUTHORITY",
                        "identifier": "S-1-5-18",
                        "name": "SYSTEM",
                        "type": "User"
                    },
                    "version": 2
                }
            }
        },
        "name": "Suspicious Driver Load from Temp",
        "timestamp": "2022-09-27T13:00:40.570+00:00",
        "authors": [
            "Florian Roth"
        ],
        "level": "high",
        "source": "sigma",
        "status": "experimental",
        "falsepositives": [
            "There is a relevant set of false positives depending on applications in the environment"
        ],
        "id": "2c4523d5-d481-4ed0-8ec3-7fbf0cb41a75",
        "logsource": {
            "category": "driver_load",
            "product": "windows"
        },
        "tags": [
            "attack.persistence",
            "attack.privilege_escalation",
            "attack.t1543.003"
        ]
    },
    {
        "group": "Sigma",
        "kind": "individual",
        "document": {
            "kind": "jsonl",
            "data": {
                "@timestamp": "2022-09-27T13:00:40.584Z",
                "agent": {
                    "ephemeral_id": "f3e67ec5-847a-448b-8ec4-bac040a44990",
                    "hostname": "CLIENT1",
                    "id": "cd699c72-0f46-4cd9-938a-43faf035a44a",
                    "name": "CLIENT1",
                    "type": "winlogbeat",
                    "version": "7.10.2"
                },
                "ecs": {
                    "version": "1.5.0"
                },
                "event": {
                    "action": "File created (rule: FileCreate)",
                    "category": [
                        "file"
                    ],
                    "code": 11,
                    "created": "2022-09-27T13:00:42.516Z",
                    "kind": "event",
                    "module": "sysmon",
                    "provider": "Microsoft-Windows-Sysmon",
                    "type": [
                        "creation"
                    ]
                },
                "file": {
                    "directory": "C:\\Users\\client1\\AppData\\Local\\Temp\\tmplake2ycc\\extensions\\{73a6fe31-595d-460b-a920-fcc0f8843232}\\chrome",
                    "extension": "jar",
                    "name": "noscript.jar",
                    "path": "C:\\Users\\client1\\AppData\\Local\\Temp\\tmplake2ycc\\extensions\\{73a6fe31-595d-460b-a920-fcc0f8843232}\\chrome\\noscript.jar"
                },
                "host": {
                    "name": "CLIENT1.breach.local"
                },
                "log": {
                    "level": "information"
                },
                "message": "File created:\nRuleName: -\nUtcTime: 2022-09-27 13:00:40.584\nProcessGuid: {0e37ca90-ebe4-6332-8800-000000000500}\nProcessId: 5840\nImage: C:\\Python37\\python.exe\nTargetFilename: C:\\Users\\client1\\AppData\\Local\\Temp\\tmplake2ycc\\extensions\\{73a6fe31-595d-460b-a920-fcc0f8843232}\\chrome\\noscript.jar\nCreationUtcTime: 2022-09-27 13:00:40.584\nUser: BREACH\\client1",
                "process": {
                    "entity_id": "{0e37ca90-ebe4-6332-8800-000000000500}",
                    "executable": "C:\\Python37\\python.exe",
                    "name": "python.exe",
                    "pid": 5840
                },
                "winlog": {
                    "api": "wineventlog",
                    "channel": "Microsoft-Windows-Sysmon/Operational",
                    "computer_name": "CLIENT1.breach.local",
                    "event_data": {
                        "CreationUtcTime": "2022-09-27 13:00:40.584",
                        "RuleName": "-",
                        "User": "BREACH\\client1"
                    },
                    "event_id": 11,
                    "opcode": "Info",
                    "process": {
                        "pid": 2076,
                        "thread": {
                            "id": 2556
                        }
                    },
                    "provider_guid": "{5770385f-c22a-43e0-bf4c-06f5698ffbd9}",
                    "provider_name": "Microsoft-Windows-Sysmon",
                    "record_id": 3096,
                    "task": "File created (rule: FileCreate)",
                    "user": {
                        "domain": "NT AUTHORITY",
                        "identifier": "S-1-5-18",
                        "name": "SYSTEM",
                        "type": "User"
                    },
                    "version": 2
                }
            }
        },
        "name": "Suspicious Driver Load from Temp",
        "timestamp": "2022-09-27T13:00:40.584+00:00",
        "authors": [
            "Florian Roth"
        ],
        "level": "high",
        "source": "sigma",
        "status": "experimental",
        "falsepositives": [
            "There is a relevant set of false positives depending on applications in the environment"
        ],
        "id": "2c4523d5-d481-4ed0-8ec3-7fbf0cb41a75",
        "logsource": {
            "category": "driver_load",
            "product": "windows"
        },
        "tags": [
            "attack.persistence",
            "attack.privilege_escalation",
            "attack.t1543.003"
        ]
    },
    {
        "group": "Sigma",
        "kind": "individual",
        "document": {
            "kind": "jsonl",
            "data": {
                "@timestamp": "2022-09-27T13:00:43.705Z",
                "agent": {
                    "ephemeral_id": "f3e67ec5-847a-448b-8ec4-bac040a44990",
                    "hostname": "CLIENT1",
                    "id": "cd699c72-0f46-4cd9-938a-43faf035a44a",
                    "name": "CLIENT1",
                    "type": "winlogbeat",
                    "version": "7.10.2"
                },
                "ecs": {
                    "version": "1.5.0"
                },
                "event": {
                    "action": "File created (rule: FileCreate)",
                    "category": [
                        "file"
                    ],
                    "code": 11,
                    "created": "2022-09-27T13:00:45.983Z",
                    "kind": "event",
                    "module": "sysmon",
                    "provider": "Microsoft-Windows-Sysmon",
                    "type": [
                        "creation"
                    ]
                },
                "file": {
                    "directory": "C:\\Users\\client1\\AppData\\Local\\Temp\\rust_mozprofileNynshR\\extensions\\{73a6fe31-595d-460b-a920-fcc0f8843232}\\chrome",
                    "extension": "jar",
                    "name": "noscript.jar",
                    "path": "C:\\Users\\client1\\AppData\\Local\\Temp\\rust_mozprofileNynshR\\extensions\\{73a6fe31-595d-460b-a920-fcc0f8843232}\\chrome\\noscript.jar"
                },
                "host": {
                    "name": "CLIENT1.breach.local"
                },
                "log": {
                    "level": "information"
                },
                "message": "File created:\nRuleName: -\nUtcTime: 2022-09-27 13:00:43.705\nProcessGuid: {0e37ca90-f3f8-6332-3903-000000000500}\nProcessId: 3700\nImage: C:\\Python37\\geckodriver.exe\nTargetFilename: C:\\Users\\client1\\AppData\\Local\\Temp\\rust_mozprofileNynshR\\extensions\\{73a6fe31-595d-460b-a920-fcc0f8843232}\\chrome\\noscript.jar\nCreationUtcTime: 2022-09-27 13:00:43.705\nUser: BREACH\\client1",
                "process": {
                    "entity_id": "{0e37ca90-f3f8-6332-3903-000000000500}",
                    "executable": "C:\\Python37\\geckodriver.exe",
                    "name": "geckodriver.exe",
                    "pid": 3700
                },
                "winlog": {
                    "api": "wineventlog",
                    "channel": "Microsoft-Windows-Sysmon/Operational",
                    "computer_name": "CLIENT1.breach.local",
                    "event_data": {
                        "CreationUtcTime": "2022-09-27 13:00:43.705",
                        "RuleName": "-",
                        "User": "BREACH\\client1"
                    },
                    "event_id": 11,
                    "opcode": "Info",
                    "process": {
                        "pid": 2076,
                        "thread": {
                            "id": 2556
                        }
                    },
                    "provider_guid": "{5770385f-c22a-43e0-bf4c-06f5698ffbd9}",
                    "provider_name": "Microsoft-Windows-Sysmon",
                    "record_id": 3099,
                    "task": "File created (rule: FileCreate)",
                    "user": {
                        "domain": "NT AUTHORITY",
                        "identifier": "S-1-5-18",
                        "name": "SYSTEM",
                        "type": "User"
                    },
                    "version": 2
                }
            }
        },
        "name": "Suspicious Driver Load from Temp",
        "timestamp": "2022-09-27T13:00:43.705+00:00",
        "authors": [
            "Florian Roth"
        ],
        "level": "high",
        "source": "sigma",
        "status": "experimental",
        "falsepositives": [
            "There is a relevant set of false positives depending on applications in the environment"
        ],
        "id": "2c4523d5-d481-4ed0-8ec3-7fbf0cb41a75",
        "logsource": {
            "category": "driver_load",
            "product": "windows"
        },
        "tags": [
            "attack.persistence",
            "attack.privilege_escalation",
            "attack.t1543.003"
        ]
    },
    {
        "group": "Sigma",
        "kind": "individual",
        "document": {
            "kind": "jsonl",
            "data": {
                "@timestamp": "2022-09-27T13:00:46.228Z",
                "agent": {
                    "ephemeral_id": "f3e67ec5-847a-448b-8ec4-bac040a44990",
                    "hostname": "CLIENT1",
                    "id": "cd699c72-0f46-4cd9-938a-43faf035a44a",
                    "name": "CLIENT1",
                    "type": "winlogbeat",
                    "version": "7.10.2"
                },
                "ecs": {
                    "version": "1.5.0"
                },
                "event": {
                    "action": "File created (rule: FileCreate)",
                    "category": [
                        "file"
                    ],
                    "code": 11,
                    "created": "2022-09-27T13:00:47.007Z",
                    "kind": "event",
                    "module": "sysmon",
                    "provider": "Microsoft-Windows-Sysmon",
                    "type": [
                        "creation"
                    ]
                },
                "file": {
                    "directory": "C:\\Users\\client1\\AppData\\Local\\Temp\\tmp_y1lpbno.noscript.xpi\\chrome",
                    "extension": "jar",
                    "name": "noscript.jar",
                    "path": "C:\\Users\\client1\\AppData\\Local\\Temp\\tmp_y1lpbno.noscript.xpi\\chrome\\noscript.jar"
                },
                "host": {
                    "name": "CLIENT1.breach.local"
                },
                "log": {
                    "level": "information"
                },
                "message": "File created:\nRuleName: -\nUtcTime: 2022-09-27 13:00:46.228\nProcessGuid: {0e37ca90-ebe4-6332-8800-000000000500}\nProcessId: 5840\nImage: C:\\Python37\\python.exe\nTargetFilename: C:\\Users\\client1\\AppData\\Local\\Temp\\tmp_y1lpbno.noscript.xpi\\chrome\\noscript.jar\nCreationUtcTime: 2022-09-27 13:00:46.228\nUser: BREACH\\client1",
                "process": {
                    "entity_id": "{0e37ca90-ebe4-6332-8800-000000000500}",
                    "executable": "C:\\Python37\\python.exe",
                    "name": "python.exe",
                    "pid": 5840
                },
                "winlog": {
                    "api": "wineventlog",
                    "channel": "Microsoft-Windows-Sysmon/Operational",
                    "computer_name": "CLIENT1.breach.local",
                    "event_data": {
                        "CreationUtcTime": "2022-09-27 13:00:46.228",
                        "RuleName": "-",
                        "User": "BREACH\\client1"
                    },
                    "event_id": 11,
                    "opcode": "Info",
                    "process": {
                        "pid": 2076,
                        "thread": {
                            "id": 2556
                        }
                    },
                    "provider_guid": "{5770385f-c22a-43e0-bf4c-06f5698ffbd9}",
                    "provider_name": "Microsoft-Windows-Sysmon",
                    "record_id": 3108,
                    "task": "File created (rule: FileCreate)",
                    "user": {
                        "domain": "NT AUTHORITY",
                        "identifier": "S-1-5-18",
                        "name": "SYSTEM",
                        "type": "User"
                    },
                    "version": 2
                }
            }
        },
        "name": "Suspicious Driver Load from Temp",
        "timestamp": "2022-09-27T13:00:46.228+00:00",
        "authors": [
            "Florian Roth"
        ],
        "level": "high",
        "source": "sigma",
        "status": "experimental",
        "falsepositives": [
            "There is a relevant set of false positives depending on applications in the environment"
        ],
        "id": "2c4523d5-d481-4ed0-8ec3-7fbf0cb41a75",
        "logsource": {
            "category": "driver_load",
            "product": "windows"
        },
        "tags": [
            "attack.persistence",
            "attack.privilege_escalation",
            "attack.t1543.003"
        ]
    },
    {
        "group": "Sigma",
        "kind": "individual",
        "document": {
            "kind": "jsonl",
            "data": {
                "@timestamp": "2022-09-27T13:00:46.241Z",
                "agent": {
                    "ephemeral_id": "f3e67ec5-847a-448b-8ec4-bac040a44990",
                    "hostname": "CLIENT1",
                    "id": "cd699c72-0f46-4cd9-938a-43faf035a44a",
                    "name": "CLIENT1",
                    "type": "winlogbeat",
                    "version": "7.10.2"
                },
                "ecs": {
                    "version": "1.5.0"
                },
                "event": {
                    "action": "File created (rule: FileCreate)",
                    "category": [
                        "file"
                    ],
                    "code": 11,
                    "created": "2022-09-27T13:00:47.007Z",
                    "kind": "event",
                    "module": "sysmon",
                    "provider": "Microsoft-Windows-Sysmon",
                    "type": [
                        "creation"
                    ]
                },
                "file": {
                    "directory": "C:\\Users\\client1\\AppData\\Local\\Temp\\tmpcigiowbr\\extensions\\{73a6fe31-595d-460b-a920-fcc0f8843232}\\chrome",
                    "extension": "jar",
                    "name": "noscript.jar",
                    "path": "C:\\Users\\client1\\AppData\\Local\\Temp\\tmpcigiowbr\\extensions\\{73a6fe31-595d-460b-a920-fcc0f8843232}\\chrome\\noscript.jar"
                },
                "host": {
                    "name": "CLIENT1.breach.local"
                },
                "log": {
                    "level": "information"
                },
                "message": "File created:\nRuleName: -\nUtcTime: 2022-09-27 13:00:46.241\nProcessGuid: {0e37ca90-ebe4-6332-8800-000000000500}\nProcessId: 5840\nImage: C:\\Python37\\python.exe\nTargetFilename: C:\\Users\\client1\\AppData\\Local\\Temp\\tmpcigiowbr\\extensions\\{73a6fe31-595d-460b-a920-fcc0f8843232}\\chrome\\noscript.jar\nCreationUtcTime: 2022-09-27 13:00:46.241\nUser: BREACH\\client1",
                "process": {
                    "entity_id": "{0e37ca90-ebe4-6332-8800-000000000500}",
                    "executable": "C:\\Python37\\python.exe",
                    "name": "python.exe",
                    "pid": 5840
                },
                "winlog": {
                    "api": "wineventlog",
                    "channel": "Microsoft-Windows-Sysmon/Operational",
                    "computer_name": "CLIENT1.breach.local",
                    "event_data": {
                        "CreationUtcTime": "2022-09-27 13:00:46.241",
                        "RuleName": "-",
                        "User": "BREACH\\client1"
                    },
                    "event_id": 11,
                    "opcode": "Info",
                    "process": {
                        "pid": 2076,
                        "thread": {
                            "id": 2556
                        }
                    },
                    "provider_guid": "{5770385f-c22a-43e0-bf4c-06f5698ffbd9}",
                    "provider_name": "Microsoft-Windows-Sysmon",
                    "record_id": 3109,
                    "task": "File created (rule: FileCreate)",
                    "user": {
                        "domain": "NT AUTHORITY",
                        "identifier": "S-1-5-18",
                        "name": "SYSTEM",
                        "type": "User"
                    },
                    "version": 2
                }
            }
        },
        "name": "Suspicious Driver Load from Temp",
        "timestamp": "2022-09-27T13:00:46.241+00:00",
        "authors": [
            "Florian Roth"
        ],
        "level": "high",
        "source": "sigma",
        "status": "experimental",
        "falsepositives": [
            "There is a relevant set of false positives depending on applications in the environment"
        ],
        "id": "2c4523d5-d481-4ed0-8ec3-7fbf0cb41a75",
        "logsource": {
            "category": "driver_load",
            "product": "windows"
        },
        "tags": [
            "attack.persistence",
            "attack.privilege_escalation",
            "attack.t1543.003"
        ]
    },
