    {
        "group": "Sigma",
        "kind": "individual",
        "document": {
            "kind": "jsonl",
            "data": {
                "@timestamp": "2022-09-27T12:28:58.920Z",
                "agent": {
                    "ephemeral_id": "f3e67ec5-847a-448b-8ec4-bac040a44990",
                    "hostname": "CLIENT1",
                    "id": "cd699c72-0f46-4cd9-938a-43faf035a44a",
                    "name": "CLIENT1",
                    "type": "winlogbeat",
                    "version": "7.10.2"
                },
                "ecs": {
                    "version": "1.5.0"
                },
                "event": {
                    "action": "File created (rule: FileCreate)",
                    "category": [
                        "file"
                    ],
                    "code": 11,
                    "created": "2022-09-27T12:29:00.462Z",
                    "kind": "event",
                    "module": "sysmon",
                    "provider": "Microsoft-Windows-Sysmon",
                    "type": [
                        "creation"
                    ]
                },
                "file": {
                    "directory": "C:\\Users\\client1\\AppData\\Local\\Temp\\tmp4ivggefw\\extensions\\{73a6fe31-595d-460b-a920-fcc0f8843232}\\chrome",
                    "extension": "jar",
                    "name": "noscript.jar",
                    "path": "C:\\Users\\client1\\AppData\\Local\\Temp\\tmp4ivggefw\\extensions\\{73a6fe31-595d-460b-a920-fcc0f8843232}\\chrome\\noscript.jar"
                },
                "host": {
                    "name": "CLIENT1.breach.local"
                },
                "log": {
                    "level": "information"
                },
                "message": "File created:\nRuleName: -\nUtcTime: 2022-09-27 12:28:58.920\nProcessGuid: {0e37ca90-ebe4-6332-8800-000000000500}\nProcessId: 5840\nImage: C:\\Python37\\python.exe\nTargetFilename: C:\\Users\\client1\\AppData\\Local\\Temp\\tmp4ivggefw\\extensions\\{73a6fe31-595d-460b-a920-fcc0f8843232}\\chrome\\noscript.jar\nCreationUtcTime: 2022-09-27 12:28:58.920\nUser: BREACH\\client1",
                "process": {
                    "entity_id": "{0e37ca90-ebe4-6332-8800-000000000500}",
                    "executable": "C:\\Python37\\python.exe",
                    "name": "python.exe",
                    "pid": 5840
                },
                "winlog": {
                    "api": "wineventlog",
                    "channel": "Microsoft-Windows-Sysmon/Operational",
                    "computer_name": "CLIENT1.breach.local",
                    "event_data": {
                        "CreationUtcTime": "2022-09-27 12:28:58.920",
                        "RuleName": "-",
                        "User": "BREACH\\client1"
                    },
                    "event_id": 11,
                    "opcode": "Info",
                    "process": {
                        "pid": 2076,
                        "thread": {
                            "id": 2556
                        }
                    },
                    "provider_guid": "{5770385f-c22a-43e0-bf4c-06f5698ffbd9}",
                    "provider_name": "Microsoft-Windows-Sysmon",
                    "record_id": 1795,
                    "task": "File created (rule: FileCreate)",
                    "user": {
                        "domain": "NT AUTHORITY",
                        "identifier": "S-1-5-18",
                        "name": "SYSTEM",
                        "type": "User"
                    },
                    "version": 2
                }
            }
        },
        "name": "Suspicious Driver Load from Temp",
        "timestamp": "2022-09-27T12:28:58.920+00:00",
        "authors": [
            "Florian Roth"
        ],
        "level": "high",
        "source": "sigma",
        "status": "experimental",
        "falsepositives": [
            "There is a relevant set of false positives depending on applications in the environment"
        ],
        "id": "2c4523d5-d481-4ed0-8ec3-7fbf0cb41a75",
        "logsource": {
            "category": "driver_load",
            "product": "windows"
        },
        "tags": [
            "attack.persistence",
            "attack.privilege_escalation",
            "attack.t1543.003"
        ]
    },
    {
        "group": "Sigma",
        "kind": "individual",
        "document": {
            "kind": "jsonl",
            "data": {
                "@timestamp": "2022-09-27T12:28:58.920Z",
                "agent": {
                    "ephemeral_id": "f3e67ec5-847a-448b-8ec4-bac040a44990",
                    "hostname": "CLIENT1",
                    "id": "cd699c72-0f46-4cd9-938a-43faf035a44a",
                    "name": "CLIENT1",
                    "type": "winlogbeat",
                    "version": "7.10.2"
                },
                "ecs": {
                    "version": "1.5.0"
                },
                "event": {
                    "action": "File created (rule: FileCreate)",
                    "category": [
                        "file"
                    ],
                    "code": 11,
                    "created": "2022-09-27T12:29:00.462Z",
                    "kind": "event",
                    "module": "sysmon",
                    "provider": "Microsoft-Windows-Sysmon",
                    "type": [
                        "creation"
                    ]
                },
                "file": {
                    "directory": "C:\\Users\\client1\\AppData\\Local\\Temp\\tmp5g7ovzni.noscript.xpi\\chrome",
                    "extension": "jar",
                    "name": "noscript.jar",
                    "path": "C:\\Users\\client1\\AppData\\Local\\Temp\\tmp5g7ovzni.noscript.xpi\\chrome\\noscript.jar"
                },
                "host": {
                    "name": "CLIENT1.breach.local"
                },
                "log": {
                    "level": "information"
                },
                "message": "File created:\nRuleName: -\nUtcTime: 2022-09-27 12:28:58.920\nProcessGuid: {0e37ca90-ebe4-6332-8800-000000000500}\nProcessId: 5840\nImage: C:\\Python37\\python.exe\nTargetFilename: C:\\Users\\client1\\AppData\\Local\\Temp\\tmp5g7ovzni.noscript.xpi\\chrome\\noscript.jar\nCreationUtcTime: 2022-09-27 12:28:58.920\nUser: BREACH\\client1",
                "process": {
                    "entity_id": "{0e37ca90-ebe4-6332-8800-000000000500}",
                    "executable": "C:\\Python37\\python.exe",
                    "name": "python.exe",
                    "pid": 5840
                },
                "winlog": {
                    "api": "wineventlog",
                    "channel": "Microsoft-Windows-Sysmon/Operational",
                    "computer_name": "CLIENT1.breach.local",
                    "event_data": {
                        "CreationUtcTime": "2022-09-27 12:28:58.920",
                        "RuleName": "-",
                        "User": "BREACH\\client1"
                    },
                    "event_id": 11,
                    "opcode": "Info",
                    "process": {
                        "pid": 2076,
                        "thread": {
                            "id": 2556
                        }
                    },
                    "provider_guid": "{5770385f-c22a-43e0-bf4c-06f5698ffbd9}",
                    "provider_name": "Microsoft-Windows-Sysmon",
                    "record_id": 1794,
                    "task": "File created (rule: FileCreate)",
                    "user": {
                        "domain": "NT AUTHORITY",
                        "identifier": "S-1-5-18",
                        "name": "SYSTEM",
                        "type": "User"
                    },
                    "version": 2
                }
            }
        },
        "name": "Suspicious Driver Load from Temp",
        "timestamp": "2022-09-27T12:28:58.920+00:00",
        "authors": [
            "Florian Roth"
        ],
        "level": "high",
        "source": "sigma",
        "status": "experimental",
        "falsepositives": [
            "There is a relevant set of false positives depending on applications in the environment"
        ],
        "id": "2c4523d5-d481-4ed0-8ec3-7fbf0cb41a75",
        "logsource": {
            "category": "driver_load",
            "product": "windows"
        },
        "tags": [
            "attack.persistence",
            "attack.privilege_escalation",
            "attack.t1543.003"
        ]
    },
    {
        "group": "Sigma",
        "kind": "individual",
        "document": {
            "kind": "jsonl",
            "data": {
                "@timestamp": "2022-09-27T12:29:02.034Z",
                "agent": {
                    "ephemeral_id": "f3e67ec5-847a-448b-8ec4-bac040a44990",
                    "hostname": "CLIENT1",
                    "id": "cd699c72-0f46-4cd9-938a-43faf035a44a",
                    "name": "CLIENT1",
                    "type": "winlogbeat",
                    "version": "7.10.2"
                },
                "ecs": {
                    "version": "1.5.0"
                },
                "event": {
                    "action": "File created (rule: FileCreate)",
                    "category": [
                        "file"
                    ],
                    "code": 11,
                    "created": "2022-09-27T12:29:03.578Z",
                    "kind": "event",
                    "module": "sysmon",
                    "provider": "Microsoft-Windows-Sysmon",
                    "type": [
                        "creation"
                    ]
                },
                "file": {
                    "directory": "C:\\Users\\client1\\AppData\\Local\\Temp\\rust_mozprofileUHIIhy\\extensions\\{73a6fe31-595d-460b-a920-fcc0f8843232}\\chrome",
                    "extension": "jar",
                    "name": "noscript.jar",
                    "path": "C:\\Users\\client1\\AppData\\Local\\Temp\\rust_mozprofileUHIIhy\\extensions\\{73a6fe31-595d-460b-a920-fcc0f8843232}\\chrome\\noscript.jar"
                },
                "host": {
                    "name": "CLIENT1.breach.local"
                },
                "log": {
                    "level": "information"
                },
                "message": "File created:\nRuleName: -\nUtcTime: 2022-09-27 12:29:02.034\nProcessGuid: {0e37ca90-ec8a-6332-f000-000000000500}\nProcessId: 1148\nImage: C:\\Python37\\geckodriver.exe\nTargetFilename: C:\\Users\\client1\\AppData\\Local\\Temp\\rust_mozprofileUHIIhy\\extensions\\{73a6fe31-595d-460b-a920-fcc0f8843232}\\chrome\\noscript.jar\nCreationUtcTime: 2022-09-27 12:29:02.034\nUser: BREACH\\client1",
                "process": {
                    "entity_id": "{0e37ca90-ec8a-6332-f000-000000000500}",
                    "executable": "C:\\Python37\\geckodriver.exe",
                    "name": "geckodriver.exe",
                    "pid": 1148
                },
                "winlog": {
                    "api": "wineventlog",
                    "channel": "Microsoft-Windows-Sysmon/Operational",
                    "computer_name": "CLIENT1.breach.local",
                    "event_data": {
                        "CreationUtcTime": "2022-09-27 12:29:02.034",
                        "RuleName": "-",
                        "User": "BREACH\\client1"
                    },
                    "event_id": 11,
                    "opcode": "Info",
                    "process": {
                        "pid": 2076,
                        "thread": {
                            "id": 2556
                        }
                    },
                    "provider_guid": "{5770385f-c22a-43e0-bf4c-06f5698ffbd9}",
                    "provider_name": "Microsoft-Windows-Sysmon",
                    "record_id": 1798,
                    "task": "File created (rule: FileCreate)",
                    "user": {
                        "domain": "NT AUTHORITY",
                        "identifier": "S-1-5-18",
                        "name": "SYSTEM",
                        "type": "User"
                    },
                    "version": 2
                }
            }
        },
        "name": "Suspicious Driver Load from Temp",
        "timestamp": "2022-09-27T12:29:02.034+00:00",
        "authors": [
            "Florian Roth"
        ],
        "level": "high",
        "source": "sigma",
        "status": "experimental",
        "falsepositives": [
            "There is a relevant set of false positives depending on applications in the environment"
        ],
        "id": "2c4523d5-d481-4ed0-8ec3-7fbf0cb41a75",
        "logsource": {
            "category": "driver_load",
            "product": "windows"
        },
        "tags": [
            "attack.persistence",
            "attack.privilege_escalation",
            "attack.t1543.003"
        ]
    },
    {
        "group": "Sigma",
        "kind": "individual",
        "document": {
            "kind": "jsonl",
            "data": {
                "@timestamp": "2022-09-27T12:29:06.825Z",
                "agent": {
                    "ephemeral_id": "f3e67ec5-847a-448b-8ec4-bac040a44990",
                    "hostname": "CLIENT1",
                    "id": "cd699c72-0f46-4cd9-938a-43faf035a44a",
                    "name": "CLIENT1",
                    "type": "winlogbeat",
                    "version": "7.10.2"
                },
                "ecs": {
                    "version": "1.5.0"
                },
                "event": {
                    "action": "File created (rule: FileCreate)",
                    "category": [
                        "file"
                    ],
                    "code": 11,
                    "created": "2022-09-27T12:29:08.597Z",
                    "kind": "event",
                    "module": "sysmon",
                    "provider": "Microsoft-Windows-Sysmon",
                    "type": [
                        "creation"
                    ]
                },
                "file": {
                    "directory": "C:\\Users\\client1\\AppData\\Local\\Temp\\tmpl7j_2d5g.noscript.xpi\\chrome",
                    "extension": "jar",
                    "name": "noscript.jar",
                    "path": "C:\\Users\\client1\\AppData\\Local\\Temp\\tmpl7j_2d5g.noscript.xpi\\chrome\\noscript.jar"
                },
                "host": {
                    "name": "CLIENT1.breach.local"
                },
                "log": {
                    "level": "information"
                },
                "message": "File created:\nRuleName: -\nUtcTime: 2022-09-27 12:29:06.825\nProcessGuid: {0e37ca90-ebe4-6332-8800-000000000500}\nProcessId: 5840\nImage: C:\\Python37\\python.exe\nTargetFilename: C:\\Users\\client1\\AppData\\Local\\Temp\\tmpl7j_2d5g.noscript.xpi\\chrome\\noscript.jar\nCreationUtcTime: 2022-09-27 12:29:06.825\nUser: BREACH\\client1",
                "process": {
                    "entity_id": "{0e37ca90-ebe4-6332-8800-000000000500}",
                    "executable": "C:\\Python37\\python.exe",
                    "name": "python.exe",
                    "pid": 5840
                },
                "winlog": {
                    "api": "wineventlog",
                    "channel": "Microsoft-Windows-Sysmon/Operational",
                    "computer_name": "CLIENT1.breach.local",
                    "event_data": {
                        "CreationUtcTime": "2022-09-27 12:29:06.825",
                        "RuleName": "-",
                        "User": "BREACH\\client1"
                    },
                    "event_id": 11,
                    "opcode": "Info",
                    "process": {
                        "pid": 2076,
                        "thread": {
                            "id": 2556
                        }
                    },
                    "provider_guid": "{5770385f-c22a-43e0-bf4c-06f5698ffbd9}",
                    "provider_name": "Microsoft-Windows-Sysmon",
                    "record_id": 1808,
                    "task": "File created (rule: FileCreate)",
                    "user": {
                        "domain": "NT AUTHORITY",
                        "identifier": "S-1-5-18",
                        "name": "SYSTEM",
                        "type": "User"
                    },
                    "version": 2
                }
            }
        },
        "name": "Suspicious Driver Load from Temp",
        "timestamp": "2022-09-27T12:29:06.825+00:00",
        "authors": [
            "Florian Roth"
        ],
        "level": "high",
        "source": "sigma",
        "status": "experimental",
        "falsepositives": [
            "There is a relevant set of false positives depending on applications in the environment"
        ],
        "id": "2c4523d5-d481-4ed0-8ec3-7fbf0cb41a75",
        "logsource": {
            "category": "driver_load",
            "product": "windows"
        },
        "tags": [
            "attack.persistence",
            "attack.privilege_escalation",
            "attack.t1543.003"
        ]
    },
    {
        "group": "Sigma",
        "kind": "individual",
        "document": {
            "kind": "jsonl",
            "data": {
                "@timestamp": "2022-09-27T12:29:06.835Z",
                "agent": {
                    "ephemeral_id": "f3e67ec5-847a-448b-8ec4-bac040a44990",
                    "hostname": "CLIENT1",
                    "id": "cd699c72-0f46-4cd9-938a-43faf035a44a",
                    "name": "CLIENT1",
                    "type": "winlogbeat",
                    "version": "7.10.2"
                },
                "ecs": {
                    "version": "1.5.0"
                },
                "event": {
                    "action": "File created (rule: FileCreate)",
                    "category": [
                        "file"
                    ],
                    "code": 11,
                    "created": "2022-09-27T12:29:08.597Z",
                    "kind": "event",
                    "module": "sysmon",
                    "provider": "Microsoft-Windows-Sysmon",
                    "type": [
                        "creation"
                    ]
                },
                "file": {
                    "directory": "C:\\Users\\client1\\AppData\\Local\\Temp\\tmpvxkkqec1\\extensions\\{73a6fe31-595d-460b-a920-fcc0f8843232}\\chrome",
                    "extension": "jar",
                    "name": "noscript.jar",
                    "path": "C:\\Users\\client1\\AppData\\Local\\Temp\\tmpvxkkqec1\\extensions\\{73a6fe31-595d-460b-a920-fcc0f8843232}\\chrome\\noscript.jar"
                },
                "host": {
                    "name": "CLIENT1.breach.local"
                },
                "log": {
                    "level": "information"
                },
                "message": "File created:\nRuleName: -\nUtcTime: 2022-09-27 12:29:06.835\nProcessGuid: {0e37ca90-ebe4-6332-8800-000000000500}\nProcessId: 5840\nImage: C:\\Python37\\python.exe\nTargetFilename: C:\\Users\\client1\\AppData\\Local\\Temp\\tmpvxkkqec1\\extensions\\{73a6fe31-595d-460b-a920-fcc0f8843232}\\chrome\\noscript.jar\nCreationUtcTime: 2022-09-27 12:29:06.834\nUser: BREACH\\client1",
                "process": {
                    "entity_id": "{0e37ca90-ebe4-6332-8800-000000000500}",
                    "executable": "C:\\Python37\\python.exe",
                    "name": "python.exe",
                    "pid": 5840
                },
                "winlog": {
                    "api": "wineventlog",
                    "channel": "Microsoft-Windows-Sysmon/Operational",
                    "computer_name": "CLIENT1.breach.local",
                    "event_data": {
                        "CreationUtcTime": "2022-09-27 12:29:06.834",
                        "RuleName": "-",
                        "User": "BREACH\\client1"
                    },
                    "event_id": 11,
                    "opcode": "Info",
                    "process": {
                        "pid": 2076,
                        "thread": {
                            "id": 2556
                        }
                    },
                    "provider_guid": "{5770385f-c22a-43e0-bf4c-06f5698ffbd9}",
                    "provider_name": "Microsoft-Windows-Sysmon",
                    "record_id": 1809,
                    "task": "File created (rule: FileCreate)",
                    "user": {
                        "domain": "NT AUTHORITY",
                        "identifier": "S-1-5-18",
                        "name": "SYSTEM",
                        "type": "User"
                    },
                    "version": 2
                }
            }
        },
        "name": "Suspicious Driver Load from Temp",
        "timestamp": "2022-09-27T12:29:06.835+00:00",
        "authors": [
            "Florian Roth"
        ],
        "level": "high",
        "source": "sigma",
        "status": "experimental",
        "falsepositives": [
            "There is a relevant set of false positives depending on applications in the environment"
        ],
        "id": "2c4523d5-d481-4ed0-8ec3-7fbf0cb41a75",
        "logsource": {
            "category": "driver_load",
            "product": "windows"
        },
        "tags": [
            "attack.persistence",
            "attack.privilege_escalation",
            "attack.t1543.003"
        ]
    },
    {
        "group": "Sigma",
        "kind": "individual",
        "document": {
            "kind": "jsonl",
            "data": {
                "@timestamp": "2022-09-27T12:29:10.073Z",
                "agent": {
                    "ephemeral_id": "f3e67ec5-847a-448b-8ec4-bac040a44990",
                    "hostname": "CLIENT1",
                    "id": "cd699c72-0f46-4cd9-938a-43faf035a44a",
                    "name": "CLIENT1",
                    "type": "winlogbeat",
                    "version": "7.10.2"
                },
                "ecs": {
                    "version": "1.5.0"
                },
                "event": {
                    "action": "File created (rule: FileCreate)",
                    "category": [
                        "file"
                    ],
                    "code": 11,
                    "created": "2022-09-27T12:29:11.721Z",
                    "kind": "event",
                    "module": "sysmon",
                    "provider": "Microsoft-Windows-Sysmon",
                    "type": [
                        "creation"
                    ]
                },
                "file": {
                    "directory": "C:\\Users\\client1\\AppData\\Local\\Temp\\rust_mozprofileSViC44\\extensions\\{73a6fe31-595d-460b-a920-fcc0f8843232}\\chrome",
                    "extension": "jar",
                    "name": "noscript.jar",
                    "path": "C:\\Users\\client1\\AppData\\Local\\Temp\\rust_mozprofileSViC44\\extensions\\{73a6fe31-595d-460b-a920-fcc0f8843232}\\chrome\\noscript.jar"
                },
                "host": {
                    "name": "CLIENT1.breach.local"
                },
                "log": {
                    "level": "information"
                },
                "message": "File created:\nRuleName: -\nUtcTime: 2022-09-27 12:29:10.073\nProcessGuid: {0e37ca90-ec92-6332-f800-000000000500}\nProcessId: 3564\nImage: C:\\Python37\\geckodriver.exe\nTargetFilename: C:\\Users\\client1\\AppData\\Local\\Temp\\rust_mozprofileSViC44\\extensions\\{73a6fe31-595d-460b-a920-fcc0f8843232}\\chrome\\noscript.jar\nCreationUtcTime: 2022-09-27 12:29:10.073\nUser: BREACH\\client1",
                "process": {
                    "entity_id": "{0e37ca90-ec92-6332-f800-000000000500}",
                    "executable": "C:\\Python37\\geckodriver.exe",
                    "name": "geckodriver.exe",
                    "pid": 3564
                },
                "winlog": {
                    "api": "wineventlog",
                    "channel": "Microsoft-Windows-Sysmon/Operational",
                    "computer_name": "CLIENT1.breach.local",
                    "event_data": {
                        "CreationUtcTime": "2022-09-27 12:29:10.073",
                        "RuleName": "-",
                        "User": "BREACH\\client1"
                    },
                    "event_id": 11,
                    "opcode": "Info",
                    "process": {
                        "pid": 2076,
                        "thread": {
                            "id": 2556
                        }
                    },
                    "provider_guid": "{5770385f-c22a-43e0-bf4c-06f5698ffbd9}",
                    "provider_name": "Microsoft-Windows-Sysmon",
                    "record_id": 1811,
                    "task": "File created (rule: FileCreate)",
                    "user": {
                        "domain": "NT AUTHORITY",
                        "identifier": "S-1-5-18",
                        "name": "SYSTEM",
                        "type": "User"
                    },
                    "version": 2
                }
            }
        },
        "name": "Suspicious Driver Load from Temp",
        "timestamp": "2022-09-27T12:29:10.073+00:00",
        "authors": [
            "Florian Roth"
        ],
        "level": "high",
        "source": "sigma",
        "status": "experimental",
        "falsepositives": [
            "There is a relevant set of false positives depending on applications in the environment"
        ],
        "id": "2c4523d5-d481-4ed0-8ec3-7fbf0cb41a75",
        "logsource": {
            "category": "driver_load",
            "product": "windows"
        },
        "tags": [
            "attack.persistence",
            "attack.privilege_escalation",
            "attack.t1543.003"
        ]
    },
    {
        "group": "Sigma",
        "kind": "individual",
        "document": {
            "kind": "jsonl",
            "data": {
                "@timestamp": "2022-09-27T12:29:18.901Z",
                "agent": {
                    "ephemeral_id": "f3e67ec5-847a-448b-8ec4-bac040a44990",
                    "hostname": "CLIENT1",
                    "id": "cd699c72-0f46-4cd9-938a-43faf035a44a",
                    "name": "CLIENT1",
                    "type": "winlogbeat",
                    "version": "7.10.2"
                },
                "ecs": {
                    "version": "1.5.0"
                },
                "event": {
                    "action": "File created (rule: FileCreate)",
                    "category": [
                        "file"
                    ],
                    "code": 11,
                    "created": "2022-09-27T12:29:20.746Z",
                    "kind": "event",
                    "module": "sysmon",
                    "provider": "Microsoft-Windows-Sysmon",
                    "type": [
                        "creation"
                    ]
                },
                "file": {
                    "directory": "C:\\Users\\client1\\AppData\\Local\\Temp\\tmpoh5bjm7m\\extensions\\{73a6fe31-595d-460b-a920-fcc0f8843232}\\chrome",
                    "extension": "jar",
                    "name": "noscript.jar",
                    "path": "C:\\Users\\client1\\AppData\\Local\\Temp\\tmpoh5bjm7m\\extensions\\{73a6fe31-595d-460b-a920-fcc0f8843232}\\chrome\\noscript.jar"
                },
                "host": {
                    "name": "CLIENT1.breach.local"
                },
                "log": {
                    "level": "information"
                },
                "message": "File created:\nRuleName: -\nUtcTime: 2022-09-27 12:29:18.901\nProcessGuid: {0e37ca90-ebe4-6332-8800-000000000500}\nProcessId: 5840\nImage: C:\\Python37\\python.exe\nTargetFilename: C:\\Users\\client1\\AppData\\Local\\Temp\\tmpoh5bjm7m\\extensions\\{73a6fe31-595d-460b-a920-fcc0f8843232}\\chrome\\noscript.jar\nCreationUtcTime: 2022-09-27 12:29:18.901\nUser: BREACH\\client1",
                "process": {
                    "entity_id": "{0e37ca90-ebe4-6332-8800-000000000500}",
                    "executable": "C:\\Python37\\python.exe",
                    "name": "python.exe",
                    "pid": 5840
                },
                "winlog": {
                    "api": "wineventlog",
                    "channel": "Microsoft-Windows-Sysmon/Operational",
                    "computer_name": "CLIENT1.breach.local",
                    "event_data": {
                        "CreationUtcTime": "2022-09-27 12:29:18.901",
                        "RuleName": "-",
                        "User": "BREACH\\client1"
                    },
                    "event_id": 11,
                    "opcode": "Info",
                    "process": {
                        "pid": 2076,
                        "thread": {
                            "id": 2556
                        }
                    },
                    "provider_guid": "{5770385f-c22a-43e0-bf4c-06f5698ffbd9}",
                    "provider_name": "Microsoft-Windows-Sysmon",
                    "record_id": 1825,
                    "task": "File created (rule: FileCreate)",
                    "user": {
                        "domain": "NT AUTHORITY",
                        "identifier": "S-1-5-18",
                        "name": "SYSTEM",
                        "type": "User"
                    },
                    "version": 2
                }
            }
        },
        "name": "Suspicious Driver Load from Temp",
        "timestamp": "2022-09-27T12:29:18.901+00:00",
        "authors": [
            "Florian Roth"
        ],
        "level": "high",
        "source": "sigma",
        "status": "experimental",
        "falsepositives": [
            "There is a relevant set of false positives depending on applications in the environment"
        ],
        "id": "2c4523d5-d481-4ed0-8ec3-7fbf0cb41a75",
        "logsource": {
            "category": "driver_load",
            "product": "windows"
        },
        "tags": [
            "attack.persistence",
            "attack.privilege_escalation",
            "attack.t1543.003"
        ]
    },
    {
        "group": "Sigma",
        "kind": "individual",
        "document": {
            "kind": "jsonl",
            "data": {
                "@timestamp": "2022-09-27T12:29:18.901Z",
                "agent": {
                    "ephemeral_id": "f3e67ec5-847a-448b-8ec4-bac040a44990",
                    "hostname": "CLIENT1",
                    "id": "cd699c72-0f46-4cd9-938a-43faf035a44a",
                    "name": "CLIENT1",
                    "type": "winlogbeat",
                    "version": "7.10.2"
                },
                "ecs": {
                    "version": "1.5.0"
                },
                "event": {
                    "action": "File created (rule: FileCreate)",
                    "category": [
                        "file"
                    ],
                    "code": 11,
                    "created": "2022-09-27T12:29:20.746Z",
                    "kind": "event",
                    "module": "sysmon",
                    "provider": "Microsoft-Windows-Sysmon",
                    "type": [
                        "creation"
                    ]
                },
                "file": {
                    "directory": "C:\\Users\\client1\\AppData\\Local\\Temp\\tmpedttfi_u.noscript.xpi\\chrome",
                    "extension": "jar",
                    "name": "noscript.jar",
                    "path": "C:\\Users\\client1\\AppData\\Local\\Temp\\tmpedttfi_u.noscript.xpi\\chrome\\noscript.jar"
                },
                "host": {
                    "name": "CLIENT1.breach.local"
                },
                "log": {
                    "level": "information"
                },
                "message": "File created:\nRuleName: -\nUtcTime: 2022-09-27 12:29:18.901\nProcessGuid: {0e37ca90-ebe4-6332-8800-000000000500}\nProcessId: 5840\nImage: C:\\Python37\\python.exe\nTargetFilename: C:\\Users\\client1\\AppData\\Local\\Temp\\tmpedttfi_u.noscript.xpi\\chrome\\noscript.jar\nCreationUtcTime: 2022-09-27 12:29:18.901\nUser: BREACH\\client1",
                "process": {
                    "entity_id": "{0e37ca90-ebe4-6332-8800-000000000500}",
                    "executable": "C:\\Python37\\python.exe",
                    "name": "python.exe",
                    "pid": 5840
                },
                "winlog": {
                    "api": "wineventlog",
                    "channel": "Microsoft-Windows-Sysmon/Operational",
                    "computer_name": "CLIENT1.breach.local",
                    "event_data": {
                        "CreationUtcTime": "2022-09-27 12:29:18.901",
                        "RuleName": "-",
                        "User": "BREACH\\client1"
                    },
                    "event_id": 11,
                    "opcode": "Info",
                    "process": {
                        "pid": 2076,
                        "thread": {
                            "id": 2556
                        }
                    },
                    "provider_guid": "{5770385f-c22a-43e0-bf4c-06f5698ffbd9}",
                    "provider_name": "Microsoft-Windows-Sysmon",
                    "record_id": 1824,
                    "task": "File created (rule: FileCreate)",
                    "user": {
                        "domain": "NT AUTHORITY",
                        "identifier": "S-1-5-18",
                        "name": "SYSTEM",
                        "type": "User"
                    },
                    "version": 2
                }
            }
        },
        "name": "Suspicious Driver Load from Temp",
        "timestamp": "2022-09-27T12:29:18.901+00:00",
        "authors": [
            "Florian Roth"
        ],
        "level": "high",
        "source": "sigma",
        "status": "experimental",
        "falsepositives": [
            "There is a relevant set of false positives depending on applications in the environment"
        ],
        "id": "2c4523d5-d481-4ed0-8ec3-7fbf0cb41a75",
        "logsource": {
            "category": "driver_load",
            "product": "windows"
        },
        "tags": [
            "attack.persistence",
            "attack.privilege_escalation",
            "attack.t1543.003"
        ]
    },
    {
        "group": "Sigma",
        "kind": "individual",
        "document": {
            "kind": "jsonl",
            "data": {
                "@timestamp": "2022-09-27T12:29:22.042Z",
                "agent": {
                    "ephemeral_id": "f3e67ec5-847a-448b-8ec4-bac040a44990",
                    "hostname": "CLIENT1",
                    "id": "cd699c72-0f46-4cd9-938a-43faf035a44a",
                    "name": "CLIENT1",
                    "type": "winlogbeat",
                    "version": "7.10.2"
                },
                "ecs": {
                    "version": "1.5.0"
                },
                "event": {
                    "action": "File created (rule: FileCreate)",
                    "category": [
                        "file"
                    ],
                    "code": 11,
                    "created": "2022-09-27T12:29:22.778Z",
                    "kind": "event",
                    "module": "sysmon",
                    "provider": "Microsoft-Windows-Sysmon",
                    "type": [
                        "creation"
                    ]
                },
                "file": {
                    "directory": "C:\\Users\\client1\\AppData\\Local\\Temp\\rust_mozprofileH14gOU\\extensions\\{73a6fe31-595d-460b-a920-fcc0f8843232}\\chrome",
                    "extension": "jar",
                    "name": "noscript.jar",
                    "path": "C:\\Users\\client1\\AppData\\Local\\Temp\\rust_mozprofileH14gOU\\extensions\\{73a6fe31-595d-460b-a920-fcc0f8843232}\\chrome\\noscript.jar"
                },
                "host": {
                    "name": "CLIENT1.breach.local"
                },
                "log": {
                    "level": "information"
                },
                "message": "File created:\nRuleName: -\nUtcTime: 2022-09-27 12:29:22.042\nProcessGuid: {0e37ca90-ec9e-6332-0001-000000000500}\nProcessId: 7064\nImage: C:\\Python37\\geckodriver.exe\nTargetFilename: C:\\Users\\client1\\AppData\\Local\\Temp\\rust_mozprofileH14gOU\\extensions\\{73a6fe31-595d-460b-a920-fcc0f8843232}\\chrome\\noscript.jar\nCreationUtcTime: 2022-09-27 12:29:22.042\nUser: BREACH\\client1",
                "process": {
                    "entity_id": "{0e37ca90-ec9e-6332-0001-000000000500}",
                    "executable": "C:\\Python37\\geckodriver.exe",
                    "name": "geckodriver.exe",
                    "pid": 7064
                },
                "winlog": {
                    "api": "wineventlog",
                    "channel": "Microsoft-Windows-Sysmon/Operational",
                    "computer_name": "CLIENT1.breach.local",
                    "event_data": {
                        "CreationUtcTime": "2022-09-27 12:29:22.042",
                        "RuleName": "-",
                        "User": "BREACH\\client1"
                    },
                    "event_id": 11,
                    "opcode": "Info",
                    "process": {
                        "pid": 2076,
                        "thread": {
                            "id": 2556
                        }
                    },
                    "provider_guid": "{5770385f-c22a-43e0-bf4c-06f5698ffbd9}",
                    "provider_name": "Microsoft-Windows-Sysmon",
                    "record_id": 1828,
                    "task": "File created (rule: FileCreate)",
                    "user": {
                        "domain": "NT AUTHORITY",
                        "identifier": "S-1-5-18",
                        "name": "SYSTEM",
                        "type": "User"
                    },
                    "version": 2
                }
            }
        },
        "name": "Suspicious Driver Load from Temp",
        "timestamp": "2022-09-27T12:29:22.042+00:00",
        "authors": [
            "Florian Roth"
        ],
        "level": "high",
        "source": "sigma",
        "status": "experimental",
        "falsepositives": [
            "There is a relevant set of false positives depending on applications in the environment"
        ],
        "id": "2c4523d5-d481-4ed0-8ec3-7fbf0cb41a75",
        "logsource": {
            "category": "driver_load",
            "product": "windows"
        },
        "tags": [
            "attack.persistence",
            "attack.privilege_escalation",
            "attack.t1543.003"
        ]
    },
    {
        "group": "Sigma",
        "kind": "individual",
        "document": {
            "kind": "jsonl",
            "data": {
                "@timestamp": "2022-09-27T12:29:26.583Z",
                "agent": {
                    "ephemeral_id": "f3e67ec5-847a-448b-8ec4-bac040a44990",
                    "hostname": "CLIENT1",
                    "id": "cd699c72-0f46-4cd9-938a-43faf035a44a",
                    "name": "CLIENT1",
                    "type": "winlogbeat",
                    "version": "7.10.2"
                },
                "ecs": {
                    "version": "1.5.0"
                },
                "event": {
                    "action": "File created (rule: FileCreate)",
                    "category": [
                        "file"
                    ],
                    "code": 11,
                    "created": "2022-09-27T12:29:27.822Z",
                    "kind": "event",
                    "module": "sysmon",
                    "provider": "Microsoft-Windows-Sysmon",
                    "type": [
                        "creation"
                    ]
                },
                "file": {
                    "directory": "C:\\Users\\client1\\AppData\\Local\\Temp\\tmp015xusca.noscript.xpi\\chrome",
                    "extension": "jar",
                    "name": "noscript.jar",
                    "path": "C:\\Users\\client1\\AppData\\Local\\Temp\\tmp015xusca.noscript.xpi\\chrome\\noscript.jar"
                },
                "host": {
                    "name": "CLIENT1.breach.local"
                },
                "log": {
                    "level": "information"
                },
                "message": "File created:\nRuleName: -\nUtcTime: 2022-09-27 12:29:26.583\nProcessGuid: {0e37ca90-ebe4-6332-8800-000000000500}\nProcessId: 5840\nImage: C:\\Python37\\python.exe\nTargetFilename: C:\\Users\\client1\\AppData\\Local\\Temp\\tmp015xusca.noscript.xpi\\chrome\\noscript.jar\nCreationUtcTime: 2022-09-27 12:29:26.583\nUser: BREACH\\client1",
                "process": {
                    "entity_id": "{0e37ca90-ebe4-6332-8800-000000000500}",
                    "executable": "C:\\Python37\\python.exe",
                    "name": "python.exe",
                    "pid": 5840
                },
                "winlog": {
                    "api": "wineventlog",
                    "channel": "Microsoft-Windows-Sysmon/Operational",
                    "computer_name": "CLIENT1.breach.local",
                    "event_data": {
                        "CreationUtcTime": "2022-09-27 12:29:26.583",
                        "RuleName": "-",
                        "User": "BREACH\\client1"
                    },
                    "event_id": 11,
                    "opcode": "Info",
                    "process": {
                        "pid": 2076,
                        "thread": {
                            "id": 2556
                        }
                    },
                    "provider_guid": "{5770385f-c22a-43e0-bf4c-06f5698ffbd9}",
                    "provider_name": "Microsoft-Windows-Sysmon",
                    "record_id": 1838,
                    "task": "File created (rule: FileCreate)",
                    "user": {
                        "domain": "NT AUTHORITY",
                        "identifier": "S-1-5-18",
                        "name": "SYSTEM",
                        "type": "User"
                    },
                    "version": 2
                }
            }
        },
        "name": "Suspicious Driver Load from Temp",
        "timestamp": "2022-09-27T12:29:26.583+00:00",
        "authors": [
            "Florian Roth"
        ],
        "level": "high",
        "source": "sigma",
        "status": "experimental",
        "falsepositives": [
            "There is a relevant set of false positives depending on applications in the environment"
        ],
        "id": "2c4523d5-d481-4ed0-8ec3-7fbf0cb41a75",
        "logsource": {
            "category": "driver_load",
            "product": "windows"
        },
        "tags": [
            "attack.persistence",
            "attack.privilege_escalation",
            "attack.t1543.003"
        ]
    },
    {
        "group": "Sigma",
        "kind": "individual",
        "document": {
            "kind": "jsonl",
            "data": {
                "@timestamp": "2022-09-27T12:29:26.597Z",
                "agent": {
                    "ephemeral_id": "f3e67ec5-847a-448b-8ec4-bac040a44990",
                    "hostname": "CLIENT1",
                    "id": "cd699c72-0f46-4cd9-938a-43faf035a44a",
                    "name": "CLIENT1",
                    "type": "winlogbeat",
                    "version": "7.10.2"
                },
                "ecs": {
                    "version": "1.5.0"
                },
                "event": {
                    "action": "File created (rule: FileCreate)",
                    "category": [
                        "file"
                    ],
                    "code": 11,
                    "created": "2022-09-27T12:29:27.823Z",
                    "kind": "event",
                    "module": "sysmon",
                    "provider": "Microsoft-Windows-Sysmon",
                    "type": [
                        "creation"
                    ]
                },
                "file": {
                    "directory": "C:\\Users\\client1\\AppData\\Local\\Temp\\tmplbl7uxog\\extensions\\{73a6fe31-595d-460b-a920-fcc0f8843232}\\chrome",
                    "extension": "jar",
                    "name": "noscript.jar",
                    "path": "C:\\Users\\client1\\AppData\\Local\\Temp\\tmplbl7uxog\\extensions\\{73a6fe31-595d-460b-a920-fcc0f8843232}\\chrome\\noscript.jar"
                },
                "host": {
                    "name": "CLIENT1.breach.local"
                },
                "log": {
                    "level": "information"
                },
                "message": "File created:\nRuleName: -\nUtcTime: 2022-09-27 12:29:26.597\nProcessGuid: {0e37ca90-ebe4-6332-8800-000000000500}\nProcessId: 5840\nImage: C:\\Python37\\python.exe\nTargetFilename: C:\\Users\\client1\\AppData\\Local\\Temp\\tmplbl7uxog\\extensions\\{73a6fe31-595d-460b-a920-fcc0f8843232}\\chrome\\noscript.jar\nCreationUtcTime: 2022-09-27 12:29:26.597\nUser: BREACH\\client1",
                "process": {
                    "entity_id": "{0e37ca90-ebe4-6332-8800-000000000500}",
                    "executable": "C:\\Python37\\python.exe",
                    "name": "python.exe",
                    "pid": 5840
                },
                "winlog": {
                    "api": "wineventlog",
                    "channel": "Microsoft-Windows-Sysmon/Operational",
                    "computer_name": "CLIENT1.breach.local",
                    "event_data": {
                        "CreationUtcTime": "2022-09-27 12:29:26.597",
                        "RuleName": "-",
                        "User": "BREACH\\client1"
                    },
                    "event_id": 11,
                    "opcode": "Info",
                    "process": {
                        "pid": 2076,
                        "thread": {
                            "id": 2556
                        }
                    },
                    "provider_guid": "{5770385f-c22a-43e0-bf4c-06f5698ffbd9}",
                    "provider_name": "Microsoft-Windows-Sysmon",
                    "record_id": 1839,
                    "task": "File created (rule: FileCreate)",
                    "user": {
                        "domain": "NT AUTHORITY",
                        "identifier": "S-1-5-18",
                        "name": "SYSTEM",
                        "type": "User"
                    },
                    "version": 2
                }
            }
        },
        "name": "Suspicious Driver Load from Temp",
        "timestamp": "2022-09-27T12:29:26.597+00:00",
        "authors": [
            "Florian Roth"
        ],
        "level": "high",
        "source": "sigma",
        "status": "experimental",
        "falsepositives": [
            "There is a relevant set of false positives depending on applications in the environment"
        ],
        "id": "2c4523d5-d481-4ed0-8ec3-7fbf0cb41a75",
        "logsource": {
            "category": "driver_load",
            "product": "windows"
        },
        "tags": [
            "attack.persistence",
            "attack.privilege_escalation",
            "attack.t1543.003"
        ]
    },
