    {
        "group": "Sigma",
        "kind": "individual",
        "document": {
            "kind": "jsonl",
            "data": {
                "@timestamp": "2022-09-27T12:51:28.383Z",
                "agent": {
                    "ephemeral_id": "f3e67ec5-847a-448b-8ec4-bac040a44990",
                    "hostname": "CLIENT1",
                    "id": "cd699c72-0f46-4cd9-938a-43faf035a44a",
                    "name": "CLIENT1",
                    "type": "winlogbeat",
                    "version": "7.10.2"
                },
                "ecs": {
                    "version": "1.5.0"
                },
                "event": {
                    "action": "File created (rule: FileCreate)",
                    "category": [
                        "file"
                    ],
                    "code": 11,
                    "created": "2022-09-27T12:51:29.963Z",
                    "kind": "event",
                    "module": "sysmon",
                    "provider": "Microsoft-Windows-Sysmon",
                    "type": [
                        "creation"
                    ]
                },
                "file": {
                    "directory": "C:\\Users\\client1\\AppData\\Local\\Temp\\rust_mozprofilejcJr5d\\extensions\\{73a6fe31-595d-460b-a920-fcc0f8843232}\\chrome",
                    "extension": "jar",
                    "name": "noscript.jar",
                    "path": "C:\\Users\\client1\\AppData\\Local\\Temp\\rust_mozprofilejcJr5d\\extensions\\{73a6fe31-595d-460b-a920-fcc0f8843232}\\chrome\\noscript.jar"
                },
                "host": {
                    "name": "CLIENT1.breach.local"
                },
                "log": {
                    "level": "information"
                },
                "message": "File created:\nRuleName: -\nUtcTime: 2022-09-27 12:51:28.383\nProcessGuid: {0e37ca90-f1cd-6332-d002-000000000500}\nProcessId: 3444\nImage: C:\\Python37\\geckodriver.exe\nTargetFilename: C:\\Users\\client1\\AppData\\Local\\Temp\\rust_mozprofilejcJr5d\\extensions\\{73a6fe31-595d-460b-a920-fcc0f8843232}\\chrome\\noscript.jar\nCreationUtcTime: 2022-09-27 12:51:28.383\nUser: BREACH\\client1",
                "process": {
                    "entity_id": "{0e37ca90-f1cd-6332-d002-000000000500}",
                    "executable": "C:\\Python37\\geckodriver.exe",
                    "name": "geckodriver.exe",
                    "pid": 3444
                },
                "winlog": {
                    "api": "wineventlog",
                    "channel": "Microsoft-Windows-Sysmon/Operational",
                    "computer_name": "CLIENT1.breach.local",
                    "event_data": {
                        "CreationUtcTime": "2022-09-27 12:51:28.383",
                        "RuleName": "-",
                        "User": "BREACH\\client1"
                    },
                    "event_id": 11,
                    "opcode": "Info",
                    "process": {
                        "pid": 2076,
                        "thread": {
                            "id": 2556
                        }
                    },
                    "provider_guid": "{5770385f-c22a-43e0-bf4c-06f5698ffbd9}",
                    "provider_name": "Microsoft-Windows-Sysmon",
                    "record_id": 2785,
                    "task": "File created (rule: FileCreate)",
                    "user": {
                        "domain": "NT AUTHORITY",
                        "identifier": "S-1-5-18",
                        "name": "SYSTEM",
                        "type": "User"
                    },
                    "version": 2
                }
            }
        },
        "name": "Suspicious Driver Load from Temp",
        "timestamp": "2022-09-27T12:51:28.383+00:00",
        "authors": [
            "Florian Roth"
        ],
        "level": "high",
        "source": "sigma",
        "status": "experimental",
        "falsepositives": [
            "There is a relevant set of false positives depending on applications in the environment"
        ],
        "id": "2c4523d5-d481-4ed0-8ec3-7fbf0cb41a75",
        "logsource": {
            "category": "driver_load",
            "product": "windows"
        },
        "tags": [
            "attack.persistence",
            "attack.privilege_escalation",
            "attack.t1543.003"
        ]
    },
    {
        "group": "Sigma",
        "kind": "individual",
        "document": {
            "kind": "jsonl",
            "data": {
                "@timestamp": "2022-09-27T12:51:30.931Z",
                "agent": {
                    "ephemeral_id": "f3e67ec5-847a-448b-8ec4-bac040a44990",
                    "hostname": "CLIENT1",
                    "id": "cd699c72-0f46-4cd9-938a-43faf035a44a",
                    "name": "CLIENT1",
                    "type": "winlogbeat",
                    "version": "7.10.2"
                },
                "ecs": {
                    "version": "1.5.0"
                },
                "event": {
                    "action": "File created (rule: FileCreate)",
                    "category": [
                        "file"
                    ],
                    "code": 11,
                    "created": "2022-09-27T12:51:32.006Z",
                    "kind": "event",
                    "module": "sysmon",
                    "provider": "Microsoft-Windows-Sysmon",
                    "type": [
                        "creation"
                    ]
                },
                "file": {
                    "directory": "C:\\Users\\client1\\AppData\\Local\\Temp\\tmpx5rdf4dx.noscript.xpi\\chrome",
                    "extension": "jar",
                    "name": "noscript.jar",
                    "path": "C:\\Users\\client1\\AppData\\Local\\Temp\\tmpx5rdf4dx.noscript.xpi\\chrome\\noscript.jar"
                },
                "host": {
                    "name": "CLIENT1.breach.local"
                },
                "log": {
                    "level": "information"
                },
                "message": "File created:\nRuleName: -\nUtcTime: 2022-09-27 12:51:30.931\nProcessGuid: {0e37ca90-ebe4-6332-8800-000000000500}\nProcessId: 5840\nImage: C:\\Python37\\python.exe\nTargetFilename: C:\\Users\\client1\\AppData\\Local\\Temp\\tmpx5rdf4dx.noscript.xpi\\chrome\\noscript.jar\nCreationUtcTime: 2022-09-27 12:51:30.931\nUser: BREACH\\client1",
                "process": {
                    "entity_id": "{0e37ca90-ebe4-6332-8800-000000000500}",
                    "executable": "C:\\Python37\\python.exe",
                    "name": "python.exe",
                    "pid": 5840
                },
                "winlog": {
                    "api": "wineventlog",
                    "channel": "Microsoft-Windows-Sysmon/Operational",
                    "computer_name": "CLIENT1.breach.local",
                    "event_data": {
                        "CreationUtcTime": "2022-09-27 12:51:30.931",
                        "RuleName": "-",
                        "User": "BREACH\\client1"
                    },
                    "event_id": 11,
                    "opcode": "Info",
                    "process": {
                        "pid": 2076,
                        "thread": {
                            "id": 2556
                        }
                    },
                    "provider_guid": "{5770385f-c22a-43e0-bf4c-06f5698ffbd9}",
                    "provider_name": "Microsoft-Windows-Sysmon",
                    "record_id": 2795,
                    "task": "File created (rule: FileCreate)",
                    "user": {
                        "domain": "NT AUTHORITY",
                        "identifier": "S-1-5-18",
                        "name": "SYSTEM",
                        "type": "User"
                    },
                    "version": 2
                }
            }
        },
        "name": "Suspicious Driver Load from Temp",
        "timestamp": "2022-09-27T12:51:30.931+00:00",
        "authors": [
            "Florian Roth"
        ],
        "level": "high",
        "source": "sigma",
        "status": "experimental",
        "falsepositives": [
            "There is a relevant set of false positives depending on applications in the environment"
        ],
        "id": "2c4523d5-d481-4ed0-8ec3-7fbf0cb41a75",
        "logsource": {
            "category": "driver_load",
            "product": "windows"
        },
        "tags": [
            "attack.persistence",
            "attack.privilege_escalation",
            "attack.t1543.003"
        ]
    },
    {
        "group": "Sigma",
        "kind": "individual",
        "document": {
            "kind": "jsonl",
            "data": {
                "@timestamp": "2022-09-27T12:51:30.943Z",
                "agent": {
                    "ephemeral_id": "f3e67ec5-847a-448b-8ec4-bac040a44990",
                    "hostname": "CLIENT1",
                    "id": "cd699c72-0f46-4cd9-938a-43faf035a44a",
                    "name": "CLIENT1",
                    "type": "winlogbeat",
                    "version": "7.10.2"
                },
                "ecs": {
                    "version": "1.5.0"
                },
                "event": {
                    "action": "File created (rule: FileCreate)",
                    "category": [
                        "file"
                    ],
                    "code": 11,
                    "created": "2022-09-27T12:51:32.007Z",
                    "kind": "event",
                    "module": "sysmon",
                    "provider": "Microsoft-Windows-Sysmon",
                    "type": [
                        "creation"
                    ]
                },
                "file": {
                    "directory": "C:\\Users\\client1\\AppData\\Local\\Temp\\tmplkbic116\\extensions\\{73a6fe31-595d-460b-a920-fcc0f8843232}\\chrome",
                    "extension": "jar",
                    "name": "noscript.jar",
                    "path": "C:\\Users\\client1\\AppData\\Local\\Temp\\tmplkbic116\\extensions\\{73a6fe31-595d-460b-a920-fcc0f8843232}\\chrome\\noscript.jar"
                },
                "host": {
                    "name": "CLIENT1.breach.local"
                },
                "log": {
                    "level": "information"
                },
                "message": "File created:\nRuleName: -\nUtcTime: 2022-09-27 12:51:30.943\nProcessGuid: {0e37ca90-ebe4-6332-8800-000000000500}\nProcessId: 5840\nImage: C:\\Python37\\python.exe\nTargetFilename: C:\\Users\\client1\\AppData\\Local\\Temp\\tmplkbic116\\extensions\\{73a6fe31-595d-460b-a920-fcc0f8843232}\\chrome\\noscript.jar\nCreationUtcTime: 2022-09-27 12:51:30.943\nUser: BREACH\\client1",
                "process": {
                    "entity_id": "{0e37ca90-ebe4-6332-8800-000000000500}",
                    "executable": "C:\\Python37\\python.exe",
                    "name": "python.exe",
                    "pid": 5840
                },
                "winlog": {
                    "api": "wineventlog",
                    "channel": "Microsoft-Windows-Sysmon/Operational",
                    "computer_name": "CLIENT1.breach.local",
                    "event_data": {
                        "CreationUtcTime": "2022-09-27 12:51:30.943",
                        "RuleName": "-",
                        "User": "BREACH\\client1"
                    },
                    "event_id": 11,
                    "opcode": "Info",
                    "process": {
                        "pid": 2076,
                        "thread": {
                            "id": 2556
                        }
                    },
                    "provider_guid": "{5770385f-c22a-43e0-bf4c-06f5698ffbd9}",
                    "provider_name": "Microsoft-Windows-Sysmon",
                    "record_id": 2796,
                    "task": "File created (rule: FileCreate)",
                    "user": {
                        "domain": "NT AUTHORITY",
                        "identifier": "S-1-5-18",
                        "name": "SYSTEM",
                        "type": "User"
                    },
                    "version": 2
                }
            }
        },
        "name": "Suspicious Driver Load from Temp",
        "timestamp": "2022-09-27T12:51:30.943+00:00",
        "authors": [
            "Florian Roth"
        ],
        "level": "high",
        "source": "sigma",
        "status": "experimental",
        "falsepositives": [
            "There is a relevant set of false positives depending on applications in the environment"
        ],
        "id": "2c4523d5-d481-4ed0-8ec3-7fbf0cb41a75",
        "logsource": {
            "category": "driver_load",
            "product": "windows"
        },
        "tags": [
            "attack.persistence",
            "attack.privilege_escalation",
            "attack.t1543.003"
        ]
    },
    {
        "group": "Sigma",
        "kind": "individual",
        "document": {
            "kind": "jsonl",
            "data": {
                "@timestamp": "2022-09-27T12:51:34.061Z",
                "agent": {
                    "ephemeral_id": "f3e67ec5-847a-448b-8ec4-bac040a44990",
                    "hostname": "CLIENT1",
                    "id": "cd699c72-0f46-4cd9-938a-43faf035a44a",
                    "name": "CLIENT1",
                    "type": "winlogbeat",
                    "version": "7.10.2"
                },
                "ecs": {
                    "version": "1.5.0"
                },
                "event": {
                    "action": "File created (rule: FileCreate)",
                    "category": [
                        "file"
                    ],
                    "code": 11,
                    "created": "2022-09-27T12:51:36.203Z",
                    "kind": "event",
                    "module": "sysmon",
                    "provider": "Microsoft-Windows-Sysmon",
                    "type": [
                        "creation"
                    ]
                },
                "file": {
                    "directory": "C:\\Users\\client1\\AppData\\Local\\Temp\\rust_mozprofileJwVwBQ\\extensions\\{73a6fe31-595d-460b-a920-fcc0f8843232}\\chrome",
                    "extension": "jar",
                    "name": "noscript.jar",
                    "path": "C:\\Users\\client1\\AppData\\Local\\Temp\\rust_mozprofileJwVwBQ\\extensions\\{73a6fe31-595d-460b-a920-fcc0f8843232}\\chrome\\noscript.jar"
                },
                "host": {
                    "name": "CLIENT1.breach.local"
                },
                "log": {
                    "level": "information"
                },
                "message": "File created:\nRuleName: -\nUtcTime: 2022-09-27 12:51:34.061\nProcessGuid: {0e37ca90-f1d2-6332-d802-000000000500}\nProcessId: 5364\nImage: C:\\Python37\\geckodriver.exe\nTargetFilename: C:\\Users\\client1\\AppData\\Local\\Temp\\rust_mozprofileJwVwBQ\\extensions\\{73a6fe31-595d-460b-a920-fcc0f8843232}\\chrome\\noscript.jar\nCreationUtcTime: 2022-09-27 12:51:34.061\nUser: BREACH\\client1",
                "process": {
                    "entity_id": "{0e37ca90-f1d2-6332-d802-000000000500}",
                    "executable": "C:\\Python37\\geckodriver.exe",
                    "name": "geckodriver.exe",
                    "pid": 5364
                },
                "winlog": {
                    "api": "wineventlog",
                    "channel": "Microsoft-Windows-Sysmon/Operational",
                    "computer_name": "CLIENT1.breach.local",
                    "event_data": {
                        "CreationUtcTime": "2022-09-27 12:51:34.061",
                        "RuleName": "-",
                        "User": "BREACH\\client1"
                    },
                    "event_id": 11,
                    "opcode": "Info",
                    "process": {
                        "pid": 2076,
                        "thread": {
                            "id": 2556
                        }
                    },
                    "provider_guid": "{5770385f-c22a-43e0-bf4c-06f5698ffbd9}",
                    "provider_name": "Microsoft-Windows-Sysmon",
                    "record_id": 2798,
                    "task": "File created (rule: FileCreate)",
                    "user": {
                        "domain": "NT AUTHORITY",
                        "identifier": "S-1-5-18",
                        "name": "SYSTEM",
                        "type": "User"
                    },
                    "version": 2
                }
            }
        },
        "name": "Suspicious Driver Load from Temp",
        "timestamp": "2022-09-27T12:51:34.061+00:00",
        "authors": [
            "Florian Roth"
        ],
        "level": "high",
        "source": "sigma",
        "status": "experimental",
        "falsepositives": [
            "There is a relevant set of false positives depending on applications in the environment"
        ],
        "id": "2c4523d5-d481-4ed0-8ec3-7fbf0cb41a75",
        "logsource": {
            "category": "driver_load",
            "product": "windows"
        },
        "tags": [
            "attack.persistence",
            "attack.privilege_escalation",
            "attack.t1543.003"
        ]
    },
    {
        "group": "Sigma",
        "kind": "individual",
        "document": {
            "kind": "jsonl",
            "data": {
                "@timestamp": "2022-09-27T12:51:36.492Z",
                "agent": {
                    "ephemeral_id": "f3e67ec5-847a-448b-8ec4-bac040a44990",
                    "hostname": "CLIENT1",
                    "id": "cd699c72-0f46-4cd9-938a-43faf035a44a",
                    "name": "CLIENT1",
                    "type": "winlogbeat",
                    "version": "7.10.2"
                },
                "ecs": {
                    "version": "1.5.0"
                },
                "event": {
                    "action": "File created (rule: FileCreate)",
                    "category": [
                        "file"
                    ],
                    "code": 11,
                    "created": "2022-09-27T12:51:37.219Z",
                    "kind": "event",
                    "module": "sysmon",
                    "provider": "Microsoft-Windows-Sysmon",
                    "type": [
                        "creation"
                    ]
                },
                "file": {
                    "directory": "C:\\Users\\client1\\AppData\\Local\\Temp\\tmpfjrj17se.noscript.xpi\\chrome",
                    "extension": "jar",
                    "name": "noscript.jar",
                    "path": "C:\\Users\\client1\\AppData\\Local\\Temp\\tmpfjrj17se.noscript.xpi\\chrome\\noscript.jar"
                },
                "host": {
                    "name": "CLIENT1.breach.local"
                },
                "log": {
                    "level": "information"
                },
                "message": "File created:\nRuleName: -\nUtcTime: 2022-09-27 12:51:36.492\nProcessGuid: {0e37ca90-ebe4-6332-8800-000000000500}\nProcessId: 5840\nImage: C:\\Python37\\python.exe\nTargetFilename: C:\\Users\\client1\\AppData\\Local\\Temp\\tmpfjrj17se.noscript.xpi\\chrome\\noscript.jar\nCreationUtcTime: 2022-09-27 12:51:36.492\nUser: BREACH\\client1",
                "process": {
                    "entity_id": "{0e37ca90-ebe4-6332-8800-000000000500}",
                    "executable": "C:\\Python37\\python.exe",
                    "name": "python.exe",
                    "pid": 5840
                },
                "winlog": {
                    "api": "wineventlog",
                    "channel": "Microsoft-Windows-Sysmon/Operational",
                    "computer_name": "CLIENT1.breach.local",
                    "event_data": {
                        "CreationUtcTime": "2022-09-27 12:51:36.492",
                        "RuleName": "-",
                        "User": "BREACH\\client1"
                    },
                    "event_id": 11,
                    "opcode": "Info",
                    "process": {
                        "pid": 2076,
                        "thread": {
                            "id": 2556
                        }
                    },
                    "provider_guid": "{5770385f-c22a-43e0-bf4c-06f5698ffbd9}",
                    "provider_name": "Microsoft-Windows-Sysmon",
                    "record_id": 2807,
                    "task": "File created (rule: FileCreate)",
                    "user": {
                        "domain": "NT AUTHORITY",
                        "identifier": "S-1-5-18",
                        "name": "SYSTEM",
                        "type": "User"
                    },
                    "version": 2
                }
            }
        },
        "name": "Suspicious Driver Load from Temp",
        "timestamp": "2022-09-27T12:51:36.492+00:00",
        "authors": [
            "Florian Roth"
        ],
        "level": "high",
        "source": "sigma",
        "status": "experimental",
        "falsepositives": [
            "There is a relevant set of false positives depending on applications in the environment"
        ],
        "id": "2c4523d5-d481-4ed0-8ec3-7fbf0cb41a75",
        "logsource": {
            "category": "driver_load",
            "product": "windows"
        },
        "tags": [
            "attack.persistence",
            "attack.privilege_escalation",
            "attack.t1543.003"
        ]
    },
    {
        "group": "Sigma",
        "kind": "individual",
        "document": {
            "kind": "jsonl",
            "data": {
                "@timestamp": "2022-09-27T12:51:36.507Z",
                "agent": {
                    "ephemeral_id": "f3e67ec5-847a-448b-8ec4-bac040a44990",
                    "hostname": "CLIENT1",
                    "id": "cd699c72-0f46-4cd9-938a-43faf035a44a",
                    "name": "CLIENT1",
                    "type": "winlogbeat",
                    "version": "7.10.2"
                },
                "ecs": {
                    "version": "1.5.0"
                },
                "event": {
                    "action": "File created (rule: FileCreate)",
                    "category": [
                        "file"
                    ],
                    "code": 11,
                    "created": "2022-09-27T12:51:37.219Z",
                    "kind": "event",
                    "module": "sysmon",
                    "provider": "Microsoft-Windows-Sysmon",
                    "type": [
                        "creation"
                    ]
                },
                "file": {
                    "directory": "C:\\Users\\client1\\AppData\\Local\\Temp\\tmphl848oyq\\extensions\\{73a6fe31-595d-460b-a920-fcc0f8843232}\\chrome",
                    "extension": "jar",
                    "name": "noscript.jar",
                    "path": "C:\\Users\\client1\\AppData\\Local\\Temp\\tmphl848oyq\\extensions\\{73a6fe31-595d-460b-a920-fcc0f8843232}\\chrome\\noscript.jar"
                },
                "host": {
                    "name": "CLIENT1.breach.local"
                },
                "log": {
                    "level": "information"
                },
                "message": "File created:\nRuleName: -\nUtcTime: 2022-09-27 12:51:36.507\nProcessGuid: {0e37ca90-ebe4-6332-8800-000000000500}\nProcessId: 5840\nImage: C:\\Python37\\python.exe\nTargetFilename: C:\\Users\\client1\\AppData\\Local\\Temp\\tmphl848oyq\\extensions\\{73a6fe31-595d-460b-a920-fcc0f8843232}\\chrome\\noscript.jar\nCreationUtcTime: 2022-09-27 12:51:36.507\nUser: BREACH\\client1",
                "process": {
                    "entity_id": "{0e37ca90-ebe4-6332-8800-000000000500}",
                    "executable": "C:\\Python37\\python.exe",
                    "name": "python.exe",
                    "pid": 5840
                },
                "winlog": {
                    "api": "wineventlog",
                    "channel": "Microsoft-Windows-Sysmon/Operational",
                    "computer_name": "CLIENT1.breach.local",
                    "event_data": {
                        "CreationUtcTime": "2022-09-27 12:51:36.507",
                        "RuleName": "-",
                        "User": "BREACH\\client1"
                    },
                    "event_id": 11,
                    "opcode": "Info",
                    "process": {
                        "pid": 2076,
                        "thread": {
                            "id": 2556
                        }
                    },
                    "provider_guid": "{5770385f-c22a-43e0-bf4c-06f5698ffbd9}",
                    "provider_name": "Microsoft-Windows-Sysmon",
                    "record_id": 2808,
                    "task": "File created (rule: FileCreate)",
                    "user": {
                        "domain": "NT AUTHORITY",
                        "identifier": "S-1-5-18",
                        "name": "SYSTEM",
                        "type": "User"
                    },
                    "version": 2
                }
            }
        },
        "name": "Suspicious Driver Load from Temp",
        "timestamp": "2022-09-27T12:51:36.507+00:00",
        "authors": [
            "Florian Roth"
        ],
        "level": "high",
        "source": "sigma",
        "status": "experimental",
        "falsepositives": [
            "There is a relevant set of false positives depending on applications in the environment"
        ],
        "id": "2c4523d5-d481-4ed0-8ec3-7fbf0cb41a75",
        "logsource": {
            "category": "driver_load",
            "product": "windows"
        },
        "tags": [
            "attack.persistence",
            "attack.privilege_escalation",
            "attack.t1543.003"
        ]
    },
    {
        "group": "Sigma",
        "kind": "individual",
        "document": {
            "kind": "jsonl",
            "data": {
                "@timestamp": "2022-09-27T12:51:39.702Z",
                "agent": {
                    "ephemeral_id": "f3e67ec5-847a-448b-8ec4-bac040a44990",
                    "hostname": "CLIENT1",
                    "id": "cd699c72-0f46-4cd9-938a-43faf035a44a",
                    "name": "CLIENT1",
                    "type": "winlogbeat",
                    "version": "7.10.2"
                },
                "ecs": {
                    "version": "1.5.0"
                },
                "event": {
                    "action": "File created (rule: FileCreate)",
                    "category": [
                        "file"
                    ],
                    "code": 11,
                    "created": "2022-09-27T12:51:41.300Z",
                    "kind": "event",
                    "module": "sysmon",
                    "provider": "Microsoft-Windows-Sysmon",
                    "type": [
                        "creation"
                    ]
                },
                "file": {
                    "directory": "C:\\Users\\client1\\AppData\\Local\\Temp\\rust_mozprofileMyPMF0\\extensions\\{73a6fe31-595d-460b-a920-fcc0f8843232}\\chrome",
                    "extension": "jar",
                    "name": "noscript.jar",
                    "path": "C:\\Users\\client1\\AppData\\Local\\Temp\\rust_mozprofileMyPMF0\\extensions\\{73a6fe31-595d-460b-a920-fcc0f8843232}\\chrome\\noscript.jar"
                },
                "host": {
                    "name": "CLIENT1.breach.local"
                },
                "log": {
                    "level": "information"
                },
                "message": "File created:\nRuleName: -\nUtcTime: 2022-09-27 12:51:39.702\nProcessGuid: {0e37ca90-f1d8-6332-e002-000000000500}\nProcessId: 6176\nImage: C:\\Python37\\geckodriver.exe\nTargetFilename: C:\\Users\\client1\\AppData\\Local\\Temp\\rust_mozprofileMyPMF0\\extensions\\{73a6fe31-595d-460b-a920-fcc0f8843232}\\chrome\\noscript.jar\nCreationUtcTime: 2022-09-27 12:51:39.702\nUser: BREACH\\client1",
                "process": {
                    "entity_id": "{0e37ca90-f1d8-6332-e002-000000000500}",
                    "executable": "C:\\Python37\\geckodriver.exe",
                    "name": "geckodriver.exe",
                    "pid": 6176
                },
                "winlog": {
                    "api": "wineventlog",
                    "channel": "Microsoft-Windows-Sysmon/Operational",
                    "computer_name": "CLIENT1.breach.local",
                    "event_data": {
                        "CreationUtcTime": "2022-09-27 12:51:39.702",
                        "RuleName": "-",
                        "User": "BREACH\\client1"
                    },
                    "event_id": 11,
                    "opcode": "Info",
                    "process": {
                        "pid": 2076,
                        "thread": {
                            "id": 2556
                        }
                    },
                    "provider_guid": "{5770385f-c22a-43e0-bf4c-06f5698ffbd9}",
                    "provider_name": "Microsoft-Windows-Sysmon",
                    "record_id": 2811,
                    "task": "File created (rule: FileCreate)",
                    "user": {
                        "domain": "NT AUTHORITY",
                        "identifier": "S-1-5-18",
                        "name": "SYSTEM",
                        "type": "User"
                    },
                    "version": 2
                }
            }
        },
        "name": "Suspicious Driver Load from Temp",
        "timestamp": "2022-09-27T12:51:39.702+00:00",
        "authors": [
            "Florian Roth"
        ],
        "level": "high",
        "source": "sigma",
        "status": "experimental",
        "falsepositives": [
            "There is a relevant set of false positives depending on applications in the environment"
        ],
        "id": "2c4523d5-d481-4ed0-8ec3-7fbf0cb41a75",
        "logsource": {
            "category": "driver_load",
            "product": "windows"
        },
        "tags": [
            "attack.persistence",
            "attack.privilege_escalation",
            "attack.t1543.003"
        ]
    },
    {
        "group": "Sigma",
        "kind": "individual",
        "document": {
            "kind": "jsonl",
            "data": {
                "@timestamp": "2022-09-27T12:53:08.638Z",
                "agent": {
                    "ephemeral_id": "f3e67ec5-847a-448b-8ec4-bac040a44990",
                    "hostname": "CLIENT1",
                    "id": "cd699c72-0f46-4cd9-938a-43faf035a44a",
                    "name": "CLIENT1",
                    "type": "winlogbeat",
                    "version": "7.10.2"
                },
                "ecs": {
                    "version": "1.5.0"
                },
                "event": {
                    "action": "File created (rule: FileCreate)",
                    "category": [
                        "file"
                    ],
                    "code": 11,
                    "created": "2022-09-27T12:53:09.965Z",
                    "kind": "event",
                    "module": "sysmon",
                    "provider": "Microsoft-Windows-Sysmon",
                    "type": [
                        "creation"
                    ]
                },
                "file": {
                    "directory": "C:\\Users\\client1\\AppData\\Local\\Temp\\tmpcwhnrqwr.noscript.xpi\\chrome",
                    "extension": "jar",
                    "name": "noscript.jar",
                    "path": "C:\\Users\\client1\\AppData\\Local\\Temp\\tmpcwhnrqwr.noscript.xpi\\chrome\\noscript.jar"
                },
                "host": {
                    "name": "CLIENT1.breach.local"
                },
                "log": {
                    "level": "information"
                },
                "message": "File created:\nRuleName: -\nUtcTime: 2022-09-27 12:53:08.638\nProcessGuid: {0e37ca90-ebe4-6332-8800-000000000500}\nProcessId: 5840\nImage: C:\\Python37\\python.exe\nTargetFilename: C:\\Users\\client1\\AppData\\Local\\Temp\\tmpcwhnrqwr.noscript.xpi\\chrome\\noscript.jar\nCreationUtcTime: 2022-09-27 12:53:08.638\nUser: BREACH\\client1",
                "process": {
                    "entity_id": "{0e37ca90-ebe4-6332-8800-000000000500}",
                    "executable": "C:\\Python37\\python.exe",
                    "name": "python.exe",
                    "pid": 5840
                },
                "winlog": {
                    "api": "wineventlog",
                    "channel": "Microsoft-Windows-Sysmon/Operational",
                    "computer_name": "CLIENT1.breach.local",
                    "event_data": {
                        "CreationUtcTime": "2022-09-27 12:53:08.638",
                        "RuleName": "-",
                        "User": "BREACH\\client1"
                    },
                    "event_id": 11,
                    "opcode": "Info",
                    "process": {
                        "pid": 2076,
                        "thread": {
                            "id": 2556
                        }
                    },
                    "provider_guid": "{5770385f-c22a-43e0-bf4c-06f5698ffbd9}",
                    "provider_name": "Microsoft-Windows-Sysmon",
                    "record_id": 2857,
                    "task": "File created (rule: FileCreate)",
                    "user": {
                        "domain": "NT AUTHORITY",
                        "identifier": "S-1-5-18",
                        "name": "SYSTEM",
                        "type": "User"
                    },
                    "version": 2
                }
            }
        },
        "name": "Suspicious Driver Load from Temp",
        "timestamp": "2022-09-27T12:53:08.638+00:00",
        "authors": [
            "Florian Roth"
        ],
        "level": "high",
        "source": "sigma",
        "status": "experimental",
        "falsepositives": [
            "There is a relevant set of false positives depending on applications in the environment"
        ],
        "id": "2c4523d5-d481-4ed0-8ec3-7fbf0cb41a75",
        "logsource": {
            "category": "driver_load",
            "product": "windows"
        },
        "tags": [
            "attack.persistence",
            "attack.privilege_escalation",
            "attack.t1543.003"
        ]
    },
    {
        "group": "Sigma",
        "kind": "individual",
        "document": {
            "kind": "jsonl",
            "data": {
                "@timestamp": "2022-09-27T12:53:08.653Z",
                "agent": {
                    "ephemeral_id": "f3e67ec5-847a-448b-8ec4-bac040a44990",
                    "hostname": "CLIENT1",
                    "id": "cd699c72-0f46-4cd9-938a-43faf035a44a",
                    "name": "CLIENT1",
                    "type": "winlogbeat",
                    "version": "7.10.2"
                },
                "ecs": {
                    "version": "1.5.0"
                },
                "event": {
                    "action": "File created (rule: FileCreate)",
                    "category": [
                        "file"
                    ],
                    "code": 11,
                    "created": "2022-09-27T12:53:09.966Z",
                    "kind": "event",
                    "module": "sysmon",
                    "provider": "Microsoft-Windows-Sysmon",
                    "type": [
                        "creation"
                    ]
                },
                "file": {
                    "directory": "C:\\Users\\client1\\AppData\\Local\\Temp\\tmplvlz3wog\\extensions\\{73a6fe31-595d-460b-a920-fcc0f8843232}\\chrome",
                    "extension": "jar",
                    "name": "noscript.jar",
                    "path": "C:\\Users\\client1\\AppData\\Local\\Temp\\tmplvlz3wog\\extensions\\{73a6fe31-595d-460b-a920-fcc0f8843232}\\chrome\\noscript.jar"
                },
                "host": {
                    "name": "CLIENT1.breach.local"
                },
                "log": {
                    "level": "information"
                },
                "message": "File created:\nRuleName: -\nUtcTime: 2022-09-27 12:53:08.653\nProcessGuid: {0e37ca90-ebe4-6332-8800-000000000500}\nProcessId: 5840\nImage: C:\\Python37\\python.exe\nTargetFilename: C:\\Users\\client1\\AppData\\Local\\Temp\\tmplvlz3wog\\extensions\\{73a6fe31-595d-460b-a920-fcc0f8843232}\\chrome\\noscript.jar\nCreationUtcTime: 2022-09-27 12:53:08.653\nUser: BREACH\\client1",
                "process": {
                    "entity_id": "{0e37ca90-ebe4-6332-8800-000000000500}",
                    "executable": "C:\\Python37\\python.exe",
                    "name": "python.exe",
                    "pid": 5840
                },
                "winlog": {
                    "api": "wineventlog",
                    "channel": "Microsoft-Windows-Sysmon/Operational",
                    "computer_name": "CLIENT1.breach.local",
                    "event_data": {
                        "CreationUtcTime": "2022-09-27 12:53:08.653",
                        "RuleName": "-",
                        "User": "BREACH\\client1"
                    },
                    "event_id": 11,
                    "opcode": "Info",
                    "process": {
                        "pid": 2076,
                        "thread": {
                            "id": 2556
                        }
                    },
                    "provider_guid": "{5770385f-c22a-43e0-bf4c-06f5698ffbd9}",
                    "provider_name": "Microsoft-Windows-Sysmon",
                    "record_id": 2858,
                    "task": "File created (rule: FileCreate)",
                    "user": {
                        "domain": "NT AUTHORITY",
                        "identifier": "S-1-5-18",
                        "name": "SYSTEM",
                        "type": "User"
                    },
                    "version": 2
                }
            }
        },
        "name": "Suspicious Driver Load from Temp",
        "timestamp": "2022-09-27T12:53:08.653+00:00",
        "authors": [
            "Florian Roth"
        ],
        "level": "high",
        "source": "sigma",
        "status": "experimental",
        "falsepositives": [
            "There is a relevant set of false positives depending on applications in the environment"
        ],
        "id": "2c4523d5-d481-4ed0-8ec3-7fbf0cb41a75",
        "logsource": {
            "category": "driver_load",
            "product": "windows"
        },
        "tags": [
            "attack.persistence",
            "attack.privilege_escalation",
            "attack.t1543.003"
        ]
    },
    {
        "group": "Sigma",
        "kind": "individual",
        "document": {
            "kind": "jsonl",
            "data": {
                "@timestamp": "2022-09-27T12:53:11.820Z",
                "agent": {
                    "ephemeral_id": "f3e67ec5-847a-448b-8ec4-bac040a44990",
                    "hostname": "CLIENT1",
                    "id": "cd699c72-0f46-4cd9-938a-43faf035a44a",
                    "name": "CLIENT1",
                    "type": "winlogbeat",
                    "version": "7.10.2"
                },
                "ecs": {
                    "version": "1.5.0"
                },
                "event": {
                    "action": "File created (rule: FileCreate)",
                    "category": [
                        "file"
                    ],
                    "code": 11,
                    "created": "2022-09-27T12:53:13.440Z",
                    "kind": "event",
                    "module": "sysmon",
                    "provider": "Microsoft-Windows-Sysmon",
                    "type": [
                        "creation"
                    ]
                },
                "file": {
                    "directory": "C:\\Users\\client1\\AppData\\Local\\Temp\\rust_mozprofileBN6faQ\\extensions\\{73a6fe31-595d-460b-a920-fcc0f8843232}\\chrome",
                    "extension": "jar",
                    "name": "noscript.jar",
                    "path": "C:\\Users\\client1\\AppData\\Local\\Temp\\rust_mozprofileBN6faQ\\extensions\\{73a6fe31-595d-460b-a920-fcc0f8843232}\\chrome\\noscript.jar"
                },
                "host": {
                    "name": "CLIENT1.breach.local"
                },
                "log": {
                    "level": "information"
                },
                "message": "File created:\nRuleName: -\nUtcTime: 2022-09-27 12:53:11.820\nProcessGuid: {0e37ca90-f234-6332-e802-000000000500}\nProcessId: 6924\nImage: C:\\Python37\\geckodriver.exe\nTargetFilename: C:\\Users\\client1\\AppData\\Local\\Temp\\rust_mozprofileBN6faQ\\extensions\\{73a6fe31-595d-460b-a920-fcc0f8843232}\\chrome\\noscript.jar\nCreationUtcTime: 2022-09-27 12:53:11.820\nUser: BREACH\\client1",
                "process": {
                    "entity_id": "{0e37ca90-f234-6332-e802-000000000500}",
                    "executable": "C:\\Python37\\geckodriver.exe",
                    "name": "geckodriver.exe",
                    "pid": 6924
                },
                "winlog": {
                    "api": "wineventlog",
                    "channel": "Microsoft-Windows-Sysmon/Operational",
                    "computer_name": "CLIENT1.breach.local",
                    "event_data": {
                        "CreationUtcTime": "2022-09-27 12:53:11.820",
                        "RuleName": "-",
                        "User": "BREACH\\client1"
                    },
                    "event_id": 11,
                    "opcode": "Info",
                    "process": {
                        "pid": 2076,
                        "thread": {
                            "id": 2556
                        }
                    },
                    "provider_guid": "{5770385f-c22a-43e0-bf4c-06f5698ffbd9}",
                    "provider_name": "Microsoft-Windows-Sysmon",
                    "record_id": 2861,
                    "task": "File created (rule: FileCreate)",
                    "user": {
                        "domain": "NT AUTHORITY",
                        "identifier": "S-1-5-18",
                        "name": "SYSTEM",
                        "type": "User"
                    },
                    "version": 2
                }
            }
        },
        "name": "Suspicious Driver Load from Temp",
        "timestamp": "2022-09-27T12:53:11.820+00:00",
        "authors": [
            "Florian Roth"
        ],
        "level": "high",
        "source": "sigma",
        "status": "experimental",
        "falsepositives": [
            "There is a relevant set of false positives depending on applications in the environment"
        ],
        "id": "2c4523d5-d481-4ed0-8ec3-7fbf0cb41a75",
        "logsource": {
            "category": "driver_load",
            "product": "windows"
        },
        "tags": [
            "attack.persistence",
            "attack.privilege_escalation",
            "attack.t1543.003"
        ]
    },
    {
        "group": "Sigma",
        "kind": "individual",
        "document": {
            "kind": "jsonl",
            "data": {
                "@timestamp": "2022-09-27T12:59:38.518Z",
                "agent": {
                    "ephemeral_id": "f3e67ec5-847a-448b-8ec4-bac040a44990",
                    "hostname": "CLIENT1",
                    "id": "cd699c72-0f46-4cd9-938a-43faf035a44a",
                    "name": "CLIENT1",
                    "type": "winlogbeat",
                    "version": "7.10.2"
                },
                "ecs": {
                    "version": "1.5.0"
                },
                "event": {
                    "action": "File created (rule: FileCreate)",
                    "category": [
                        "file"
                    ],
                    "code": 11,
                    "created": "2022-09-27T12:59:39.556Z",
                    "kind": "event",
                    "module": "sysmon",
                    "provider": "Microsoft-Windows-Sysmon",
                    "type": [
                        "creation"
                    ]
                },
                "file": {
                    "directory": "C:\\Users\\client1\\AppData\\Local\\Temp\\tmpfo17ngh7.noscript.xpi\\chrome",
                    "extension": "jar",
                    "name": "noscript.jar",
                    "path": "C:\\Users\\client1\\AppData\\Local\\Temp\\tmpfo17ngh7.noscript.xpi\\chrome\\noscript.jar"
                },
                "host": {
                    "name": "CLIENT1.breach.local"
                },
                "log": {
                    "level": "information"
                },
                "message": "File created:\nRuleName: -\nUtcTime: 2022-09-27 12:59:38.518\nProcessGuid: {0e37ca90-ebe4-6332-8800-000000000500}\nProcessId: 5840\nImage: C:\\Python37\\python.exe\nTargetFilename: C:\\Users\\client1\\AppData\\Local\\Temp\\tmpfo17ngh7.noscript.xpi\\chrome\\noscript.jar\nCreationUtcTime: 2022-09-27 12:59:38.518\nUser: BREACH\\client1",
                "process": {
                    "entity_id": "{0e37ca90-ebe4-6332-8800-000000000500}",
                    "executable": "C:\\Python37\\python.exe",
                    "name": "python.exe",
                    "pid": 5840
                },
                "winlog": {
                    "api": "wineventlog",
                    "channel": "Microsoft-Windows-Sysmon/Operational",
                    "computer_name": "CLIENT1.breach.local",
                    "event_data": {
                        "CreationUtcTime": "2022-09-27 12:59:38.518",
                        "RuleName": "-",
                        "User": "BREACH\\client1"
                    },
                    "event_id": 11,
                    "opcode": "Info",
                    "process": {
                        "pid": 2076,
                        "thread": {
                            "id": 2556
                        }
                    },
                    "provider_guid": "{5770385f-c22a-43e0-bf4c-06f5698ffbd9}",
                    "provider_name": "Microsoft-Windows-Sysmon",
                    "record_id": 3009,
                    "task": "File created (rule: FileCreate)",
                    "user": {
                        "domain": "NT AUTHORITY",
                        "identifier": "S-1-5-18",
                        "name": "SYSTEM",
                        "type": "User"
                    },
                    "version": 2
                }
            }
        },
        "name": "Suspicious Driver Load from Temp",
        "timestamp": "2022-09-27T12:59:38.518+00:00",
        "authors": [
            "Florian Roth"
        ],
        "level": "high",
        "source": "sigma",
        "status": "experimental",
        "falsepositives": [
            "There is a relevant set of false positives depending on applications in the environment"
        ],
        "id": "2c4523d5-d481-4ed0-8ec3-7fbf0cb41a75",
        "logsource": {
            "category": "driver_load",
            "product": "windows"
        },
        "tags": [
            "attack.persistence",
            "attack.privilege_escalation",
            "attack.t1543.003"
        ]
    },
