    {
        "group": "Sigma",
        "kind": "individual",
        "document": {
            "kind": "jsonl",
            "data": {
                "@timestamp": "2022-09-27T14:25:33.573Z",
                "agent": {
                    "ephemeral_id": "f3e67ec5-847a-448b-8ec4-bac040a44990",
                    "hostname": "CLIENT1",
                    "id": "cd699c72-0f46-4cd9-938a-43faf035a44a",
                    "name": "CLIENT1",
                    "type": "winlogbeat",
                    "version": "7.10.2"
                },
                "ecs": {
                    "version": "1.5.0"
                },
                "event": {
                    "action": "File created (rule: FileCreate)",
                    "category": [
                        "file"
                    ],
                    "code": 11,
                    "created": "2022-09-27T14:25:34.344Z",
                    "kind": "event",
                    "module": "sysmon",
                    "provider": "Microsoft-Windows-Sysmon",
                    "type": [
                        "creation"
                    ]
                },
                "file": {
                    "directory": "C:\\Users\\client1\\AppData\\Local\\Temp\\5FA6AD44-DE08-42A5-AD8A-82EBD5290B41",
                    "extension": "dll",
                    "name": "SysprepProvider.dll",
                    "path": "C:\\Users\\client1\\AppData\\Local\\Temp\\5FA6AD44-DE08-42A5-AD8A-82EBD5290B41\\SysprepProvider.dll"
                },
                "host": {
                    "name": "CLIENT1.breach.local"
                },
                "log": {
                    "level": "information"
                },
                "message": "File created:\nRuleName: DLL\nUtcTime: 2022-09-27 14:25:33.573\nProcessGuid: {0e37ca90-07db-6333-f903-000000000500}\nProcessId: 2976\nImage: C:\\Windows\\system32\\cleanmgr.exe\nTargetFilename: C:\\Users\\client1\\AppData\\Local\\Temp\\5FA6AD44-DE08-42A5-AD8A-82EBD5290B41\\SysprepProvider.dll\nCreationUtcTime: 2022-09-27 14:25:33.573\nUser: BREACH\\client1",
                "process": {
                    "entity_id": "{0e37ca90-07db-6333-f903-000000000500}",
                    "executable": "C:\\Windows\\system32\\cleanmgr.exe",
                    "name": "cleanmgr.exe",
                    "pid": 2976
                },
                "rule": {
                    "name": "DLL"
                },
                "winlog": {
                    "api": "wineventlog",
                    "channel": "Microsoft-Windows-Sysmon/Operational",
                    "computer_name": "CLIENT1.breach.local",
                    "event_data": {
                        "CreationUtcTime": "2022-09-27 14:25:33.573",
                        "User": "BREACH\\client1"
                    },
                    "event_id": 11,
                    "opcode": "Info",
                    "process": {
                        "pid": 2076,
                        "thread": {
                            "id": 2556
                        }
                    },
                    "provider_guid": "{5770385f-c22a-43e0-bf4c-06f5698ffbd9}",
                    "provider_name": "Microsoft-Windows-Sysmon",
                    "record_id": 4678,
                    "task": "File created (rule: FileCreate)",
                    "user": {
                        "domain": "NT AUTHORITY",
                        "identifier": "S-1-5-18",
                        "name": "SYSTEM",
                        "type": "User"
                    },
                    "version": 2
                }
            }
        },
        "name": "Suspicious Driver Load from Temp",
        "timestamp": "2022-09-27T14:25:33.573+00:00",
        "authors": [
            "Florian Roth"
        ],
        "level": "high",
        "source": "sigma",
        "status": "experimental",
        "falsepositives": [
            "There is a relevant set of false positives depending on applications in the environment"
        ],
        "id": "2c4523d5-d481-4ed0-8ec3-7fbf0cb41a75",
        "logsource": {
            "category": "driver_load",
            "product": "windows"
        },
        "tags": [
            "attack.persistence",
            "attack.privilege_escalation",
            "attack.t1543.003"
        ]
    },
    {
        "group": "Sigma",
        "kind": "individual",
        "document": {
            "kind": "jsonl",
            "data": {
                "@timestamp": "2022-09-27T14:25:33.586Z",
                "agent": {
                    "ephemeral_id": "f3e67ec5-847a-448b-8ec4-bac040a44990",
                    "hostname": "CLIENT1",
                    "id": "cd699c72-0f46-4cd9-938a-43faf035a44a",
                    "name": "CLIENT1",
                    "type": "winlogbeat",
                    "version": "7.10.2"
                },
                "ecs": {
                    "version": "1.5.0"
                },
                "event": {
                    "action": "File created (rule: FileCreate)",
                    "category": [
                        "file"
                    ],
                    "code": 11,
                    "created": "2022-09-27T14:25:34.344Z",
                    "kind": "event",
                    "module": "sysmon",
                    "provider": "Microsoft-Windows-Sysmon",
                    "type": [
                        "creation"
                    ]
                },
                "file": {
                    "directory": "C:\\Users\\client1\\AppData\\Local\\Temp\\5FA6AD44-DE08-42A5-AD8A-82EBD5290B41",
                    "extension": "dll",
                    "name": "UnattendProvider.dll",
                    "path": "C:\\Users\\client1\\AppData\\Local\\Temp\\5FA6AD44-DE08-42A5-AD8A-82EBD5290B41\\UnattendProvider.dll"
                },
                "host": {
                    "name": "CLIENT1.breach.local"
                },
                "log": {
                    "level": "information"
                },
                "message": "File created:\nRuleName: DLL\nUtcTime: 2022-09-27 14:25:33.586\nProcessGuid: {0e37ca90-07db-6333-f903-000000000500}\nProcessId: 2976\nImage: C:\\Windows\\system32\\cleanmgr.exe\nTargetFilename: C:\\Users\\client1\\AppData\\Local\\Temp\\5FA6AD44-DE08-42A5-AD8A-82EBD5290B41\\UnattendProvider.dll\nCreationUtcTime: 2022-09-27 14:25:33.586\nUser: BREACH\\client1",
                "process": {
                    "entity_id": "{0e37ca90-07db-6333-f903-000000000500}",
                    "executable": "C:\\Windows\\system32\\cleanmgr.exe",
                    "name": "cleanmgr.exe",
                    "pid": 2976
                },
                "rule": {
                    "name": "DLL"
                },
                "winlog": {
                    "api": "wineventlog",
                    "channel": "Microsoft-Windows-Sysmon/Operational",
                    "computer_name": "CLIENT1.breach.local",
                    "event_data": {
                        "CreationUtcTime": "2022-09-27 14:25:33.586",
                        "User": "BREACH\\client1"
                    },
                    "event_id": 11,
                    "opcode": "Info",
                    "process": {
                        "pid": 2076,
                        "thread": {
                            "id": 2556
                        }
                    },
                    "provider_guid": "{5770385f-c22a-43e0-bf4c-06f5698ffbd9}",
                    "provider_name": "Microsoft-Windows-Sysmon",
                    "record_id": 4680,
                    "task": "File created (rule: FileCreate)",
                    "user": {
                        "domain": "NT AUTHORITY",
                        "identifier": "S-1-5-18",
                        "name": "SYSTEM",
                        "type": "User"
                    },
                    "version": 2
                }
            }
        },
        "name": "Suspicious Driver Load from Temp",
        "timestamp": "2022-09-27T14:25:33.586+00:00",
        "authors": [
            "Florian Roth"
        ],
        "level": "high",
        "source": "sigma",
        "status": "experimental",
        "falsepositives": [
            "There is a relevant set of false positives depending on applications in the environment"
        ],
        "id": "2c4523d5-d481-4ed0-8ec3-7fbf0cb41a75",
        "logsource": {
            "category": "driver_load",
            "product": "windows"
        },
        "tags": [
            "attack.persistence",
            "attack.privilege_escalation",
            "attack.t1543.003"
        ]
    },
    {
        "group": "Sigma",
        "kind": "individual",
        "document": {
            "kind": "jsonl",
            "data": {
                "@timestamp": "2022-09-27T14:25:33.586Z",
                "agent": {
                    "ephemeral_id": "f3e67ec5-847a-448b-8ec4-bac040a44990",
                    "hostname": "CLIENT1",
                    "id": "cd699c72-0f46-4cd9-938a-43faf035a44a",
                    "name": "CLIENT1",
                    "type": "winlogbeat",
                    "version": "7.10.2"
                },
                "ecs": {
                    "version": "1.5.0"
                },
                "event": {
                    "action": "File created (rule: FileCreate)",
                    "category": [
                        "file"
                    ],
                    "code": 11,
                    "created": "2022-09-27T14:25:34.344Z",
                    "kind": "event",
                    "module": "sysmon",
                    "provider": "Microsoft-Windows-Sysmon",
                    "type": [
                        "creation"
                    ]
                },
                "file": {
                    "directory": "C:\\Users\\client1\\AppData\\Local\\Temp\\5FA6AD44-DE08-42A5-AD8A-82EBD5290B41",
                    "extension": "dll",
                    "name": "WimProvider.dll",
                    "path": "C:\\Users\\client1\\AppData\\Local\\Temp\\5FA6AD44-DE08-42A5-AD8A-82EBD5290B41\\WimProvider.dll"
                },
                "host": {
                    "name": "CLIENT1.breach.local"
                },
                "log": {
                    "level": "information"
                },
                "message": "File created:\nRuleName: DLL\nUtcTime: 2022-09-27 14:25:33.586\nProcessGuid: {0e37ca90-07db-6333-f903-000000000500}\nProcessId: 2976\nImage: C:\\Windows\\system32\\cleanmgr.exe\nTargetFilename: C:\\Users\\client1\\AppData\\Local\\Temp\\5FA6AD44-DE08-42A5-AD8A-82EBD5290B41\\WimProvider.dll\nCreationUtcTime: 2022-09-27 14:25:33.586\nUser: BREACH\\client1",
                "process": {
                    "entity_id": "{0e37ca90-07db-6333-f903-000000000500}",
                    "executable": "C:\\Windows\\system32\\cleanmgr.exe",
                    "name": "cleanmgr.exe",
                    "pid": 2976
                },
                "rule": {
                    "name": "DLL"
                },
                "winlog": {
                    "api": "wineventlog",
                    "channel": "Microsoft-Windows-Sysmon/Operational",
                    "computer_name": "CLIENT1.breach.local",
                    "event_data": {
                        "CreationUtcTime": "2022-09-27 14:25:33.586",
                        "User": "BREACH\\client1"
                    },
                    "event_id": 11,
                    "opcode": "Info",
                    "process": {
                        "pid": 2076,
                        "thread": {
                            "id": 2556
                        }
                    },
                    "provider_guid": "{5770385f-c22a-43e0-bf4c-06f5698ffbd9}",
                    "provider_name": "Microsoft-Windows-Sysmon",
                    "record_id": 4682,
                    "task": "File created (rule: FileCreate)",
                    "user": {
                        "domain": "NT AUTHORITY",
                        "identifier": "S-1-5-18",
                        "name": "SYSTEM",
                        "type": "User"
                    },
                    "version": 2
                }
            }
        },
        "name": "Suspicious Driver Load from Temp",
        "timestamp": "2022-09-27T14:25:33.586+00:00",
        "authors": [
            "Florian Roth"
        ],
        "level": "high",
        "source": "sigma",
        "status": "experimental",
        "falsepositives": [
            "There is a relevant set of false positives depending on applications in the environment"
        ],
        "id": "2c4523d5-d481-4ed0-8ec3-7fbf0cb41a75",
        "logsource": {
            "category": "driver_load",
            "product": "windows"
        },
        "tags": [
            "attack.persistence",
            "attack.privilege_escalation",
            "attack.t1543.003"
        ]
    },
    {
        "group": "Sigma",
        "kind": "individual",
        "document": {
            "kind": "jsonl",
            "data": {
                "@timestamp": "2022-09-27T14:25:33.586Z",
                "agent": {
                    "ephemeral_id": "f3e67ec5-847a-448b-8ec4-bac040a44990",
                    "hostname": "CLIENT1",
                    "id": "cd699c72-0f46-4cd9-938a-43faf035a44a",
                    "name": "CLIENT1",
                    "type": "winlogbeat",
                    "version": "7.10.2"
                },
                "ecs": {
                    "version": "1.5.0"
                },
                "event": {
                    "action": "File created (rule: FileCreate)",
                    "category": [
                        "file"
                    ],
                    "code": 11,
                    "created": "2022-09-27T14:25:34.344Z",
                    "kind": "event",
                    "module": "sysmon",
                    "provider": "Microsoft-Windows-Sysmon",
                    "type": [
                        "creation"
                    ]
                },
                "file": {
                    "directory": "C:\\Users\\client1\\AppData\\Local\\Temp\\5FA6AD44-DE08-42A5-AD8A-82EBD5290B41",
                    "extension": "dll",
                    "name": "VhdProvider.dll",
                    "path": "C:\\Users\\client1\\AppData\\Local\\Temp\\5FA6AD44-DE08-42A5-AD8A-82EBD5290B41\\VhdProvider.dll"
                },
                "host": {
                    "name": "CLIENT1.breach.local"
                },
                "log": {
                    "level": "information"
                },
                "message": "File created:\nRuleName: DLL\nUtcTime: 2022-09-27 14:25:33.586\nProcessGuid: {0e37ca90-07db-6333-f903-000000000500}\nProcessId: 2976\nImage: C:\\Windows\\system32\\cleanmgr.exe\nTargetFilename: C:\\Users\\client1\\AppData\\Local\\Temp\\5FA6AD44-DE08-42A5-AD8A-82EBD5290B41\\VhdProvider.dll\nCreationUtcTime: 2022-09-27 14:25:33.586\nUser: BREACH\\client1",
                "process": {
                    "entity_id": "{0e37ca90-07db-6333-f903-000000000500}",
                    "executable": "C:\\Windows\\system32\\cleanmgr.exe",
                    "name": "cleanmgr.exe",
                    "pid": 2976
                },
                "rule": {
                    "name": "DLL"
                },
                "winlog": {
                    "api": "wineventlog",
                    "channel": "Microsoft-Windows-Sysmon/Operational",
                    "computer_name": "CLIENT1.breach.local",
                    "event_data": {
                        "CreationUtcTime": "2022-09-27 14:25:33.586",
                        "User": "BREACH\\client1"
                    },
                    "event_id": 11,
                    "opcode": "Info",
                    "process": {
                        "pid": 2076,
                        "thread": {
                            "id": 2556
                        }
                    },
                    "provider_guid": "{5770385f-c22a-43e0-bf4c-06f5698ffbd9}",
                    "provider_name": "Microsoft-Windows-Sysmon",
                    "record_id": 4681,
                    "task": "File created (rule: FileCreate)",
                    "user": {
                        "domain": "NT AUTHORITY",
                        "identifier": "S-1-5-18",
                        "name": "SYSTEM",
                        "type": "User"
                    },
                    "version": 2
                }
            }
        },
        "name": "Suspicious Driver Load from Temp",
        "timestamp": "2022-09-27T14:25:33.586+00:00",
        "authors": [
            "Florian Roth"
        ],
        "level": "high",
        "source": "sigma",
        "status": "experimental",
        "falsepositives": [
            "There is a relevant set of false positives depending on applications in the environment"
        ],
        "id": "2c4523d5-d481-4ed0-8ec3-7fbf0cb41a75",
        "logsource": {
            "category": "driver_load",
            "product": "windows"
        },
        "tags": [
            "attack.persistence",
            "attack.privilege_escalation",
            "attack.t1543.003"
        ]
    },
    {
        "group": "Sigma",
        "kind": "individual",
        "document": {
            "kind": "jsonl",
            "data": {
                "@timestamp": "2022-09-27T14:25:39.215Z",
                "agent": {
                    "ephemeral_id": "f3e67ec5-847a-448b-8ec4-bac040a44990",
                    "hostname": "CLIENT1",
                    "id": "cd699c72-0f46-4cd9-938a-43faf035a44a",
                    "name": "CLIENT1",
                    "type": "winlogbeat",
                    "version": "7.10.2"
                },
                "ecs": {
                    "version": "1.5.0"
                },
                "event": {
                    "action": "File creation time changed (rule: FileCreateTime)",
                    "category": [
                        "file"
                    ],
                    "code": 2,
                    "created": "2022-09-27T14:25:40.362Z",
                    "kind": "event",
                    "module": "sysmon",
                    "provider": "Microsoft-Windows-Sysmon",
                    "type": [
                        "change"
                    ]
                },
                "file": {
                    "directory": "C:\\Users\\client1\\AppData\\Local\\Temp\\5FA6AD44-DE08-42A5-AD8A-82EBD5290B41",
                    "extension": "exe",
                    "name": "DismHost.exe",
                    "path": "C:\\Users\\client1\\AppData\\Local\\Temp\\5FA6AD44-DE08-42A5-AD8A-82EBD5290B41\\DismHost.exe"
                },
                "host": {
                    "name": "CLIENT1.breach.local"
                },
                "log": {
                    "level": "information"
                },
                "message": "File creation time changed:\nRuleName: T1099\nUtcTime: 2022-09-27 14:25:39.215\nProcessGuid: {0e37ca90-07db-6333-f903-000000000500}\nProcessId: 2976\nImage: C:\\Windows\\system32\\cleanmgr.exe\nTargetFilename: C:\\Users\\client1\\AppData\\Local\\Temp\\5FA6AD44-DE08-42A5-AD8A-82EBD5290B41\\DismHost.exe\nCreationUtcTime: 2022-09-27 14:25:33.496\nPreviousCreationUtcTime: 2022-09-27 14:25:33.496\nUser: BREACH\\client1",
                "process": {
                    "entity_id": "{0e37ca90-07db-6333-f903-000000000500}",
                    "executable": "C:\\Windows\\system32\\cleanmgr.exe",
                    "name": "cleanmgr.exe",
                    "pid": 2976
                },
                "rule": {
                    "name": "T1099"
                },
                "winlog": {
                    "api": "wineventlog",
                    "channel": "Microsoft-Windows-Sysmon/Operational",
                    "computer_name": "CLIENT1.breach.local",
                    "event_data": {
                        "CreationUtcTime": "2022-09-27 14:25:33.496",
                        "PreviousCreationUtcTime": "2022-09-27 14:25:33.496",
                        "User": "BREACH\\client1"
                    },
                    "event_id": 2,
                    "opcode": "Info",
                    "process": {
                        "pid": 2076,
                        "thread": {
                            "id": 2556
                        }
                    },
                    "provider_guid": "{5770385f-c22a-43e0-bf4c-06f5698ffbd9}",
                    "provider_name": "Microsoft-Windows-Sysmon",
                    "record_id": 4689,
                    "task": "File creation time changed (rule: FileCreateTime)",
                    "user": {
                        "domain": "NT AUTHORITY",
                        "identifier": "S-1-5-18",
                        "name": "SYSTEM",
                        "type": "User"
                    },
                    "version": 5
                }
            }
        },
        "name": "Suspicious Driver Load from Temp",
        "timestamp": "2022-09-27T14:25:39.215+00:00",
        "authors": [
            "Florian Roth"
        ],
        "level": "high",
        "source": "sigma",
        "status": "experimental",
        "falsepositives": [
            "There is a relevant set of false positives depending on applications in the environment"
        ],
        "id": "2c4523d5-d481-4ed0-8ec3-7fbf0cb41a75",
        "logsource": {
            "category": "driver_load",
            "product": "windows"
        },
        "tags": [
            "attack.persistence",
            "attack.privilege_escalation",
            "attack.t1543.003"
        ]
    },
    {
        "group": "Sigma",
        "kind": "individual",
        "document": {
            "kind": "jsonl",
            "data": {
                "@timestamp": "2022-09-27T14:25:39.922Z",
                "agent": {
                    "ephemeral_id": "f3e67ec5-847a-448b-8ec4-bac040a44990",
                    "hostname": "CLIENT1",
                    "id": "cd699c72-0f46-4cd9-938a-43faf035a44a",
                    "name": "CLIENT1",
                    "type": "winlogbeat",
                    "version": "7.10.2"
                },
                "ecs": {
                    "version": "1.5.0"
                },
                "event": {
                    "action": "File created (rule: FileCreate)",
                    "category": [
                        "file"
                    ],
                    "code": 11,
                    "created": "2022-09-27T14:25:41.371Z",
                    "kind": "event",
                    "module": "sysmon",
                    "provider": "Microsoft-Windows-Sysmon",
                    "type": [
                        "creation"
                    ]
                },
                "file": {
                    "directory": "C:\\Windows\\assembly\\NativeImages_v4.0.30319_32\\Temp\\f7c-0",
                    "extension": "dll",
                    "name": "AuditPolicyGPManagedStubs.Interop.dll",
                    "path": "C:\\Windows\\assembly\\NativeImages_v4.0.30319_32\\Temp\\f7c-0\\AuditPolicyGPManagedStubs.Interop.dll"
                },
                "host": {
                    "name": "CLIENT1.breach.local"
                },
                "log": {
                    "level": "information"
                },
                "message": "File created:\nRuleName: DLL\nUtcTime: 2022-09-27 14:25:39.922\nProcessGuid: {0e37ca90-07e3-6333-2c04-000000000500}\nProcessId: 3964\nImage: C:\\Windows\\Microsoft.NET\\Framework\\v4.0.30319\\mscorsvw.exe\nTargetFilename: C:\\Windows\\assembly\\NativeImages_v4.0.30319_32\\Temp\\f7c-0\\AuditPolicyGPManagedStubs.Interop.dll\nCreationUtcTime: 2022-09-27 14:25:39.922\nUser: NT AUTHORITY\\SYSTEM",
                "process": {
                    "entity_id": "{0e37ca90-07e3-6333-2c04-000000000500}",
                    "executable": "C:\\Windows\\Microsoft.NET\\Framework\\v4.0.30319\\mscorsvw.exe",
                    "name": "mscorsvw.exe",
                    "pid": 3964
                },
                "rule": {
                    "name": "DLL"
                },
                "winlog": {
                    "api": "wineventlog",
                    "channel": "Microsoft-Windows-Sysmon/Operational",
                    "computer_name": "CLIENT1.breach.local",
                    "event_data": {
                        "CreationUtcTime": "2022-09-27 14:25:39.922",
                        "User": "NT AUTHORITY\\SYSTEM"
                    },
                    "event_id": 11,
                    "opcode": "Info",
                    "process": {
                        "pid": 2076,
                        "thread": {
                            "id": 2556
                        }
                    },
                    "provider_guid": "{5770385f-c22a-43e0-bf4c-06f5698ffbd9}",
                    "provider_name": "Microsoft-Windows-Sysmon",
                    "record_id": 4693,
                    "task": "File created (rule: FileCreate)",
                    "user": {
                        "domain": "NT AUTHORITY",
                        "identifier": "S-1-5-18",
                        "name": "SYSTEM",
                        "type": "User"
                    },
                    "version": 2
                }
            }
        },
        "name": "Suspicious Driver Load from Temp",
        "timestamp": "2022-09-27T14:25:39.922+00:00",
        "authors": [
            "Florian Roth"
        ],
        "level": "high",
        "source": "sigma",
        "status": "experimental",
        "falsepositives": [
            "There is a relevant set of false positives depending on applications in the environment"
        ],
        "id": "2c4523d5-d481-4ed0-8ec3-7fbf0cb41a75",
        "logsource": {
            "category": "driver_load",
            "product": "windows"
        },
        "tags": [
            "attack.persistence",
            "attack.privilege_escalation",
            "attack.t1543.003"
        ]
    },
    {
        "group": "Sigma",
        "kind": "individual",
        "document": {
            "kind": "jsonl",
            "data": {
                "@timestamp": "2022-09-27T14:25:40.266Z",
                "agent": {
                    "ephemeral_id": "f3e67ec5-847a-448b-8ec4-bac040a44990",
                    "hostname": "CLIENT1",
                    "id": "cd699c72-0f46-4cd9-938a-43faf035a44a",
                    "name": "CLIENT1",
                    "type": "winlogbeat",
                    "version": "7.10.2"
                },
                "ecs": {
                    "version": "1.5.0"
                },
                "event": {
                    "action": "File created (rule: FileCreate)",
                    "category": [
                        "file"
                    ],
                    "code": 11,
                    "created": "2022-09-27T14:25:41.371Z",
                    "kind": "event",
                    "module": "sysmon",
                    "provider": "Microsoft-Windows-Sysmon",
                    "type": [
                        "creation"
                    ]
                },
                "file": {
                    "directory": "C:\\Windows\\assembly\\NativeImages_v4.0.30319_32\\Temp\\8ec-0",
                    "extension": "dll",
                    "name": "EventViewer.dll",
                    "path": "C:\\Windows\\assembly\\NativeImages_v4.0.30319_32\\Temp\\8ec-0\\EventViewer.dll"
                },
                "host": {
                    "name": "CLIENT1.breach.local"
                },
                "log": {
                    "level": "information"
                },
                "message": "File created:\nRuleName: DLL\nUtcTime: 2022-09-27 14:25:40.266\nProcessGuid: {0e37ca90-07e4-6333-2e04-000000000500}\nProcessId: 2284\nImage: C:\\Windows\\Microsoft.NET\\Framework\\v4.0.30319\\mscorsvw.exe\nTargetFilename: C:\\Windows\\assembly\\NativeImages_v4.0.30319_32\\Temp\\8ec-0\\EventViewer.dll\nCreationUtcTime: 2022-09-27 14:25:40.266\nUser: NT AUTHORITY\\SYSTEM",
                "process": {
                    "entity_id": "{0e37ca90-07e4-6333-2e04-000000000500}",
                    "executable": "C:\\Windows\\Microsoft.NET\\Framework\\v4.0.30319\\mscorsvw.exe",
                    "name": "mscorsvw.exe",
                    "pid": 2284
                },
                "rule": {
                    "name": "DLL"
                },
                "winlog": {
                    "api": "wineventlog",
                    "channel": "Microsoft-Windows-Sysmon/Operational",
                    "computer_name": "CLIENT1.breach.local",
                    "event_data": {
                        "CreationUtcTime": "2022-09-27 14:25:40.266",
                        "User": "NT AUTHORITY\\SYSTEM"
                    },
                    "event_id": 11,
                    "opcode": "Info",
                    "process": {
                        "pid": 2076,
                        "thread": {
                            "id": 2556
                        }
                    },
                    "provider_guid": "{5770385f-c22a-43e0-bf4c-06f5698ffbd9}",
                    "provider_name": "Microsoft-Windows-Sysmon",
                    "record_id": 4694,
                    "task": "File created (rule: FileCreate)",
                    "user": {
                        "domain": "NT AUTHORITY",
                        "identifier": "S-1-5-18",
                        "name": "SYSTEM",
                        "type": "User"
                    },
                    "version": 2
                }
            }
        },
        "name": "Suspicious Driver Load from Temp",
        "timestamp": "2022-09-27T14:25:40.266+00:00",
        "authors": [
            "Florian Roth"
        ],
        "level": "high",
        "source": "sigma",
        "status": "experimental",
        "falsepositives": [
            "There is a relevant set of false positives depending on applications in the environment"
        ],
        "id": "2c4523d5-d481-4ed0-8ec3-7fbf0cb41a75",
        "logsource": {
            "category": "driver_load",
            "product": "windows"
        },
        "tags": [
            "attack.persistence",
            "attack.privilege_escalation",
            "attack.t1543.003"
        ]
    },
    {
        "group": "Sigma",
        "kind": "individual",
        "document": {
            "kind": "jsonl",
            "data": {
                "@timestamp": "2022-09-27T14:25:40.531Z",
                "agent": {
                    "ephemeral_id": "f3e67ec5-847a-448b-8ec4-bac040a44990",
                    "hostname": "CLIENT1",
                    "id": "cd699c72-0f46-4cd9-938a-43faf035a44a",
                    "name": "CLIENT1",
                    "type": "winlogbeat",
                    "version": "7.10.2"
                },
                "ecs": {
                    "version": "1.5.0"
                },
                "event": {
                    "action": "File created (rule: FileCreate)",
                    "category": [
                        "file"
                    ],
                    "code": 11,
                    "created": "2022-09-27T14:25:42.374Z",
                    "kind": "event",
                    "module": "sysmon",
                    "provider": "Microsoft-Windows-Sysmon",
                    "type": [
                        "creation"
                    ]
                },
                "file": {
                    "directory": "C:\\Windows\\assembly\\NativeImages_v4.0.30319_32\\Temp\\1548-0",
                    "extension": "dll",
                    "name": "Microsoft.ApplicationId.Framework.dll",
                    "path": "C:\\Windows\\assembly\\NativeImages_v4.0.30319_32\\Temp\\1548-0\\Microsoft.ApplicationId.Framework.dll"
                },
                "host": {
                    "name": "CLIENT1.breach.local"
                },
                "log": {
                    "level": "information"
                },
                "message": "File created:\nRuleName: DLL\nUtcTime: 2022-09-27 14:25:40.531\nProcessGuid: {0e37ca90-07e4-6333-3004-000000000500}\nProcessId: 5448\nImage: C:\\Windows\\Microsoft.NET\\Framework\\v4.0.30319\\mscorsvw.exe\nTargetFilename: C:\\Windows\\assembly\\NativeImages_v4.0.30319_32\\Temp\\1548-0\\Microsoft.ApplicationId.Framework.dll\nCreationUtcTime: 2022-09-27 14:25:40.530\nUser: NT AUTHORITY\\SYSTEM",
                "process": {
                    "entity_id": "{0e37ca90-07e4-6333-3004-000000000500}",
                    "executable": "C:\\Windows\\Microsoft.NET\\Framework\\v4.0.30319\\mscorsvw.exe",
                    "name": "mscorsvw.exe",
                    "pid": 5448
                },
                "rule": {
                    "name": "DLL"
                },
                "winlog": {
                    "api": "wineventlog",
                    "channel": "Microsoft-Windows-Sysmon/Operational",
                    "computer_name": "CLIENT1.breach.local",
                    "event_data": {
                        "CreationUtcTime": "2022-09-27 14:25:40.530",
                        "User": "NT AUTHORITY\\SYSTEM"
                    },
                    "event_id": 11,
                    "opcode": "Info",
                    "process": {
                        "pid": 2076,
                        "thread": {
                            "id": 2556
                        }
                    },
                    "provider_guid": "{5770385f-c22a-43e0-bf4c-06f5698ffbd9}",
                    "provider_name": "Microsoft-Windows-Sysmon",
                    "record_id": 4696,
                    "task": "File created (rule: FileCreate)",
                    "user": {
                        "domain": "NT AUTHORITY",
                        "identifier": "S-1-5-18",
                        "name": "SYSTEM",
                        "type": "User"
                    },
                    "version": 2
                }
            }
        },
        "name": "Suspicious Driver Load from Temp",
        "timestamp": "2022-09-27T14:25:40.531+00:00",
        "authors": [
            "Florian Roth"
        ],
        "level": "high",
        "source": "sigma",
        "status": "experimental",
        "falsepositives": [
            "There is a relevant set of false positives depending on applications in the environment"
        ],
        "id": "2c4523d5-d481-4ed0-8ec3-7fbf0cb41a75",
        "logsource": {
            "category": "driver_load",
            "product": "windows"
        },
        "tags": [
            "attack.persistence",
            "attack.privilege_escalation",
            "attack.t1543.003"
        ]
    },
    {
        "group": "Sigma",
        "kind": "individual",
        "document": {
            "kind": "jsonl",
            "data": {
                "@timestamp": "2022-09-27T14:25:40.816Z",
                "agent": {
                    "ephemeral_id": "f3e67ec5-847a-448b-8ec4-bac040a44990",
                    "hostname": "CLIENT1",
                    "id": "cd699c72-0f46-4cd9-938a-43faf035a44a",
                    "name": "CLIENT1",
                    "type": "winlogbeat",
                    "version": "7.10.2"
                },
                "ecs": {
                    "version": "1.5.0"
                },
                "event": {
                    "action": "File created (rule: FileCreate)",
                    "category": [
                        "file"
                    ],
                    "code": 11,
                    "created": "2022-09-27T14:25:42.374Z",
                    "kind": "event",
                    "module": "sysmon",
                    "provider": "Microsoft-Windows-Sysmon",
                    "type": [
                        "creation"
                    ]
                },
                "file": {
                    "directory": "C:\\Windows\\assembly\\NativeImages_v4.0.30319_32\\Temp\\1aac-0",
                    "extension": "dll",
                    "name": "Microsoft.ApplicationId.RuleWizard.dll",
                    "path": "C:\\Windows\\assembly\\NativeImages_v4.0.30319_32\\Temp\\1aac-0\\Microsoft.ApplicationId.RuleWizard.dll"
                },
                "host": {
                    "name": "CLIENT1.breach.local"
                },
                "log": {
                    "level": "information"
                },
                "message": "File created:\nRuleName: DLL\nUtcTime: 2022-09-27 14:25:40.816\nProcessGuid: {0e37ca90-07e4-6333-3204-000000000500}\nProcessId: 6828\nImage: C:\\Windows\\Microsoft.NET\\Framework\\v4.0.30319\\mscorsvw.exe\nTargetFilename: C:\\Windows\\assembly\\NativeImages_v4.0.30319_32\\Temp\\1aac-0\\Microsoft.ApplicationId.RuleWizard.dll\nCreationUtcTime: 2022-09-27 14:25:40.816\nUser: NT AUTHORITY\\SYSTEM",
                "process": {
                    "entity_id": "{0e37ca90-07e4-6333-3204-000000000500}",
                    "executable": "C:\\Windows\\Microsoft.NET\\Framework\\v4.0.30319\\mscorsvw.exe",
                    "name": "mscorsvw.exe",
                    "pid": 6828
                },
                "rule": {
                    "name": "DLL"
                },
                "winlog": {
                    "api": "wineventlog",
                    "channel": "Microsoft-Windows-Sysmon/Operational",
                    "computer_name": "CLIENT1.breach.local",
                    "event_data": {
                        "CreationUtcTime": "2022-09-27 14:25:40.816",
                        "User": "NT AUTHORITY\\SYSTEM"
                    },
                    "event_id": 11,
                    "opcode": "Info",
                    "process": {
                        "pid": 2076,
                        "thread": {
                            "id": 2556
                        }
                    },
                    "provider_guid": "{5770385f-c22a-43e0-bf4c-06f5698ffbd9}",
                    "provider_name": "Microsoft-Windows-Sysmon",
                    "record_id": 4697,
                    "task": "File created (rule: FileCreate)",
                    "user": {
                        "domain": "NT AUTHORITY",
                        "identifier": "S-1-5-18",
                        "name": "SYSTEM",
                        "type": "User"
                    },
                    "version": 2
                }
            }
        },
        "name": "Suspicious Driver Load from Temp",
        "timestamp": "2022-09-27T14:25:40.816+00:00",
        "authors": [
            "Florian Roth"
        ],
        "level": "high",
        "source": "sigma",
        "status": "experimental",
        "falsepositives": [
            "There is a relevant set of false positives depending on applications in the environment"
        ],
        "id": "2c4523d5-d481-4ed0-8ec3-7fbf0cb41a75",
        "logsource": {
            "category": "driver_load",
            "product": "windows"
        },
        "tags": [
            "attack.persistence",
            "attack.privilege_escalation",
            "attack.t1543.003"
        ]
    },
    {
        "group": "Sigma",
        "kind": "individual",
        "document": {
            "kind": "jsonl",
            "data": {
                "@timestamp": "2022-09-27T14:25:41.127Z",
                "agent": {
                    "ephemeral_id": "f3e67ec5-847a-448b-8ec4-bac040a44990",
                    "hostname": "CLIENT1",
                    "id": "cd699c72-0f46-4cd9-938a-43faf035a44a",
                    "name": "CLIENT1",
                    "type": "winlogbeat",
                    "version": "7.10.2"
                },
                "ecs": {
                    "version": "1.5.0"
                },
                "event": {
                    "action": "File created (rule: FileCreate)",
                    "category": [
                        "file"
                    ],
                    "code": 11,
                    "created": "2022-09-27T14:25:42.375Z",
                    "kind": "event",
                    "module": "sysmon",
                    "provider": "Microsoft-Windows-Sysmon",
                    "type": [
                        "creation"
                    ]
                },
                "file": {
                    "directory": "C:\\Windows\\assembly\\NativeImages_v4.0.30319_32\\Temp\\17a4-0",
                    "extension": "dll",
                    "name": "Microsoft.Dtc.PowerShell.dll",
                    "path": "C:\\Windows\\assembly\\NativeImages_v4.0.30319_32\\Temp\\17a4-0\\Microsoft.Dtc.PowerShell.dll"
                },
                "host": {
                    "name": "CLIENT1.breach.local"
                },
                "log": {
                    "level": "information"
                },
                "message": "File created:\nRuleName: DLL\nUtcTime: 2022-09-27 14:25:41.127\nProcessGuid: {0e37ca90-07e4-6333-3404-000000000500}\nProcessId: 6052\nImage: C:\\Windows\\Microsoft.NET\\Framework\\v4.0.30319\\mscorsvw.exe\nTargetFilename: C:\\Windows\\assembly\\NativeImages_v4.0.30319_32\\Temp\\17a4-0\\Microsoft.Dtc.PowerShell.dll\nCreationUtcTime: 2022-09-27 14:25:41.127\nUser: NT AUTHORITY\\SYSTEM",
                "process": {
                    "entity_id": "{0e37ca90-07e4-6333-3404-000000000500}",
                    "executable": "C:\\Windows\\Microsoft.NET\\Framework\\v4.0.30319\\mscorsvw.exe",
                    "name": "mscorsvw.exe",
                    "pid": 6052
                },
                "rule": {
                    "name": "DLL"
                },
                "winlog": {
                    "api": "wineventlog",
                    "channel": "Microsoft-Windows-Sysmon/Operational",
                    "computer_name": "CLIENT1.breach.local",
                    "event_data": {
                        "CreationUtcTime": "2022-09-27 14:25:41.127",
                        "User": "NT AUTHORITY\\SYSTEM"
                    },
                    "event_id": 11,
                    "opcode": "Info",
                    "process": {
                        "pid": 2076,
                        "thread": {
                            "id": 2556
                        }
                    },
                    "provider_guid": "{5770385f-c22a-43e0-bf4c-06f5698ffbd9}",
                    "provider_name": "Microsoft-Windows-Sysmon",
                    "record_id": 4698,
                    "task": "File created (rule: FileCreate)",
                    "user": {
                        "domain": "NT AUTHORITY",
                        "identifier": "S-1-5-18",
                        "name": "SYSTEM",
                        "type": "User"
                    },
                    "version": 2
                }
            }
        },
        "name": "Suspicious Driver Load from Temp",
        "timestamp": "2022-09-27T14:25:41.127+00:00",
        "authors": [
            "Florian Roth"
        ],
        "level": "high",
        "source": "sigma",
        "status": "experimental",
        "falsepositives": [
            "There is a relevant set of false positives depending on applications in the environment"
        ],
        "id": "2c4523d5-d481-4ed0-8ec3-7fbf0cb41a75",
        "logsource": {
            "category": "driver_load",
            "product": "windows"
        },
        "tags": [
            "attack.persistence",
            "attack.privilege_escalation",
            "attack.t1543.003"
        ]
    },
    {
        "group": "Sigma",
        "kind": "individual",
        "document": {
            "kind": "jsonl",
            "data": {
                "@timestamp": "2022-09-27T14:25:41.421Z",
                "agent": {
                    "ephemeral_id": "f3e67ec5-847a-448b-8ec4-bac040a44990",
                    "hostname": "CLIENT1",
                    "id": "cd699c72-0f46-4cd9-938a-43faf035a44a",
                    "name": "CLIENT1",
                    "type": "winlogbeat",
                    "version": "7.10.2"
                },
                "ecs": {
                    "version": "1.5.0"
                },
                "event": {
                    "action": "File created (rule: FileCreate)",
                    "category": [
                        "file"
                    ],
                    "code": 11,
                    "created": "2022-09-27T14:25:42.375Z",
                    "kind": "event",
                    "module": "sysmon",
                    "provider": "Microsoft-Windows-Sysmon",
                    "type": [
                        "creation"
                    ]
                },
                "file": {
                    "directory": "C:\\Windows\\assembly\\NativeImages_v4.0.30319_32\\Temp\\438-0",
                    "extension": "dll",
                    "name": "Microsoft.GroupPolicy.AdmTmplEditor.dll",
                    "path": "C:\\Windows\\assembly\\NativeImages_v4.0.30319_32\\Temp\\438-0\\Microsoft.GroupPolicy.AdmTmplEditor.dll"
                },
                "host": {
                    "name": "CLIENT1.breach.local"
                },
                "log": {
                    "level": "information"
                },
                "message": "File created:\nRuleName: DLL\nUtcTime: 2022-09-27 14:25:41.421\nProcessGuid: {0e37ca90-07e5-6333-3604-000000000500}\nProcessId: 1080\nImage: C:\\Windows\\Microsoft.NET\\Framework\\v4.0.30319\\mscorsvw.exe\nTargetFilename: C:\\Windows\\assembly\\NativeImages_v4.0.30319_32\\Temp\\438-0\\Microsoft.GroupPolicy.AdmTmplEditor.dll\nCreationUtcTime: 2022-09-27 14:25:41.421\nUser: NT AUTHORITY\\SYSTEM",
                "process": {
                    "entity_id": "{0e37ca90-07e5-6333-3604-000000000500}",
                    "executable": "C:\\Windows\\Microsoft.NET\\Framework\\v4.0.30319\\mscorsvw.exe",
                    "name": "mscorsvw.exe",
                    "pid": 1080
                },
                "rule": {
                    "name": "DLL"
                },
                "winlog": {
                    "api": "wineventlog",
                    "channel": "Microsoft-Windows-Sysmon/Operational",
                    "computer_name": "CLIENT1.breach.local",
                    "event_data": {
                        "CreationUtcTime": "2022-09-27 14:25:41.421",
                        "User": "NT AUTHORITY\\SYSTEM"
                    },
                    "event_id": 11,
                    "opcode": "Info",
                    "process": {
                        "pid": 2076,
                        "thread": {
                            "id": 2556
                        }
                    },
                    "provider_guid": "{5770385f-c22a-43e0-bf4c-06f5698ffbd9}",
                    "provider_name": "Microsoft-Windows-Sysmon",
                    "record_id": 4699,
                    "task": "File created (rule: FileCreate)",
                    "user": {
                        "domain": "NT AUTHORITY",
                        "identifier": "S-1-5-18",
                        "name": "SYSTEM",
                        "type": "User"
                    },
                    "version": 2
                }
            }
        },
        "name": "Suspicious Driver Load from Temp",
        "timestamp": "2022-09-27T14:25:41.421+00:00",
        "authors": [
            "Florian Roth"
        ],
        "level": "high",
        "source": "sigma",
        "status": "experimental",
        "falsepositives": [
            "There is a relevant set of false positives depending on applications in the environment"
        ],
        "id": "2c4523d5-d481-4ed0-8ec3-7fbf0cb41a75",
        "logsource": {
            "category": "driver_load",
            "product": "windows"
        },
        "tags": [
            "attack.persistence",
            "attack.privilege_escalation",
            "attack.t1543.003"
        ]
    },
