    {
        "group": "Sigma",
        "kind": "individual",
        "document": {
            "kind": "jsonl",
            "data": {
                "@timestamp": "2022-09-27T14:26:10.061Z",
                "agent": {
                    "ephemeral_id": "f3e67ec5-847a-448b-8ec4-bac040a44990",
                    "hostname": "CLIENT1",
                    "id": "cd699c72-0f46-4cd9-938a-43faf035a44a",
                    "name": "CLIENT1",
                    "type": "winlogbeat",
                    "version": "7.10.2"
                },
                "ecs": {
                    "version": "1.5.0"
                },
                "event": {
                    "action": "File created (rule: FileCreate)",
                    "category": [
                        "file"
                    ],
                    "code": 11,
                    "created": "2022-09-27T14:26:10.664Z",
                    "kind": "event",
                    "module": "sysmon",
                    "provider": "Microsoft-Windows-Sysmon",
                    "type": [
                        "creation"
                    ]
                },
                "file": {
                    "directory": "C:\\Windows\\assembly\\NativeImages_v4.0.30319_64\\Temp\\51c-0",
                    "extension": "dll",
                    "name": "Microsoft.PowerShell.Diagnostics.Activities.dll",
                    "path": "C:\\Windows\\assembly\\NativeImages_v4.0.30319_64\\Temp\\51c-0\\Microsoft.PowerShell.Diagnostics.Activities.dll"
                },
                "host": {
                    "name": "CLIENT1.breach.local"
                },
                "log": {
                    "level": "information"
                },
                "message": "File created:\nRuleName: DLL\nUtcTime: 2022-09-27 14:26:10.061\nProcessGuid: {0e37ca90-0801-6333-d704-000000000500}\nProcessId: 1308\nImage: C:\\Windows\\Microsoft.NET\\Framework64\\v4.0.30319\\mscorsvw.exe\nTargetFilename: C:\\Windows\\assembly\\NativeImages_v4.0.30319_64\\Temp\\51c-0\\Microsoft.PowerShell.Diagnostics.Activities.dll\nCreationUtcTime: 2022-09-27 14:26:10.061\nUser: NT AUTHORITY\\SYSTEM",
                "process": {
                    "entity_id": "{0e37ca90-0801-6333-d704-000000000500}",
                    "executable": "C:\\Windows\\Microsoft.NET\\Framework64\\v4.0.30319\\mscorsvw.exe",
                    "name": "mscorsvw.exe",
                    "pid": 1308
                },
                "rule": {
                    "name": "DLL"
                },
                "winlog": {
                    "api": "wineventlog",
                    "channel": "Microsoft-Windows-Sysmon/Operational",
                    "computer_name": "CLIENT1.breach.local",
                    "event_data": {
                        "CreationUtcTime": "2022-09-27 14:26:10.061",
                        "User": "NT AUTHORITY\\SYSTEM"
                    },
                    "event_id": 11,
                    "opcode": "Info",
                    "process": {
                        "pid": 2076,
                        "thread": {
                            "id": 2556
                        }
                    },
                    "provider_guid": "{5770385f-c22a-43e0-bf4c-06f5698ffbd9}",
                    "provider_name": "Microsoft-Windows-Sysmon",
                    "record_id": 4760,
                    "task": "File created (rule: FileCreate)",
                    "user": {
                        "domain": "NT AUTHORITY",
                        "identifier": "S-1-5-18",
                        "name": "SYSTEM",
                        "type": "User"
                    },
                    "version": 2
                }
            }
        },
        "name": "Suspicious Driver Load from Temp",
        "timestamp": "2022-09-27T14:26:10.061+00:00",
        "authors": [
            "Florian Roth"
        ],
        "level": "high",
        "source": "sigma",
        "status": "experimental",
        "falsepositives": [
            "There is a relevant set of false positives depending on applications in the environment"
        ],
        "id": "2c4523d5-d481-4ed0-8ec3-7fbf0cb41a75",
        "logsource": {
            "category": "driver_load",
            "product": "windows"
        },
        "tags": [
            "attack.persistence",
            "attack.privilege_escalation",
            "attack.t1543.003"
        ]
    },
    {
        "group": "Sigma",
        "kind": "individual",
        "document": {
            "kind": "jsonl",
            "data": {
                "@timestamp": "2022-09-27T14:26:13.624Z",
                "agent": {
                    "ephemeral_id": "f3e67ec5-847a-448b-8ec4-bac040a44990",
                    "hostname": "CLIENT1",
                    "id": "cd699c72-0f46-4cd9-938a-43faf035a44a",
                    "name": "CLIENT1",
                    "type": "winlogbeat",
                    "version": "7.10.2"
                },
                "ecs": {
                    "version": "1.5.0"
                },
                "event": {
                    "action": "File created (rule: FileCreate)",
                    "category": [
                        "file"
                    ],
                    "code": 11,
                    "created": "2022-09-27T14:26:14.700Z",
                    "kind": "event",
                    "module": "sysmon",
                    "provider": "Microsoft-Windows-Sysmon",
                    "type": [
                        "creation"
                    ]
                },
                "file": {
                    "directory": "C:\\Windows\\assembly\\NativeImages_v4.0.30319_64\\Temp\\18fc-0",
                    "extension": "dll",
                    "name": "Microsoft.PowerShell.Editor.dll",
                    "path": "C:\\Windows\\assembly\\NativeImages_v4.0.30319_64\\Temp\\18fc-0\\Microsoft.PowerShell.Editor.dll"
                },
                "host": {
                    "name": "CLIENT1.breach.local"
                },
                "log": {
                    "level": "information"
                },
                "message": "File created:\nRuleName: DLL\nUtcTime: 2022-09-27 14:26:13.624\nProcessGuid: {0e37ca90-0802-6333-d904-000000000500}\nProcessId: 6396\nImage: C:\\Windows\\Microsoft.NET\\Framework64\\v4.0.30319\\mscorsvw.exe\nTargetFilename: C:\\Windows\\assembly\\NativeImages_v4.0.30319_64\\Temp\\18fc-0\\Microsoft.PowerShell.Editor.dll\nCreationUtcTime: 2022-09-27 14:26:13.624\nUser: NT AUTHORITY\\SYSTEM",
                "process": {
                    "entity_id": "{0e37ca90-0802-6333-d904-000000000500}",
                    "executable": "C:\\Windows\\Microsoft.NET\\Framework64\\v4.0.30319\\mscorsvw.exe",
                    "name": "mscorsvw.exe",
                    "pid": 6396
                },
                "rule": {
                    "name": "DLL"
                },
                "winlog": {
                    "api": "wineventlog",
                    "channel": "Microsoft-Windows-Sysmon/Operational",
                    "computer_name": "CLIENT1.breach.local",
                    "event_data": {
                        "CreationUtcTime": "2022-09-27 14:26:13.624",
                        "User": "NT AUTHORITY\\SYSTEM"
                    },
                    "event_id": 11,
                    "opcode": "Info",
                    "process": {
                        "pid": 2076,
                        "thread": {
                            "id": 2556
                        }
                    },
                    "provider_guid": "{5770385f-c22a-43e0-bf4c-06f5698ffbd9}",
                    "provider_name": "Microsoft-Windows-Sysmon",
                    "record_id": 4762,
                    "task": "File created (rule: FileCreate)",
                    "user": {
                        "domain": "NT AUTHORITY",
                        "identifier": "S-1-5-18",
                        "name": "SYSTEM",
                        "type": "User"
                    },
                    "version": 2
                }
            }
        },
        "name": "Suspicious Driver Load from Temp",
        "timestamp": "2022-09-27T14:26:13.624+00:00",
        "authors": [
            "Florian Roth"
        ],
        "level": "high",
        "source": "sigma",
        "status": "experimental",
        "falsepositives": [
            "There is a relevant set of false positives depending on applications in the environment"
        ],
        "id": "2c4523d5-d481-4ed0-8ec3-7fbf0cb41a75",
        "logsource": {
            "category": "driver_load",
            "product": "windows"
        },
        "tags": [
            "attack.persistence",
            "attack.privilege_escalation",
            "attack.t1543.003"
        ]
    },
    {
        "group": "Sigma",
        "kind": "individual",
        "document": {
            "kind": "jsonl",
            "data": {
                "@timestamp": "2022-09-27T14:26:15.599Z",
                "agent": {
                    "ephemeral_id": "f3e67ec5-847a-448b-8ec4-bac040a44990",
                    "hostname": "CLIENT1",
                    "id": "cd699c72-0f46-4cd9-938a-43faf035a44a",
                    "name": "CLIENT1",
                    "type": "winlogbeat",
                    "version": "7.10.2"
                },
                "ecs": {
                    "version": "1.5.0"
                },
                "event": {
                    "action": "File created (rule: FileCreate)",
                    "category": [
                        "file"
                    ],
                    "code": 11,
                    "created": "2022-09-27T14:26:16.720Z",
                    "kind": "event",
                    "module": "sysmon",
                    "provider": "Microsoft-Windows-Sysmon",
                    "type": [
                        "creation"
                    ]
                },
                "file": {
                    "directory": "C:\\Windows\\assembly\\NativeImages_v4.0.30319_64\\Temp\\1bb8-0",
                    "extension": "dll",
                    "name": "Microsoft.PowerShell.GPowerShell.dll",
                    "path": "C:\\Windows\\assembly\\NativeImages_v4.0.30319_64\\Temp\\1bb8-0\\Microsoft.PowerShell.GPowerShell.dll"
                },
                "host": {
                    "name": "CLIENT1.breach.local"
                },
                "log": {
                    "level": "information"
                },
                "message": "File created:\nRuleName: DLL\nUtcTime: 2022-09-27 14:26:15.599\nProcessGuid: {0e37ca90-0805-6333-db04-000000000500}\nProcessId: 7096\nImage: C:\\Windows\\Microsoft.NET\\Framework64\\v4.0.30319\\mscorsvw.exe\nTargetFilename: C:\\Windows\\assembly\\NativeImages_v4.0.30319_64\\Temp\\1bb8-0\\Microsoft.PowerShell.GPowerShell.dll\nCreationUtcTime: 2022-09-27 14:26:15.599\nUser: NT AUTHORITY\\SYSTEM",
                "process": {
                    "entity_id": "{0e37ca90-0805-6333-db04-000000000500}",
                    "executable": "C:\\Windows\\Microsoft.NET\\Framework64\\v4.0.30319\\mscorsvw.exe",
                    "name": "mscorsvw.exe",
                    "pid": 7096
                },
                "rule": {
                    "name": "DLL"
                },
                "winlog": {
                    "api": "wineventlog",
                    "channel": "Microsoft-Windows-Sysmon/Operational",
                    "computer_name": "CLIENT1.breach.local",
                    "event_data": {
                        "CreationUtcTime": "2022-09-27 14:26:15.599",
                        "User": "NT AUTHORITY\\SYSTEM"
                    },
                    "event_id": 11,
                    "opcode": "Info",
                    "process": {
                        "pid": 2076,
                        "thread": {
                            "id": 2556
                        }
                    },
                    "provider_guid": "{5770385f-c22a-43e0-bf4c-06f5698ffbd9}",
                    "provider_name": "Microsoft-Windows-Sysmon",
                    "record_id": 4763,
                    "task": "File created (rule: FileCreate)",
                    "user": {
                        "domain": "NT AUTHORITY",
                        "identifier": "S-1-5-18",
                        "name": "SYSTEM",
                        "type": "User"
                    },
                    "version": 2
                }
            }
        },
        "name": "Suspicious Driver Load from Temp",
        "timestamp": "2022-09-27T14:26:15.599+00:00",
        "authors": [
            "Florian Roth"
        ],
        "level": "high",
        "source": "sigma",
        "status": "experimental",
        "falsepositives": [
            "There is a relevant set of false positives depending on applications in the environment"
        ],
        "id": "2c4523d5-d481-4ed0-8ec3-7fbf0cb41a75",
        "logsource": {
            "category": "driver_load",
            "product": "windows"
        },
        "tags": [
            "attack.persistence",
            "attack.privilege_escalation",
            "attack.t1543.003"
        ]
    },
    {
        "group": "Sigma",
        "kind": "individual",
        "document": {
            "kind": "jsonl",
            "data": {
                "@timestamp": "2022-09-27T14:26:16.402Z",
                "agent": {
                    "ephemeral_id": "f3e67ec5-847a-448b-8ec4-bac040a44990",
                    "hostname": "CLIENT1",
                    "id": "cd699c72-0f46-4cd9-938a-43faf035a44a",
                    "name": "CLIENT1",
                    "type": "winlogbeat",
                    "version": "7.10.2"
                },
                "ecs": {
                    "version": "1.5.0"
                },
                "event": {
                    "action": "File created (rule: FileCreate)",
                    "category": [
                        "file"
                    ],
                    "code": 11,
                    "created": "2022-09-27T14:26:16.720Z",
                    "kind": "event",
                    "module": "sysmon",
                    "provider": "Microsoft-Windows-Sysmon",
                    "type": [
                        "creation"
                    ]
                },
                "file": {
                    "directory": "C:\\Windows\\assembly\\NativeImages_v4.0.30319_64\\Temp\\11d0-0",
                    "extension": "dll",
                    "name": "Microsoft.PowerShell.GraphicalHost.dll",
                    "path": "C:\\Windows\\assembly\\NativeImages_v4.0.30319_64\\Temp\\11d0-0\\Microsoft.PowerShell.GraphicalHost.dll"
                },
                "host": {
                    "name": "CLIENT1.breach.local"
                },
                "log": {
                    "level": "information"
                },
                "message": "File created:\nRuleName: DLL\nUtcTime: 2022-09-27 14:26:16.402\nProcessGuid: {0e37ca90-0807-6333-dd04-000000000500}\nProcessId: 4560\nImage: C:\\Windows\\Microsoft.NET\\Framework64\\v4.0.30319\\mscorsvw.exe\nTargetFilename: C:\\Windows\\assembly\\NativeImages_v4.0.30319_64\\Temp\\11d0-0\\Microsoft.PowerShell.GraphicalHost.dll\nCreationUtcTime: 2022-09-27 14:26:16.402\nUser: NT AUTHORITY\\SYSTEM",
                "process": {
                    "entity_id": "{0e37ca90-0807-6333-dd04-000000000500}",
                    "executable": "C:\\Windows\\Microsoft.NET\\Framework64\\v4.0.30319\\mscorsvw.exe",
                    "name": "mscorsvw.exe",
                    "pid": 4560
                },
                "rule": {
                    "name": "DLL"
                },
                "winlog": {
                    "api": "wineventlog",
                    "channel": "Microsoft-Windows-Sysmon/Operational",
                    "computer_name": "CLIENT1.breach.local",
                    "event_data": {
                        "CreationUtcTime": "2022-09-27 14:26:16.402",
                        "User": "NT AUTHORITY\\SYSTEM"
                    },
                    "event_id": 11,
                    "opcode": "Info",
                    "process": {
                        "pid": 2076,
                        "thread": {
                            "id": 2556
                        }
                    },
                    "provider_guid": "{5770385f-c22a-43e0-bf4c-06f5698ffbd9}",
                    "provider_name": "Microsoft-Windows-Sysmon",
                    "record_id": 4764,
                    "task": "File created (rule: FileCreate)",
                    "user": {
                        "domain": "NT AUTHORITY",
                        "identifier": "S-1-5-18",
                        "name": "SYSTEM",
                        "type": "User"
                    },
                    "version": 2
                }
            }
        },
        "name": "Suspicious Driver Load from Temp",
        "timestamp": "2022-09-27T14:26:16.402+00:00",
        "authors": [
            "Florian Roth"
        ],
        "level": "high",
        "source": "sigma",
        "status": "experimental",
        "falsepositives": [
            "There is a relevant set of false positives depending on applications in the environment"
        ],
        "id": "2c4523d5-d481-4ed0-8ec3-7fbf0cb41a75",
        "logsource": {
            "category": "driver_load",
            "product": "windows"
        },
        "tags": [
            "attack.persistence",
            "attack.privilege_escalation",
            "attack.t1543.003"
        ]
    },
    {
        "group": "Sigma",
        "kind": "individual",
        "document": {
            "kind": "jsonl",
            "data": {
                "@timestamp": "2022-09-27T14:26:16.588Z",
                "agent": {
                    "ephemeral_id": "f3e67ec5-847a-448b-8ec4-bac040a44990",
                    "hostname": "CLIENT1",
                    "id": "cd699c72-0f46-4cd9-938a-43faf035a44a",
                    "name": "CLIENT1",
                    "type": "winlogbeat",
                    "version": "7.10.2"
                },
                "ecs": {
                    "version": "1.5.0"
                },
                "event": {
                    "action": "File created (rule: FileCreate)",
                    "category": [
                        "file"
                    ],
                    "code": 11,
                    "created": "2022-09-27T14:26:16.720Z",
                    "kind": "event",
                    "module": "sysmon",
                    "provider": "Microsoft-Windows-Sysmon",
                    "type": [
                        "creation"
                    ]
                },
                "file": {
                    "directory": "C:\\Windows\\assembly\\NativeImages_v4.0.30319_64\\Temp\\16d4-0",
                    "extension": "dll",
                    "name": "Microsoft.PowerShell.ISECommon.dll",
                    "path": "C:\\Windows\\assembly\\NativeImages_v4.0.30319_64\\Temp\\16d4-0\\Microsoft.PowerShell.ISECommon.dll"
                },
                "host": {
                    "name": "CLIENT1.breach.local"
                },
                "log": {
                    "level": "information"
                },
                "message": "File created:\nRuleName: DLL\nUtcTime: 2022-09-27 14:26:16.588\nProcessGuid: {0e37ca90-0808-6333-df04-000000000500}\nProcessId: 5844\nImage: C:\\Windows\\Microsoft.NET\\Framework64\\v4.0.30319\\mscorsvw.exe\nTargetFilename: C:\\Windows\\assembly\\NativeImages_v4.0.30319_64\\Temp\\16d4-0\\Microsoft.PowerShell.ISECommon.dll\nCreationUtcTime: 2022-09-27 14:26:16.588\nUser: NT AUTHORITY\\SYSTEM",
                "process": {
                    "entity_id": "{0e37ca90-0808-6333-df04-000000000500}",
                    "executable": "C:\\Windows\\Microsoft.NET\\Framework64\\v4.0.30319\\mscorsvw.exe",
                    "name": "mscorsvw.exe",
                    "pid": 5844
                },
                "rule": {
                    "name": "DLL"
                },
                "winlog": {
                    "api": "wineventlog",
                    "channel": "Microsoft-Windows-Sysmon/Operational",
                    "computer_name": "CLIENT1.breach.local",
                    "event_data": {
                        "CreationUtcTime": "2022-09-27 14:26:16.588",
                        "User": "NT AUTHORITY\\SYSTEM"
                    },
                    "event_id": 11,
                    "opcode": "Info",
                    "process": {
                        "pid": 2076,
                        "thread": {
                            "id": 2556
                        }
                    },
                    "provider_guid": "{5770385f-c22a-43e0-bf4c-06f5698ffbd9}",
                    "provider_name": "Microsoft-Windows-Sysmon",
                    "record_id": 4765,
                    "task": "File created (rule: FileCreate)",
                    "user": {
                        "domain": "NT AUTHORITY",
                        "identifier": "S-1-5-18",
                        "name": "SYSTEM",
                        "type": "User"
                    },
                    "version": 2
                }
            }
        },
        "name": "Suspicious Driver Load from Temp",
        "timestamp": "2022-09-27T14:26:16.588+00:00",
        "authors": [
            "Florian Roth"
        ],
        "level": "high",
        "source": "sigma",
        "status": "experimental",
        "falsepositives": [
            "There is a relevant set of false positives depending on applications in the environment"
        ],
        "id": "2c4523d5-d481-4ed0-8ec3-7fbf0cb41a75",
        "logsource": {
            "category": "driver_load",
            "product": "windows"
        },
        "tags": [
            "attack.persistence",
            "attack.privilege_escalation",
            "attack.t1543.003"
        ]
    },
    {
        "group": "Sigma",
        "kind": "individual",
        "document": {
            "kind": "jsonl",
            "data": {
                "@timestamp": "2022-09-27T14:26:18.057Z",
                "agent": {
                    "ephemeral_id": "f3e67ec5-847a-448b-8ec4-bac040a44990",
                    "hostname": "CLIENT1",
                    "id": "cd699c72-0f46-4cd9-938a-43faf035a44a",
                    "name": "CLIENT1",
                    "type": "winlogbeat",
                    "version": "7.10.2"
                },
                "ecs": {
                    "version": "1.5.0"
                },
                "event": {
                    "action": "File created (rule: FileCreate)",
                    "category": [
                        "file"
                    ],
                    "code": 11,
                    "created": "2022-09-27T14:26:19.740Z",
                    "kind": "event",
                    "module": "sysmon",
                    "provider": "Microsoft-Windows-Sysmon",
                    "type": [
                        "creation"
                    ]
                },
                "file": {
                    "directory": "C:\\Windows\\assembly\\NativeImages_v4.0.30319_64\\Temp\\6d4-0",
                    "extension": "dll",
                    "name": "Microsoft.PowerShell.Management.Activities.dll",
                    "path": "C:\\Windows\\assembly\\NativeImages_v4.0.30319_64\\Temp\\6d4-0\\Microsoft.PowerShell.Management.Activities.dll"
                },
                "host": {
                    "name": "CLIENT1.breach.local"
                },
                "log": {
                    "level": "information"
                },
                "message": "File created:\nRuleName: DLL\nUtcTime: 2022-09-27 14:26:18.057\nProcessGuid: {0e37ca90-0808-6333-e104-000000000500}\nProcessId: 1748\nImage: C:\\Windows\\Microsoft.NET\\Framework64\\v4.0.30319\\mscorsvw.exe\nTargetFilename: C:\\Windows\\assembly\\NativeImages_v4.0.30319_64\\Temp\\6d4-0\\Microsoft.PowerShell.Management.Activities.dll\nCreationUtcTime: 2022-09-27 14:26:18.057\nUser: NT AUTHORITY\\SYSTEM",
                "process": {
                    "entity_id": "{0e37ca90-0808-6333-e104-000000000500}",
                    "executable": "C:\\Windows\\Microsoft.NET\\Framework64\\v4.0.30319\\mscorsvw.exe",
                    "name": "mscorsvw.exe",
                    "pid": 1748
                },
                "rule": {
                    "name": "DLL"
                },
                "winlog": {
                    "api": "wineventlog",
                    "channel": "Microsoft-Windows-Sysmon/Operational",
                    "computer_name": "CLIENT1.breach.local",
                    "event_data": {
                        "CreationUtcTime": "2022-09-27 14:26:18.057",
                        "User": "NT AUTHORITY\\SYSTEM"
                    },
                    "event_id": 11,
                    "opcode": "Info",
                    "process": {
                        "pid": 2076,
                        "thread": {
                            "id": 2556
                        }
                    },
                    "provider_guid": "{5770385f-c22a-43e0-bf4c-06f5698ffbd9}",
                    "provider_name": "Microsoft-Windows-Sysmon",
                    "record_id": 4766,
                    "task": "File created (rule: FileCreate)",
                    "user": {
                        "domain": "NT AUTHORITY",
                        "identifier": "S-1-5-18",
                        "name": "SYSTEM",
                        "type": "User"
                    },
                    "version": 2
                }
            }
        },
        "name": "Suspicious Driver Load from Temp",
        "timestamp": "2022-09-27T14:26:18.057+00:00",
        "authors": [
            "Florian Roth"
        ],
        "level": "high",
        "source": "sigma",
        "status": "experimental",
        "falsepositives": [
            "There is a relevant set of false positives depending on applications in the environment"
        ],
        "id": "2c4523d5-d481-4ed0-8ec3-7fbf0cb41a75",
        "logsource": {
            "category": "driver_load",
            "product": "windows"
        },
        "tags": [
            "attack.persistence",
            "attack.privilege_escalation",
            "attack.t1543.003"
        ]
    },
    {
        "group": "Sigma",
        "kind": "individual",
        "document": {
            "kind": "jsonl",
            "data": {
                "@timestamp": "2022-09-27T14:26:18.736Z",
                "agent": {
                    "ephemeral_id": "f3e67ec5-847a-448b-8ec4-bac040a44990",
                    "hostname": "CLIENT1",
                    "id": "cd699c72-0f46-4cd9-938a-43faf035a44a",
                    "name": "CLIENT1",
                    "type": "winlogbeat",
                    "version": "7.10.2"
                },
                "ecs": {
                    "version": "1.5.0"
                },
                "event": {
                    "action": "File created (rule: FileCreate)",
                    "category": [
                        "file"
                    ],
                    "code": 11,
                    "created": "2022-09-27T14:26:19.741Z",
                    "kind": "event",
                    "module": "sysmon",
                    "provider": "Microsoft-Windows-Sysmon",
                    "type": [
                        "creation"
                    ]
                },
                "file": {
                    "directory": "C:\\Windows\\assembly\\NativeImages_v4.0.30319_64\\Temp\\20-0",
                    "extension": "dll",
                    "name": "Microsoft.PowerShell.ScheduledJob.dll",
                    "path": "C:\\Windows\\assembly\\NativeImages_v4.0.30319_64\\Temp\\20-0\\Microsoft.PowerShell.ScheduledJob.dll"
                },
                "host": {
                    "name": "CLIENT1.breach.local"
                },
                "log": {
                    "level": "information"
                },
                "message": "File created:\nRuleName: DLL\nUtcTime: 2022-09-27 14:26:18.736\nProcessGuid: {0e37ca90-080a-6333-e304-000000000500}\nProcessId: 32\nImage: C:\\Windows\\Microsoft.NET\\Framework64\\v4.0.30319\\mscorsvw.exe\nTargetFilename: C:\\Windows\\assembly\\NativeImages_v4.0.30319_64\\Temp\\20-0\\Microsoft.PowerShell.ScheduledJob.dll\nCreationUtcTime: 2022-09-27 14:26:18.736\nUser: NT AUTHORITY\\SYSTEM",
                "process": {
                    "entity_id": "{0e37ca90-080a-6333-e304-000000000500}",
                    "executable": "C:\\Windows\\Microsoft.NET\\Framework64\\v4.0.30319\\mscorsvw.exe",
                    "name": "mscorsvw.exe",
                    "pid": 32
                },
                "rule": {
                    "name": "DLL"
                },
                "winlog": {
                    "api": "wineventlog",
                    "channel": "Microsoft-Windows-Sysmon/Operational",
                    "computer_name": "CLIENT1.breach.local",
                    "event_data": {
                        "CreationUtcTime": "2022-09-27 14:26:18.736",
                        "User": "NT AUTHORITY\\SYSTEM"
                    },
                    "event_id": 11,
                    "opcode": "Info",
                    "process": {
                        "pid": 2076,
                        "thread": {
                            "id": 2556
                        }
                    },
                    "provider_guid": "{5770385f-c22a-43e0-bf4c-06f5698ffbd9}",
                    "provider_name": "Microsoft-Windows-Sysmon",
                    "record_id": 4767,
                    "task": "File created (rule: FileCreate)",
                    "user": {
                        "domain": "NT AUTHORITY",
                        "identifier": "S-1-5-18",
                        "name": "SYSTEM",
                        "type": "User"
                    },
                    "version": 2
                }
            }
        },
        "name": "Suspicious Driver Load from Temp",
        "timestamp": "2022-09-27T14:26:18.736+00:00",
        "authors": [
            "Florian Roth"
        ],
        "level": "high",
        "source": "sigma",
        "status": "experimental",
        "falsepositives": [
            "There is a relevant set of false positives depending on applications in the environment"
        ],
        "id": "2c4523d5-d481-4ed0-8ec3-7fbf0cb41a75",
        "logsource": {
            "category": "driver_load",
            "product": "windows"
        },
        "tags": [
            "attack.persistence",
            "attack.privilege_escalation",
            "attack.t1543.003"
        ]
    },
    {
        "group": "Sigma",
        "kind": "individual",
        "document": {
            "kind": "jsonl",
            "data": {
                "@timestamp": "2022-09-27T14:26:19.269Z",
                "agent": {
                    "ephemeral_id": "f3e67ec5-847a-448b-8ec4-bac040a44990",
                    "hostname": "CLIENT1",
                    "id": "cd699c72-0f46-4cd9-938a-43faf035a44a",
                    "name": "CLIENT1",
                    "type": "winlogbeat",
                    "version": "7.10.2"
                },
                "ecs": {
                    "version": "1.5.0"
                },
                "event": {
                    "action": "File created (rule: FileCreate)",
                    "category": [
                        "file"
                    ],
                    "code": 11,
                    "created": "2022-09-27T14:26:20.745Z",
                    "kind": "event",
                    "module": "sysmon",
                    "provider": "Microsoft-Windows-Sysmon",
                    "type": [
                        "creation"
                    ]
                },
                "file": {
                    "directory": "C:\\Windows\\assembly\\NativeImages_v4.0.30319_64\\Temp\\ed0-0",
                    "extension": "dll",
                    "name": "Microsoft.PowerShell.Security.Activities.dll",
                    "path": "C:\\Windows\\assembly\\NativeImages_v4.0.30319_64\\Temp\\ed0-0\\Microsoft.PowerShell.Security.Activities.dll"
                },
                "host": {
                    "name": "CLIENT1.breach.local"
                },
                "log": {
                    "level": "information"
                },
                "message": "File created:\nRuleName: DLL\nUtcTime: 2022-09-27 14:26:19.269\nProcessGuid: {0e37ca90-080a-6333-e604-000000000500}\nProcessId: 3792\nImage: C:\\Windows\\Microsoft.NET\\Framework64\\v4.0.30319\\mscorsvw.exe\nTargetFilename: C:\\Windows\\assembly\\NativeImages_v4.0.30319_64\\Temp\\ed0-0\\Microsoft.PowerShell.Security.Activities.dll\nCreationUtcTime: 2022-09-27 14:26:19.269\nUser: NT AUTHORITY\\SYSTEM",
                "process": {
                    "entity_id": "{0e37ca90-080a-6333-e604-000000000500}",
                    "executable": "C:\\Windows\\Microsoft.NET\\Framework64\\v4.0.30319\\mscorsvw.exe",
                    "name": "mscorsvw.exe",
                    "pid": 3792
                },
                "rule": {
                    "name": "DLL"
                },
                "winlog": {
                    "api": "wineventlog",
                    "channel": "Microsoft-Windows-Sysmon/Operational",
                    "computer_name": "CLIENT1.breach.local",
                    "event_data": {
                        "CreationUtcTime": "2022-09-27 14:26:19.269",
                        "User": "NT AUTHORITY\\SYSTEM"
                    },
                    "event_id": 11,
                    "opcode": "Info",
                    "process": {
                        "pid": 2076,
                        "thread": {
                            "id": 2556
                        }
                    },
                    "provider_guid": "{5770385f-c22a-43e0-bf4c-06f5698ffbd9}",
                    "provider_name": "Microsoft-Windows-Sysmon",
                    "record_id": 4768,
                    "task": "File created (rule: FileCreate)",
                    "user": {
                        "domain": "NT AUTHORITY",
                        "identifier": "S-1-5-18",
                        "name": "SYSTEM",
                        "type": "User"
                    },
                    "version": 2
                }
            }
        },
        "name": "Suspicious Driver Load from Temp",
        "timestamp": "2022-09-27T14:26:19.269+00:00",
        "authors": [
            "Florian Roth"
        ],
        "level": "high",
        "source": "sigma",
        "status": "experimental",
        "falsepositives": [
            "There is a relevant set of false positives depending on applications in the environment"
        ],
        "id": "2c4523d5-d481-4ed0-8ec3-7fbf0cb41a75",
        "logsource": {
            "category": "driver_load",
            "product": "windows"
        },
        "tags": [
            "attack.persistence",
            "attack.privilege_escalation",
            "attack.t1543.003"
        ]
    },
    {
        "group": "Sigma",
        "kind": "individual",
        "document": {
            "kind": "jsonl",
            "data": {
                "@timestamp": "2022-09-27T14:26:20.840Z",
                "agent": {
                    "ephemeral_id": "f3e67ec5-847a-448b-8ec4-bac040a44990",
                    "hostname": "CLIENT1",
                    "id": "cd699c72-0f46-4cd9-938a-43faf035a44a",
                    "name": "CLIENT1",
                    "type": "winlogbeat",
                    "version": "7.10.2"
                },
                "ecs": {
                    "version": "1.5.0"
                },
                "event": {
                    "action": "File created (rule: FileCreate)",
                    "category": [
                        "file"
                    ],
                    "code": 11,
                    "created": "2022-09-27T14:26:22.755Z",
                    "kind": "event",
                    "module": "sysmon",
                    "provider": "Microsoft-Windows-Sysmon",
                    "type": [
                        "creation"
                    ]
                },
                "file": {
                    "directory": "C:\\Windows\\assembly\\NativeImages_v4.0.30319_64\\Temp\\1b6c-0",
                    "extension": "dll",
                    "name": "Microsoft.PowerShell.Utility.Activities.dll",
                    "path": "C:\\Windows\\assembly\\NativeImages_v4.0.30319_64\\Temp\\1b6c-0\\Microsoft.PowerShell.Utility.Activities.dll"
                },
                "host": {
                    "name": "CLIENT1.breach.local"
                },
                "log": {
                    "level": "information"
                },
                "message": "File created:\nRuleName: DLL\nUtcTime: 2022-09-27 14:26:20.840\nProcessGuid: {0e37ca90-080b-6333-e804-000000000500}\nProcessId: 7020\nImage: C:\\Windows\\Microsoft.NET\\Framework64\\v4.0.30319\\mscorsvw.exe\nTargetFilename: C:\\Windows\\assembly\\NativeImages_v4.0.30319_64\\Temp\\1b6c-0\\Microsoft.PowerShell.Utility.Activities.dll\nCreationUtcTime: 2022-09-27 14:26:20.840\nUser: NT AUTHORITY\\SYSTEM",
                "process": {
                    "entity_id": "{0e37ca90-080b-6333-e804-000000000500}",
                    "executable": "C:\\Windows\\Microsoft.NET\\Framework64\\v4.0.30319\\mscorsvw.exe",
                    "name": "mscorsvw.exe",
                    "pid": 7020
                },
                "rule": {
                    "name": "DLL"
                },
                "winlog": {
                    "api": "wineventlog",
                    "channel": "Microsoft-Windows-Sysmon/Operational",
                    "computer_name": "CLIENT1.breach.local",
                    "event_data": {
                        "CreationUtcTime": "2022-09-27 14:26:20.840",
                        "User": "NT AUTHORITY\\SYSTEM"
                    },
                    "event_id": 11,
                    "opcode": "Info",
                    "process": {
                        "pid": 2076,
                        "thread": {
                            "id": 2556
                        }
                    },
                    "provider_guid": "{5770385f-c22a-43e0-bf4c-06f5698ffbd9}",
                    "provider_name": "Microsoft-Windows-Sysmon",
                    "record_id": 4769,
                    "task": "File created (rule: FileCreate)",
                    "user": {
                        "domain": "NT AUTHORITY",
                        "identifier": "S-1-5-18",
                        "name": "SYSTEM",
                        "type": "User"
                    },
                    "version": 2
                }
            }
        },
        "name": "Suspicious Driver Load from Temp",
        "timestamp": "2022-09-27T14:26:20.840+00:00",
        "authors": [
            "Florian Roth"
        ],
        "level": "high",
        "source": "sigma",
        "status": "experimental",
        "falsepositives": [
            "There is a relevant set of false positives depending on applications in the environment"
        ],
        "id": "2c4523d5-d481-4ed0-8ec3-7fbf0cb41a75",
        "logsource": {
            "category": "driver_load",
            "product": "windows"
        },
        "tags": [
            "attack.persistence",
            "attack.privilege_escalation",
            "attack.t1543.003"
        ]
    },
    {
        "group": "Sigma",
        "kind": "individual",
        "document": {
            "kind": "jsonl",
            "data": {
                "@timestamp": "2022-09-27T14:26:22.503Z",
                "agent": {
                    "ephemeral_id": "f3e67ec5-847a-448b-8ec4-bac040a44990",
                    "hostname": "CLIENT1",
                    "id": "cd699c72-0f46-4cd9-938a-43faf035a44a",
                    "name": "CLIENT1",
                    "type": "winlogbeat",
                    "version": "7.10.2"
                },
                "ecs": {
                    "version": "1.5.0"
                },
                "event": {
                    "action": "File created (rule: FileCreate)",
                    "category": [
                        "file"
                    ],
                    "code": 11,
                    "created": "2022-09-27T14:26:23.781Z",
                    "kind": "event",
                    "module": "sysmon",
                    "provider": "Microsoft-Windows-Sysmon",
                    "type": [
                        "creation"
                    ]
                },
                "file": {
                    "directory": "C:\\Windows\\assembly\\NativeImages_v4.0.30319_64\\Temp\\da4-0",
                    "extension": "dll",
                    "name": "Microsoft.PowerShell.Workflow.ServiceCore.dll",
                    "path": "C:\\Windows\\assembly\\NativeImages_v4.0.30319_64\\Temp\\da4-0\\Microsoft.PowerShell.Workflow.ServiceCore.dll"
                },
                "host": {
                    "name": "CLIENT1.breach.local"
                },
                "log": {
                    "level": "information"
                },
                "message": "File created:\nRuleName: DLL\nUtcTime: 2022-09-27 14:26:22.503\nProcessGuid: {0e37ca90-080c-6333-ea04-000000000500}\nProcessId: 3492\nImage: C:\\Windows\\Microsoft.NET\\Framework64\\v4.0.30319\\mscorsvw.exe\nTargetFilename: C:\\Windows\\assembly\\NativeImages_v4.0.30319_64\\Temp\\da4-0\\Microsoft.PowerShell.Workflow.ServiceCore.dll\nCreationUtcTime: 2022-09-27 14:26:22.503\nUser: NT AUTHORITY\\SYSTEM",
                "process": {
                    "entity_id": "{0e37ca90-080c-6333-ea04-000000000500}",
                    "executable": "C:\\Windows\\Microsoft.NET\\Framework64\\v4.0.30319\\mscorsvw.exe",
                    "name": "mscorsvw.exe",
                    "pid": 3492
                },
                "rule": {
                    "name": "DLL"
                },
                "winlog": {
                    "api": "wineventlog",
                    "channel": "Microsoft-Windows-Sysmon/Operational",
                    "computer_name": "CLIENT1.breach.local",
                    "event_data": {
                        "CreationUtcTime": "2022-09-27 14:26:22.503",
                        "User": "NT AUTHORITY\\SYSTEM"
                    },
                    "event_id": 11,
                    "opcode": "Info",
                    "process": {
                        "pid": 2076,
                        "thread": {
                            "id": 2556
                        }
                    },
                    "provider_guid": "{5770385f-c22a-43e0-bf4c-06f5698ffbd9}",
                    "provider_name": "Microsoft-Windows-Sysmon",
                    "record_id": 4771,
                    "task": "File created (rule: FileCreate)",
                    "user": {
                        "domain": "NT AUTHORITY",
                        "identifier": "S-1-5-18",
                        "name": "SYSTEM",
                        "type": "User"
                    },
                    "version": 2
                }
            }
        },
        "name": "Suspicious Driver Load from Temp",
        "timestamp": "2022-09-27T14:26:22.503+00:00",
        "authors": [
            "Florian Roth"
        ],
        "level": "high",
        "source": "sigma",
        "status": "experimental",
        "falsepositives": [
            "There is a relevant set of false positives depending on applications in the environment"
        ],
        "id": "2c4523d5-d481-4ed0-8ec3-7fbf0cb41a75",
        "logsource": {
            "category": "driver_load",
            "product": "windows"
        },
        "tags": [
            "attack.persistence",
            "attack.privilege_escalation",
            "attack.t1543.003"
        ]
    },
    {
        "group": "Sigma",
        "kind": "individual",
        "document": {
            "kind": "jsonl",
            "data": {
                "@timestamp": "2022-09-27T14:26:22.706Z",
                "agent": {
                    "ephemeral_id": "f3e67ec5-847a-448b-8ec4-bac040a44990",
                    "hostname": "CLIENT1",
                    "id": "cd699c72-0f46-4cd9-938a-43faf035a44a",
                    "name": "CLIENT1",
                    "type": "winlogbeat",
                    "version": "7.10.2"
                },
                "ecs": {
                    "version": "1.5.0"
                },
                "event": {
                    "action": "File created (rule: FileCreate)",
                    "category": [
                        "file"
                    ],
                    "code": 11,
                    "created": "2022-09-27T14:26:23.782Z",
                    "kind": "event",
                    "module": "sysmon",
                    "provider": "Microsoft-Windows-Sysmon",
                    "type": [
                        "creation"
                    ]
                },
                "file": {
                    "directory": "C:\\Windows\\assembly\\NativeImages_v4.0.30319_64\\Temp\\d90-0",
                    "extension": "dll",
                    "name": "Microsoft.SecureBoot.Commands.dll",
                    "path": "C:\\Windows\\assembly\\NativeImages_v4.0.30319_64\\Temp\\d90-0\\Microsoft.SecureBoot.Commands.dll"
                },
                "host": {
                    "name": "CLIENT1.breach.local"
                },
                "log": {
                    "level": "information"
                },
                "message": "File created:\nRuleName: DLL\nUtcTime: 2022-09-27 14:26:22.706\nProcessGuid: {0e37ca90-080e-6333-ec04-000000000500}\nProcessId: 3472\nImage: C:\\Windows\\Microsoft.NET\\Framework64\\v4.0.30319\\mscorsvw.exe\nTargetFilename: C:\\Windows\\assembly\\NativeImages_v4.0.30319_64\\Temp\\d90-0\\Microsoft.SecureBoot.Commands.dll\nCreationUtcTime: 2022-09-27 14:26:22.706\nUser: NT AUTHORITY\\SYSTEM",
                "process": {
                    "entity_id": "{0e37ca90-080e-6333-ec04-000000000500}",
                    "executable": "C:\\Windows\\Microsoft.NET\\Framework64\\v4.0.30319\\mscorsvw.exe",
                    "name": "mscorsvw.exe",
                    "pid": 3472
                },
                "rule": {
                    "name": "DLL"
                },
                "winlog": {
                    "api": "wineventlog",
                    "channel": "Microsoft-Windows-Sysmon/Operational",
                    "computer_name": "CLIENT1.breach.local",
                    "event_data": {
                        "CreationUtcTime": "2022-09-27 14:26:22.706",
                        "User": "NT AUTHORITY\\SYSTEM"
                    },
                    "event_id": 11,
                    "opcode": "Info",
                    "process": {
                        "pid": 2076,
                        "thread": {
                            "id": 2556
                        }
                    },
                    "provider_guid": "{5770385f-c22a-43e0-bf4c-06f5698ffbd9}",
                    "provider_name": "Microsoft-Windows-Sysmon",
                    "record_id": 4772,
                    "task": "File created (rule: FileCreate)",
                    "user": {
                        "domain": "NT AUTHORITY",
                        "identifier": "S-1-5-18",
                        "name": "SYSTEM",
                        "type": "User"
                    },
                    "version": 2
                }
            }
        },
        "name": "Suspicious Driver Load from Temp",
        "timestamp": "2022-09-27T14:26:22.706+00:00",
        "authors": [
            "Florian Roth"
        ],
        "level": "high",
        "source": "sigma",
        "status": "experimental",
        "falsepositives": [
            "There is a relevant set of false positives depending on applications in the environment"
        ],
        "id": "2c4523d5-d481-4ed0-8ec3-7fbf0cb41a75",
        "logsource": {
            "category": "driver_load",
            "product": "windows"
        },
        "tags": [
            "attack.persistence",
            "attack.privilege_escalation",
            "attack.t1543.003"
        ]
    },
