[
    {
        "group": "Sigma",
        "kind": "individual",
        "document": {
            "kind": "jsonl",
            "data": {
                "@timestamp": "2022-09-27T12:23:13.255Z",
                "agent": {
                    "ephemeral_id": "f3e67ec5-847a-448b-8ec4-bac040a44990",
                    "hostname": "CLIENT1",
                    "id": "cd699c72-0f46-4cd9-938a-43faf035a44a",
                    "name": "CLIENT1",
                    "type": "winlogbeat",
                    "version": "7.10.2"
                },
                "ecs": {
                    "version": "1.5.0"
                },
                "event": {
                    "code": 16,
                    "created": "2022-09-27T12:27:27.657Z",
                    "kind": "event",
                    "provider": "Microsoft-Windows-HAL"
                },
                "host": {
                    "name": "CLIENT"
                },
                "log": {
                    "level": "information"
                },
                "message": "The iommu fault reporting has been initialized.",
                "winlog": {
                    "api": "wineventlog",
                    "channel": "System",
                    "computer_name": "CLIENT",
                    "event_id": 16,
                    "opcode": "Info",
                    "process": {
                        "pid": 4,
                        "thread": {
                            "id": 8
                        }
                    },
                    "provider_guid": "{63d1e632-95cc-4443-9312-af927761d52a}",
                    "provider_name": "Microsoft-Windows-HAL",
                    "record_id": 331,
                    "task": "",
                    "user": {
                        "domain": "NT AUTHORITY",
                        "identifier": "S-1-5-18",
                        "name": "SYSTEM",
                        "type": "User"
                    }
                }
            }
        },
        "name": "Sysmon Configuration Change",
        "timestamp": "2022-09-27T12:23:13.255+00:00",
        "authors": [
            "frack113"
        ],
        "level": "medium",
        "source": "sigma",
        "status": "experimental",
        "falsepositives": [
            "Legitimate administrative action"
        ],
        "id": "8ac03a65-6c84-4116-acad-dc1558ff7a77",
        "logsource": {
            "product": "windows",
            "service": "sysmon"
        },
        "references": [
            "https://docs.microsoft.com/en-us/sysinternals/downloads/sysmon"
        ],
        "tags": [
            "attack.defense_evasion"
        ]
    },
    {
        "group": "Sigma",
        "kind": "individual",
        "document": {
            "kind": "jsonl",
            "data": {
                "@timestamp": "2022-09-27T12:23:42.586Z",
                "agent": {
                    "ephemeral_id": "f3e67ec5-847a-448b-8ec4-bac040a44990",
                    "hostname": "CLIENT1",
                    "id": "cd699c72-0f46-4cd9-938a-43faf035a44a",
                    "name": "CLIENT1",
                    "type": "winlogbeat",
                    "version": "7.10.2"
                },
                "ecs": {
                    "version": "1.5.0"
                },
                "event": {
                    "code": 16,
                    "created": "2022-09-27T12:27:27.657Z",
                    "kind": "event",
                    "provider": "Microsoft-Windows-Kernel-General"
                },
                "host": {
                    "name": "CLIENT"
                },
                "log": {
                    "level": "information"
                },
                "message": "The access history in hive \\??\\C:\\Users\\setup\\AppData\\Local\\Packages\\MicrosoftWindows.Client.CBS_cw5n1h2txyewy\\Settings\\settings.dat was cleared updating 3 keys and creating 1 modified pages.",
                "winlog": {
                    "api": "wineventlog",
                    "channel": "System",
                    "computer_name": "CLIENT",
                    "event_data": {
                        "DirtyPages": "1",
                        "HiveName": "\\??\\C:\\Users\\setup\\AppData\\Local\\Packages\\MicrosoftWindows.Client.CBS_cw5n1h2txyewy\\Settings\\settings.dat",
                        "HiveNameLength": "105",
                        "KeysUpdated": "3"
                    },
                    "event_id": 16,
                    "opcode": "Info",
                    "process": {
                        "pid": 4956,
                        "thread": {
                            "id": 4996
                        }
                    },
                    "provider_guid": "{a68ca8b7-004f-d7b6-a698-07e2de0f1f5d}",
                    "provider_name": "Microsoft-Windows-Kernel-General",
                    "record_id": 367,
                    "task": "",
                    "user": {
                        "domain": "NT AUTHORITY",
                        "identifier": "S-1-5-18",
                        "name": "SYSTEM",
                        "type": "User"
                    }
                }
            }
        },
        "name": "Sysmon Configuration Change",
        "timestamp": "2022-09-27T12:23:42.586+00:00",
        "authors": [
            "frack113"
        ],
        "level": "medium",
        "source": "sigma",
        "status": "experimental",
        "falsepositives": [
            "Legitimate administrative action"
        ],
        "id": "8ac03a65-6c84-4116-acad-dc1558ff7a77",
        "logsource": {
            "product": "windows",
            "service": "sysmon"
        },
        "references": [
            "https://docs.microsoft.com/en-us/sysinternals/downloads/sysmon"
        ],
        "tags": [
            "attack.defense_evasion"
        ]
    },
    {
        "group": "Sigma",
        "kind": "individual",
        "document": {
            "kind": "jsonl",
            "data": {
                "@timestamp": "2022-09-27T12:23:43.523Z",
                "agent": {
                    "ephemeral_id": "f3e67ec5-847a-448b-8ec4-bac040a44990",
                    "hostname": "CLIENT1",
                    "id": "cd699c72-0f46-4cd9-938a-43faf035a44a",
                    "name": "CLIENT1",
                    "type": "winlogbeat",
                    "version": "7.10.2"
                },
                "ecs": {
                    "version": "1.5.0"
                },
                "event": {
                    "code": 16,
                    "created": "2022-09-27T12:27:27.657Z",
                    "kind": "event",
                    "provider": "Microsoft-Windows-Kernel-General"
                },
                "host": {
                    "name": "CLIENT"
                },
                "log": {
                    "level": "information"
                },
                "message": "The access history in hive \\??\\C:\\Users\\setup\\AppData\\Local\\Packages\\Microsoft.Windows.ContentDeliveryManager_cw5n1h2txyewy\\Settings\\settings.dat was cleared updating 3 keys and creating 1 modified pages.",
                "winlog": {
                    "api": "wineventlog",
                    "channel": "System",
                    "computer_name": "CLIENT",
                    "event_data": {
                        "DirtyPages": "1",
                        "HiveName": "\\??\\C:\\Users\\setup\\AppData\\Local\\Packages\\Microsoft.Windows.ContentDeliveryManager_cw5n1h2txyewy\\Settings\\settings.dat",
                        "HiveNameLength": "118",
                        "KeysUpdated": "3"
                    },
                    "event_id": 16,
                    "opcode": "Info",
                    "process": {
                        "pid": 4616,
                        "thread": {
                            "id": 4252
                        }
                    },
                    "provider_guid": "{a68ca8b7-004f-d7b6-a698-07e2de0f1f5d}",
                    "provider_name": "Microsoft-Windows-Kernel-General",
                    "record_id": 368,
                    "task": "",
                    "user": {
                        "domain": "NT AUTHORITY",
                        "identifier": "S-1-5-18",
                        "name": "SYSTEM",
                        "type": "User"
                    }
                }
            }
        },
        "name": "Sysmon Configuration Change",
        "timestamp": "2022-09-27T12:23:43.523+00:00",
        "authors": [
            "frack113"
        ],
        "level": "medium",
        "source": "sigma",
        "status": "experimental",
        "falsepositives": [
            "Legitimate administrative action"
        ],
        "id": "8ac03a65-6c84-4116-acad-dc1558ff7a77",
        "logsource": {
            "product": "windows",
            "service": "sysmon"
        },
        "references": [
            "https://docs.microsoft.com/en-us/sysinternals/downloads/sysmon"
        ],
        "tags": [
            "attack.defense_evasion"
        ]
    },
    {
        "group": "Sigma",
        "kind": "individual",
        "document": {
            "kind": "jsonl",
            "data": {
                "@timestamp": "2022-09-27T12:23:46.847Z",
                "agent": {
                    "ephemeral_id": "f3e67ec5-847a-448b-8ec4-bac040a44990",
                    "hostname": "CLIENT1",
                    "id": "cd699c72-0f46-4cd9-938a-43faf035a44a",
                    "name": "CLIENT1",
                    "type": "winlogbeat",
                    "version": "7.10.2"
                },
                "ecs": {
                    "version": "1.5.0"
                },
                "event": {
                    "code": 16,
                    "created": "2022-09-27T12:27:27.657Z",
                    "kind": "event",
                    "provider": "Microsoft-Windows-Kernel-General"
                },
                "host": {
                    "name": "CLIENT"
                },
                "log": {
                    "level": "information"
                },
                "message": "The access history in hive \\??\\C:\\Users\\setup\\AppData\\Local\\Packages\\Microsoft.Windows.StartMenuExperienceHost_cw5n1h2txyewy\\Settings\\settings.dat was cleared updating 3 keys and creating 1 modified pages.",
                "winlog": {
                    "api": "wineventlog",
                    "channel": "System",
                    "computer_name": "CLIENT",
                    "event_data": {
                        "DirtyPages": "1",
                        "HiveName": "\\??\\C:\\Users\\setup\\AppData\\Local\\Packages\\Microsoft.Windows.StartMenuExperienceHost_cw5n1h2txyewy\\Settings\\settings.dat",
                        "HiveNameLength": "119",
                        "KeysUpdated": "3"
                    },
                    "event_id": 16,
                    "opcode": "Info",
                    "process": {
                        "pid": 4172,
                        "thread": {
                            "id": 4440
                        }
                    },
                    "provider_guid": "{a68ca8b7-004f-d7b6-a698-07e2de0f1f5d}",
                    "provider_name": "Microsoft-Windows-Kernel-General",
                    "record_id": 369,
                    "task": "",
                    "user": {
                        "domain": "NT AUTHORITY",
                        "identifier": "S-1-5-18",
                        "name": "SYSTEM",
                        "type": "User"
                    }
                }
            }
        },
        "name": "Sysmon Configuration Change",
        "timestamp": "2022-09-27T12:23:46.847+00:00",
        "authors": [
            "frack113"
        ],
        "level": "medium",
        "source": "sigma",
        "status": "experimental",
        "falsepositives": [
            "Legitimate administrative action"
        ],
        "id": "8ac03a65-6c84-4116-acad-dc1558ff7a77",
        "logsource": {
            "product": "windows",
            "service": "sysmon"
        },
        "references": [
            "https://docs.microsoft.com/en-us/sysinternals/downloads/sysmon"
        ],
        "tags": [
            "attack.defense_evasion"
        ]
    },
    {
        "group": "Sigma",
        "kind": "individual",
        "document": {
            "kind": "jsonl",
            "data": {
                "@timestamp": "2022-09-27T12:23:48.388Z",
                "agent": {
                    "ephemeral_id": "f3e67ec5-847a-448b-8ec4-bac040a44990",
                    "hostname": "CLIENT1",
                    "id": "cd699c72-0f46-4cd9-938a-43faf035a44a",
                    "name": "CLIENT1",
                    "type": "winlogbeat",
                    "version": "7.10.2"
                },
                "ecs": {
                    "version": "1.5.0"
                },
                "event": {
                    "code": 16,
                    "created": "2022-09-27T12:27:27.657Z",
                    "kind": "event",
                    "provider": "Microsoft-Windows-Kernel-General"
                },
                "host": {
                    "name": "CLIENT"
                },
                "log": {
                    "level": "information"
                },
                "message": "The access history in hive \\??\\C:\\Users\\setup\\AppData\\Local\\Packages\\Microsoft.AAD.BrokerPlugin_cw5n1h2txyewy\\Settings\\settings.dat was cleared updating 3 keys and creating 1 modified pages.",
                "winlog": {
                    "api": "wineventlog",
                    "channel": "System",
                    "computer_name": "CLIENT",
                    "event_data": {
                        "DirtyPages": "1",
                        "HiveName": "\\??\\C:\\Users\\setup\\AppData\\Local\\Packages\\Microsoft.AAD.BrokerPlugin_cw5n1h2txyewy\\Settings\\settings.dat",
                        "HiveNameLength": "104",
                        "KeysUpdated": "3"
                    },
                    "event_id": 16,
                    "opcode": "Info",
                    "process": {
                        "pid": 4232,
                        "thread": {
                            "id": 4344
                        }
                    },
                    "provider_guid": "{a68ca8b7-004f-d7b6-a698-07e2de0f1f5d}",
                    "provider_name": "Microsoft-Windows-Kernel-General",
                    "record_id": 370,
                    "task": "",
                    "user": {
                        "domain": "NT AUTHORITY",
                        "identifier": "S-1-5-18",
                        "name": "SYSTEM",
                        "type": "User"
                    }
                }
            }
        },
        "name": "Sysmon Configuration Change",
        "timestamp": "2022-09-27T12:23:48.388+00:00",
        "authors": [
            "frack113"
        ],
        "level": "medium",
        "source": "sigma",
        "status": "experimental",
        "falsepositives": [
            "Legitimate administrative action"
        ],
        "id": "8ac03a65-6c84-4116-acad-dc1558ff7a77",
        "logsource": {
            "product": "windows",
            "service": "sysmon"
        },
        "references": [
            "https://docs.microsoft.com/en-us/sysinternals/downloads/sysmon"
        ],
        "tags": [
            "attack.defense_evasion"
        ]
    },
    {
        "group": "Sigma",
        "kind": "individual",
        "document": {
            "kind": "jsonl",
            "data": {
                "@timestamp": "2022-09-27T12:23:49.286Z",
                "agent": {
                    "ephemeral_id": "f3e67ec5-847a-448b-8ec4-bac040a44990",
                    "hostname": "CLIENT1",
                    "id": "cd699c72-0f46-4cd9-938a-43faf035a44a",
                    "name": "CLIENT1",
                    "type": "winlogbeat",
                    "version": "7.10.2"
                },
                "ecs": {
                    "version": "1.5.0"
                },
                "event": {
                    "code": 16,
                    "created": "2022-09-27T12:27:27.657Z",
                    "kind": "event",
                    "provider": "Microsoft-Windows-Kernel-General"
                },
                "host": {
                    "name": "CLIENT"
                },
                "log": {
                    "level": "information"
                },
                "message": "The access history in hive \\??\\C:\\Users\\setup\\AppData\\Local\\Packages\\Microsoft.Windows.Search_cw5n1h2txyewy\\Settings\\settings.dat was cleared updating 3 keys and creating 1 modified pages.",
                "winlog": {
                    "api": "wineventlog",
                    "channel": "System",
                    "computer_name": "CLIENT",
                    "event_data": {
                        "DirtyPages": "1",
                        "HiveName": "\\??\\C:\\Users\\setup\\AppData\\Local\\Packages\\Microsoft.Windows.Search_cw5n1h2txyewy\\Settings\\settings.dat",
                        "HiveNameLength": "102",
                        "KeysUpdated": "3"
                    },
                    "event_id": 16,
                    "opcode": "Info",
                    "process": {
                        "pid": 3696,
                        "thread": {
                            "id": 4668
                        }
                    },
                    "provider_guid": "{a68ca8b7-004f-d7b6-a698-07e2de0f1f5d}",
                    "provider_name": "Microsoft-Windows-Kernel-General",
                    "record_id": 371,
                    "task": "",
                    "user": {
                        "domain": "NT AUTHORITY",
                        "identifier": "S-1-5-18",
                        "name": "SYSTEM",
                        "type": "User"
                    }
                }
            }
        },
        "name": "Sysmon Configuration Change",
        "timestamp": "2022-09-27T12:23:49.286+00:00",
        "authors": [
            "frack113"
        ],
        "level": "medium",
        "source": "sigma",
        "status": "experimental",
        "falsepositives": [
            "Legitimate administrative action"
        ],
        "id": "8ac03a65-6c84-4116-acad-dc1558ff7a77",
        "logsource": {
            "product": "windows",
            "service": "sysmon"
        },
        "references": [
            "https://docs.microsoft.com/en-us/sysinternals/downloads/sysmon"
        ],
        "tags": [
            "attack.defense_evasion"
        ]
    },
    {
        "group": "Sigma",
        "kind": "individual",
        "document": {
            "kind": "jsonl",
            "data": {
                "@timestamp": "2022-09-27T12:23:58.461Z",
                "agent": {
                    "ephemeral_id": "f3e67ec5-847a-448b-8ec4-bac040a44990",
                    "hostname": "CLIENT1",
                    "id": "cd699c72-0f46-4cd9-938a-43faf035a44a",
                    "name": "CLIENT1",
                    "type": "winlogbeat",
                    "version": "7.10.2"
                },
                "ecs": {
                    "version": "1.5.0"
                },
                "event": {
                    "code": 16,
                    "created": "2022-09-27T12:27:27.657Z",
                    "kind": "event",
                    "provider": "Microsoft-Windows-Kernel-General"
                },
                "host": {
                    "name": "CLIENT"
                },
                "log": {
                    "level": "information"
                },
                "message": "The access history in hive \\??\\C:\\Users\\setup\\AppData\\Local\\Packages\\Microsoft.549981C3F5F10_8wekyb3d8bbwe\\Settings\\settings.dat was cleared updating 3 keys and creating 1 modified pages.",
                "winlog": {
                    "api": "wineventlog",
                    "channel": "System",
                    "computer_name": "CLIENT",
                    "event_data": {
                        "DirtyPages": "1",
                        "HiveName": "\\??\\C:\\Users\\setup\\AppData\\Local\\Packages\\Microsoft.549981C3F5F10_8wekyb3d8bbwe\\Settings\\settings.dat",
                        "HiveNameLength": "101",
                        "KeysUpdated": "3"
                    },
                    "event_id": 16,
                    "opcode": "Info",
                    "process": {
                        "pid": 5956,
                        "thread": {
                            "id": 3900
                        }
                    },
                    "provider_guid": "{a68ca8b7-004f-d7b6-a698-07e2de0f1f5d}",
                    "provider_name": "Microsoft-Windows-Kernel-General",
                    "record_id": 375,
                    "task": "",
                    "user": {
                        "domain": "NT AUTHORITY",
                        "identifier": "S-1-5-18",
                        "name": "SYSTEM",
                        "type": "User"
                    }
                }
            }
        },
        "name": "Sysmon Configuration Change",
        "timestamp": "2022-09-27T12:23:58.461+00:00",
        "authors": [
            "frack113"
        ],
        "level": "medium",
        "source": "sigma",
        "status": "experimental",
        "falsepositives": [
            "Legitimate administrative action"
        ],
        "id": "8ac03a65-6c84-4116-acad-dc1558ff7a77",
        "logsource": {
            "product": "windows",
            "service": "sysmon"
        },
        "references": [
            "https://docs.microsoft.com/en-us/sysinternals/downloads/sysmon"
        ],
        "tags": [
            "attack.defense_evasion"
        ]
    },
    {
        "group": "Sigma",
        "kind": "individual",
        "document": {
            "kind": "jsonl",
            "data": {
                "@timestamp": "2022-09-27T12:23:58.471Z",
                "agent": {
                    "ephemeral_id": "f3e67ec5-847a-448b-8ec4-bac040a44990",
                    "hostname": "CLIENT1",
                    "id": "cd699c72-0f46-4cd9-938a-43faf035a44a",
                    "name": "CLIENT1",
                    "type": "winlogbeat",
                    "version": "7.10.2"
                },
                "ecs": {
                    "version": "1.5.0"
                },
                "event": {
                    "code": 16,
                    "created": "2022-09-27T12:27:27.657Z",
                    "kind": "event",
                    "provider": "Microsoft-Windows-Kernel-General"
                },
                "host": {
                    "name": "CLIENT"
                },
                "log": {
                    "level": "information"
                },
                "message": "The access history in hive \\??\\C:\\Users\\setup\\AppData\\Local\\Packages\\Microsoft.BioEnrollment_cw5n1h2txyewy\\Settings\\settings.dat was cleared updating 3 keys and creating 1 modified pages.",
                "winlog": {
                    "api": "wineventlog",
                    "channel": "System",
                    "computer_name": "CLIENT",
                    "event_data": {
                        "DirtyPages": "1",
                        "HiveName": "\\??\\C:\\Users\\setup\\AppData\\Local\\Packages\\Microsoft.BioEnrollment_cw5n1h2txyewy\\Settings\\settings.dat",
                        "HiveNameLength": "101",
                        "KeysUpdated": "3"
                    },
                    "event_id": 16,
                    "opcode": "Info",
                    "process": {
                        "pid": 5956,
                        "thread": {
                            "id": 3900
                        }
                    },
                    "provider_guid": "{a68ca8b7-004f-d7b6-a698-07e2de0f1f5d}",
                    "provider_name": "Microsoft-Windows-Kernel-General",
                    "record_id": 376,
                    "task": "",
                    "user": {
                        "domain": "NT AUTHORITY",
                        "identifier": "S-1-5-18",
                        "name": "SYSTEM",
                        "type": "User"
                    }
                }
            }
        },
        "name": "Sysmon Configuration Change",
        "timestamp": "2022-09-27T12:23:58.471+00:00",
        "authors": [
            "frack113"
        ],
        "level": "medium",
        "source": "sigma",
        "status": "experimental",
        "falsepositives": [
            "Legitimate administrative action"
        ],
        "id": "8ac03a65-6c84-4116-acad-dc1558ff7a77",
        "logsource": {
            "product": "windows",
            "service": "sysmon"
        },
        "references": [
            "https://docs.microsoft.com/en-us/sysinternals/downloads/sysmon"
        ],
        "tags": [
            "attack.defense_evasion"
        ]
    },
    {
        "group": "Sigma",
        "kind": "individual",
        "document": {
            "kind": "jsonl",
            "data": {
                "@timestamp": "2022-09-27T12:23:58.476Z",
                "agent": {
                    "ephemeral_id": "f3e67ec5-847a-448b-8ec4-bac040a44990",
                    "hostname": "CLIENT1",
                    "id": "cd699c72-0f46-4cd9-938a-43faf035a44a",
                    "name": "CLIENT1",
                    "type": "winlogbeat",
                    "version": "7.10.2"
                },
                "ecs": {
                    "version": "1.5.0"
                },
                "event": {
                    "code": 16,
                    "created": "2022-09-27T12:27:27.657Z",
                    "kind": "event",
                    "provider": "Microsoft-Windows-Kernel-General"
                },
                "host": {
                    "name": "CLIENT"
                },
                "log": {
                    "level": "information"
                },
                "message": "The access history in hive \\??\\C:\\Users\\setup\\AppData\\Local\\Packages\\Microsoft.DesktopAppInstaller_8wekyb3d8bbwe\\Settings\\settings.dat was cleared updating 3 keys and creating 1 modified pages.",
                "winlog": {
                    "api": "wineventlog",
                    "channel": "System",
                    "computer_name": "CLIENT",
                    "event_data": {
                        "DirtyPages": "1",
                        "HiveName": "\\??\\C:\\Users\\setup\\AppData\\Local\\Packages\\Microsoft.DesktopAppInstaller_8wekyb3d8bbwe\\Settings\\settings.dat",
                        "HiveNameLength": "107",
                        "KeysUpdated": "3"
                    },
                    "event_id": 16,
                    "opcode": "Info",
                    "process": {
                        "pid": 5956,
                        "thread": {
                            "id": 3900
                        }
                    },
                    "provider_guid": "{a68ca8b7-004f-d7b6-a698-07e2de0f1f5d}",
                    "provider_name": "Microsoft-Windows-Kernel-General",
                    "record_id": 377,
                    "task": "",
                    "user": {
                        "domain": "NT AUTHORITY",
                        "identifier": "S-1-5-18",
                        "name": "SYSTEM",
                        "type": "User"
                    }
                }
            }
        },
        "name": "Sysmon Configuration Change",
        "timestamp": "2022-09-27T12:23:58.476+00:00",
        "authors": [
            "frack113"
        ],
        "level": "medium",
        "source": "sigma",
        "status": "experimental",
        "falsepositives": [
            "Legitimate administrative action"
        ],
        "id": "8ac03a65-6c84-4116-acad-dc1558ff7a77",
        "logsource": {
            "product": "windows",
            "service": "sysmon"
        },
        "references": [
            "https://docs.microsoft.com/en-us/sysinternals/downloads/sysmon"
        ],
        "tags": [
            "attack.defense_evasion"
        ]
    },
    {
        "group": "Sigma",
        "kind": "individual",
        "document": {
            "kind": "jsonl",
            "data": {
                "@timestamp": "2022-09-27T12:23:58.481Z",
                "agent": {
                    "ephemeral_id": "f3e67ec5-847a-448b-8ec4-bac040a44990",
                    "hostname": "CLIENT1",
                    "id": "cd699c72-0f46-4cd9-938a-43faf035a44a",
                    "name": "CLIENT1",
                    "type": "winlogbeat",
                    "version": "7.10.2"
                },
                "ecs": {
                    "version": "1.5.0"
                },
                "event": {
                    "code": 16,
                    "created": "2022-09-27T12:27:27.657Z",
                    "kind": "event",
                    "provider": "Microsoft-Windows-Kernel-General"
                },
                "host": {
                    "name": "CLIENT"
                },
                "log": {
                    "level": "information"
                },
                "message": "The access history in hive \\??\\C:\\Users\\setup\\AppData\\Local\\Packages\\Microsoft.MicrosoftEdge_8wekyb3d8bbwe\\Settings\\settings.dat was cleared updating 3 keys and creating 1 modified pages.",
                "winlog": {
                    "api": "wineventlog",
                    "channel": "System",
                    "computer_name": "CLIENT",
                    "event_data": {
                        "DirtyPages": "1",
                        "HiveName": "\\??\\C:\\Users\\setup\\AppData\\Local\\Packages\\Microsoft.MicrosoftEdge_8wekyb3d8bbwe\\Settings\\settings.dat",
                        "HiveNameLength": "101",
                        "KeysUpdated": "3"
                    },
                    "event_id": 16,
                    "opcode": "Info",
                    "process": {
                        "pid": 5956,
                        "thread": {
                            "id": 3900
                        }
                    },
                    "provider_guid": "{a68ca8b7-004f-d7b6-a698-07e2de0f1f5d}",
                    "provider_name": "Microsoft-Windows-Kernel-General",
                    "record_id": 378,
                    "task": "",
                    "user": {
                        "domain": "NT AUTHORITY",
                        "identifier": "S-1-5-18",
                        "name": "SYSTEM",
                        "type": "User"
                    }
                }
            }
        },
        "name": "Sysmon Configuration Change",
        "timestamp": "2022-09-27T12:23:58.481+00:00",
        "authors": [
            "frack113"
        ],
        "level": "medium",
        "source": "sigma",
        "status": "experimental",
        "falsepositives": [
            "Legitimate administrative action"
        ],
        "id": "8ac03a65-6c84-4116-acad-dc1558ff7a77",
        "logsource": {
            "product": "windows",
            "service": "sysmon"
        },
        "references": [
            "https://docs.microsoft.com/en-us/sysinternals/downloads/sysmon"
        ],
        "tags": [
            "attack.defense_evasion"
        ]
    },
    {
        "group": "Sigma",
        "kind": "individual",
        "document": {
            "kind": "jsonl",
            "data": {
                "@timestamp": "2022-09-27T12:23:58.487Z",
                "agent": {
                    "ephemeral_id": "f3e67ec5-847a-448b-8ec4-bac040a44990",
                    "hostname": "CLIENT1",
                    "id": "cd699c72-0f46-4cd9-938a-43faf035a44a",
                    "name": "CLIENT1",
                    "type": "winlogbeat",
                    "version": "7.10.2"
                },
                "ecs": {
                    "version": "1.5.0"
                },
                "event": {
                    "code": 16,
                    "created": "2022-09-27T12:27:27.657Z",
                    "kind": "event",
                    "provider": "Microsoft-Windows-Kernel-General"
                },
                "host": {
                    "name": "CLIENT"
                },
                "log": {
                    "level": "information"
                },
                "message": "The access history in hive \\??\\C:\\Users\\setup\\AppData\\Local\\Packages\\Microsoft.Windows.CloudExperienceHost_cw5n1h2txyewy\\Settings\\settings.dat was cleared updating 3 keys and creating 1 modified pages.",
                "winlog": {
                    "api": "wineventlog",
                    "channel": "System",
                    "computer_name": "CLIENT",
                    "event_data": {
                        "DirtyPages": "1",
                        "HiveName": "\\??\\C:\\Users\\setup\\AppData\\Local\\Packages\\Microsoft.Windows.CloudExperienceHost_cw5n1h2txyewy\\Settings\\settings.dat",
                        "HiveNameLength": "115",
                        "KeysUpdated": "3"
                    },
                    "event_id": 16,
                    "opcode": "Info",
                    "process": {
                        "pid": 5956,
                        "thread": {
                            "id": 3900
                        }
                    },
                    "provider_guid": "{a68ca8b7-004f-d7b6-a698-07e2de0f1f5d}",
                    "provider_name": "Microsoft-Windows-Kernel-General",
                    "record_id": 379,
                    "task": "",
                    "user": {
                        "domain": "NT AUTHORITY",
                        "identifier": "S-1-5-18",
                        "name": "SYSTEM",
                        "type": "User"
                    }
                }
            }
        },
        "name": "Sysmon Configuration Change",
        "timestamp": "2022-09-27T12:23:58.487+00:00",
        "authors": [
            "frack113"
        ],
        "level": "medium",
        "source": "sigma",
        "status": "experimental",
        "falsepositives": [
            "Legitimate administrative action"
        ],
        "id": "8ac03a65-6c84-4116-acad-dc1558ff7a77",
        "logsource": {
            "product": "windows",
            "service": "sysmon"
        },
        "references": [
            "https://docs.microsoft.com/en-us/sysinternals/downloads/sysmon"
        ],
        "tags": [
            "attack.defense_evasion"
        ]
    },
    {
        "group": "Sigma",
        "kind": "individual",
        "document": {
            "kind": "jsonl",
            "data": {
                "@timestamp": "2022-09-27T12:23:58.494Z",
                "agent": {
                    "ephemeral_id": "f3e67ec5-847a-448b-8ec4-bac040a44990",
                    "hostname": "CLIENT1",
                    "id": "cd699c72-0f46-4cd9-938a-43faf035a44a",
                    "name": "CLIENT1",
                    "type": "winlogbeat",
                    "version": "7.10.2"
                },
                "ecs": {
                    "version": "1.5.0"
                },
                "event": {
                    "code": 16,
                    "created": "2022-09-27T12:27:27.657Z",
                    "kind": "event",
                    "provider": "Microsoft-Windows-Kernel-General"
                },
                "host": {
                    "name": "CLIENT"
                },
                "log": {
                    "level": "information"
                },
                "message": "The access history in hive \\??\\C:\\Users\\setup\\AppData\\Local\\Packages\\Microsoft.Windows.OOBENetworkCaptivePortal_cw5n1h2txyewy\\Settings\\settings.dat was cleared updating 3 keys and creating 1 modified pages.",
                "winlog": {
                    "api": "wineventlog",
                    "channel": "System",
                    "computer_name": "CLIENT",
                    "event_data": {
                        "DirtyPages": "1",
                        "HiveName": "\\??\\C:\\Users\\setup\\AppData\\Local\\Packages\\Microsoft.Windows.OOBENetworkCaptivePortal_cw5n1h2txyewy\\Settings\\settings.dat",
                        "HiveNameLength": "120",
                        "KeysUpdated": "3"
                    },
                    "event_id": 16,
                    "opcode": "Info",
                    "process": {
                        "pid": 5956,
                        "thread": {
                            "id": 3900
                        }
                    },
                    "provider_guid": "{a68ca8b7-004f-d7b6-a698-07e2de0f1f5d}",
                    "provider_name": "Microsoft-Windows-Kernel-General",
                    "record_id": 380,
                    "task": "",
                    "user": {
                        "domain": "NT AUTHORITY",
                        "identifier": "S-1-5-18",
                        "name": "SYSTEM",
                        "type": "User"
                    }
                }
            }
        },
        "name": "Sysmon Configuration Change",
        "timestamp": "2022-09-27T12:23:58.494+00:00",
        "authors": [
            "frack113"
        ],
        "level": "medium",
        "source": "sigma",
        "status": "experimental",
        "falsepositives": [
            "Legitimate administrative action"
        ],
        "id": "8ac03a65-6c84-4116-acad-dc1558ff7a77",
        "logsource": {
            "product": "windows",
            "service": "sysmon"
        },
        "references": [
            "https://docs.microsoft.com/en-us/sysinternals/downloads/sysmon"
        ],
        "tags": [
            "attack.defense_evasion"
        ]
    },
    {
        "group": "Sigma",
        "kind": "individual",
        "document": {
            "kind": "jsonl",
            "data": {
                "@timestamp": "2022-09-27T12:23:58.501Z",
                "agent": {
                    "ephemeral_id": "f3e67ec5-847a-448b-8ec4-bac040a44990",
                    "hostname": "CLIENT1",
                    "id": "cd699c72-0f46-4cd9-938a-43faf035a44a",
                    "name": "CLIENT1",
                    "type": "winlogbeat",
                    "version": "7.10.2"
                },
                "ecs": {
                    "version": "1.5.0"
                },
                "event": {
                    "code": 16,
                    "created": "2022-09-27T12:27:27.657Z",
                    "kind": "event",
                    "provider": "Microsoft-Windows-Kernel-General"
                },
                "host": {
                    "name": "CLIENT"
                },
                "log": {
                    "level": "information"
                },
                "message": "The access history in hive \\??\\C:\\Users\\setup\\AppData\\Local\\Packages\\Microsoft.Windows.OOBENetworkConnectionFlow_cw5n1h2txyewy\\Settings\\settings.dat was cleared updating 3 keys and creating 1 modified pages.",
                "winlog": {
                    "api": "wineventlog",
                    "channel": "System",
                    "computer_name": "CLIENT",
                    "event_data": {
                        "DirtyPages": "1",
                        "HiveName": "\\??\\C:\\Users\\setup\\AppData\\Local\\Packages\\Microsoft.Windows.OOBENetworkConnectionFlow_cw5n1h2txyewy\\Settings\\settings.dat",
                        "HiveNameLength": "121",
                        "KeysUpdated": "3"
                    },
                    "event_id": 16,
                    "opcode": "Info",
                    "process": {
                        "pid": 5956,
                        "thread": {
                            "id": 3900
                        }
                    },
                    "provider_guid": "{a68ca8b7-004f-d7b6-a698-07e2de0f1f5d}",
                    "provider_name": "Microsoft-Windows-Kernel-General",
                    "record_id": 381,
                    "task": "",
                    "user": {
                        "domain": "NT AUTHORITY",
                        "identifier": "S-1-5-18",
                        "name": "SYSTEM",
                        "type": "User"
                    }
                }
            }
        },
        "name": "Sysmon Configuration Change",
        "timestamp": "2022-09-27T12:23:58.501+00:00",
        "authors": [
            "frack113"
        ],
        "level": "medium",
        "source": "sigma",
        "status": "experimental",
        "falsepositives": [
            "Legitimate administrative action"
        ],
        "id": "8ac03a65-6c84-4116-acad-dc1558ff7a77",
        "logsource": {
            "product": "windows",
            "service": "sysmon"
        },
        "references": [
            "https://docs.microsoft.com/en-us/sysinternals/downloads/sysmon"
        ],
        "tags": [
            "attack.defense_evasion"
        ]
    },
    {
        "group": "Sigma",
        "kind": "individual",
        "document": {
            "kind": "jsonl",
            "data": {
                "@timestamp": "2022-09-27T12:23:58.523Z",
                "agent": {
                    "ephemeral_id": "f3e67ec5-847a-448b-8ec4-bac040a44990",
                    "hostname": "CLIENT1",
                    "id": "cd699c72-0f46-4cd9-938a-43faf035a44a",
                    "name": "CLIENT1",
                    "type": "winlogbeat",
                    "version": "7.10.2"
                },
                "ecs": {
                    "version": "1.5.0"
                },
                "event": {
                    "code": 16,
                    "created": "2022-09-27T12:27:27.657Z",
                    "kind": "event",
                    "provider": "Microsoft-Windows-Kernel-General"
                },
                "host": {
                    "name": "CLIENT"
                },
                "log": {
                    "level": "information"
                },
                "message": "The access history in hive \\??\\C:\\Users\\setup\\AppData\\Local\\Packages\\Microsoft.Windows.Photos_8wekyb3d8bbwe\\Settings\\settings.dat was cleared updating 3 keys and creating 1 modified pages.",
                "winlog": {
                    "api": "wineventlog",
                    "channel": "System",
                    "computer_name": "CLIENT",
                    "event_data": {
                        "DirtyPages": "1",
                        "HiveName": "\\??\\C:\\Users\\setup\\AppData\\Local\\Packages\\Microsoft.Windows.Photos_8wekyb3d8bbwe\\Settings\\settings.dat",
                        "HiveNameLength": "102",
                        "KeysUpdated": "3"
                    },
                    "event_id": 16,
                    "opcode": "Info",
                    "process": {
                        "pid": 5956,
                        "thread": {
                            "id": 3900
                        }
                    },
                    "provider_guid": "{a68ca8b7-004f-d7b6-a698-07e2de0f1f5d}",
                    "provider_name": "Microsoft-Windows-Kernel-General",
                    "record_id": 382,
                    "task": "",
                    "user": {
                        "domain": "NT AUTHORITY",
                        "identifier": "S-1-5-18",
                        "name": "SYSTEM",
                        "type": "User"
                    }
                }
            }
        },
        "name": "Sysmon Configuration Change",
        "timestamp": "2022-09-27T12:23:58.523+00:00",
        "authors": [
            "frack113"
        ],
        "level": "medium",
        "source": "sigma",
        "status": "experimental",
        "falsepositives": [
            "Legitimate administrative action"
        ],
        "id": "8ac03a65-6c84-4116-acad-dc1558ff7a77",
        "logsource": {
            "product": "windows",
            "service": "sysmon"
        },
        "references": [
            "https://docs.microsoft.com/en-us/sysinternals/downloads/sysmon"
        ],
        "tags": [
            "attack.defense_evasion"
        ]
    },
    {
        "group": "Sigma",
        "kind": "individual",
        "document": {
            "kind": "jsonl",
            "data": {
                "@timestamp": "2022-09-27T12:23:58.621Z",
                "agent": {
                    "ephemeral_id": "f3e67ec5-847a-448b-8ec4-bac040a44990",
                    "hostname": "CLIENT1",
                    "id": "cd699c72-0f46-4cd9-938a-43faf035a44a",
                    "name": "CLIENT1",
                    "type": "winlogbeat",
                    "version": "7.10.2"
                },
                "ecs": {
                    "version": "1.5.0"
                },
                "event": {
                    "code": 16,
                    "created": "2022-09-27T12:27:27.657Z",
                    "kind": "event",
                    "provider": "Microsoft-Windows-Kernel-General"
                },
                "host": {
                    "name": "CLIENT"
                },
                "log": {
                    "level": "information"
                },
                "message": "The access history in hive \\??\\C:\\Users\\setup\\AppData\\Local\\Packages\\Microsoft.Windows.ShellExperienceHost_cw5n1h2txyewy\\Settings\\settings.dat was cleared updating 3 keys and creating 1 modified pages.",
                "winlog": {
                    "api": "wineventlog",
                    "channel": "System",
                    "computer_name": "CLIENT",
                    "event_data": {
                        "DirtyPages": "1",
                        "HiveName": "\\??\\C:\\Users\\setup\\AppData\\Local\\Packages\\Microsoft.Windows.ShellExperienceHost_cw5n1h2txyewy\\Settings\\settings.dat",
                        "HiveNameLength": "115",
                        "KeysUpdated": "3"
                    },
                    "event_id": 16,
                    "opcode": "Info",
                    "process": {
                        "pid": 5956,
                        "thread": {
                            "id": 3900
                        }
                    },
                    "provider_guid": "{a68ca8b7-004f-d7b6-a698-07e2de0f1f5d}",
                    "provider_name": "Microsoft-Windows-Kernel-General",
                    "record_id": 383,
                    "task": "",
                    "user": {
                        "domain": "NT AUTHORITY",
                        "identifier": "S-1-5-18",
                        "name": "SYSTEM",
                        "type": "User"
                    }
                }
            }
        },
        "name": "Sysmon Configuration Change",
        "timestamp": "2022-09-27T12:23:58.621+00:00",
        "authors": [
            "frack113"
        ],
        "level": "medium",
        "source": "sigma",
        "status": "experimental",
        "falsepositives": [
            "Legitimate administrative action"
        ],
        "id": "8ac03a65-6c84-4116-acad-dc1558ff7a77",
        "logsource": {
            "product": "windows",
            "service": "sysmon"
        },
        "references": [
            "https://docs.microsoft.com/en-us/sysinternals/downloads/sysmon"
        ],
        "tags": [
            "attack.defense_evasion"
        ]
    },
