    {
        "group": "Sigma",
        "kind": "individual",
        "document": {
            "kind": "jsonl",
            "data": {
                "@timestamp": "2022-09-27T12:42:20.281Z",
                "agent": {
                    "ephemeral_id": "f3e67ec5-847a-448b-8ec4-bac040a44990",
                    "hostname": "CLIENT1",
                    "id": "cd699c72-0f46-4cd9-938a-43faf035a44a",
                    "name": "CLIENT1",
                    "type": "winlogbeat",
                    "version": "7.10.2"
                },
                "ecs": {
                    "version": "1.5.0"
                },
                "event": {
                    "code": 16,
                    "created": "2022-09-27T12:42:22.166Z",
                    "kind": "event",
                    "provider": "Microsoft-Windows-Kernel-General"
                },
                "host": {
                    "name": "CLIENT1.breach.local"
                },
                "log": {
                    "level": "information"
                },
                "message": "The access history in hive \\??\\C:\\Users\\client1\\AppData\\Local\\Packages\\Microsoft.MicrosoftOfficeHub_8wekyb3d8bbwe\\Settings\\settings.dat was cleared updating 3 keys and creating 1 modified pages.",
                "winlog": {
                    "api": "wineventlog",
                    "channel": "System",
                    "computer_name": "CLIENT1.breach.local",
                    "event_data": {
                        "DirtyPages": "1",
                        "HiveName": "\\??\\C:\\Users\\client1\\AppData\\Local\\Packages\\Microsoft.MicrosoftOfficeHub_8wekyb3d8bbwe\\Settings\\settings.dat",
                        "HiveNameLength": "108",
                        "KeysUpdated": "3"
                    },
                    "event_id": 16,
                    "opcode": "Info",
                    "process": {
                        "pid": 1068,
                        "thread": {
                            "id": 6836
                        }
                    },
                    "provider_guid": "{a68ca8b7-004f-d7b6-a698-07e2de0f1f5d}",
                    "provider_name": "Microsoft-Windows-Kernel-General",
                    "record_id": 537,
                    "task": "",
                    "user": {
                        "domain": "NT AUTHORITY",
                        "identifier": "S-1-5-18",
                        "name": "SYSTEM",
                        "type": "User"
                    }
                }
            }
        },
        "name": "Sysmon Configuration Change",
        "timestamp": "2022-09-27T12:42:20.281+00:00",
        "authors": [
            "frack113"
        ],
        "level": "medium",
        "source": "sigma",
        "status": "experimental",
        "falsepositives": [
            "Legitimate administrative action"
        ],
        "id": "8ac03a65-6c84-4116-acad-dc1558ff7a77",
        "logsource": {
            "product": "windows",
            "service": "sysmon"
        },
        "references": [
            "https://docs.microsoft.com/en-us/sysinternals/downloads/sysmon"
        ],
        "tags": [
            "attack.defense_evasion"
        ]
    },
    {
        "group": "Sigma",
        "kind": "individual",
        "document": {
            "kind": "jsonl",
            "data": {
                "@timestamp": "2022-09-27T12:42:24.075Z",
                "agent": {
                    "ephemeral_id": "f3e67ec5-847a-448b-8ec4-bac040a44990",
                    "hostname": "CLIENT1",
                    "id": "cd699c72-0f46-4cd9-938a-43faf035a44a",
                    "name": "CLIENT1",
                    "type": "winlogbeat",
                    "version": "7.10.2"
                },
                "ecs": {
                    "version": "1.5.0"
                },
                "event": {
                    "code": 16,
                    "created": "2022-09-27T12:42:25.179Z",
                    "kind": "event",
                    "provider": "Microsoft-Windows-Kernel-General"
                },
                "host": {
                    "name": "CLIENT1.breach.local"
                },
                "log": {
                    "level": "information"
                },
                "message": "The access history in hive \\??\\C:\\Users\\client1\\AppData\\Local\\Packages\\Microsoft.BingWeather_8wekyb3d8bbwe\\Settings\\settings.dat was cleared updating 3 keys and creating 1 modified pages.",
                "winlog": {
                    "api": "wineventlog",
                    "channel": "System",
                    "computer_name": "CLIENT1.breach.local",
                    "event_data": {
                        "DirtyPages": "1",
                        "HiveName": "\\??\\C:\\Users\\client1\\AppData\\Local\\Packages\\Microsoft.BingWeather_8wekyb3d8bbwe\\Settings\\settings.dat",
                        "HiveNameLength": "101",
                        "KeysUpdated": "3"
                    },
                    "event_id": 16,
                    "opcode": "Info",
                    "process": {
                        "pid": 2828,
                        "thread": {
                            "id": 6824
                        }
                    },
                    "provider_guid": "{a68ca8b7-004f-d7b6-a698-07e2de0f1f5d}",
                    "provider_name": "Microsoft-Windows-Kernel-General",
                    "record_id": 538,
                    "task": "",
                    "user": {
                        "domain": "NT AUTHORITY",
                        "identifier": "S-1-5-18",
                        "name": "SYSTEM",
                        "type": "User"
                    }
                }
            }
        },
        "name": "Sysmon Configuration Change",
        "timestamp": "2022-09-27T12:42:24.075+00:00",
        "authors": [
            "frack113"
        ],
        "level": "medium",
        "source": "sigma",
        "status": "experimental",
        "falsepositives": [
            "Legitimate administrative action"
        ],
        "id": "8ac03a65-6c84-4116-acad-dc1558ff7a77",
        "logsource": {
            "product": "windows",
            "service": "sysmon"
        },
        "references": [
            "https://docs.microsoft.com/en-us/sysinternals/downloads/sysmon"
        ],
        "tags": [
            "attack.defense_evasion"
        ]
    },
    {
        "group": "Sigma",
        "kind": "individual",
        "document": {
            "kind": "jsonl",
            "data": {
                "@timestamp": "2022-09-27T12:57:03.261Z",
                "agent": {
                    "ephemeral_id": "f3e67ec5-847a-448b-8ec4-bac040a44990",
                    "hostname": "CLIENT1",
                    "id": "cd699c72-0f46-4cd9-938a-43faf035a44a",
                    "name": "CLIENT1",
                    "type": "winlogbeat",
                    "version": "7.10.2"
                },
                "ecs": {
                    "version": "1.5.0"
                },
                "event": {
                    "code": 16,
                    "created": "2022-09-27T12:57:04.682Z",
                    "kind": "event",
                    "provider": "Microsoft-Windows-Kernel-General"
                },
                "host": {
                    "name": "CLIENT1.breach.local"
                },
                "log": {
                    "level": "information"
                },
                "message": "The access history in hive \\??\\C:\\Users\\client1\\AppData\\Local\\Packages\\Microsoft.SkypeApp_kzf8qxf38zg5c\\Settings\\settings.dat was cleared updating 3 keys and creating 1 modified pages.",
                "winlog": {
                    "api": "wineventlog",
                    "channel": "System",
                    "computer_name": "CLIENT1.breach.local",
                    "event_data": {
                        "DirtyPages": "1",
                        "HiveName": "\\??\\C:\\Users\\client1\\AppData\\Local\\Packages\\Microsoft.SkypeApp_kzf8qxf38zg5c\\Settings\\settings.dat",
                        "HiveNameLength": "98",
                        "KeysUpdated": "3"
                    },
                    "event_id": 16,
                    "opcode": "Info",
                    "process": {
                        "pid": 4264,
                        "thread": {
                            "id": 2948
                        }
                    },
                    "provider_guid": "{a68ca8b7-004f-d7b6-a698-07e2de0f1f5d}",
                    "provider_name": "Microsoft-Windows-Kernel-General",
                    "record_id": 541,
                    "task": "",
                    "user": {
                        "domain": "NT AUTHORITY",
                        "identifier": "S-1-5-18",
                        "name": "SYSTEM",
                        "type": "User"
                    }
                }
            }
        },
        "name": "Sysmon Configuration Change",
        "timestamp": "2022-09-27T12:57:03.261+00:00",
        "authors": [
            "frack113"
        ],
        "level": "medium",
        "source": "sigma",
        "status": "experimental",
        "falsepositives": [
            "Legitimate administrative action"
        ],
        "id": "8ac03a65-6c84-4116-acad-dc1558ff7a77",
        "logsource": {
            "product": "windows",
            "service": "sysmon"
        },
        "references": [
            "https://docs.microsoft.com/en-us/sysinternals/downloads/sysmon"
        ],
        "tags": [
            "attack.defense_evasion"
        ]
    },
    {
        "group": "Sigma",
        "kind": "individual",
        "document": {
            "kind": "jsonl",
            "data": {
                "@timestamp": "2022-09-27T12:57:03.358Z",
                "agent": {
                    "ephemeral_id": "f3e67ec5-847a-448b-8ec4-bac040a44990",
                    "hostname": "CLIENT1",
                    "id": "cd699c72-0f46-4cd9-938a-43faf035a44a",
                    "name": "CLIENT1",
                    "type": "winlogbeat",
                    "version": "7.10.2"
                },
                "ecs": {
                    "version": "1.5.0"
                },
                "event": {
                    "code": 16,
                    "created": "2022-09-27T12:57:04.682Z",
                    "kind": "event",
                    "provider": "Microsoft-Windows-Kernel-General"
                },
                "host": {
                    "name": "CLIENT1.breach.local"
                },
                "log": {
                    "level": "information"
                },
                "message": "The access history in hive \\??\\C:\\Users\\client1\\AppData\\Local\\Packages\\Microsoft.WindowsAlarms_8wekyb3d8bbwe\\Settings\\settings.dat was cleared updating 3 keys and creating 1 modified pages.",
                "winlog": {
                    "api": "wineventlog",
                    "channel": "System",
                    "computer_name": "CLIENT1.breach.local",
                    "event_data": {
                        "DirtyPages": "1",
                        "HiveName": "\\??\\C:\\Users\\client1\\AppData\\Local\\Packages\\Microsoft.WindowsAlarms_8wekyb3d8bbwe\\Settings\\settings.dat",
                        "HiveNameLength": "103",
                        "KeysUpdated": "3"
                    },
                    "event_id": 16,
                    "opcode": "Info",
                    "process": {
                        "pid": 4308,
                        "thread": {
                            "id": 3296
                        }
                    },
                    "provider_guid": "{a68ca8b7-004f-d7b6-a698-07e2de0f1f5d}",
                    "provider_name": "Microsoft-Windows-Kernel-General",
                    "record_id": 542,
                    "task": "",
                    "user": {
                        "domain": "NT AUTHORITY",
                        "identifier": "S-1-5-18",
                        "name": "SYSTEM",
                        "type": "User"
                    }
                }
            }
        },
        "name": "Sysmon Configuration Change",
        "timestamp": "2022-09-27T12:57:03.358+00:00",
        "authors": [
            "frack113"
        ],
        "level": "medium",
        "source": "sigma",
        "status": "experimental",
        "falsepositives": [
            "Legitimate administrative action"
        ],
        "id": "8ac03a65-6c84-4116-acad-dc1558ff7a77",
        "logsource": {
            "product": "windows",
            "service": "sysmon"
        },
        "references": [
            "https://docs.microsoft.com/en-us/sysinternals/downloads/sysmon"
        ],
        "tags": [
            "attack.defense_evasion"
        ]
    },
    {
        "total_hits": 49
    }
]